Applying system reset.
Run.
< 2021/09/03 19:58:10.754410  length=5 from=0 to=4
 00 80 ff 00 00                                   .....
--
> 2021/09/03 19:58:10.975793  length=6 from=0 to=5
 00 03 ff 01 00 01                                ......
--
< 2021/09/03 19:58:10.991891  length=5 from=5 to=9
 00 03 ff 00 00                                   .....
--
> 2021/09/03 19:58:11.085902  length=5 from=6 to=10
 01 03 00 00 00                                   .....
--
< 2021/09/03 19:58:11.259636  length=70 from=10 to=79
 01 03 00 15 01 36 a7 20 ad 80 fc 13 06 00 00 13  .....6. ........
 82 00 00 00 00 00 62 74 70 5f 74 65 73 74 65 72  ......btp_tester
 00 00 00 00 00 00 00 00 00 00 00 00 00 00 00 00  ................
 00 00 00 00 00 00 00 00 00 00 00 00 00 00 00 00  ................
 00 00 00 00 00 00                                ......
--
< 2021/09/03 19:58:11.261009  length=12 from=80 to=91
 00 00 00 00 00 00 00 00 00 00 00 00              ............
--
< 2021/09/03 19:58:11.261367  length=11 from=92 to=102
 00 00 00 00 00 00 00 00 00 00 00                 ...........
--
< 2021/09/03 19:58:11.275734  length=165 from=103 to=267
 00 00 00 00 00 00 00 00 00 00 00 00 00 00 00 00  ................
 00 00 00 00 00 00 00 00 00 00 00 00 00 00 00 00  ................
 00 00 00 00 00 00 00 00 00 00 00 00 00 00 00 00  ................
 00 00 00 00 00 00 00 00 00 00 00 00 00 00 00 00  ................
 00 00 00 00 00 00 00 00 00 00 00 00 00 00 00 00  ................
 00 00 00 00 00 00 00 00 00 00 00 00 00 00 00 00  ................
 00 00 00 00 00 00 00 00 00 00 00 00 00 00 00 00  ................
 00 00 00 00 00 00 00 00 00 00 00 00 00 00 00 00  ................
 00 00 00 00 00 00 00 00 00 00 00 00 00 00 00 00  ................
 00 00 00 00 00 00 00 00 00 00 00 00 00 00 00 00  ................
 00 00 00 00 00                                   .....
--
< 2021/09/03 19:58:11.277244  length=10 from=268 to=277
 00 00 00 00 00 00 00 00 00 00                    ..........
--
< 2021/09/03 19:58:11.277492  length=12 from=278 to=289
 00 00 00 00 00 00 00 00 00 00 00 00              ............
--
< 2021/09/03 19:58:11.291635  length=2 from=290 to=291
 00 00                                            ..
--
> 2021/09/03 19:58:11.385995  length=6 from=11 to=16
 00 03 ff 01 00 02                                ......
--
< 2021/09/03 19:58:11.402093  length=5 from=292 to=296
 00 03 ff 00 00                                   .....
--
> 2021/09/03 19:58:11.528941  length=9 from=17 to=25
 02 02 00 04 00 00 02 0a                          ........
 18                                               .
--
< 2021/09/03 19:58:11.544880  length=7 from=297 to=303
 02 02 00 02 00 00 00                             .......
--
> 2021/09/03 19:58:11.655729  length=12 from=26 to=37
 02 03 00 07 00 00 00 02 01 02 29 2a              ..........)*
--
< 2021/09/03 19:58:11.671737  length=7 from=304 to=310
 02 03 00 02 00 00 00                             .......
--
> 2021/09/03 19:58:11.751473  length=12 from=38 to=49
 02 03 00 07 00 00 00 02 01 02 24 2a              ..........$*
--
< 2021/09/03 19:58:11.767530  length=7 from=311 to=317
 02 03 00 02 00 00 00                             .......
--
> 2021/09/03 19:58:11.878391  length=12 from=50 to=61
 02 03 00 07 00 00 00 02 01 02 25 2a              ..........%*
--
< 2021/09/03 19:58:11.894515  length=7 from=318 to=324
 02 03 00 02 00 00 00                             .......
--
> 2021/09/03 19:58:11.990101  length=12 from=62 to=73
 02 03 00 07 00 00 00 02 01 02 27 2a              ..........'*
--
< 2021/09/03 19:58:12.006249  length=7 from=325 to=331
 02 03 00 02 00 00 00                             .......
--
> 2021/09/03 19:58:12.148669  length=12 from=74 to=85
 02 03 00 07 00 00 00 02 01 02 26 2a              ..........&*
--
< 2021/09/03 19:58:12.164774  length=7 from=332 to=338
 02 03 00 02 00 00 00                             .......
--
> 2021/09/03 19:58:12.242566  length=12 from=86 to=97
 02 03 00 07 00 00 00 02 01 02 28 2a              ..........(*
--
< 2021/09/03 19:58:12.258679  length=7 from=339 to=345
 02 03 00 02 00 00 00                             .......
--
> 2021/09/03 19:58:12.337398  length=12 from=98 to=109
 02 03 00 07 00 00 00 02 01 02 50 2a              ..........P*
--
< 2021/09/03 19:58:12.353506  length=7 from=346 to=352
 02 03 00 02 00 00 00                             .......
--
> 2021/09/03 19:58:12.511868  length=16 from=110 to=125
 02 06 00 0b 00 00 00 07 00 01 00 e5 fe 11 00 11  ................
--
< 2021/09/03 19:58:12.527852  length=5 from=353 to=357
 02 06 00 00 00                                   .....
--
> 2021/09/03 19:58:12.654523  length=5 from=126 to=130
 02 07 00 00 00                                   .....
--
< 2021/09/03 19:58:12.670513  length=8 from=358 to=365
 02 07 00 03 00 00 00 00                          ........
--
> 2021/09/03 19:58:19.930854  length=27 from=131 to=157
 01 0a                                            ..
 00 16 00 0f 00 08 0d 54 65 73 74 65 72 5f 46 32  .......Tester_F2
 31 43 33 35 ff ff ff ff 00                       1C35.....
--
< 2021/09/03 19:58:19.946810  length=9 from=366 to=374
 01 0a                                            ..
 00 04 00 13 86 00 00                             .......
--
< 2021/09/03 19:58:20.369154  length=18 from=375 to=392
 01 82 00 0d 00 00 35 1c f2 dc 1b 00 3c 00 00 00  ......5.....<...
 d0 07                                            ..
--
< 2021/09/03 19:58:25.345969  length=12 from=393 to=404
 01 83 00 07 00 00 35 1c f2 dc 1b 00              ......5.....
--
