2021-09-03 19:58:09,057 root DEBUG autoptsclient_common.py   781   run_test_case_thread_entry : Starting TestCase wrapper DIS DIS/SR/DEC/BV-04-C
2021-09-03 19:58:09,058 root DEBUG testcase.py               718   pre_run                   : pre_run DIS DIS/SR/DEC/BV-04-C
2021-09-03 19:58:09,058 root DEBUG testcase.py               720   pre_run                   : About to run test case DIS DIS/SR/DEC/BV-04-C with commands:
2021-09-03 19:58:09,058 root DEBUG testcase.py               723   pre_run                   : 0) class=<class 'ptsprojects.testcase.TestFunc'>, func=<bound method ZephyrCtl.start of <ptsprojects.zephyr.iutctl.ZephyrCtl object at 0x000001AC1F108C70>> start_wid=None stop_wid=None post_wid=None skip_call=None call_count=0 args=(<ptsprojects.zephyr.ztestcase.ZTestCase object at 0x000001AC1F268040>,) kwds={}
2021-09-03 19:58:09,059 root DEBUG testcase.py               723   pre_run                   : 1) class=<class 'ptsprojects.testcase.TestFunc'>, func=<bound method ZephyrCtl.wait_iut_ready_event of <ptsprojects.zephyr.iutctl.ZephyrCtl object at 0x000001AC1F108C70>> start_wid=None stop_wid=None post_wid=None skip_call=None call_count=0 args=() kwds={}
2021-09-03 19:58:09,059 root DEBUG testcase.py               723   pre_run                   : 2) class=<class 'ptsprojects.testcase.TestFunc'>, func=<function core_reg_svc_gap at 0x000001AC1D9D8430> start_wid=None stop_wid=None post_wid=None skip_call=None call_count=0 args=() kwds={}
2021-09-03 19:58:09,059 root DEBUG testcase.py               723   pre_run                   : 3) class=<class 'ptsprojects.testcase.TestFunc'>, func=<bound method Stack.gap_init of <ptsprojects.stack.Stack object at 0x000001AC1F108D90>> start_wid=None stop_wid=None post_wid=None skip_call=None call_count=0 args=(b'Tester_F21C35', 'ABCD', '1111', '1111', '11', '1111') kwds={}
2021-09-03 19:58:09,059 root DEBUG testcase.py               723   pre_run                   : 4) class=<class 'ptsprojects.testcase.TestFunc'>, func=<function gap_read_ctrl_info at 0x000001AC1D9E6820> start_wid=None stop_wid=None post_wid=None skip_call=None call_count=0 args=() kwds={}
2021-09-03 19:58:09,059 root DEBUG testcase.py               723   pre_run                   : 5) class=<class 'ptsprojects.testcase.TestFunc'>, func=<function test_cases.<locals>.<lambda> at 0x000001AC1F103430> start_wid=None stop_wid=None post_wid=None skip_call=None call_count=0 args=() kwds={}
2021-09-03 19:58:09,059 root DEBUG testcase.py               723   pre_run                   : 6) class=<class 'ptsprojects.testcase.TestFunc'>, func=<function test_cases.<locals>.<lambda> at 0x000001AC1F1314C0> start_wid=None stop_wid=None post_wid=None skip_call=None call_count=0 args=() kwds={}
2021-09-03 19:58:09,059 root DEBUG testcase.py               723   pre_run                   : 7) class=<class 'ptsprojects.testcase.TestFunc'>, func=<function test_cases.<locals>.<lambda> at 0x000001AC1F131550> start_wid=None stop_wid=None post_wid=None skip_call=None call_count=0 args=() kwds={}
2021-09-03 19:58:09,059 root DEBUG testcase.py               723   pre_run                   : 8) class=<class 'ptsprojects.testcase.TestFunc'>, func=<function set_pts_addr at 0x000001AC1D9D83A0> start_wid=None stop_wid=None post_wid=None skip_call=None call_count=0 args=('00:1B:DC:F2:1C:35', 0) kwds={}
2021-09-03 19:58:09,059 root DEBUG testcase.py               723   pre_run                   : 9) class=<class 'ptsprojects.testcase.TestFunc'>, func=<function core_reg_svc_gatt at 0x000001AC1D9D8550> start_wid=None stop_wid=None post_wid=None skip_call=None call_count=0 args=() kwds={}
2021-09-03 19:58:09,059 root DEBUG testcase.py               723   pre_run                   : 10) class=<class 'ptsprojects.testcase.TestFunc'>, func=<function gatts_add_svc at 0x000001AC1D9ED820> start_wid=None stop_wid=None post_wid=None skip_call=None call_count=0 args=(0, '0A18') kwds={}
2021-09-03 19:58:09,059 root DEBUG testcase.py               723   pre_run                   : 11) class=<class 'ptsprojects.testcase.TestFunc'>, func=<function gatts_add_char at 0x000001AC1D9ED940> start_wid=None stop_wid=None post_wid=None skip_call=None call_count=0 args=(0, 2, 1, '292A') kwds={}
2021-09-03 19:58:09,059 root DEBUG testcase.py               723   pre_run                   : 12) class=<class 'ptsprojects.testcase.TestFunc'>, func=<function gatts_add_char at 0x000001AC1D9ED940> start_wid=None stop_wid=None post_wid=None skip_call=None call_count=0 args=(0, 2, 1, '242A') kwds={}
2021-09-03 19:58:09,059 root DEBUG testcase.py               723   pre_run                   : 13) class=<class 'ptsprojects.testcase.TestFunc'>, func=<function gatts_add_char at 0x000001AC1D9ED940> start_wid=None stop_wid=None post_wid=None skip_call=None call_count=0 args=(0, 2, 1, '252A') kwds={}
2021-09-03 19:58:09,059 root DEBUG testcase.py               723   pre_run                   : 14) class=<class 'ptsprojects.testcase.TestFunc'>, func=<function gatts_add_char at 0x000001AC1D9ED940> start_wid=None stop_wid=None post_wid=None skip_call=None call_count=0 args=(0, 2, 1, '272A') kwds={}
2021-09-03 19:58:09,059 root DEBUG testcase.py               723   pre_run                   : 15) class=<class 'ptsprojects.testcase.TestFunc'>, func=<function gatts_add_char at 0x000001AC1D9ED940> start_wid=None stop_wid=None post_wid=None skip_call=None call_count=0 args=(0, 2, 1, '262A') kwds={}
2021-09-03 19:58:09,059 root DEBUG testcase.py               723   pre_run                   : 16) class=<class 'ptsprojects.testcase.TestFunc'>, func=<function gatts_add_char at 0x000001AC1D9ED940> start_wid=None stop_wid=None post_wid=None skip_call=None call_count=0 args=(0, 2, 1, '282A') kwds={}
2021-09-03 19:58:09,060 root DEBUG testcase.py               723   pre_run                   : 17) class=<class 'ptsprojects.testcase.TestFunc'>, func=<function gatts_add_char at 0x000001AC1D9ED940> start_wid=None stop_wid=None post_wid=None skip_call=None call_count=0 args=(0, 2, 1, '502A') kwds={}
2021-09-03 19:58:09,060 root DEBUG testcase.py               723   pre_run                   : 18) class=<class 'ptsprojects.testcase.TestFunc'>, func=<function gatts_set_val at 0x000001AC1D9ED9D0> start_wid=None stop_wid=None post_wid=None skip_call=None call_count=0 args=(0, '0100E5FE110011') kwds={}
2021-09-03 19:58:09,060 root DEBUG testcase.py               723   pre_run                   : 19) class=<class 'ptsprojects.testcase.TestFunc'>, func=<function gatts_start_server at 0x000001AC1D9EDB80> start_wid=None stop_wid=None post_wid=None skip_call=None call_count=0 args=() kwds={}
2021-09-03 19:58:09,060 root DEBUG testcase.py               723   pre_run                   : 20) class=<class 'ptsprojects.testcase.TestFuncCleanUp'>, func=<bound method Stack.cleanup of <ptsprojects.stack.Stack object at 0x000001AC1F108D90>> start_wid=None stop_wid=None post_wid=None skip_call=None call_count=0 args=() kwds={}
2021-09-03 19:58:09,060 root DEBUG testcase.py               723   pre_run                   : 21) class=<class 'ptsprojects.testcase.TestFuncCleanUp'>, func=<bound method ZephyrCtl.stop of <ptsprojects.zephyr.iutctl.ZephyrCtl object at 0x000001AC1F108C70>> start_wid=None stop_wid=None post_wid=None skip_call=None call_count=0 args=() kwds={}
2021-09-03 19:58:09,060 root DEBUG testcase.py               730   pre_run                   : post_run, run pre test case script
2021-09-03 19:58:09,062 root DEBUG testcase.py               246   start                     : Starting test function: class=<class 'ptsprojects.testcase.TestFunc'>, func=<bound method ZephyrCtl.start of <ptsprojects.zephyr.iutctl.ZephyrCtl object at 0x000001AC1F108C70>> start_wid=None stop_wid=None post_wid=None skip_call=None call_count=1 args=(<ptsprojects.zephyr.ztestcase.ZTestCase object at 0x000001AC1F268040>,) kwds={}
2021-09-03 19:58:09,062 root DEBUG testcase.py               258   start                     : Test function parameters: args=(<ptsprojects.zephyr.ztestcase.ZTestCase object at 0x000001AC1F268040>,), kwds={}
2021-09-03 19:58:09,062 root DEBUG iutctl.py                 116   start                     : <class 'ptsprojects.zephyr.iutctl.ZephyrCtl'>.start
2021-09-03 19:58:09,062 root DEBUG iutctl.py                 176   flush_serial              : <class 'ptsprojects.zephyr.iutctl.ZephyrCtl'>.flush_serial
2021-09-03 19:58:09,094 root DEBUG iutctl.py                 141   start                     : Starting socat process: socat.exe -x -v tcp:192.168.9.109:52436,retry=100,interval=1 /dev/ttyS2,raw,b115200
2021-09-03 19:58:09,096 root DEBUG iutctl_common.py          233   accept                    : accept
2021-09-03 19:58:09,111 root DEBUG testcase.py               246   start                     : Starting test function: class=<class 'ptsprojects.testcase.TestFunc'>, func=<bound method ZephyrCtl.wait_iut_ready_event of <ptsprojects.zephyr.iutctl.ZephyrCtl object at 0x000001AC1F108C70>> start_wid=None stop_wid=None post_wid=None skip_call=None call_count=1 args=() kwds={}
2021-09-03 19:58:09,111 root DEBUG testcase.py               258   start                     : Test function parameters: args=(), kwds={}
2021-09-03 19:58:09,111 root DEBUG iutctl.py                 207   reset                     : <class 'ptsprojects.zephyr.iutctl.ZephyrCtl'>.reset
2021-09-03 19:58:09,111 root DEBUG iutctl.py                 242   stop                      : <class 'ptsprojects.zephyr.iutctl.ZephyrCtl'>.stop
2021-09-03 19:58:10,142 root DEBUG iutctl.py                 116   start                     : <class 'ptsprojects.zephyr.iutctl.ZephyrCtl'>.start
2021-09-03 19:58:10,143 root DEBUG iutctl.py                 176   flush_serial              : <class 'ptsprojects.zephyr.iutctl.ZephyrCtl'>.flush_serial
2021-09-03 19:58:10,180 root DEBUG iutctl.py                 141   start                     : Starting socat process: socat.exe -x -v tcp:192.168.9.109:52438,retry=100,interval=1 /dev/ttyS2,raw,b115200
2021-09-03 19:58:10,182 root DEBUG iutctl_common.py          233   accept                    : accept
2021-09-03 19:58:10,196 root DEBUG iutctl.py                 176   flush_serial              : <class 'ptsprojects.zephyr.iutctl.ZephyrCtl'>.flush_serial
2021-09-03 19:58:10,196 root DEBUG iutctl.py                 316   reset                     : About to reset DUT: 'nrfjprog -f nrf52 -r -s 683357425'
2021-09-03 19:58:10,509 root DEBUG iutctl_common.py          176   read                      : read
2021-09-03 19:58:10,785 root DEBUG iutctl_common.py          100   read                      : Received: hdr: Header(svc_id=0, op=128, ctrl_index=255, data_len=0) bytearray(b'\x00\x80\xff\x00\x00')
2021-09-03 19:58:10,928 root DEBUG iutctl_common.py          113   read                      : Received data: "('',)", bytearray(b'')
2021-09-03 19:58:10,944 root DEBUG btp.py                    405   event_handler             : event_handler Header(svc_id=0, op=128, ctrl_index=255, data_len=0) (b'',)
2021-09-03 19:58:10,944 root ERROR btp.py                    437   event_handler             : Unhandled event! svc_id 0 op 128
2021-09-03 19:58:10,944 root DEBUG iutctl.py                 235   wait_iut_ready_event      : IUT ready event received OK
2021-09-03 19:58:10,944 root DEBUG testcase.py               246   start                     : Starting test function: class=<class 'ptsprojects.testcase.TestFunc'>, func=<function core_reg_svc_gap at 0x000001AC1D9D8430> start_wid=None stop_wid=None post_wid=None skip_call=None call_count=1 args=() kwds={}
2021-09-03 19:58:10,944 root DEBUG testcase.py               258   start                     : Test function parameters: args=(), kwds={}
2021-09-03 19:58:10,944 root DEBUG btp.py                    240   core_reg_svc_gap          : core_reg_svc_gap
2021-09-03 19:58:10,945 root DEBUG iutctl_common.py          119   send                      : send, 0 3 255 '1'
2021-09-03 19:58:10,945 root DEBUG iutctl_common.py          122   send                      : btpclient command: send 0 3 255 '1'
2021-09-03 19:58:10,945 root DEBUG iutctl_common.py          127   send                      : sending frame b'\x00\x03\xff\x01\x00\x01'
2021-09-03 19:58:10,945 root DEBUG btp.py                    322   core_reg_svc_rsp_succ     : core_reg_svc_rsp_succ
2021-09-03 19:58:10,945 root DEBUG iutctl_common.py          176   read                      : read
2021-09-03 19:58:11,007 root DEBUG iutctl_common.py          100   read                      : Received: hdr: Header(svc_id=0, op=3, ctrl_index=255, data_len=0) bytearray(b'\x00\x03\xff\x00\x00')
2021-09-03 19:58:11,022 root DEBUG iutctl_common.py          113   read                      : Received data: "('',)", bytearray(b'')
2021-09-03 19:58:11,054 root DEBUG btp.py                    333   core_reg_svc_rsp_succ     : received Header(svc_id=0, op=3, ctrl_index=255, data_len=0) (b'',)
2021-09-03 19:58:11,054 root DEBUG btp.py                    334   core_reg_svc_rsp_succ     : expected ((0, 3, 255, 0), (b'',))
2021-09-03 19:58:11,054 root DEBUG btp.py                    339   core_reg_svc_rsp_succ     : response is valid
2021-09-03 19:58:11,054 root DEBUG testcase.py               246   start                     : Starting test function: class=<class 'ptsprojects.testcase.TestFunc'>, func=<bound method Stack.gap_init of <ptsprojects.stack.Stack object at 0x000001AC1F108D90>> start_wid=None stop_wid=None post_wid=None skip_call=None call_count=1 args=(b'Tester_F21C35', 'ABCD', '1111', '1111', '11', '1111') kwds={}
2021-09-03 19:58:11,054 root DEBUG testcase.py               258   start                     : Test function parameters: args=(b'Tester_F21C35', 'ABCD', '1111', '1111', '11', '1111'), kwds={}
2021-09-03 19:58:11,054 root DEBUG testcase.py               246   start                     : Starting test function: class=<class 'ptsprojects.testcase.TestFunc'>, func=<function gap_read_ctrl_info at 0x000001AC1D9E6820> start_wid=None stop_wid=None post_wid=None skip_call=None call_count=1 args=() kwds={}
2021-09-03 19:58:11,054 root DEBUG testcase.py               258   start                     : Test function parameters: args=(), kwds={}
2021-09-03 19:58:11,054 root DEBUG gap.py                    736   gap_read_ctrl_info        : gap_read_ctrl_info
2021-09-03 19:58:11,054 root DEBUG iutctl_common.py          119   send                      : send, 1 3 0 ''
2021-09-03 19:58:11,054 root DEBUG iutctl_common.py          122   send                      : btpclient command: send 1 3 0 ''
2021-09-03 19:58:11,054 root DEBUG iutctl_common.py          127   send                      : sending frame b'\x01\x03\x00\x00\x00'
2021-09-03 19:58:11,054 root DEBUG iutctl_common.py          176   read                      : read
2021-09-03 19:58:11,291 root DEBUG iutctl_common.py          100   read                      : Received: hdr: Header(svc_id=1, op=3, ctrl_index=0, data_len=277) bytearray(b'\x01\x03\x00\x15\x01')
2021-09-03 19:58:11,322 root DEBUG iutctl_common.py          113   read                      : Received data: "('6§ \xad\x80ü\x13\x06\x00\x00\x13\x82\x00\x00\x00\x00\x00btp_tester\x00\x00\x00\x00\x00\x00\x00\x00\x00\x00\x00\x00\x00\x00\x00\x00\x00\x00\x00\x00\x00\x00\x00\x00\x00\x00\x00\x00\x00\x00\x00\x00\x00\x00\x00\x00\x00\x00\x00\x00\x00\x00\x00\x00\x00\x00\x00\x00\x00\x00\x00\x00\x00\x00\x00\x00\x00\x00\x00\x00\x00\x00\x00\x00\x00\x00\x00\x00\x00\x00\x00\x00\x00\x00\x00\x00\x00\x00\x00\x00\x00\x00\x00\x00\x00\x00\x00\x00\x00\x00\x00\x00\x00\x00\x00\x00\x00\x00\x00\x00\x00\x00\x00\x00\x00\x00\x00\x00\x00\x00\x00\x00\x00\x00\x00\x00\x00\x00\x00\x00\x00\x00\x00\x00\x00\x00\x00\x00\x00\x00\x00\x00\x00\x00\x00\x00\x00\x00\x00\x00\x00\x00\x00\x00\x00\x00\x00\x00\x00\x00\x00\x00\x00\x00\x00\x00\x00\x00\x00\x00\x00\x00\x00\x00\x00\x00\x00\x00\x00\x00\x00\x00\x00\x00\x00\x00\x00\x00\x00\x00\x00\x00\x00\x00\x00\x00\x00\x00\x00\x00\x00\x00\x00\x00\x00\x00\x00\x00\x00\x00\x00\x00\x00\x00\x00\x00\x00\x00\x00\x00\x00\x00\x00\x00\x00\x00\x00\x00\x00\x00\x00\x00\x00\x00\x00\x00\x00\x00\x00\x00\x00\x00\x00\x00\x00\x00\x00\x00\x00\x00\x00\x00\x00\x00\x00\x00\x00\x00\x00\x00',)", bytearray(b'6\xa7 \xad\x80\xfc\x13\x06\x00\x00\x13\x82\x00\x00\x00\x00\x00btp_tester\x00\x00\x00\x00\x00\x00\x00\x00\x00\x00\x00\x00\x00\x00\x00\x00\x00\x00\x00\x00\x00\x00\x00\x00\x00\x00\x00\x00\x00\x00\x00\x00\x00\x00\x00\x00\x00\x00\x00\x00\x00\x00\x00\x00\x00\x00\x00\x00\x00\x00\x00\x00\x00\x00\x00\x00\x00\x00\x00\x00\x00\x00\x00\x00\x00\x00\x00\x00\x00\x00\x00\x00\x00\x00\x00\x00\x00\x00\x00\x00\x00\x00\x00\x00\x00\x00\x00\x00\x00\x00\x00\x00\x00\x00\x00\x00\x00\x00\x00\x00\x00\x00\x00\x00\x00\x00\x00\x00\x00\x00\x00\x00\x00\x00\x00\x00\x00\x00\x00\x00\x00\x00\x00\x00\x00\x00\x00\x00\x00\x00\x00\x00\x00\x00\x00\x00\x00\x00\x00\x00\x00\x00\x00\x00\x00\x00\x00\x00\x00\x00\x00\x00\x00\x00\x00\x00\x00\x00\x00\x00\x00\x00\x00\x00\x00\x00\x00\x00\x00\x00\x00\x00\x00\x00\x00\x00\x00\x00\x00\x00\x00\x00\x00\x00\x00\x00\x00\x00\x00\x00\x00\x00\x00\x00\x00\x00\x00\x00\x00\x00\x00\x00\x00\x00\x00\x00\x00\x00\x00\x00\x00\x00\x00\x00\x00\x00\x00\x00\x00\x00\x00\x00\x00\x00\x00\x00\x00\x00\x00\x00\x00\x00\x00\x00\x00\x00\x00\x00\x00\x00\x00\x00\x00\x00\x00\x00\x00\x00\x00\x00')
2021-09-03 19:58:11,354 root DEBUG gap.py                    743   gap_read_ctrl_info        : received Header(svc_id=1, op=3, ctrl_index=0, data_len=277) (b'6\xa7 \xad\x80\xfc\x13\x06\x00\x00\x13\x82\x00\x00\x00\x00\x00btp_tester\x00\x00\x00\x00\x00\x00\x00\x00\x00\x00\x00\x00\x00\x00\x00\x00\x00\x00\x00\x00\x00\x00\x00\x00\x00\x00\x00\x00\x00\x00\x00\x00\x00\x00\x00\x00\x00\x00\x00\x00\x00\x00\x00\x00\x00\x00\x00\x00\x00\x00\x00\x00\x00\x00\x00\x00\x00\x00\x00\x00\x00\x00\x00\x00\x00\x00\x00\x00\x00\x00\x00\x00\x00\x00\x00\x00\x00\x00\x00\x00\x00\x00\x00\x00\x00\x00\x00\x00\x00\x00\x00\x00\x00\x00\x00\x00\x00\x00\x00\x00\x00\x00\x00\x00\x00\x00\x00\x00\x00\x00\x00\x00\x00\x00\x00\x00\x00\x00\x00\x00\x00\x00\x00\x00\x00\x00\x00\x00\x00\x00\x00\x00\x00\x00\x00\x00\x00\x00\x00\x00\x00\x00\x00\x00\x00\x00\x00\x00\x00\x00\x00\x00\x00\x00\x00\x00\x00\x00\x00\x00\x00\x00\x00\x00\x00\x00\x00\x00\x00\x00\x00\x00\x00\x00\x00\x00\x00\x00\x00\x00\x00\x00\x00\x00\x00\x00\x00\x00\x00\x00\x00\x00\x00\x00\x00\x00\x00\x00\x00\x00\x00\x00\x00\x00\x00\x00\x00\x00\x00\x00\x00\x00\x00\x00\x00\x00\x00\x00\x00\x00\x00\x00\x00\x00\x00\x00\x00\x00\x00\x00\x00\x00\x00\x00\x00\x00\x00\x00\x00\x00\x00\x00\x00\x00\x00\x00\x00\x00\x00\x00',)
2021-09-03 19:58:11,354 root DEBUG gap.py                    764   gap_read_ctrl_info        : IUT address 'fc80ad20a736'
2021-09-03 19:58:11,354 root DEBUG gap.py                    250   __gap_current_settings_update : __gap_current_settings_update 33299
2021-09-03 19:58:11,354 root DEBUG testcase.py               246   start                     : Starting test function: class=<class 'ptsprojects.testcase.TestFunc'>, func=<function test_cases.<locals>.<lambda> at 0x000001AC1F103430> start_wid=None stop_wid=None post_wid=None skip_call=None call_count=1 args=() kwds={}
2021-09-03 19:58:11,354 root DEBUG testcase.py               258   start                     : Test function parameters: args=(), kwds={}
2021-09-03 19:58:11,355 root DEBUG testcase.py               246   start                     : Starting test function: class=<class 'ptsprojects.testcase.TestFunc'>, func=<function test_cases.<locals>.<lambda> at 0x000001AC1F1314C0> start_wid=None stop_wid=None post_wid=None skip_call=None call_count=1 args=() kwds={}
2021-09-03 19:58:11,356 root DEBUG testcase.py               258   start                     : Test function parameters: args=(), kwds={}
2021-09-03 19:58:11,356 root DEBUG testcase.py               246   start                     : Starting test function: class=<class 'ptsprojects.testcase.TestFunc'>, func=<function test_cases.<locals>.<lambda> at 0x000001AC1F131550> start_wid=None stop_wid=None post_wid=None skip_call=None call_count=1 args=() kwds={}
2021-09-03 19:58:11,356 root DEBUG testcase.py               258   start                     : Test function parameters: args=(), kwds={}
2021-09-03 19:58:11,357 root DEBUG testcase.py               246   start                     : Starting test function: class=<class 'ptsprojects.testcase.TestFunc'>, func=<function set_pts_addr at 0x000001AC1D9D83A0> start_wid=None stop_wid=None post_wid=None skip_call=None call_count=1 args=('00:1B:DC:F2:1C:35', 0) kwds={}
2021-09-03 19:58:11,357 root DEBUG testcase.py               258   start                     : Test function parameters: args=('00:1B:DC:F2:1C:35', 0), kwds={}
2021-09-03 19:58:11,357 root DEBUG testcase.py               246   start                     : Starting test function: class=<class 'ptsprojects.testcase.TestFunc'>, func=<function core_reg_svc_gatt at 0x000001AC1D9D8550> start_wid=None stop_wid=None post_wid=None skip_call=None call_count=1 args=() kwds={}
2021-09-03 19:58:11,357 root DEBUG testcase.py               258   start                     : Test function parameters: args=(), kwds={}
2021-09-03 19:58:11,357 root DEBUG btp.py                    258   core_reg_svc_gatt         : core_reg_svc_gatt
2021-09-03 19:58:11,357 root DEBUG iutctl_common.py          119   send                      : send, 0 3 255 '2'
2021-09-03 19:58:11,357 root DEBUG iutctl_common.py          122   send                      : btpclient command: send 0 3 255 '2'
2021-09-03 19:58:11,357 root DEBUG iutctl_common.py          127   send                      : sending frame b'\x00\x03\xff\x01\x00\x02'
2021-09-03 19:58:11,357 root DEBUG btp.py                    322   core_reg_svc_rsp_succ     : core_reg_svc_rsp_succ
2021-09-03 19:58:11,357 root DEBUG iutctl_common.py          176   read                      : read
2021-09-03 19:58:11,433 root DEBUG iutctl_common.py          100   read                      : Received: hdr: Header(svc_id=0, op=3, ctrl_index=255, data_len=0) bytearray(b'\x00\x03\xff\x00\x00')
2021-09-03 19:58:11,497 root DEBUG iutctl_common.py          113   read                      : Received data: "('',)", bytearray(b'')
2021-09-03 19:58:11,497 root DEBUG btp.py                    333   core_reg_svc_rsp_succ     : received Header(svc_id=0, op=3, ctrl_index=255, data_len=0) (b'',)
2021-09-03 19:58:11,497 root DEBUG btp.py                    334   core_reg_svc_rsp_succ     : expected ((0, 3, 255, 0), (b'',))
2021-09-03 19:58:11,497 root DEBUG btp.py                    339   core_reg_svc_rsp_succ     : response is valid
2021-09-03 19:58:11,497 root DEBUG testcase.py               246   start                     : Starting test function: class=<class 'ptsprojects.testcase.TestFunc'>, func=<function gatts_add_svc at 0x000001AC1D9ED820> start_wid=None stop_wid=None post_wid=None skip_call=None call_count=1 args=(0, '0A18') kwds={}
2021-09-03 19:58:11,497 root DEBUG testcase.py               258   start                     : Test function parameters: args=(0, '0A18'), kwds={}
2021-09-03 19:58:11,497 root DEBUG gatt.py                   112   gatts_add_svc             : gatts_add_svc 0 '0A18'
2021-09-03 19:58:11,497 root DEBUG iutctl_common.py          119   send                      : send, 2 2 0 "bytearray(b'\\x00\\x02\\n\\x18')"
2021-09-03 19:58:11,497 root DEBUG iutctl_common.py          122   send                      : btpclient command: send 2 2 0 "bytearray(b'\\x00\\x02\\n\\x18')"
2021-09-03 19:58:11,497 root DEBUG iutctl_common.py          127   send                      : sending frame b'\x02\x02\x00\x04\x00\x00\x02\n\x18'
2021-09-03 19:58:11,497 root DEBUG gatt.py                   1123  gatt_command_rsp_succ     : gatt_command_rsp_succ
2021-09-03 19:58:11,497 root DEBUG iutctl_common.py          176   read                      : read
2021-09-03 19:58:11,576 root DEBUG iutctl_common.py          100   read                      : Received: hdr: Header(svc_id=2, op=2, ctrl_index=0, data_len=2) bytearray(b'\x02\x02\x00\x02\x00')
2021-09-03 19:58:11,607 root DEBUG iutctl_common.py          113   read                      : Received data: "('\x00\x00',)", bytearray(b'\x00\x00')
2021-09-03 19:58:11,623 root DEBUG gatt.py                   1128  gatt_command_rsp_succ     : received Header(svc_id=2, op=2, ctrl_index=0, data_len=2) (b'\x00\x00',)
2021-09-03 19:58:11,623 root DEBUG testcase.py               246   start                     : Starting test function: class=<class 'ptsprojects.testcase.TestFunc'>, func=<function gatts_add_char at 0x000001AC1D9ED940> start_wid=None stop_wid=None post_wid=None skip_call=None call_count=1 args=(0, 2, 1, '292A') kwds={}
2021-09-03 19:58:11,623 root DEBUG testcase.py               258   start                     : Test function parameters: args=(0, 2, 1, '292A'), kwds={}
2021-09-03 19:58:11,623 root DEBUG gatt.py                   146   gatts_add_char            : gatts_add_char 0 2 1 '292A'
2021-09-03 19:58:11,623 root DEBUG iutctl_common.py          119   send                      : send, 2 3 0 "bytearray(b'\\x00\\x00\\x02\\x01\\x02)*')"
2021-09-03 19:58:11,623 root DEBUG iutctl_common.py          122   send                      : btpclient command: send 2 3 0 "bytearray(b'\\x00\\x00\\x02\\x01\\x02)*')"
2021-09-03 19:58:11,623 root DEBUG iutctl_common.py          127   send                      : sending frame b'\x02\x03\x00\x07\x00\x00\x00\x02\x01\x02)*'
2021-09-03 19:58:11,623 root DEBUG gatt.py                   1123  gatt_command_rsp_succ     : gatt_command_rsp_succ
2021-09-03 19:58:11,623 root DEBUG iutctl_common.py          176   read                      : read
2021-09-03 19:58:11,687 root DEBUG iutctl_common.py          100   read                      : Received: hdr: Header(svc_id=2, op=3, ctrl_index=0, data_len=2) bytearray(b'\x02\x03\x00\x02\x00')
2021-09-03 19:58:11,703 root DEBUG iutctl_common.py          113   read                      : Received data: "('\x00\x00',)", bytearray(b'\x00\x00')
2021-09-03 19:58:11,719 root DEBUG gatt.py                   1128  gatt_command_rsp_succ     : received Header(svc_id=2, op=3, ctrl_index=0, data_len=2) (b'\x00\x00',)
2021-09-03 19:58:11,719 root DEBUG testcase.py               246   start                     : Starting test function: class=<class 'ptsprojects.testcase.TestFunc'>, func=<function gatts_add_char at 0x000001AC1D9ED940> start_wid=None stop_wid=None post_wid=None skip_call=None call_count=1 args=(0, 2, 1, '242A') kwds={}
2021-09-03 19:58:11,719 root DEBUG testcase.py               258   start                     : Test function parameters: args=(0, 2, 1, '242A'), kwds={}
2021-09-03 19:58:11,719 root DEBUG gatt.py                   146   gatts_add_char            : gatts_add_char 0 2 1 '242A'
2021-09-03 19:58:11,719 root DEBUG iutctl_common.py          119   send                      : send, 2 3 0 "bytearray(b'\\x00\\x00\\x02\\x01\\x02$*')"
2021-09-03 19:58:11,719 root DEBUG iutctl_common.py          122   send                      : btpclient command: send 2 3 0 "bytearray(b'\\x00\\x00\\x02\\x01\\x02$*')"
2021-09-03 19:58:11,719 root DEBUG iutctl_common.py          127   send                      : sending frame b'\x02\x03\x00\x07\x00\x00\x00\x02\x01\x02$*'
2021-09-03 19:58:11,719 root DEBUG gatt.py                   1123  gatt_command_rsp_succ     : gatt_command_rsp_succ
2021-09-03 19:58:11,719 root DEBUG iutctl_common.py          176   read                      : read
2021-09-03 19:58:11,799 root DEBUG iutctl_common.py          100   read                      : Received: hdr: Header(svc_id=2, op=3, ctrl_index=0, data_len=2) bytearray(b'\x02\x03\x00\x02\x00')
2021-09-03 19:58:11,847 root DEBUG iutctl_common.py          113   read                      : Received data: "('\x00\x00',)", bytearray(b'\x00\x00')
2021-09-03 19:58:11,847 root DEBUG gatt.py                   1128  gatt_command_rsp_succ     : received Header(svc_id=2, op=3, ctrl_index=0, data_len=2) (b'\x00\x00',)
2021-09-03 19:58:11,847 root DEBUG testcase.py               246   start                     : Starting test function: class=<class 'ptsprojects.testcase.TestFunc'>, func=<function gatts_add_char at 0x000001AC1D9ED940> start_wid=None stop_wid=None post_wid=None skip_call=None call_count=1 args=(0, 2, 1, '252A') kwds={}
2021-09-03 19:58:11,847 root DEBUG testcase.py               258   start                     : Test function parameters: args=(0, 2, 1, '252A'), kwds={}
2021-09-03 19:58:11,847 root DEBUG gatt.py                   146   gatts_add_char            : gatts_add_char 0 2 1 '252A'
2021-09-03 19:58:11,847 root DEBUG iutctl_common.py          119   send                      : send, 2 3 0 "bytearray(b'\\x00\\x00\\x02\\x01\\x02%*')"
2021-09-03 19:58:11,847 root DEBUG iutctl_common.py          122   send                      : btpclient command: send 2 3 0 "bytearray(b'\\x00\\x00\\x02\\x01\\x02%*')"
2021-09-03 19:58:11,847 root DEBUG iutctl_common.py          127   send                      : sending frame b'\x02\x03\x00\x07\x00\x00\x00\x02\x01\x02%*'
2021-09-03 19:58:11,847 root DEBUG gatt.py                   1123  gatt_command_rsp_succ     : gatt_command_rsp_succ
2021-09-03 19:58:11,848 root DEBUG iutctl_common.py          176   read                      : read
2021-09-03 19:58:11,910 root DEBUG iutctl_common.py          100   read                      : Received: hdr: Header(svc_id=2, op=3, ctrl_index=0, data_len=2) bytearray(b'\x02\x03\x00\x02\x00')
2021-09-03 19:58:11,958 root DEBUG iutctl_common.py          113   read                      : Received data: "('\x00\x00',)", bytearray(b'\x00\x00')
2021-09-03 19:58:11,974 root DEBUG gatt.py                   1128  gatt_command_rsp_succ     : received Header(svc_id=2, op=3, ctrl_index=0, data_len=2) (b'\x00\x00',)
2021-09-03 19:58:11,974 root DEBUG testcase.py               246   start                     : Starting test function: class=<class 'ptsprojects.testcase.TestFunc'>, func=<function gatts_add_char at 0x000001AC1D9ED940> start_wid=None stop_wid=None post_wid=None skip_call=None call_count=1 args=(0, 2, 1, '272A') kwds={}
2021-09-03 19:58:11,974 root DEBUG testcase.py               258   start                     : Test function parameters: args=(0, 2, 1, '272A'), kwds={}
2021-09-03 19:58:11,974 root DEBUG gatt.py                   146   gatts_add_char            : gatts_add_char 0 2 1 '272A'
2021-09-03 19:58:11,974 root DEBUG iutctl_common.py          119   send                      : send, 2 3 0 'bytearray(b"\\x00\\x00\\x02\\x01\\x02\\\'*")'
2021-09-03 19:58:11,974 root DEBUG iutctl_common.py          122   send                      : btpclient command: send 2 3 0 'bytearray(b"\\x00\\x00\\x02\\x01\\x02\\\'*")'
2021-09-03 19:58:11,974 root DEBUG iutctl_common.py          127   send                      : sending frame b"\x02\x03\x00\x07\x00\x00\x00\x02\x01\x02'*"
2021-09-03 19:58:11,974 root DEBUG gatt.py                   1123  gatt_command_rsp_succ     : gatt_command_rsp_succ
2021-09-03 19:58:11,975 root DEBUG iutctl_common.py          176   read                      : read
2021-09-03 19:58:12,036 root DEBUG iutctl_common.py          100   read                      : Received: hdr: Header(svc_id=2, op=3, ctrl_index=0, data_len=2) bytearray(b'\x02\x03\x00\x02\x00')
2021-09-03 19:58:12,100 root DEBUG iutctl_common.py          113   read                      : Received data: "('\x00\x00',)", bytearray(b'\x00\x00')
2021-09-03 19:58:12,132 root DEBUG gatt.py                   1128  gatt_command_rsp_succ     : received Header(svc_id=2, op=3, ctrl_index=0, data_len=2) (b'\x00\x00',)
2021-09-03 19:58:12,132 root DEBUG testcase.py               246   start                     : Starting test function: class=<class 'ptsprojects.testcase.TestFunc'>, func=<function gatts_add_char at 0x000001AC1D9ED940> start_wid=None stop_wid=None post_wid=None skip_call=None call_count=1 args=(0, 2, 1, '262A') kwds={}
2021-09-03 19:58:12,132 root DEBUG testcase.py               258   start                     : Test function parameters: args=(0, 2, 1, '262A'), kwds={}
2021-09-03 19:58:12,132 root DEBUG gatt.py                   146   gatts_add_char            : gatts_add_char 0 2 1 '262A'
2021-09-03 19:58:12,132 root DEBUG iutctl_common.py          119   send                      : send, 2 3 0 "bytearray(b'\\x00\\x00\\x02\\x01\\x02&*')"
2021-09-03 19:58:12,132 root DEBUG iutctl_common.py          122   send                      : btpclient command: send 2 3 0 "bytearray(b'\\x00\\x00\\x02\\x01\\x02&*')"
2021-09-03 19:58:12,132 root DEBUG iutctl_common.py          127   send                      : sending frame b'\x02\x03\x00\x07\x00\x00\x00\x02\x01\x02&*'
2021-09-03 19:58:12,132 root DEBUG gatt.py                   1123  gatt_command_rsp_succ     : gatt_command_rsp_succ
2021-09-03 19:58:12,132 root DEBUG iutctl_common.py          176   read                      : read
2021-09-03 19:58:12,195 root DEBUG iutctl_common.py          100   read                      : Received: hdr: Header(svc_id=2, op=3, ctrl_index=0, data_len=2) bytearray(b'\x02\x03\x00\x02\x00')
2021-09-03 19:58:12,211 root DEBUG iutctl_common.py          113   read                      : Received data: "('\x00\x00',)", bytearray(b'\x00\x00')
2021-09-03 19:58:12,227 root DEBUG gatt.py                   1128  gatt_command_rsp_succ     : received Header(svc_id=2, op=3, ctrl_index=0, data_len=2) (b'\x00\x00',)
2021-09-03 19:58:12,227 root DEBUG testcase.py               246   start                     : Starting test function: class=<class 'ptsprojects.testcase.TestFunc'>, func=<function gatts_add_char at 0x000001AC1D9ED940> start_wid=None stop_wid=None post_wid=None skip_call=None call_count=1 args=(0, 2, 1, '282A') kwds={}
2021-09-03 19:58:12,227 root DEBUG testcase.py               258   start                     : Test function parameters: args=(0, 2, 1, '282A'), kwds={}
2021-09-03 19:58:12,227 root DEBUG gatt.py                   146   gatts_add_char            : gatts_add_char 0 2 1 '282A'
2021-09-03 19:58:12,227 root DEBUG iutctl_common.py          119   send                      : send, 2 3 0 "bytearray(b'\\x00\\x00\\x02\\x01\\x02(*')"
2021-09-03 19:58:12,227 root DEBUG iutctl_common.py          122   send                      : btpclient command: send 2 3 0 "bytearray(b'\\x00\\x00\\x02\\x01\\x02(*')"
2021-09-03 19:58:12,227 root DEBUG iutctl_common.py          127   send                      : sending frame b'\x02\x03\x00\x07\x00\x00\x00\x02\x01\x02(*'
2021-09-03 19:58:12,227 root DEBUG gatt.py                   1123  gatt_command_rsp_succ     : gatt_command_rsp_succ
2021-09-03 19:58:12,227 root DEBUG iutctl_common.py          176   read                      : read
2021-09-03 19:58:12,289 root DEBUG iutctl_common.py          100   read                      : Received: hdr: Header(svc_id=2, op=3, ctrl_index=0, data_len=2) bytearray(b'\x02\x03\x00\x02\x00')
2021-09-03 19:58:12,305 root DEBUG iutctl_common.py          113   read                      : Received data: "('\x00\x00',)", bytearray(b'\x00\x00')
2021-09-03 19:58:12,321 root DEBUG gatt.py                   1128  gatt_command_rsp_succ     : received Header(svc_id=2, op=3, ctrl_index=0, data_len=2) (b'\x00\x00',)
2021-09-03 19:58:12,321 root DEBUG testcase.py               246   start                     : Starting test function: class=<class 'ptsprojects.testcase.TestFunc'>, func=<function gatts_add_char at 0x000001AC1D9ED940> start_wid=None stop_wid=None post_wid=None skip_call=None call_count=1 args=(0, 2, 1, '502A') kwds={}
2021-09-03 19:58:12,321 root DEBUG testcase.py               258   start                     : Test function parameters: args=(0, 2, 1, '502A'), kwds={}
2021-09-03 19:58:12,321 root DEBUG gatt.py                   146   gatts_add_char            : gatts_add_char 0 2 1 '502A'
2021-09-03 19:58:12,321 root DEBUG iutctl_common.py          119   send                      : send, 2 3 0 "bytearray(b'\\x00\\x00\\x02\\x01\\x02P*')"
2021-09-03 19:58:12,321 root DEBUG iutctl_common.py          122   send                      : btpclient command: send 2 3 0 "bytearray(b'\\x00\\x00\\x02\\x01\\x02P*')"
2021-09-03 19:58:12,321 root DEBUG iutctl_common.py          127   send                      : sending frame b'\x02\x03\x00\x07\x00\x00\x00\x02\x01\x02P*'
2021-09-03 19:58:12,321 root DEBUG gatt.py                   1123  gatt_command_rsp_succ     : gatt_command_rsp_succ
2021-09-03 19:58:12,321 root DEBUG iutctl_common.py          176   read                      : read
2021-09-03 19:58:12,385 root DEBUG iutctl_common.py          100   read                      : Received: hdr: Header(svc_id=2, op=3, ctrl_index=0, data_len=2) bytearray(b'\x02\x03\x00\x02\x00')
2021-09-03 19:58:12,432 root DEBUG iutctl_common.py          113   read                      : Received data: "('\x00\x00',)", bytearray(b'\x00\x00')
2021-09-03 19:58:12,479 root DEBUG gatt.py                   1128  gatt_command_rsp_succ     : received Header(svc_id=2, op=3, ctrl_index=0, data_len=2) (b'\x00\x00',)
2021-09-03 19:58:12,479 root DEBUG testcase.py               246   start                     : Starting test function: class=<class 'ptsprojects.testcase.TestFunc'>, func=<function gatts_set_val at 0x000001AC1D9ED9D0> start_wid=None stop_wid=None post_wid=None skip_call=None call_count=1 args=(0, '0100E5FE110011') kwds={}
2021-09-03 19:58:12,479 root DEBUG testcase.py               258   start                     : Test function parameters: args=(0, '0100E5FE110011'), kwds={}
2021-09-03 19:58:12,479 root DEBUG gatt.py                   178   gatts_set_val             : gatts_set_val 0 '0100E5FE110011' 
2021-09-03 19:58:12,479 root DEBUG iutctl_common.py          119   send                      : send, 2 6 0 "bytearray(b'\\x00\\x00\\x07\\x00\\x01\\x00\\xe5\\xfe\\x11\\x00\\x11')"
2021-09-03 19:58:12,479 root DEBUG iutctl_common.py          122   send                      : btpclient command: send 2 6 0 "bytearray(b'\\x00\\x00\\x07\\x00\\x01\\x00\\xe5\\xfe\\x11\\x00\\x11')"
2021-09-03 19:58:12,479 root DEBUG iutctl_common.py          127   send                      : sending frame b'\x02\x06\x00\x0b\x00\x00\x00\x07\x00\x01\x00\xe5\xfe\x11\x00\x11'
2021-09-03 19:58:12,479 root DEBUG gatt.py                   1123  gatt_command_rsp_succ     : gatt_command_rsp_succ
2021-09-03 19:58:12,479 root DEBUG iutctl_common.py          176   read                      : read
2021-09-03 19:58:12,559 root DEBUG iutctl_common.py          100   read                      : Received: hdr: Header(svc_id=2, op=6, ctrl_index=0, data_len=0) bytearray(b'\x02\x06\x00\x00\x00')
2021-09-03 19:58:12,590 root DEBUG iutctl_common.py          113   read                      : Received data: "('',)", bytearray(b'')
2021-09-03 19:58:12,638 root DEBUG gatt.py                   1128  gatt_command_rsp_succ     : received Header(svc_id=2, op=6, ctrl_index=0, data_len=0) (b'',)
2021-09-03 19:58:12,638 root DEBUG testcase.py               246   start                     : Starting test function: class=<class 'ptsprojects.testcase.TestFunc'>, func=<function gatts_start_server at 0x000001AC1D9EDB80> start_wid=None stop_wid=None post_wid=None skip_call=None call_count=1 args=() kwds={}
2021-09-03 19:58:12,638 root DEBUG testcase.py               258   start                     : Test function parameters: args=(), kwds={}
2021-09-03 19:58:12,638 root DEBUG gatt.py                   255   gatts_start_server        : gatts_start_server
2021-09-03 19:58:12,638 root DEBUG iutctl_common.py          119   send                      : send, 2 7 0 ''
2021-09-03 19:58:12,638 root DEBUG iutctl_common.py          122   send                      : btpclient command: send 2 7 0 ''
2021-09-03 19:58:12,638 root DEBUG iutctl_common.py          127   send                      : sending frame b'\x02\x07\x00\x00\x00'
2021-09-03 19:58:12,638 root DEBUG gatt.py                   1123  gatt_command_rsp_succ     : gatt_command_rsp_succ
2021-09-03 19:58:12,638 root DEBUG iutctl_common.py          176   read                      : read
2021-09-03 19:58:12,702 root DEBUG iutctl_common.py          100   read                      : Received: hdr: Header(svc_id=2, op=7, ctrl_index=0, data_len=3) bytearray(b'\x02\x07\x00\x03\x00')
2021-09-03 19:58:12,750 root DEBUG iutctl_common.py          113   read                      : Received data: "('\x00\x00\x00',)", bytearray(b'\x00\x00\x00')
2021-09-03 19:58:12,782 root DEBUG gatt.py                   1128  gatt_command_rsp_succ     : received Header(svc_id=2, op=7, ctrl_index=0, data_len=3) (b'\x00\x00\x00',)
2021-09-03 19:58:12,782 root DEBUG autoptsclient_common.py   270   set_current_test_case     : CallbackThread.set_current_test_case DIS/SR/DEC/BV-04-C
2021-09-03 19:58:19,890 ClientCallback.on_implicit_send INFO autoptsclient_common.py   169   on_implicit_send          : ********************
2021-09-03 19:58:19,890 ClientCallback.on_implicit_send INFO autoptsclient_common.py   170   on_implicit_send          : BEGIN OnImplicitSend:
2021-09-03 19:58:19,891 ClientCallback.on_implicit_send INFO autoptsclient_common.py   171   on_implicit_send          : project_name: DIS
2021-09-03 19:58:19,891 ClientCallback.on_implicit_send INFO autoptsclient_common.py   172   on_implicit_send          : wid: 20001
2021-09-03 19:58:19,891 ClientCallback.on_implicit_send INFO autoptsclient_common.py   173   on_implicit_send          : test_case_name: DIS/SR/DEC/BV-04-C
2021-09-03 19:58:19,891 ClientCallback.on_implicit_send INFO autoptsclient_common.py   174   on_implicit_send          : description: Please prepare IUT into a connectable mode.

Description: Verify that the Implementation Under Test (IUT) can accept GATT connect request from PTS.
2021-09-03 19:58:19,891 ClientCallback.on_implicit_send INFO autoptsclient_common.py   175   on_implicit_send          : style: MMI_Style_Ok_Cancel2 0x11141
2021-09-03 19:58:19,891 ClientCallback.on_implicit_send INFO autoptsclient_common.py   181   on_implicit_send          : Calling test cases on_implicit_send
2021-09-03 19:58:19,891 root DEBUG testcase.py               675   on_implicit_send          : DIS DIS/SR/DEC/BV-04-C on_implicit_send
2021-09-03 19:58:19,891 root DEBUG testcase.py               619   join_post_wid_thread      : DIS DIS/SR/DEC/BV-04-C join_post_wid_thread
2021-09-03 19:58:19,891 root DEBUG testcase.py               621   join_post_wid_thread      : self.post_wid_thread None
2021-09-03 19:58:19,891 root DEBUG dis_wid.py                26    dis_wid_hdl               : dis_wid_hdl, 20001, 'Please prepare IUT into a connectable mode.\n\nDescription: Verify that the Implementation Under Test (IUT) can accept GATT connect request from PTS.', DIS/SR/DEC/BV-04-C
2021-09-03 19:58:19,891 root DEBUG gap.py                    557   gap_set_conn              : gap_set_conn
2021-09-03 19:58:19,891 root DEBUG gap.py                    281   gap_adv_ind_on            : gap_adv_ind_on {8: b'Tester_F21C35'} None
2021-09-03 19:58:19,891 root DEBUG iutctl_common.py          119   send                      : send, 1 10 0 "bytearray(b'\\x0f\\x00\\x08\\rTester_F21C35\\xff\\xff\\xff\\xff\\x00')"
2021-09-03 19:58:19,891 root DEBUG iutctl_common.py          122   send                      : btpclient command: send 1 10 0 "bytearray(b'\\x0f\\x00\\x08\\rTester_F21C35\\xff\\xff\\xff\\xff\\x00')"
2021-09-03 19:58:19,891 root DEBUG iutctl_common.py          127   send                      : sending frame b'\x01\n\x00\x16\x00\x0f\x00\x08\rTester_F21C35\xff\xff\xff\xff\x00'
2021-09-03 19:58:19,892 root DEBUG gap.py                    770   gap_command_rsp_succ      : gap_command_rsp_succ
2021-09-03 19:58:19,892 root DEBUG iutctl_common.py          176   read                      : read
2021-09-03 19:58:19,978 root DEBUG iutctl_common.py          100   read                      : Received: hdr: Header(svc_id=1, op=10, ctrl_index=0, data_len=4) bytearray(b'\x01\n\x00\x04\x00')
2021-09-03 19:58:19,994 root DEBUG iutctl_common.py          113   read                      : Received data: "('\x13\x86\x00\x00',)", bytearray(b'\x13\x86\x00\x00')
2021-09-03 19:58:19,994 root DEBUG gap.py                    775   gap_command_rsp_succ      : received Header(svc_id=1, op=10, ctrl_index=0, data_len=4) (b'\x13\x86\x00\x00',)
2021-09-03 19:58:19,994 root DEBUG gap.py                    250   __gap_current_settings_update : __gap_current_settings_update (b'\x13\x86\x00\x00',)
2021-09-03 19:58:19,994 root DEBUG testcase.py               713   on_implicit_send          : Sending response 'OK'
2021-09-03 19:58:19,994 ClientCallback.on_implicit_send INFO autoptsclient_common.py   186   on_implicit_send          : test case returned on_implicit_send, response: OK
2021-09-03 19:58:19,994 ClientCallback.on_implicit_send INFO autoptsclient_common.py   196   on_implicit_send          : END OnImplicitSend:
2021-09-03 19:58:19,994 ClientCallback.on_implicit_send INFO autoptsclient_common.py   197   on_implicit_send          : ********************
2021-09-03 19:58:20,368 root DEBUG iutctl_common.py          100   read                      : Received: hdr: Header(svc_id=1, op=130, ctrl_index=0, data_len=13) bytearray(b'\x01\x82\x00\r\x00')
2021-09-03 19:58:20,368 root DEBUG iutctl_common.py          113   read                      : Received data: "('\x005\x1còÜ\x1b\x00<\x00\x00\x00Ð\x07',)", bytearray(b'\x005\x1c\xf2\xdc\x1b\x00<\x00\x00\x00\xd0\x07')
2021-09-03 19:58:20,369 root DEBUG btp.py                    405   event_handler             : event_handler Header(svc_id=1, op=130, ctrl_index=0, data_len=13) (b'\x005\x1c\xf2\xdc\x1b\x00<\x00\x00\x00\xd0\x07',)
2021-09-03 19:58:20,369 root DEBUG gap.py                    128   gap_connected_ev_         : gap_connected_ev_ b'\x005\x1c\xf2\xdc\x1b\x00<\x00\x00\x00\xd0\x07'
2021-09-03 19:58:25,346 root DEBUG iutctl_common.py          100   read                      : Received: hdr: Header(svc_id=1, op=131, ctrl_index=0, data_len=7) bytearray(b'\x01\x83\x00\x07\x00')
2021-09-03 19:58:25,347 root DEBUG iutctl_common.py          113   read                      : Received data: "('\x005\x1còÜ\x1b\x00',)", bytearray(b'\x005\x1c\xf2\xdc\x1b\x00')
2021-09-03 19:58:25,347 root DEBUG btp.py                    405   event_handler             : event_handler Header(svc_id=1, op=131, ctrl_index=0, data_len=7) (b'\x005\x1c\xf2\xdc\x1b\x00',)
2021-09-03 19:58:25,348 root DEBUG gap.py                    142   gap_disconnected_ev_      : gap_disconnected_ev_ b'\x005\x1c\xf2\xdc\x1b\x00'
2021-09-03 19:58:27,995 ClientCallback.log INFO autoptsclient_common.py   133   log                       : PTS_LOGTYPE_START_TEST Start Test Case 

+1672 ms
 DIS/SR/DEC/BV-04-C DIS/SR/DEC/BV-04-C

2021-09-03 19:58:27,995 root DEBUG testcase.py               464   log                       : New status DIS DIS/SR/DEC/BV-04-C - Started
2021-09-03 19:58:28,369 ClientCallback.log INFO autoptsclient_common.py   133   log                       : PTS_LOGTYPE_FINAL_VERDICT Final Verdict 

+13937 ms
 DIS/SR/DEC/BV-04-C PASS

2021-09-03 19:58:28,369 root DEBUG testcase.py               464   log                       : New status DIS DIS/SR/DEC/BV-04-C - PASS
2021-09-03 19:58:28,371 ClientCallback.log INFO autoptsclient_common.py   133   log                       : PTS_LOGTYPE_FINAL_VERDICT Encrypted Verdict 

+13937 ms
 DIS/SR/DEC/BV-04-C A1#ZjlkNGM1NjM4OTlmOTUyYTQ1MTI5NjNjNzU0YjI5ZjRhNTQxYzU2NTU1MjAwNjczOTAxNmQwM2M5MGRiODk1NA==#l8wyW0oBppBl391Ddqk6sUKdl4SVIKDZ1mUHPOx6+cuSuM8+BO8ZLK5MmHdM4bx7

2021-09-03 19:58:28,435 ClientCallback.log INFO autoptsclient_common.py   133   log                       : PTS_LOGTYPE_END_TEST Test Case Ended 

+13937 ms
 DIS/SR/DEC/BV-04-C DIS/SR/DEC/BV-04-C

2021-09-03 19:58:28,462 root DEBUG autoptsclient_common.py   802   run_test_case_thread_entry : After run_test_case error_code='' status='PASS'
2021-09-03 19:58:28,462 root DEBUG autoptsclient_common.py   278   error_code                : CallbackThread.error_code
2021-09-03 19:58:28,462 root DEBUG autoptsclient_common.py   292   cleanup                   : CallbackThread.cleanup
2021-09-03 19:58:29,477 root DEBUG testcase.py               758   post_run                  : post_run DIS DIS/SR/DEC/BV-04-C 
2021-09-03 19:58:29,477 root DEBUG testcase.py               246   start                     : Starting test function: class=<class 'ptsprojects.testcase.TestFuncCleanUp'>, func=<bound method Stack.cleanup of <ptsprojects.stack.Stack object at 0x000001AC1F108D90>> start_wid=None stop_wid=None post_wid=None skip_call=None call_count=1 args=() kwds={}
2021-09-03 19:58:29,477 root DEBUG testcase.py               258   start                     : Test function parameters: args=(), kwds={}
2021-09-03 19:58:29,477 root DEBUG autoptsclient_common.py   287   clear_pending_responses   : CallbackThread.clear_pending_responses
2021-09-03 19:58:29,477 root DEBUG autoptsclient_common.py   287   clear_pending_responses   : CallbackThread.clear_pending_responses
2021-09-03 19:58:29,477 root DEBUG testcase.py               246   start                     : Starting test function: class=<class 'ptsprojects.testcase.TestFuncCleanUp'>, func=<bound method ZephyrCtl.stop of <ptsprojects.zephyr.iutctl.ZephyrCtl object at 0x000001AC1F108C70>> start_wid=None stop_wid=None post_wid=None skip_call=None call_count=1 args=() kwds={}
2021-09-03 19:58:29,477 root DEBUG testcase.py               258   start                     : Test function parameters: args=(), kwds={}
2021-09-03 19:58:29,477 root DEBUG iutctl.py                 242   stop                      : <class 'ptsprojects.zephyr.iutctl.ZephyrCtl'>.stop
2021-09-03 19:58:33,423 root DEBUG testcase.py               783   post_run                  : post_run, cleanup running pre test case script
2021-09-03 19:58:33,423 root DEBUG testcase.py               793   post_run                  : post_run, run post test case script
2021-09-03 19:58:33,488 root DEBUG autoptsclient_common.py   832   run_test_case_thread_entry : Done TestCase wrapper DIS DIS/SR/DEC/BV-04-C
