< 2023/10/01 12:49:19.846964  length=5 from=0 to=4
 00 80 ff 00 00                                   .....
--
> 2023/10/01 12:49:20.428240  length=6 from=0 to=5
 00 03 ff 01 00 01                                ......
--
< 2023/10/01 12:49:20.651400  length=5 from=5 to=9
 00 03 ff 00 00                                   .....
--
> 2023/10/01 12:49:20.715315  length=5 from=6 to=10
 01 03 00 00 00                                   .....
--
< 2023/10/01 12:49:20.731366  length=153 from=10 to=162
 01 03 00 15 01 c3 51 0b 1b b8 d7 13 8e 00 00 11  ......Q.........
 8a 00 00 00 00 00 62 74 70 5f 74 65 73 74 65 72  ......btp_tester
 00 00 00 00 00 00 00 00 00 00 00 00 00 00 00 00  ................
 00 00 00 00 00 00 00 00 00 00 00 00 00 00 00 00  ................
 00 00 00 00 00 00 00 00 00 00 00 00 00 00 00 00  ................
 00 00 00 00 00 00 00 00 00 00 00 00 00 00 00 00  ................
 00 00 00 00 00 00 00 00 00 00 00 00 00 00 00 00  ................
 00 00 00 00 00 00 00 00 00 00 00 00 00 00 00 00  ................
 00 00 00 00 00 00 00 00 00 00 00 00 00 00 00 00  ................
 00 00 00 00 00 00 00 00 00                       .........
--
< 2023/10/01 12:49:20.734792  length=42 from=163 to=204
 00 00 00 00 00 00 00 00 00 00 00 00 00 00 00 00  ................
 00 00 00 00 00 00 00 00 00 00 00 00 00 00 00 00  ................
 00 00 00 00 00 00 00 00 00 00                    ..........
--
< 2023/10/01 12:49:20.735437  length=7 from=205 to=211
 00 00 00 00 00 00 00                             .......
--
< 2023/10/01 12:49:20.747502  length=80 from=212 to=291
 00 00 00 00 00 00 00 00 00 00 00 00 00 00 00 00  ................
 00 00 00 00 00 00 00 00 00 00 00 00 00 00 00 00  ................
 00 00 00 00 00 00 00 00 00 00 00 00 00 00 00 00  ................
 00 00 00 00 00 00 00 00 00 00 00 00 00 00 00 00  ................
 00 00 00 00 00 00 00 00 00 00 00 00 00 00 00 00  ................
--
> 2023/10/01 12:49:20.811322  length=6 from=11 to=16
 00 03 ff 01 00 02                                ......
--
< 2023/10/01 12:49:20.827307  length=5 from=292 to=296
 00 03 ff 00 00                                   .....
--
> 2023/10/01 12:49:20.907413  length=6 from=17 to=22
 01 10 00 01 00 04                                ......
--
< 2023/10/01 12:49:20.923399  length=5 from=297 to=301
 01 10 00 00 00                                   .....
--
> 2023/10/01 12:49:20.954575  length=9 from=23 to=31
 02 02 00 04 00 00 02 aa 51                       ........Q
--
< 2023/10/01 12:49:20.970618  length=6 from=302 to=307
 02 00 00 01 00 02                                ......
--
< 2023/10/01 12:49:22.860303  length=5 from=308 to=312
 00 80 ff 00 00                                   .....
--
