2023-10-01 12:49:17,378 root DEBUG client.py                 864   run_test_case_thread_entry : Starting TestCase wrapper GAP GAP/ADV/BV-01-C
2023-10-01 12:49:17,378 root DEBUG testcase.py               718   pre_run                   : pre_run GAP GAP/ADV/BV-01-C
2023-10-01 12:49:17,378 root DEBUG testcase.py               720   pre_run                   : About to run test case GAP GAP/ADV/BV-01-C with commands:
2023-10-01 12:49:17,378 root DEBUG testcase.py               723   pre_run                   : 0) class=<class 'autopts.ptsprojects.testcase.TestFunc'>, func=<bound method Stack.core_init of <autopts.ptsprojects.stack.Stack object at 0x0000011FA922DFF0>> start_wid=None stop_wid=None post_wid=None skip_call=None call_count=0 args=() kwds={}
2023-10-01 12:49:17,380 root DEBUG testcase.py               723   pre_run                   : 1) class=<class 'autopts.ptsprojects.testcase.TestFunc'>, func=<bound method ZephyrCtl.hw_reset of <autopts.ptsprojects.zephyr.iutctl.ZephyrCtl object at 0x0000011FA7D72B90>> start_wid=None stop_wid=None post_wid=None skip_call=None call_count=0 args=() kwds={}
2023-10-01 12:49:17,380 root DEBUG testcase.py               723   pre_run                   : 2) class=<class 'autopts.ptsprojects.testcase.TestFunc'>, func=<bound method ZephyrCtl.start of <autopts.ptsprojects.zephyr.iutctl.ZephyrCtl object at 0x0000011FA7D72B90>> start_wid=None stop_wid=None post_wid=None skip_call=None call_count=0 args=(<autopts.ptsprojects.zephyr.ztestcase.ZTestCase object at 0x0000011FAA5EE590>,) kwds={}
2023-10-01 12:49:17,380 root DEBUG testcase.py               723   pre_run                   : 3) class=<class 'autopts.ptsprojects.testcase.TestFunc'>, func=<bound method ZephyrCtl.hw_reset of <autopts.ptsprojects.zephyr.iutctl.ZephyrCtl object at 0x0000011FA7D72B90>> start_wid=None stop_wid=None post_wid=None skip_call=None call_count=0 args=() kwds={}
2023-10-01 12:49:17,380 root DEBUG testcase.py               723   pre_run                   : 4) class=<class 'autopts.ptsprojects.testcase.TestFunc'>, func=<bound method ZephyrCtl.wait_iut_ready_event of <autopts.ptsprojects.zephyr.iutctl.ZephyrCtl object at 0x0000011FA7D72B90>> start_wid=None stop_wid=None post_wid=None skip_call=None call_count=0 args=(False,) kwds={}
2023-10-01 12:49:17,380 root DEBUG testcase.py               723   pre_run                   : 5) class=<class 'autopts.ptsprojects.testcase.TestFunc'>, func=<function core_reg_svc_gap at 0x0000011FA7F703A0> start_wid=None stop_wid=None post_wid=None skip_call=None call_count=0 args=() kwds={}
2023-10-01 12:49:17,381 root DEBUG testcase.py               723   pre_run                   : 6) class=<class 'autopts.ptsprojects.testcase.TestFunc'>, func=<bound method Stack.gap_init of <autopts.ptsprojects.stack.Stack object at 0x0000011FA922DFF0>> start_wid=None stop_wid=None post_wid=None skip_call=None call_count=0 args=(b'Tester_790D90', 'ABCD', '1111', '1111', '11', '1111', b'\x17github.com/auto-pts') kwds={}
2023-10-01 12:49:17,381 root DEBUG testcase.py               723   pre_run                   : 7) class=<class 'autopts.ptsprojects.testcase.TestFunc'>, func=<function gap_read_ctrl_info at 0x0000011FA7F73A30> start_wid=None stop_wid=None post_wid=None skip_call=None call_count=0 args=() kwds={}
2023-10-01 12:49:17,381 root DEBUG testcase.py               723   pre_run                   : 8) class=<class 'autopts.ptsprojects.testcase.TestFunc'>, func=<function test_cases.<locals>.<lambda> at 0x0000011FA924ECB0> start_wid=None stop_wid=None post_wid=None skip_call=None call_count=0 args=() kwds={}
2023-10-01 12:49:17,381 root DEBUG testcase.py               723   pre_run                   : 9) class=<class 'autopts.ptsprojects.testcase.TestFunc'>, func=<function test_cases.<locals>.<lambda> at 0x0000011FA924ED40> start_wid=None stop_wid=None post_wid=None skip_call=None call_count=0 args=() kwds={}
2023-10-01 12:49:17,381 root DEBUG testcase.py               723   pre_run                   : 10) class=<class 'autopts.ptsprojects.testcase.TestFunc'>, func=<function test_cases.<locals>.<lambda> at 0x0000011FA924EF80> start_wid=None stop_wid=None post_wid=None skip_call=None call_count=0 args=() kwds={}
2023-10-01 12:49:17,381 root DEBUG testcase.py               723   pre_run                   : 11) class=<class 'autopts.ptsprojects.testcase.TestFunc'>, func=<function test_cases.<locals>.<lambda> at 0x0000011FA924F010> start_wid=None stop_wid=None post_wid=None skip_call=None call_count=0 args=() kwds={}
2023-10-01 12:49:17,381 root DEBUG testcase.py               723   pre_run                   : 12) class=<class 'autopts.ptsprojects.testcase.TestFunc'>, func=<function test_cases.<locals>.<lambda> at 0x0000011FA924F0A0> start_wid=None stop_wid=None post_wid=None skip_call=None call_count=0 args=() kwds={}
2023-10-01 12:49:17,382 root DEBUG testcase.py               723   pre_run                   : 13) class=<class 'autopts.ptsprojects.testcase.TestFunc'>, func=<function test_cases.<locals>.<lambda> at 0x0000011FA924F130> start_wid=None stop_wid=None post_wid=None skip_call=None call_count=0 args=() kwds={}
2023-10-01 12:49:17,382 root DEBUG testcase.py               723   pre_run                   : 14) class=<class 'autopts.ptsprojects.testcase.TestFunc'>, func=<function test_cases.<locals>.<lambda> at 0x0000011FA924F760> start_wid=None stop_wid=None post_wid=None skip_call=None call_count=0 args=() kwds={}
2023-10-01 12:49:17,382 root DEBUG testcase.py               723   pre_run                   : 15) class=<class 'autopts.ptsprojects.testcase.TestFunc'>, func=<function test_cases.<locals>.<lambda> at 0x0000011FA924F490> start_wid=None stop_wid=None post_wid=None skip_call=None call_count=0 args=() kwds={}
2023-10-01 12:49:17,382 root DEBUG testcase.py               723   pre_run                   : 16) class=<class 'autopts.ptsprojects.testcase.TestFunc'>, func=<function test_cases.<locals>.<lambda> at 0x0000011FA94681F0> start_wid=None stop_wid=None post_wid=None skip_call=None call_count=0 args=() kwds={}
2023-10-01 12:49:17,382 root DEBUG testcase.py               723   pre_run                   : 17) class=<class 'autopts.ptsprojects.testcase.TestFunc'>, func=<function test_cases.<locals>.<lambda> at 0x0000011FA9468160> start_wid=None stop_wid=None post_wid=None skip_call=None call_count=0 args=() kwds={}
2023-10-01 12:49:17,382 root DEBUG testcase.py               723   pre_run                   : 18) class=<class 'autopts.ptsprojects.testcase.TestFunc'>, func=<function test_cases.<locals>.<lambda> at 0x0000011FA9468280> start_wid=None stop_wid=None post_wid=None skip_call=None call_count=0 args=() kwds={}
2023-10-01 12:49:17,382 root DEBUG testcase.py               723   pre_run                   : 19) class=<class 'autopts.ptsprojects.testcase.TestFunc'>, func=<function test_cases.<locals>.<lambda> at 0x0000011FA9468310> start_wid=None stop_wid=None post_wid=None skip_call=None call_count=0 args=() kwds={}
2023-10-01 12:49:17,383 root DEBUG testcase.py               723   pre_run                   : 20) class=<class 'autopts.ptsprojects.testcase.TestFunc'>, func=<function core_reg_svc_gatt at 0x0000011FA7F704C0> start_wid=None stop_wid=None post_wid=None skip_call=None call_count=0 args=() kwds={}
2023-10-01 12:49:17,383 root DEBUG testcase.py               723   pre_run                   : 21) class=<class 'autopts.ptsprojects.testcase.TestFunc'>, func=<bound method Stack.gatt_init of <autopts.ptsprojects.stack.Stack object at 0x0000011FA922DFF0>> start_wid=None stop_wid=None post_wid=None skip_call=None call_count=0 args=() kwds={}
2023-10-01 12:49:17,383 root DEBUG testcase.py               723   pre_run                   : 22) class=<class 'autopts.ptsprojects.testcase.TestFunc'>, func=<function gap_set_io_cap at 0x0000011FA7F730A0> start_wid=None stop_wid=None post_wid=None skip_call=None call_count=0 args=(4,) kwds={}
2023-10-01 12:49:17,383 root DEBUG testcase.py               723   pre_run                   : 23) class=<class 'autopts.ptsprojects.testcase.TestFunc'>, func=<function set_pts_addr at 0x0000011FA7F70160> start_wid=None stop_wid=None post_wid=None skip_call=None call_count=0 args=('C0:07:E8:79:0D:90', 0) kwds={}
2023-10-01 12:49:17,383 root DEBUG testcase.py               723   pre_run                   : 24) class=<class 'autopts.ptsprojects.testcase.TestFunc'>, func=<function gatts_add_svc at 0x0000011FA7F812D0> start_wid=None stop_wid=None post_wid=None skip_call=None call_count=0 args=(0, 'AA51') kwds={}
2023-10-01 12:49:17,383 root DEBUG testcase.py               723   pre_run                   : 25) class=<class 'autopts.ptsprojects.testcase.TestFunc'>, func=<function gatts_add_char at 0x0000011FA7F813F0> start_wid=None stop_wid=None post_wid=None skip_call=None call_count=0 args=(0, 2, 17, 'AA52') kwds={}
2023-10-01 12:49:17,383 root DEBUG testcase.py               723   pre_run                   : 26) class=<class 'autopts.ptsprojects.testcase.TestFunc'>, func=<function gatts_set_val at 0x0000011FA7F81480> start_wid=None stop_wid=None post_wid=None skip_call=None call_count=0 args=(0, '01') kwds={}
2023-10-01 12:49:17,384 root DEBUG testcase.py               723   pre_run                   : 27) class=<class 'autopts.ptsprojects.testcase.TestFunc'>, func=<function gatts_add_char at 0x0000011FA7F813F0> start_wid=None stop_wid=None post_wid=None skip_call=None call_count=0 args=(0, 2, 5, 'AA53') kwds={}
2023-10-01 12:49:17,384 root DEBUG testcase.py               723   pre_run                   : 28) class=<class 'autopts.ptsprojects.testcase.TestFunc'>, func=<function gatts_set_val at 0x0000011FA7F81480> start_wid=None stop_wid=None post_wid=None skip_call=None call_count=0 args=(0, '02') kwds={}
2023-10-01 12:49:17,384 root DEBUG testcase.py               723   pre_run                   : 29) class=<class 'autopts.ptsprojects.testcase.TestFunc'>, func=<function gatts_add_char at 0x0000011FA7F813F0> start_wid=None stop_wid=None post_wid=None skip_call=None call_count=0 args=(0, 66, 3, 'AA54') kwds={}
2023-10-01 12:49:17,384 root DEBUG testcase.py               723   pre_run                   : 30) class=<class 'autopts.ptsprojects.testcase.TestFunc'>, func=<function gatts_set_val at 0x0000011FA7F81480> start_wid=None stop_wid=None post_wid=None skip_call=None call_count=0 args=(0, '03') kwds={}
2023-10-01 12:49:17,384 root DEBUG testcase.py               723   pre_run                   : 31) class=<class 'autopts.ptsprojects.testcase.TestFunc'>, func=<function gatts_add_char at 0x0000011FA7F813F0> start_wid=None stop_wid=None post_wid=None skip_call=None call_count=0 args=(0, 10, 48, 'AA55') kwds={}
2023-10-01 12:49:17,384 root DEBUG testcase.py               723   pre_run                   : 32) class=<class 'autopts.ptsprojects.testcase.TestFunc'>, func=<function gatts_set_val at 0x0000011FA7F81480> start_wid=None stop_wid=None post_wid=None skip_call=None call_count=0 args=(0, '04') kwds={}
2023-10-01 12:49:17,384 root DEBUG testcase.py               723   pre_run                   : 33) class=<class 'autopts.ptsprojects.testcase.TestFunc'>, func=<function gatts_start_server at 0x0000011FA7F816C0> start_wid=None stop_wid=None post_wid=None skip_call=None call_count=0 args=() kwds={}
2023-10-01 12:49:17,385 root DEBUG testcase.py               723   pre_run                   : 34) class=<class 'autopts.ptsprojects.testcase.TestFuncCleanUp'>, func=<bound method Stack.cleanup of <autopts.ptsprojects.stack.Stack object at 0x0000011FA922DFF0>> start_wid=None stop_wid=None post_wid=None skip_call=None call_count=0 args=() kwds={}
2023-10-01 12:49:17,385 root DEBUG testcase.py               723   pre_run                   : 35) class=<class 'autopts.ptsprojects.testcase.TestFuncCleanUp'>, func=<bound method ZephyrCtl.stop of <autopts.ptsprojects.zephyr.iutctl.ZephyrCtl object at 0x0000011FA7D72B90>> start_wid=None stop_wid=None post_wid=None skip_call=None call_count=0 args=() kwds={}
2023-10-01 12:49:17,385 root DEBUG testcase.py               730   pre_run                   : post_run, run pre test case script
2023-10-01 12:49:17,391 root DEBUG testcase.py               246   start                     : Starting test function: class=<class 'autopts.ptsprojects.testcase.TestFunc'>, func=<bound method Stack.core_init of <autopts.ptsprojects.stack.Stack object at 0x0000011FA922DFF0>> start_wid=None stop_wid=None post_wid=None skip_call=None call_count=1 args=() kwds={}
2023-10-01 12:49:17,391 root DEBUG testcase.py               258   start                     : Test function parameters: args=(), kwds={}
2023-10-01 12:49:17,391 root DEBUG testcase.py               246   start                     : Starting test function: class=<class 'autopts.ptsprojects.testcase.TestFunc'>, func=<bound method ZephyrCtl.hw_reset of <autopts.ptsprojects.zephyr.iutctl.ZephyrCtl object at 0x0000011FA7D72B90>> start_wid=None stop_wid=None post_wid=None skip_call=None call_count=1 args=() kwds={}
2023-10-01 12:49:17,391 root DEBUG testcase.py               258   start                     : Test function parameters: args=(), kwds={}
2023-10-01 12:49:17,391 root DEBUG __init__.py               48    reset                     : About to reset DUT: 'nrfjprog -r -s 1050060770'
2023-10-01 12:49:17,953 root DEBUG testcase.py               246   start                     : Starting test function: class=<class 'autopts.ptsprojects.testcase.TestFunc'>, func=<bound method ZephyrCtl.start of <autopts.ptsprojects.zephyr.iutctl.ZephyrCtl object at 0x0000011FA7D72B90>> start_wid=None stop_wid=None post_wid=None skip_call=None call_count=1 args=(<autopts.ptsprojects.zephyr.ztestcase.ZTestCase object at 0x0000011FAA5EE590>,) kwds={}
2023-10-01 12:49:17,953 root DEBUG testcase.py               258   start                     : Test function parameters: args=(<autopts.ptsprojects.zephyr.ztestcase.ZTestCase object at 0x0000011FAA5EE590>,), kwds={}
2023-10-01 12:49:17,953 root DEBUG iutctl.py                 102   start                     : <class 'autopts.ptsprojects.zephyr.iutctl.ZephyrCtl'>.start
2023-10-01 12:49:17,958 root DEBUG iutctl.py                 167   flush_serial              : <class 'autopts.ptsprojects.zephyr.iutctl.ZephyrCtl'>.flush_serial
2023-10-01 12:49:19,043 root DEBUG iutctl.py                 132   start                     : Starting socat process: socat.exe -x -v tcp:192.168.9.44:49600,retry=100,interval=1 /dev/ttyS7,raw,b115200
2023-10-01 12:49:19,048 root DEBUG iutctl_common.py          278   accept                    : accept
2023-10-01 12:49:19,065 root DEBUG testcase.py               246   start                     : Starting test function: class=<class 'autopts.ptsprojects.testcase.TestFunc'>, func=<bound method ZephyrCtl.hw_reset of <autopts.ptsprojects.zephyr.iutctl.ZephyrCtl object at 0x0000011FA7D72B90>> start_wid=None stop_wid=None post_wid=None skip_call=None call_count=1 args=() kwds={}
2023-10-01 12:49:19,065 root DEBUG testcase.py               258   start                     : Test function parameters: args=(), kwds={}
2023-10-01 12:49:19,065 root DEBUG __init__.py               48    reset                     : About to reset DUT: 'nrfjprog -r -s 1050060770'
2023-10-01 12:49:19,728 root DEBUG testcase.py               246   start                     : Starting test function: class=<class 'autopts.ptsprojects.testcase.TestFunc'>, func=<bound method ZephyrCtl.wait_iut_ready_event of <autopts.ptsprojects.zephyr.iutctl.ZephyrCtl object at 0x0000011FA7D72B90>> start_wid=None stop_wid=None post_wid=None skip_call=None call_count=1 args=(False,) kwds={}
2023-10-01 12:49:19,728 root DEBUG testcase.py               258   start                     : Test function parameters: args=(False,), kwds={}
2023-10-01 12:49:19,893 root DEBUG iutctl_common.py          72    read                      : Read 5 bytes
2023-10-01 12:49:19,893 root DEBUG iutctl_common.py          81    read                      : Received: hdr: Header(svc_id=0, op=128, ctrl_index=255, data_len=0) bytearray(b'\x00\x80\xff\x00\x00')
2023-10-01 12:49:19,893 root DEBUG iutctl_common.py          97    read                      : Received data: {''}, bytearray(b'')
2023-10-01 12:49:19,894 root DEBUG btp.py                    678   event_handler             : event_handler Header(svc_id=0, op=128, ctrl_index=255, data_len=0) (b'',)
2023-10-01 12:49:19,909 root DEBUG core.py                   28    core_iut_ready_ev         : core_iut_ready_ev
2023-10-01 12:49:19,909 root DEBUG iutctl.py                 226   wait_iut_ready_event      : IUT ready event received OK
2023-10-01 12:49:19,909 root DEBUG rtt.py                    221   start                     : <class 'autopts.rtt.RTTLogger'>.start
2023-10-01 12:49:19,910 root DEBUG rtt.py                    86    start                     : <class 'autopts.rtt.RTT'>.start
2023-10-01 12:49:20,399 root DEBUG testcase.py               246   start                     : Starting test function: class=<class 'autopts.ptsprojects.testcase.TestFunc'>, func=<function core_reg_svc_gap at 0x0000011FA7F703A0> start_wid=None stop_wid=None post_wid=None skip_call=None call_count=1 args=() kwds={}
2023-10-01 12:49:20,399 root DEBUG testcase.py               258   start                     : Test function parameters: args=(), kwds={}
2023-10-01 12:49:20,399 root DEBUG btp.py                    414   core_reg_svc_gap          : core_reg_svc_gap
2023-10-01 12:49:20,400 root DEBUG iutctl_common.py          104   send                      : send, 0 3 255 '1'
2023-10-01 12:49:20,400 root DEBUG iutctl_common.py          109   send                      : sending frame '0003ff010001'
2023-10-01 12:49:20,400 root DEBUG btp.py                    586   core_reg_svc_rsp_succ     : core_reg_svc_rsp_succ
2023-10-01 12:49:20,401 root DEBUG iutctl_common.py          217   read                      : read
2023-10-01 12:49:20,663 root DEBUG iutctl_common.py          72    read                      : Read 5 bytes
2023-10-01 12:49:20,669 root DEBUG iutctl_common.py          81    read                      : Received: hdr: Header(svc_id=0, op=3, ctrl_index=255, data_len=0) bytearray(b'\x00\x03\xff\x00\x00')
2023-10-01 12:49:20,669 root DEBUG iutctl_common.py          97    read                      : Received data: {''}, bytearray(b'')
2023-10-01 12:49:20,669 root DEBUG btp.py                    597   core_reg_svc_rsp_succ     : received Header(svc_id=0, op=3, ctrl_index=255, data_len=0) (b'',)
2023-10-01 12:49:20,670 root DEBUG btp.py                    598   core_reg_svc_rsp_succ     : expected ((0, 3, 255, 0), (b'',))
2023-10-01 12:49:20,670 root DEBUG btp.py                    603   core_reg_svc_rsp_succ     : response is valid
2023-10-01 12:49:20,670 root DEBUG testcase.py               246   start                     : Starting test function: class=<class 'autopts.ptsprojects.testcase.TestFunc'>, func=<bound method Stack.gap_init of <autopts.ptsprojects.stack.Stack object at 0x0000011FA922DFF0>> start_wid=None stop_wid=None post_wid=None skip_call=None call_count=1 args=(b'Tester_790D90', 'ABCD', '1111', '1111', '11', '1111', b'\x17github.com/auto-pts') kwds={}
2023-10-01 12:49:20,670 root DEBUG testcase.py               258   start                     : Test function parameters: args=(b'Tester_790D90', 'ABCD', '1111', '1111', '11', '1111', b'\x17github.com/auto-pts'), kwds={}
2023-10-01 12:49:20,670 root DEBUG testcase.py               246   start                     : Starting test function: class=<class 'autopts.ptsprojects.testcase.TestFunc'>, func=<function gap_read_ctrl_info at 0x0000011FA7F73A30> start_wid=None stop_wid=None post_wid=None skip_call=None call_count=1 args=() kwds={}
2023-10-01 12:49:20,670 root DEBUG testcase.py               258   start                     : Test function parameters: args=(), kwds={}
2023-10-01 12:49:20,671 root DEBUG gap.py                    924   gap_read_ctrl_info        : gap_read_ctrl_info
2023-10-01 12:49:20,671 root DEBUG iutctl_common.py          104   send                      : send, 1 3 0 ''
2023-10-01 12:49:20,671 root DEBUG iutctl_common.py          109   send                      : sending frame '0103000000'
2023-10-01 12:49:20,671 root DEBUG iutctl_common.py          217   read                      : read
2023-10-01 12:49:20,744 root DEBUG iutctl_common.py          72    read                      : Read 5 bytes
2023-10-01 12:49:20,750 root DEBUG iutctl_common.py          81    read                      : Received: hdr: Header(svc_id=1, op=3, ctrl_index=0, data_len=277) bytearray(b'\x01\x03\x00\x15\x01')
2023-10-01 12:49:20,755 root DEBUG iutctl_common.py          89    read                      : Read 277 bytes data
2023-10-01 12:49:20,755 root DEBUG iutctl_common.py          97    read                      : Received data: {'c3 51 0b 1b b8 d7 13 8e 00 00 11 8a 00 00 00 00 00 62 74 70 5f 74 65 73 74 65 72 00 00 00 00 00 00 00 00 00 00 00 00 00 00 00 00 00 00 00 00 00 00 00 00 00 00 00 00 00 00 00 00 00 00 00 00 00 00 00 00 00 00 00 00 00 00 00 00 00 00 00 00 00 00 00 00 00 00 00 00 00 00 00 00 00 00 00 00 00 00 00 00 00 00 00 00 00 00 00 00 00 00 00 00 00 00 00 00 00 00 00 00 00 00 00 00 00 00 00 00 00 00 00 00 00 00 00 00 00 00 00 00 00 00 00 00 00 00 00 00 00 00 00 00 00 00 00 00 00 00 00 00 00 00 00 00 00 00 00 00 00 00 00 00 00 00 00 00 00 00 00 00 00 00 00 00 00 00 00 00 00 00 00 00 00 00 00 00 00 00 00 00 00 00 00 00 00 00 00 00 00 00 00 00 00 00 00 00 00 00 00 00 00 00 00 00 00 00 00 00 00 00 00 00 00 00 00 00 00 00 00 00 00 00 00 00 00 00 00 00 00 00 00 00 00 00 00 00 00 00 00 00 00 00 00 00 00 00 00 00 00 00 00 00 00 00 00 00 00 00'}, bytearray(b'\xc3Q\x0b\x1b\xb8\xd7\x13\x8e\x00\x00\x11\x8a\x00\x00\x00\x00\x00btp_tester\x00\x00\x00\x00\x00\x00\x00\x00\x00\x00\x00\x00\x00\x00\x00\x00\x00\x00\x00\x00\x00\x00\x00\x00\x00\x00\x00\x00\x00\x00\x00\x00\x00\x00\x00\x00\x00\x00\x00\x00\x00\x00\x00\x00\x00\x00\x00\x00\x00\x00\x00\x00\x00\x00\x00\x00\x00\x00\x00\x00\x00\x00\x00\x00\x00\x00\x00\x00\x00\x00\x00\x00\x00\x00\x00\x00\x00\x00\x00\x00\x00\x00\x00\x00\x00\x00\x00\x00\x00\x00\x00\x00\x00\x00\x00\x00\x00\x00\x00\x00\x00\x00\x00\x00\x00\x00\x00\x00\x00\x00\x00\x00\x00\x00\x00\x00\x00\x00\x00\x00\x00\x00\x00\x00\x00\x00\x00\x00\x00\x00\x00\x00\x00\x00\x00\x00\x00\x00\x00\x00\x00\x00\x00\x00\x00\x00\x00\x00\x00\x00\x00\x00\x00\x00\x00\x00\x00\x00\x00\x00\x00\x00\x00\x00\x00\x00\x00\x00\x00\x00\x00\x00\x00\x00\x00\x00\x00\x00\x00\x00\x00\x00\x00\x00\x00\x00\x00\x00\x00\x00\x00\x00\x00\x00\x00\x00\x00\x00\x00\x00\x00\x00\x00\x00\x00\x00\x00\x00\x00\x00\x00\x00\x00\x00\x00\x00\x00\x00\x00\x00\x00\x00\x00\x00\x00\x00\x00\x00\x00\x00\x00\x00\x00\x00\x00\x00\x00\x00\x00\x00\x00\x00\x00\x00\x00\x00\x00\x00\x00\x00')
2023-10-01 12:49:20,755 root DEBUG gap.py                    931   gap_read_ctrl_info        : received Header(svc_id=1, op=3, ctrl_index=0, data_len=277) (b'\xc3Q\x0b\x1b\xb8\xd7\x13\x8e\x00\x00\x11\x8a\x00\x00\x00\x00\x00btp_tester\x00\x00\x00\x00\x00\x00\x00\x00\x00\x00\x00\x00\x00\x00\x00\x00\x00\x00\x00\x00\x00\x00\x00\x00\x00\x00\x00\x00\x00\x00\x00\x00\x00\x00\x00\x00\x00\x00\x00\x00\x00\x00\x00\x00\x00\x00\x00\x00\x00\x00\x00\x00\x00\x00\x00\x00\x00\x00\x00\x00\x00\x00\x00\x00\x00\x00\x00\x00\x00\x00\x00\x00\x00\x00\x00\x00\x00\x00\x00\x00\x00\x00\x00\x00\x00\x00\x00\x00\x00\x00\x00\x00\x00\x00\x00\x00\x00\x00\x00\x00\x00\x00\x00\x00\x00\x00\x00\x00\x00\x00\x00\x00\x00\x00\x00\x00\x00\x00\x00\x00\x00\x00\x00\x00\x00\x00\x00\x00\x00\x00\x00\x00\x00\x00\x00\x00\x00\x00\x00\x00\x00\x00\x00\x00\x00\x00\x00\x00\x00\x00\x00\x00\x00\x00\x00\x00\x00\x00\x00\x00\x00\x00\x00\x00\x00\x00\x00\x00\x00\x00\x00\x00\x00\x00\x00\x00\x00\x00\x00\x00\x00\x00\x00\x00\x00\x00\x00\x00\x00\x00\x00\x00\x00\x00\x00\x00\x00\x00\x00\x00\x00\x00\x00\x00\x00\x00\x00\x00\x00\x00\x00\x00\x00\x00\x00\x00\x00\x00\x00\x00\x00\x00\x00\x00\x00\x00\x00\x00\x00\x00\x00\x00\x00\x00\x00\x00\x00\x00\x00\x00\x00\x00\x00\x00\x00\x00\x00\x00\x00\x00',)
2023-10-01 12:49:20,756 root DEBUG gap.py                    952   gap_read_ctrl_info        : IUT address 'd7b81b0b51c3' 'random'
2023-10-01 12:49:20,756 root DEBUG gap.py                    395   __gap_current_settings_update : __gap_current_settings_update 35345
2023-10-01 12:49:20,756 root DEBUG testcase.py               246   start                     : Starting test function: class=<class 'autopts.ptsprojects.testcase.TestFunc'>, func=<function test_cases.<locals>.<lambda> at 0x0000011FA924ECB0> start_wid=None stop_wid=None post_wid=None skip_call=None call_count=1 args=() kwds={}
2023-10-01 12:49:20,756 root DEBUG testcase.py               258   start                     : Test function parameters: args=(), kwds={}
2023-10-01 12:49:20,759 root DEBUG testcase.py               246   start                     : Starting test function: class=<class 'autopts.ptsprojects.testcase.TestFunc'>, func=<function test_cases.<locals>.<lambda> at 0x0000011FA924ED40> start_wid=None stop_wid=None post_wid=None skip_call=None call_count=1 args=() kwds={}
2023-10-01 12:49:20,759 root DEBUG testcase.py               258   start                     : Test function parameters: args=(), kwds={}
2023-10-01 12:49:20,761 root DEBUG testcase.py               246   start                     : Starting test function: class=<class 'autopts.ptsprojects.testcase.TestFunc'>, func=<function test_cases.<locals>.<lambda> at 0x0000011FA924EF80> start_wid=None stop_wid=None post_wid=None skip_call=None call_count=1 args=() kwds={}
2023-10-01 12:49:20,761 root DEBUG testcase.py               258   start                     : Test function parameters: args=(), kwds={}
2023-10-01 12:49:20,763 root DEBUG testcase.py               246   start                     : Starting test function: class=<class 'autopts.ptsprojects.testcase.TestFunc'>, func=<function test_cases.<locals>.<lambda> at 0x0000011FA924F010> start_wid=None stop_wid=None post_wid=None skip_call=None call_count=1 args=() kwds={}
2023-10-01 12:49:20,763 root DEBUG testcase.py               258   start                     : Test function parameters: args=(), kwds={}
2023-10-01 12:49:20,765 root DEBUG testcase.py               246   start                     : Starting test function: class=<class 'autopts.ptsprojects.testcase.TestFunc'>, func=<function test_cases.<locals>.<lambda> at 0x0000011FA924F0A0> start_wid=None stop_wid=None post_wid=None skip_call=None call_count=1 args=() kwds={}
2023-10-01 12:49:20,765 root DEBUG testcase.py               258   start                     : Test function parameters: args=(), kwds={}
2023-10-01 12:49:20,767 root DEBUG testcase.py               246   start                     : Starting test function: class=<class 'autopts.ptsprojects.testcase.TestFunc'>, func=<function test_cases.<locals>.<lambda> at 0x0000011FA924F130> start_wid=None stop_wid=None post_wid=None skip_call=None call_count=1 args=() kwds={}
2023-10-01 12:49:20,767 root DEBUG testcase.py               258   start                     : Test function parameters: args=(), kwds={}
2023-10-01 12:49:20,769 root DEBUG testcase.py               246   start                     : Starting test function: class=<class 'autopts.ptsprojects.testcase.TestFunc'>, func=<function test_cases.<locals>.<lambda> at 0x0000011FA924F760> start_wid=None stop_wid=None post_wid=None skip_call=None call_count=1 args=() kwds={}
2023-10-01 12:49:20,769 root DEBUG testcase.py               258   start                     : Test function parameters: args=(), kwds={}
2023-10-01 12:49:20,771 root DEBUG testcase.py               246   start                     : Starting test function: class=<class 'autopts.ptsprojects.testcase.TestFunc'>, func=<function test_cases.<locals>.<lambda> at 0x0000011FA924F490> start_wid=None stop_wid=None post_wid=None skip_call=None call_count=1 args=() kwds={}
2023-10-01 12:49:20,771 root DEBUG testcase.py               258   start                     : Test function parameters: args=(), kwds={}
2023-10-01 12:49:20,773 root DEBUG testcase.py               246   start                     : Starting test function: class=<class 'autopts.ptsprojects.testcase.TestFunc'>, func=<function test_cases.<locals>.<lambda> at 0x0000011FA94681F0> start_wid=None stop_wid=None post_wid=None skip_call=None call_count=1 args=() kwds={}
2023-10-01 12:49:20,773 root DEBUG testcase.py               258   start                     : Test function parameters: args=(), kwds={}
2023-10-01 12:49:20,775 root DEBUG testcase.py               246   start                     : Starting test function: class=<class 'autopts.ptsprojects.testcase.TestFunc'>, func=<function test_cases.<locals>.<lambda> at 0x0000011FA9468160> start_wid=None stop_wid=None post_wid=None skip_call=None call_count=1 args=() kwds={}
2023-10-01 12:49:20,775 root DEBUG testcase.py               258   start                     : Test function parameters: args=(), kwds={}
2023-10-01 12:49:20,777 root DEBUG testcase.py               246   start                     : Starting test function: class=<class 'autopts.ptsprojects.testcase.TestFunc'>, func=<function test_cases.<locals>.<lambda> at 0x0000011FA9468280> start_wid=None stop_wid=None post_wid=None skip_call=None call_count=1 args=() kwds={}
2023-10-01 12:49:20,777 root DEBUG testcase.py               258   start                     : Test function parameters: args=(), kwds={}
2023-10-01 12:49:20,779 root DEBUG testcase.py               246   start                     : Starting test function: class=<class 'autopts.ptsprojects.testcase.TestFunc'>, func=<function test_cases.<locals>.<lambda> at 0x0000011FA9468310> start_wid=None stop_wid=None post_wid=None skip_call=None call_count=1 args=() kwds={}
2023-10-01 12:49:20,779 root DEBUG testcase.py               258   start                     : Test function parameters: args=(), kwds={}
2023-10-01 12:49:20,781 root DEBUG testcase.py               246   start                     : Starting test function: class=<class 'autopts.ptsprojects.testcase.TestFunc'>, func=<function core_reg_svc_gatt at 0x0000011FA7F704C0> start_wid=None stop_wid=None post_wid=None skip_call=None call_count=1 args=() kwds={}
2023-10-01 12:49:20,781 root DEBUG testcase.py               258   start                     : Test function parameters: args=(), kwds={}
2023-10-01 12:49:20,781 root DEBUG btp.py                    432   core_reg_svc_gatt         : core_reg_svc_gatt
2023-10-01 12:49:20,782 root DEBUG iutctl_common.py          104   send                      : send, 0 3 255 '2'
2023-10-01 12:49:20,782 root DEBUG iutctl_common.py          109   send                      : sending frame '0003ff010002'
2023-10-01 12:49:20,782 root DEBUG btp.py                    586   core_reg_svc_rsp_succ     : core_reg_svc_rsp_succ
2023-10-01 12:49:20,782 root DEBUG iutctl_common.py          217   read                      : read
2023-10-01 12:49:20,838 root DEBUG iutctl_common.py          72    read                      : Read 5 bytes
2023-10-01 12:49:20,860 root DEBUG iutctl_common.py          81    read                      : Received: hdr: Header(svc_id=0, op=3, ctrl_index=255, data_len=0) bytearray(b'\x00\x03\xff\x00\x00')
2023-10-01 12:49:20,871 root DEBUG iutctl_common.py          97    read                      : Received data: {''}, bytearray(b'')
2023-10-01 12:49:20,877 root DEBUG btp.py                    597   core_reg_svc_rsp_succ     : received Header(svc_id=0, op=3, ctrl_index=255, data_len=0) (b'',)
2023-10-01 12:49:20,877 root DEBUG btp.py                    598   core_reg_svc_rsp_succ     : expected ((0, 3, 255, 0), (b'',))
2023-10-01 12:49:20,877 root DEBUG btp.py                    603   core_reg_svc_rsp_succ     : response is valid
2023-10-01 12:49:20,877 root DEBUG testcase.py               246   start                     : Starting test function: class=<class 'autopts.ptsprojects.testcase.TestFunc'>, func=<bound method Stack.gatt_init of <autopts.ptsprojects.stack.Stack object at 0x0000011FA922DFF0>> start_wid=None stop_wid=None post_wid=None skip_call=None call_count=1 args=() kwds={}
2023-10-01 12:49:20,878 root DEBUG testcase.py               258   start                     : Test function parameters: args=(), kwds={}
2023-10-01 12:49:20,878 root DEBUG testcase.py               246   start                     : Starting test function: class=<class 'autopts.ptsprojects.testcase.TestFunc'>, func=<function gap_set_io_cap at 0x0000011FA7F730A0> start_wid=None stop_wid=None post_wid=None skip_call=None call_count=1 args=(4,) kwds={}
2023-10-01 12:49:20,878 root DEBUG testcase.py               258   start                     : Test function parameters: args=(4,), kwds={}
2023-10-01 12:49:20,878 root DEBUG gap.py                    646   gap_set_io_cap            : gap_set_io_cap 4
2023-10-01 12:49:20,878 root DEBUG iutctl_common.py          104   send                      : send, 1 16 0 '\x04'
2023-10-01 12:49:20,878 root DEBUG iutctl_common.py          109   send                      : sending frame '011000010004'
2023-10-01 12:49:20,879 root DEBUG gap.py                    959   gap_command_rsp_succ      : gap_command_rsp_succ
2023-10-01 12:49:20,879 root DEBUG iutctl_common.py          217   read                      : read
2023-10-01 12:49:20,930 root DEBUG iutctl_common.py          72    read                      : Read 5 bytes
2023-10-01 12:49:20,930 root DEBUG iutctl_common.py          81    read                      : Received: hdr: Header(svc_id=1, op=16, ctrl_index=0, data_len=0) bytearray(b'\x01\x10\x00\x00\x00')
2023-10-01 12:49:20,930 root DEBUG iutctl_common.py          97    read                      : Received data: {''}, bytearray(b'')
2023-10-01 12:49:20,930 root DEBUG gap.py                    964   gap_command_rsp_succ      : received Header(svc_id=1, op=16, ctrl_index=0, data_len=0) (b'',)
2023-10-01 12:49:20,931 root DEBUG testcase.py               246   start                     : Starting test function: class=<class 'autopts.ptsprojects.testcase.TestFunc'>, func=<function set_pts_addr at 0x0000011FA7F70160> start_wid=None stop_wid=None post_wid=None skip_call=None call_count=1 args=('C0:07:E8:79:0D:90', 0) kwds={}
2023-10-01 12:49:20,931 root DEBUG testcase.py               258   start                     : Test function parameters: args=('C0:07:E8:79:0D:90', 0), kwds={}
2023-10-01 12:49:20,931 root DEBUG testcase.py               246   start                     : Starting test function: class=<class 'autopts.ptsprojects.testcase.TestFunc'>, func=<function gatts_add_svc at 0x0000011FA7F812D0> start_wid=None stop_wid=None post_wid=None skip_call=None call_count=1 args=(0, 'AA51') kwds={}
2023-10-01 12:49:20,931 root DEBUG testcase.py               258   start                     : Test function parameters: args=(0, 'AA51'), kwds={}
2023-10-01 12:49:20,931 root DEBUG gatt.py                   124   gatts_add_svc             : gatts_add_svc 0 'AA51'
2023-10-01 12:49:20,931 root DEBUG iutctl_common.py          104   send                      : send, 2 2 0 "bytearray(b'\\x00\\x02\\xaaQ')"
2023-10-01 12:49:20,931 root DEBUG iutctl_common.py          109   send                      : sending frame '02020004000002aa51'
2023-10-01 12:49:20,932 root DEBUG gatt.py                   1141  gatt_command_rsp_succ     : gatt_command_rsp_succ
2023-10-01 12:49:20,932 root DEBUG iutctl_common.py          217   read                      : read
2023-10-01 12:49:20,976 root DEBUG iutctl_common.py          72    read                      : Read 5 bytes
2023-10-01 12:49:20,981 root DEBUG iutctl_common.py          81    read                      : Received: hdr: Header(svc_id=2, op=0, ctrl_index=0, data_len=1) bytearray(b'\x02\x00\x00\x01\x00')
2023-10-01 12:49:20,996 root DEBUG iutctl_common.py          89    read                      : Read 1 bytes data
2023-10-01 12:49:21,008 root DEBUG iutctl_common.py          97    read                      : Received data: {'02'}, bytearray(b'\x02')
2023-10-01 12:49:21,013 root DEBUG gatt.py                   1146  gatt_command_rsp_succ     : received Header(svc_id=2, op=0, ctrl_index=0, data_len=1) (b'\x02',)
2023-10-01 12:49:21,013 root ERROR client.py                 896   run_test_case_thread_entry : Error opcode in response!
Traceback (most recent call last):
  File "C:\work\autopts\auto-pts\autopts\client.py", line 878, in run_test_case_thread_entry
    test_case.pre_run()
  File "C:\work\autopts\auto-pts\autopts\ptsprojects\testcase.py", line 751, in pre_run
    cmd.start()
  File "C:\work\autopts\auto-pts\autopts\ptsprojects\testcase.py", line 260, in start
    self.func(*args, **self.kwds)
  File "C:\work\autopts\auto-pts\autopts\pybtp\btp\gatt.py", line 137, in gatts_add_svc
    gatt_command_rsp_succ()
  File "C:\work\autopts\auto-pts\autopts\pybtp\btp\gatt.py", line 1148, in gatt_command_rsp_succ
    btp_hdr_check(tuple_hdr, defs.BTP_SERVICE_ID_GATT)
  File "C:\work\autopts\auto-pts\autopts\pybtp\btp\btp.py", line 354, in btp_hdr_check
    raise BTPError("Error opcode in response!")
autopts.pybtp.types.BTPError: Error opcode in response!
2023-10-01 12:49:21,016 root DEBUG client.py                 820   get_error_code            : get_error_code returning error code 'BTP ERROR' for exception BTPError('Error opcode in response!')
2023-10-01 12:49:22,018 root DEBUG testcase.py               758   post_run                  : post_run GAP GAP/ADV/BV-01-C BTP ERROR
2023-10-01 12:49:22,018 root DEBUG testcase.py               246   start                     : Starting test function: class=<class 'autopts.ptsprojects.testcase.TestFuncCleanUp'>, func=<bound method Stack.cleanup of <autopts.ptsprojects.stack.Stack object at 0x0000011FA922DFF0>> start_wid=None stop_wid=None post_wid=None skip_call=None call_count=1 args=() kwds={}
2023-10-01 12:49:22,018 root DEBUG testcase.py               258   start                     : Test function parameters: args=(), kwds={}
2023-10-01 12:49:22,018 root DEBUG client.py                 289   clear_pending_responses   : CallbackThread.clear_pending_responses
2023-10-01 12:49:22,019 root DEBUG testcase.py               246   start                     : Starting test function: class=<class 'autopts.ptsprojects.testcase.TestFuncCleanUp'>, func=<bound method ZephyrCtl.stop of <autopts.ptsprojects.zephyr.iutctl.ZephyrCtl object at 0x0000011FA7D72B90>> start_wid=None stop_wid=None post_wid=None skip_call=None call_count=1 args=() kwds={}
2023-10-01 12:49:22,019 root DEBUG testcase.py               258   start                     : Test function parameters: args=(), kwds={}
2023-10-01 12:49:22,019 root DEBUG iutctl.py                 247   stop                      : <class 'autopts.ptsprojects.zephyr.iutctl.ZephyrCtl'>.stop
2023-10-01 12:49:22,019 root DEBUG rtt.py                    226   stop                      : <class 'autopts.rtt.RTTLogger'>.stop
2023-10-01 12:49:22,019 root DEBUG rtt.py                    101   stop                      : <class 'autopts.rtt.RTT'>.stop
2023-10-01 12:49:22,048 root DEBUG __init__.py               48    reset                     : About to reset DUT: 'nrfjprog -r -s 1050060770'
2023-10-01 12:49:22,892 root DEBUG iutctl_common.py          72    read                      : Read 5 bytes
2023-10-01 12:49:22,892 root DEBUG iutctl_common.py          81    read                      : Received: hdr: Header(svc_id=0, op=128, ctrl_index=255, data_len=0) bytearray(b'\x00\x80\xff\x00\x00')
2023-10-01 12:49:22,892 root DEBUG iutctl_common.py          97    read                      : Received data: {''}, bytearray(b'')
2023-10-01 12:49:22,924 root DEBUG btp.py                    678   event_handler             : event_handler Header(svc_id=0, op=128, ctrl_index=255, data_len=0) (b'',)
2023-10-01 12:49:22,924 root DEBUG core.py                   28    core_iut_ready_ev         : core_iut_ready_ev
2023-10-01 12:49:22,924 root DEBUG iutctl.py                 263   stop                      : IUT ready event received OK
2023-10-01 12:49:26,945 root DEBUG testcase.py               783   post_run                  : post_run, cleanup running pre test case script
2023-10-01 12:49:26,948 root DEBUG testcase.py               793   post_run                  : post_run, run post test case script
2023-10-01 12:49:27,779 root DEBUG client.py                 915   run_test_case_thread_entry : Done TestCase wrapper GAP GAP/ADV/BV-01-C
