Applying system reset.
Run.
< 2021/07/16 15:43:03.020564  length=5 from=0 to=4
 00 80 ff 00 00                                   .....
--
> 2021/07/16 15:43:03.068329  length=6 from=0 to=5
 00 03 ff 01 00 01                                ......
--
< 2021/07/16 15:43:03.083353  length=5 from=5 to=9
 00 03 ff 00 00                                   .....
--
> 2021/07/16 15:43:03.129575  length=5 from=6 to=10
 01 03 00 00 00                                   .....
--
< 2021/07/16 15:43:03.351102  length=70 from=10 to=79
 01 03 00 15 01 40 68 35 7e 27 6f 13 06 00 00 13  .....@h5~'o.....
 22 00 00 00 00 00 62 74 70 5f 74 65 73 74 65 72  ".....btp_tester
 00 00 00 00 00 00 00 00 00 00 00 00 00 00 00 00  ................
 00 00 00 00 00 00 00 00 00 00 00 00 00 00 00 00  ................
 00 00 00 00 00 00                                ......
--
< 2021/07/16 15:43:03.352472  length=23 from=80 to=102
 00 00 00 00 00 00 00 00 00 00 00 00 00 00 00 00  ................
 00 00 00 00 00 00 00                             .......
--
< 2021/07/16 15:43:03.366181  length=162 from=103 to=264
 00 00 00 00 00 00 00 00 00 00 00 00 00 00 00 00  ................
 00 00 00 00 00 00 00 00 00 00 00 00 00 00 00 00  ................
 00 00 00 00 00 00 00 00 00 00 00 00 00 00 00 00  ................
 00 00 00 00 00 00 00 00 00 00 00 00 00 00 00 00  ................
 00 00 00 00 00 00 00 00 00 00 00 00 00 00 00 00  ................
 00 00 00 00 00 00 00 00 00 00 00 00 00 00 00 00  ................
 00 00 00 00 00 00 00 00 00 00 00 00 00 00 00 00  ................
 00 00 00 00 00 00 00 00 00 00 00 00 00 00 00 00  ................
 00 00 00 00 00 00 00 00 00 00 00 00 00 00 00 00  ................
 00 00 00 00 00 00 00 00 00 00 00 00 00 00 00 00  ................
 00 00                                            ..
--
< 2021/07/16 15:43:03.367781  length=12 from=265 to=276
 00 00 00 00 00 00 00 00 00 00 00 00              ............
--
< 2021/07/16 15:43:03.382040  length=15 from=277 to=291
 00 00 00 00 00 00 00 00 00 00 00 00 00 00 00     ...............
--
> 2021/07/16 15:43:03.474939  length=6 from=11 to=16
 00 03 ff 01 00 02                                ......
--
< 2021/07/16 15:43:03.489914  length=5 from=292 to=296
 00 03 ff 00 00                                   .....
--
> 2021/07/16 15:43:03.551265  length=9 from=17 to=25
 02 02 00 04 00 00 02 0a                          ........
 18                                               .
--
< 2021/07/16 15:43:03.566326  length=7 from=297 to=303
 02 02 00 02 00 00 00                             .......
--
> 2021/07/16 15:43:03.676271  length=12 from=26 to=37
 02 03 00 07 00 00 00 02 01 02 29 2a              ..........)*
--
< 2021/07/16 15:43:03.692312  length=7 from=304 to=310
 02 03 00 02 00 00 00                             .......
--
> 2021/07/16 15:43:03.784944  length=12 from=38 to=49
 02 03 00 07 00 00 00 02 01 02 24 2a              ..........$*
--
< 2021/07/16 15:43:03.801010  length=7 from=311 to=317
 02 03 00 02 00 00 00                             .......
--
> 2021/07/16 15:43:03.943527  length=12 from=50 to=61
 02 03 00 07 00 00 00 02 01 02 25 2a              ..........%*
--
< 2021/07/16 15:43:03.959530  length=7 from=318 to=324
 02 03 00 02 00 00 00                             .......
--
> 2021/07/16 15:43:04.038283  length=12 from=62 to=73
 02 03 00 07 00 00 00 02 01 02 27 2a              ..........'*
--
< 2021/07/16 15:43:04.054285  length=7 from=325 to=331
 02 03 00 02 00 00 00                             .......
--
> 2021/07/16 15:43:04.163129  length=12 from=74 to=85
 02 03 00 07 00 00 00 02 01 02 26 2a              ..........&*
--
< 2021/07/16 15:43:04.179073  length=7 from=332 to=338
 02 03 00 02 00 00 00                             .......
--
> 2021/07/16 15:43:04.273085  length=12 from=86 to=97
 02 03 00 07 00 00 00 02 01 02 28 2a              ..........(*
--
< 2021/07/16 15:43:04.289189  length=7 from=339 to=345
 02 03 00 02 00 00 00                             .......
--
> 2021/07/16 15:43:04.352318  length=12 from=98 to=109
 02 03 00 07 00 00 00 02 01 02 50 2a              ..........P*
--
< 2021/07/16 15:43:04.367394  length=7 from=346 to=352
 02 03 00 02 00 00 00                             .......
--
> 2021/07/16 15:43:04.507009  length=16 from=110 to=125
 02 06 00 0b 00 00 00 07 00 01 00 e5 fe 11 00 11  ................
--
< 2021/07/16 15:43:04.523059  length=5 from=353 to=357
 02 06 00 00 00                                   .....
--
> 2021/07/16 15:43:04.617719  length=5 from=126 to=130
 02 07 00 00 00                                   .....
--
< 2021/07/16 15:43:04.633805  length=8 from=358 to=365
 02 07 00 03 00 00 00 00                          ........
--
> 2021/07/16 15:43:07.095395  length=12 from=131 to=142
 01 0a                                            ..
 00 07 00 00 00 ff ff ff ff 00                    ..........
--
< 2021/07/16 15:43:07.111463  length=9 from=366 to=374
 01 0a                                            ..
 00 04 00 13 26 00 00                             ....&..
--
< 2021/07/16 15:43:07.437045  length=18 from=375 to=392
 01 82 00 0d 00 00 76 e6 08 dc 1b 00 3c 00 00 00  ......v.....<...
 d0 07                                            ..
--
< 2021/07/16 15:43:12.371689  length=12 from=393 to=404
 01 83 00 07 00 00 76 e6 08 dc 1b 00              ......v.....
--
