Applying system reset.
Run.
< 2021/07/16 16:05:17.650902  length=5 from=0 to=4
 00 80 ff 00 00                                   .....
--
> 2021/07/16 16:05:17.932246  length=6 from=0 to=5
 00 03 ff 01 00 01                                ......
--
< 2021/07/16 16:05:17.948314  length=5 from=5 to=9
 00 03 ff 00 00                                   .....
--
> 2021/07/16 16:05:18.089276  length=5 from=6 to=10
 01 03 00 00 00                                   .....
--
< 2021/07/16 16:05:18.212971  length=53 from=10 to=62
 01 03 00 15 01 2e 00 a9 65 76 57 13 06 00 00 13  ........evW.....
 22 00 00 00 00 00 62 74 70 5f 74 65 73 74 65 72  ".....btp_tester
 00 00 00 00 00 00 00 00 00 00 00 00 00 00 00 00  ................
 00 00 00 00 00                                   .....
--
< 2021/07/16 16:05:18.214195  length=24 from=63 to=86
 00 00 00 00 00 00 00 00 00 00 00 00 00 00 00 00  ................
 00 00 00 00 00 00 00 00                          ........
--
< 2021/07/16 16:05:18.227994  length=151 from=87 to=237
 00 00 00 00 00 00 00 00 00 00 00 00 00 00 00 00  ................
 00 00 00 00 00 00 00 00 00 00 00 00 00 00 00 00  ................
 00 00 00 00 00 00 00 00 00 00 00 00 00 00 00 00  ................
 00 00 00 00 00 00 00 00 00 00 00 00 00 00 00 00  ................
 00 00 00 00 00 00 00 00 00 00 00 00 00 00 00 00  ................
 00 00 00 00 00 00 00 00 00 00 00 00 00 00 00 00  ................
 00 00 00 00 00 00 00 00 00 00 00 00 00 00 00 00  ................
 00 00 00 00 00 00 00 00 00 00 00 00 00 00 00 00  ................
 00 00 00 00 00 00 00 00 00 00 00 00 00 00 00 00  ................
 00 00 00 00 00 00 00                             .......
--
< 2021/07/16 16:05:18.229315  length=24 from=238 to=261
 00 00 00 00 00 00 00 00 00 00 00 00 00 00 00 00  ................
 00 00 00 00 00 00 00 00                          ........
--
< 2021/07/16 16:05:18.243854  length=30 from=262 to=291
 00 00 00 00 00 00 00 00 00 00 00 00 00 00 00 00  ................
 00 00 00 00 00 00 00 00 00 00 00 00 00 00        ..............
--
> 2021/07/16 16:05:21.524176  length=13 from=11 to=23
 01 0e 00 08 00 00 76 e6 08 dc 1b 00 00           ......v......
--
< 2021/07/16 16:05:21.540100  length=23 from=292 to=314
 01 0e 00 00 00 01 82 00 0d 00 00 76 e6 08 dc 1b  ...........v....
 00 28 00 00 00 90 01                             .(.....
--
> 2021/07/16 16:05:21.603422  length=12 from=24 to=35
 01 0f 00 07 00 00 76 e6 08 dc 1b 00              ......v.....
--
< 2021/07/16 16:05:21.618466  length=5 from=315 to=319
 01 0f 00 00 00                                   .....
--
< 2021/07/16 16:05:21.633325  length=12 from=320 to=331
 01 83 00 07 00 00 76 e6 08 dc 1b 00              ......v.....
--
