Applying system reset.
Run.
< 2021/10/22 22:08:10.481886  length=5 from=0 to=4
 00 80 ff 00 00                                   .....
--
> 2021/10/22 22:08:10.736118  length=6 from=0 to=5
 00 03 ff 01 00 01                                ......
--
< 2021/10/22 22:08:10.752124  length=5 from=5 to=9
 00 03 ff 00 00                                   .....
--
> 2021/10/22 22:08:10.831242  length=5 from=6 to=10
 01 03 00 00 00                                   .....
--
< 2021/10/22 22:08:11.006934  length=25 from=10 to=34
 01 03 00 15 01 36 a7 20 ad 80 fc 13 06 00 00 13  .....6. ........
 82 00 00 00 00 00 62 74 70                       ......btp
--
< 2021/10/22 22:08:11.007920  length=11 from=35 to=45
 5f 74 65 73 74 65 72 00 00 00 00                 _tester....
--
< 2021/10/22 22:08:11.022955  length=174 from=46 to=219
 00 00 00 00 00 00 00 00 00 00 00 00 00 00 00 00  ................
 00 00 00 00 00 00 00 00 00 00 00 00 00 00 00 00  ................
 00 00 00 00 00 00 00 00 00 00 00 00 00 00 00 00  ................
 00 00 00 00 00 00 00 00 00 00 00 00 00 00 00 00  ................
 00 00 00 00 00 00 00 00 00 00 00 00 00 00 00 00  ................
 00 00 00 00 00 00 00 00 00 00 00 00 00 00 00 00  ................
 00 00 00 00 00 00 00 00 00 00 00 00 00 00 00 00  ................
 00 00 00 00 00 00 00 00 00 00 00 00 00 00 00 00  ................
 00 00 00 00 00 00 00 00 00 00 00 00 00 00 00 00  ................
 00 00 00 00 00 00 00 00 00 00 00 00 00 00 00 00  ................
 00 00 00 00 00 00 00 00 00 00 00 00 00 00        ..............
--
< 2021/10/22 22:08:11.024552  length=12 from=220 to=231
 00 00 00 00 00 00 00 00 00 00 00 00              ............
--
< 2021/10/22 22:08:11.024890  length=12 from=232 to=243
 00 00 00 00 00 00 00 00 00 00 00 00              ............
--
< 2021/10/22 22:08:11.038940  length=48 from=244 to=291
 00 00 00 00 00 00 00 00 00 00 00 00 00 00 00 00  ................
 00 00 00 00 00 00 00 00 00 00 00 00 00 00 00 00  ................
 00 00 00 00 00 00 00 00 00 00 00 00 00 00 00 00  ................
--
> 2021/10/22 22:08:11.118501  length=6 from=11 to=16
 01 10 00 01 00 00                                ......
--
< 2021/10/22 22:08:11.134568  length=5 from=292 to=296
 01 10 00 00 00                                   .....
--
> 2021/10/22 22:08:15.390018  length=13 from=17 to=29
 01 0e 00 08 00 00 b9 15 60 92 01 cc 00           ........`....
--
< 2021/10/22 22:08:15.406014  length=5 from=297 to=301
 01 0e 00 00 00                                   .....
--
< 2021/10/22 22:08:15.677502  length=10 from=302 to=311
 01 82 00 0d 00 00 b9 15 60 92                    ........`.
--
< 2021/10/22 22:08:15.693456  length=8 from=312 to=319
 01 cc 28 00 00 00 90 01                          ..(.....
--
> 2021/10/22 22:08:15.803579  length=12 from=30 to=41
 01 11 00 07 00 00 b9 15 60 92 01 cc              ........`...
--
< 2021/10/22 22:08:15.819684  length=5 from=320 to=324
 01 11 00 00 00                                   .....
--
> 2021/10/22 22:08:15.930792  length=12 from=42 to=53
 01 0f 00 07 00 00 b9 15 60 92 01 cc              ........`...
--
< 2021/10/22 22:08:15.946883  length=5 from=325 to=329
 01 0f 00 00 00                                   .....
--
< 2021/10/22 22:08:15.978773  length=2 from=330 to=331
 01 83                                            ..
--
< 2021/10/22 22:08:15.979001  length=10 from=332 to=341
 00 07 00 00 b9 15 60 92 01 cc                    ......`...
--
> 2021/10/22 22:08:16.089485  length=13 from=54 to=66
 01 0e 00 08 00 00 b9 15 60 92 01 cc 00           ........`....
--
< 2021/10/22 22:08:16.105537  length=5 from=342 to=346
 01 0e 00 00 00                                   .....
--
< 2021/10/22 22:08:16.312417  length=18 from=347 to=364
 01 82 00 0d 00 00 b9 15 60 92 01 cc 28 00 00 00  ........`...(...
 90 01                                            ..
--
> 2021/10/22 22:08:16.471402  length=12 from=67 to=78
 01 11 00 07 00 00 b9 15 60 92 01 cc              ........`...
--
< 2021/10/22 22:08:16.487439  length=5 from=365 to=369
 01 11 00 00 00                                   .....
--
> 2021/10/22 22:08:16.582709  length=12 from=79 to=90
 01 0f 00 07 00 00 b9 15 60 92 01 cc              ........`...
--
< 2021/10/22 22:08:16.598793  length=5 from=370 to=374
 01 0f 00 00 00                                   .....
--
< 2021/10/22 22:08:16.613868  length=12 from=375 to=386
 01 83 00 07 00 00 b9 15 60 92 01 cc              ........`...
--
> 2021/10/22 22:08:16.691610  length=13 from=91 to=103
 01 0e 00 08 00 00 b9 15 60 92 01 cc 00           ........`....
--
< 2021/10/22 22:08:16.707672  length=5 from=387 to=391
 01 0e 00 00 00                                   .....
--
< 2021/10/22 22:08:16.945039  length=18 from=392 to=409
 01 82 00 0d 00 00 b9 15 60 92 01 cc 28 00 00 00  ........`...(...
 90 01                                            ..
--
> 2021/10/22 22:08:17.088201  length=12 from=104 to=115
 01 11 00 07 00 00 b9 15 60 92 01 cc              ........`...
--
< 2021/10/22 22:08:17.104225  length=5 from=410 to=414
 01 11 00 00 00                                   .....
--
> 2021/10/22 22:08:17.167599  length=12 from=116 to=127
 01 0f 00 07 00 00 b9 15 60 92 01 cc              ........`...
--
< 2021/10/22 22:08:17.183671  length=5 from=415 to=419
 01 0f 00 00 00                                   .....
--
< 2021/10/22 22:08:17.199632  length=12 from=420 to=431
 01 83 00 07 00 00 b9 15 60 92 01 cc              ........`...
--
> 2021/10/22 22:08:17.324712  length=13 from=128 to=140
 01 0e 00 08 00 00 b9 15 60 92 01 cc 00           ........`....
--
< 2021/10/22 22:08:17.340772  length=5 from=432 to=436
 01 0e 00 00 00                                   .....
--
< 2021/10/22 22:08:17.530882  length=18 from=437 to=454
 01 82 00 0d 00 00 b9 15 60 92 01 cc 28 00 00 00  ........`...(...
 90 01                                            ..
--
> 2021/10/22 22:08:17.686877  length=12 from=141 to=152
 01 11 00 07 00 00 b9 15 60 92 01 cc              ........`...
--
< 2021/10/22 22:08:17.702956  length=5 from=455 to=459
 01 11 00 00 00                                   .....
--
> 2021/10/22 22:08:17.782459  length=12 from=153 to=164
 01 0f 00 07 00 00 b9 15 60 92 01 cc              ........`...
--
< 2021/10/22 22:08:17.798511  length=5 from=460 to=464
 01 0f 00 00 00                                   .....
--
< 2021/10/22 22:08:17.830511  length=12 from=465 to=476
 01 83 00 07 00 00 b9 15 60 92 01 cc              ........`...
--
