Applying system reset.
Run.
< 2021/07/16 15:45:30.960528  length=5 from=0 to=4
 00 80 ff 00 00                                   .....
--
> 2021/07/16 15:45:31.053286  length=6 from=0 to=5
 00 03 ff 01 00 01                                ......
--
< 2021/07/16 15:45:31.068303  length=5 from=5 to=9
 00 03 ff 00 00                                   .....
--
> 2021/07/16 15:45:31.163043  length=5 from=6 to=10
 01 03 00 00 00                                   .....
--
< 2021/07/16 15:45:31.333696  length=52 from=10 to=61
 01 03 00 15 01 82 66 e9 e2 1e 7c 13 06 00 00 13  ......f...|.....
 22 00 00 00 00 00 62 74 70 5f 74 65 73 74 65 72  ".....btp_tester
 00 00 00 00 00 00 00 00 00 00 00 00 00 00 00 00  ................
 00 00 00 00                                      ....
--
< 2021/07/16 15:45:31.334891  length=23 from=62 to=84
 00 00 00 00 00 00 00 00 00 00 00 00 00 00 00 00  ................
 00 00 00 00 00 00 00                             .......
--
< 2021/07/16 15:45:31.335244  length=2 from=85 to=86
 00 00                                            ..
--
< 2021/07/16 15:45:31.348786  length=150 from=87 to=236
 00 00 00 00 00 00 00 00 00 00 00 00 00 00 00 00  ................
 00 00 00 00 00 00 00 00 00 00 00 00 00 00 00 00  ................
 00 00 00 00 00 00 00 00 00 00 00 00 00 00 00 00  ................
 00 00 00 00 00 00 00 00 00 00 00 00 00 00 00 00  ................
 00 00 00 00 00 00 00 00 00 00 00 00 00 00 00 00  ................
 00 00 00 00 00 00 00 00 00 00 00 00 00 00 00 00  ................
 00 00 00 00 00 00 00 00 00 00 00 00 00 00 00 00  ................
 00 00 00 00 00 00 00 00 00 00 00 00 00 00 00 00  ................
 00 00 00 00 00 00 00 00 00 00 00 00 00 00 00 00  ................
 00 00 00 00 00 00                                ......
--
< 2021/07/16 15:45:31.350476  length=25 from=237 to=261
 00 00 00 00 00 00 00 00 00 00 00 00 00 00 00 00  ................
 00 00 00 00 00 00 00 00 00                       .........
--
< 2021/07/16 15:45:31.350902  length=10 from=262 to=271
 00 00 00 00 00 00 00 00 00 00                    ..........
--
< 2021/07/16 15:45:31.364733  length=20 from=272 to=291
 00 00 00 00 00 00 00 00 00 00 00 00 00 00 00 00  ................
 00 00 00 00                                      ....
--
> 2021/07/16 15:45:31.442670  length=6 from=11 to=16
 00 03 ff 01 00 02                                ......
--
< 2021/07/16 15:45:31.458659  length=5 from=292 to=296
 00 03 ff 00 00                                   .....
--
> 2021/07/16 15:45:31.536430  length=9 from=17 to=25
 02 02 00 04 00 00 02 0a                          ........
 18                                               .
--
< 2021/07/16 15:45:31.551511  length=7 from=297 to=303
 02 02 00 02 00 00 00                             .......
--
> 2021/07/16 15:45:31.660123  length=12 from=26 to=37
 02 03 00 07 00 00 00 02 01 02 29 2a              ..........)*
--
< 2021/07/16 15:45:31.676197  length=7 from=304 to=310
 02 03 00 02 00 00 00                             .......
--
> 2021/07/16 15:45:31.785272  length=12 from=38 to=49
 02 03 00 07 00 00 00 02 01 02 24 2a              ..........$*
--
< 2021/07/16 15:45:31.801281  length=7 from=311 to=317
 02 03 00 02 00 00 00                             .......
--
> 2021/07/16 15:45:31.942922  length=12 from=50 to=61
 02 03 00 07 00 00 00 02 01 02 25 2a              ..........%*
--
< 2021/07/16 15:45:31.958878  length=7 from=318 to=324
 02 03 00 02 00 00 00                             .......
--
> 2021/07/16 15:45:32.098563  length=12 from=62 to=73
 02 03 00 07 00 00 00 02 01 02 27 2a              ..........'*
--
< 2021/07/16 15:45:32.113552  length=7 from=325 to=331
 02 03 00 02 00 00 00                             .......
--
> 2021/07/16 15:45:32.267055  length=12 from=74 to=85
 02 03 00 07 00 00 00 02 01 02 26 2a              ..........&*
--
< 2021/07/16 15:45:32.282035  length=7 from=332 to=338
 02 03 00 02 00 00 00                             .......
--
> 2021/07/16 15:45:32.391741  length=12 from=86 to=97
 02 03 00 07 00 00 00 02 01 02 28 2a              ..........(*
--
< 2021/07/16 15:45:32.406796  length=7 from=339 to=345
 02 03 00 02 00 00 00                             .......
--
> 2021/07/16 15:45:32.561348  length=12 from=98 to=109
 02 03 00 07 00 00 00 02 01 02 50 2a              ..........P*
--
< 2021/07/16 15:45:32.577404  length=7 from=346 to=352
 02 03 00 02 00 00 00                             .......
--
> 2021/07/16 15:45:32.668217  length=16 from=110 to=125
 02 06 00 0b 00 00 00 07 00 01 00 e5 fe 11 00 11  ................
--
< 2021/07/16 15:45:32.683309  length=5 from=353 to=357
 02 06 00 00 00                                   .....
--
> 2021/07/16 15:45:32.777919  length=5 from=126 to=130
 02 07 00 00 00                                   .....
--
< 2021/07/16 15:45:32.793981  length=8 from=358 to=365
 02 07 00 03 00 00 00 00                          ........
--
> 2021/07/16 15:45:35.238335  length=12 from=131 to=142
 01 0a                                            ..
 00 07 00 00 00 ff ff ff ff 00                    ..........
--
< 2021/07/16 15:45:35.254401  length=9 from=366 to=374
 01 0a                                            ..
 00 04 00 13 26 00 00                             ....&..
--
< 2021/07/16 15:45:35.564090  length=18 from=375 to=392
 01 82 00 0d 00 00 76 e6 08 dc 1b 00 3c 00 00 00  ......v.....<...
 d0 07                                            ..
--
< 2021/07/16 15:45:40.702735  length=12 from=393 to=404
 01 83 00 07 00 00 76 e6 08 dc 1b 00              ......v.....
--
