Applying system reset.
Run.
< 2021/07/16 17:02:42.398161  length=5 from=0 to=4
 00 80 ff 00 00                                   .....
--
> 2021/07/16 17:02:42.632494  length=6 from=0 to=5
 00 03 ff 01 00 01                                ......
--
< 2021/07/16 17:02:42.648473  length=5 from=5 to=9
 00 03 ff 00 00                                   .....
--
> 2021/07/16 17:02:42.726226  length=5 from=6 to=10
 01 03 00 00 00                                   .....
--
< 2021/07/16 17:02:42.912829  length=52 from=10 to=61
 01 03 00 15 01 e6 40 49 ac 54 6c 13 06 00 00 13  ......@I.Tl.....
 22 00 00 00 00 00 62 74 70 5f 74 65 73 74 65 72  ".....btp_tester
 00 00 00 00 00 00 00 00 00 00 00 00 00 00 00 00  ................
 00 00 00 00                                      ....
--
< 2021/07/16 17:02:42.914029  length=12 from=62 to=73
 00 00 00 00 00 00 00 00 00 00 00 00              ............
--
< 2021/07/16 17:02:42.928740  length=175 from=74 to=248
 00 00 00 00 00 00 00 00 00 00 00 00 00 00 00 00  ................
 00 00 00 00 00 00 00 00 00 00 00 00 00 00 00 00  ................
 00 00 00 00 00 00 00 00 00 00 00 00 00 00 00 00  ................
 00 00 00 00 00 00 00 00 00 00 00 00 00 00 00 00  ................
 00 00 00 00 00 00 00 00 00 00 00 00 00 00 00 00  ................
 00 00 00 00 00 00 00 00 00 00 00 00 00 00 00 00  ................
 00 00 00 00 00 00 00 00 00 00 00 00 00 00 00 00  ................
 00 00 00 00 00 00 00 00 00 00 00 00 00 00 00 00  ................
 00 00 00 00 00 00 00 00 00 00 00 00 00 00 00 00  ................
 00 00 00 00 00 00 00 00 00 00 00 00 00 00 00 00  ................
 00 00 00 00 00 00 00 00 00 00 00 00 00 00 00     ...............
--
< 2021/07/16 17:02:42.930272  length=12 from=249 to=260
 00 00 00 00 00 00 00 00 00 00 00 00              ............
--
< 2021/07/16 17:02:42.930520  length=12 from=261 to=272
 00 00 00 00 00 00 00 00 00 00 00 00              ............
--
< 2021/07/16 17:02:42.944795  length=19 from=273 to=291
 00 00 00 00 00 00 00 00 00 00 00 00 00 00 00 00  ................
 00 00 00                                         ...
--
> 2021/07/16 17:02:49.431524  length=13 from=11 to=23
 01 0e 00 08 00 00 35 1c f2 dc 1b 00 00           ......5......
--
< 2021/07/16 17:02:49.447486  length=23 from=292 to=314
 01 0e 00 00 00 01 82 00 0d 00 00 35 1c f2 dc 1b  ...........5....
 00 28 00 00 00 90 01                             .(.....
--
> 2021/07/16 17:02:49.558157  length=12 from=24 to=35
 01 0f 00 07 00 00 35 1c f2 dc 1b 00              ......5.....
--
< 2021/07/16 17:02:49.573132  length=5 from=315 to=319
 01 0f 00 00 00                                   .....
--
< 2021/07/16 17:02:49.605108  length=12 from=320 to=331
 01 83 00 07 00 00 35 1c f2 dc 1b 00              ......5.....
--
