Applying system reset.
Run.
< 2021/07/16 15:45:49.499250  length=5 from=0 to=4
 00 80 ff 00 00                                   .....
--
> 2021/07/16 15:45:49.623901  length=6 from=0 to=5
 00 03 ff 01 00 01                                ......
--
< 2021/07/16 15:45:49.639923  length=5 from=5 to=9
 00 03 ff 00 00                                   .....
--
> 2021/07/16 15:45:49.702981  length=5 from=6 to=10
 01 03 00 00 00                                   .....
--
< 2021/07/16 15:45:49.905587  length=68 from=10 to=77
 01 03 00 15 01 f3 8b b3 6e 7b 54 13 06 00 00 13  ........n{T.....
 22 00 00 00 00 00 62 74 70 5f 74 65 73 74 65 72  ".....btp_tester
 00 00 00 00 00 00 00 00 00 00 00 00 00 00 00 00  ................
 00 00 00 00 00 00 00 00 00 00 00 00 00 00 00 00  ................
 00 00 00 00                                      ....
--
< 2021/07/16 15:45:49.906919  length=13 from=78 to=90
 00 00 00 00 00 00 00 00 00 00 00 00 00           .............
--
< 2021/07/16 15:45:49.907263  length=11 from=91 to=101
 00 00 00 00 00 00 00 00 00 00 00                 ...........
--
< 2021/07/16 15:45:49.921577  length=163 from=102 to=264
 00 00 00 00 00 00 00 00 00 00 00 00 00 00 00 00  ................
 00 00 00 00 00 00 00 00 00 00 00 00 00 00 00 00  ................
 00 00 00 00 00 00 00 00 00 00 00 00 00 00 00 00  ................
 00 00 00 00 00 00 00 00 00 00 00 00 00 00 00 00  ................
 00 00 00 00 00 00 00 00 00 00 00 00 00 00 00 00  ................
 00 00 00 00 00 00 00 00 00 00 00 00 00 00 00 00  ................
 00 00 00 00 00 00 00 00 00 00 00 00 00 00 00 00  ................
 00 00 00 00 00 00 00 00 00 00 00 00 00 00 00 00  ................
 00 00 00 00 00 00 00 00 00 00 00 00 00 00 00 00  ................
 00 00 00 00 00 00 00 00 00 00 00 00 00 00 00 00  ................
 00 00 00                                         ...
--
< 2021/07/16 15:45:49.922973  length=13 from=265 to=277
 00 00 00 00 00 00 00 00 00 00 00 00 00           .............
--
< 2021/07/16 15:45:49.923235  length=10 from=278 to=287
 00 00 00 00 00 00 00 00 00 00                    ..........
--
< 2021/07/16 15:45:49.936505  length=4 from=288 to=291
 00 00 00 00                                      ....
--
> 2021/07/16 15:45:53.060300  length=13 from=11 to=23
 01 0e 00 08 00 00 76 e6 08 dc 1b 00 00           ......v......
--
< 2021/07/16 15:45:53.076185  length=23 from=292 to=314
 01 0e 00 00 00 01 82 00 0d 00 00 76 e6 08 dc 1b  ...........v....
 00 28 00 00 00 90 01                             .(.....
--
> 2021/07/16 15:45:53.153754  length=12 from=24 to=35
 01 0f 00 07 00 00 76 e6 08 dc 1b 00              ......v.....
--
< 2021/07/16 15:45:53.169709  length=17 from=315 to=331
 01 0f 00 00 00 01 83 00 07 00 00 76 e6 08 dc 1b  ...........v....
 00                                               .
--
