Applying system reset.
Run.
< 2021/09/25 00:09:01.843129  length=5 from=0 to=4
 00 80 ff 00 00                                   .....
--
> 2021/09/25 00:09:02.112529  length=6 from=0 to=5
 00 03 ff 01 00 01                                ......
--
< 2021/09/25 00:09:02.128569  length=5 from=5 to=9
 00 03 ff 00 00                                   .....
--
> 2021/09/25 00:09:02.175141  length=5 from=6 to=10
 01 03 00 00 00                                   .....
--
< 2021/09/25 00:09:02.395695  length=170 from=10 to=179
 01 03 00 15 01 36 a7 20 ad 80 fc 13 06 00 00 13  .....6. ........
 82 00 00 00 00 00 62 74 70 5f 74 65 73 74 65 72  ......btp_tester
 00 00 00 00 00 00 00 00 00 00 00 00 00 00 00 00  ................
 00 00 00 00 00 00 00 00 00 00 00 00 00 00 00 00  ................
 00 00 00 00 00 00 00 00 00 00 00 00 00 00 00 00  ................
 00 00 00 00 00 00 00 00 00 00 00 00 00 00 00 00  ................
 00 00 00 00 00 00 00 00 00 00 00 00 00 00 00 00  ................
 00 00 00 00 00 00 00 00 00 00 00 00 00 00 00 00  ................
 00 00 00 00 00 00 00 00 00 00 00 00 00 00 00 00  ................
 00 00 00 00 00 00 00 00 00 00 00 00 00 00 00 00  ................
 00 00 00 00 00 00 00 00 00 00                    ..........
--
< 2021/09/25 00:09:02.397487  length=24 from=180 to=203
 00 00 00 00 00 00 00 00 00 00 00 00 00 00 00 00  ................
 00 00 00 00 00 00 00 00                          ........
--
< 2021/09/25 00:09:02.397854  length=11 from=204 to=214
 00 00 00 00 00 00 00 00 00 00 00                 ...........
--
< 2021/09/25 00:09:02.411719  length=77 from=215 to=291
 00 00 00 00 00 00 00 00 00 00 00 00 00 00 00 00  ................
 00 00 00 00 00 00 00 00 00 00 00 00 00 00 00 00  ................
 00 00 00 00 00 00 00 00 00 00 00 00 00 00 00 00  ................
 00 00 00 00 00 00 00 00 00 00 00 00 00 00 00 00  ................
 00 00 00 00 00 00 00 00 00 00 00 00 00           .............
--
> 2021/09/25 00:09:02.473772  length=6 from=11 to=16
 00 03 ff 01 00 02                                ......
--
< 2021/09/25 00:09:02.489791  length=5 from=292 to=296
 00 03 ff 00 00                                   .....
--
> 2021/09/25 00:09:02.552043  length=9 from=17 to=25
 02 02 00 04 00 00 02 0a                          ........
 18                                               .
--
< 2021/09/25 00:09:02.567990  length=7 from=297 to=303
 02 02 00 02 00 00 00                             .......
--
> 2021/09/25 00:09:02.647934  length=12 from=26 to=37
 02 03 00 07 00 00 00 02 01 02 29 2a              ..........)*
--
< 2021/09/25 00:09:02.662911  length=7 from=304 to=310
 02 03 00 02 00 00 00                             .......
--
> 2021/09/25 00:09:02.788774  length=12 from=38 to=49
 02 03 00 07 00 00 00 02 01 02 24 2a              ..........$*
--
< 2021/09/25 00:09:02.804857  length=7 from=311 to=317
 02 03 00 02 00 00 00                             .......
--
> 2021/09/25 00:09:02.915441  length=12 from=50 to=61
 02 03 00 07 00 00 00 02 01 02 25 2a              ..........%*
--
< 2021/09/25 00:09:02.930530  length=7 from=318 to=324
 02 03 00 02 00 00 00                             .......
--
> 2021/09/25 00:09:03.041305  length=12 from=62 to=73
 02 03 00 07 00 00 00 02 01 02 27 2a              ..........'*
--
< 2021/09/25 00:09:03.057395  length=7 from=325 to=331
 02 03 00 02 00 00 00                             .......
--
> 2021/09/25 00:09:03.151043  length=12 from=74 to=85
 02 03 00 07 00 00 00 02 01 02 26 2a              ..........&*
--
< 2021/09/25 00:09:03.167050  length=7 from=332 to=338
 02 03 00 02 00 00 00                             .......
--
> 2021/09/25 00:09:03.294649  length=12 from=86 to=97
 02 03 00 07 00 00 00 02 01 02 28 2a              ..........(*
--
< 2021/09/25 00:09:03.310614  length=7 from=339 to=345
 02 03 00 02 00 00 00                             .......
--
> 2021/09/25 00:09:03.357758  length=12 from=98 to=109
 02 03 00 07 00 00 00 02 01 02 50 2a              ..........P*
--
< 2021/09/25 00:09:03.373764  length=7 from=346 to=352
 02 03 00 02 00 00 00                             .......
--
> 2021/09/25 00:09:03.547466  length=16 from=110 to=125
 02 06 00 0b 00 00 00 07 00 01 00 e5 fe 11 00 11  ................
--
< 2021/09/25 00:09:03.563430  length=5 from=353 to=357
 02 06 00 00 00                                   .....
--
> 2021/09/25 00:09:03.689219  length=5 from=126 to=130
 02 07 00 00 00                                   .....
--
< 2021/09/25 00:09:03.705306  length=8 from=358 to=365
 02 07 00 03 00 00 00 00                          ........
--
> 2021/09/25 00:09:07.788354  length=27 from=131 to=157
 01 0a                                            ..
 00 16 00 0f 00 08 0d 54 65 73 74 65 72 5f 46 32  .......Tester_F2
 31 46 45 34 ff ff ff ff 00                       1FE4.....
--
< 2021/09/25 00:09:07.804404  length=9 from=366 to=374
 01 0a                                            ..
 00 04 00 13 86 00 00                             .......
--
< 2021/09/25 00:09:07.913394  length=18 from=375 to=392
 01 82 00 0d 00 00 e4 1f f2 dc 1b 00 3c 00 00 00  ............<...
 d0 07                                            ..
--
< 2021/09/25 00:09:12.131548  length=12 from=393 to=404
 01 83 00 07 00 00 e4 1f f2 dc 1b 00              ............
--
