Applying system reset.
Run.
< 2021/07/16 15:45:12.395234  length=5 from=0 to=4
 00 80 ff 00 00                                   .....
--
> 2021/07/16 15:45:12.456967  length=6 from=0 to=5
 00 03 ff 01 00 01                                ......
--
< 2021/07/16 15:45:12.473061  length=5 from=5 to=9
 00 03 ff 00 00                                   .....
--
> 2021/07/16 15:45:12.548703  length=5 from=6 to=10
 01 03 00 00 00                                   .....
--
< 2021/07/16 15:45:12.736334  length=36 from=10 to=45
 01 03 00 15 01 dc 30 9d c3 61 6e 13 06 00 00 13  ......0..an.....
 22 00 00 00 00 00 62 74 70 5f 74 65 73 74 65 72  ".....btp_tester
 00 00 00 00                                      ....
--
< 2021/07/16 15:45:12.737454  length=13 from=46 to=58
 00 00 00 00 00 00 00 00 00 00 00 00 00           .............
--
< 2021/07/16 15:45:12.737690  length=11 from=59 to=69
 00 00 00 00 00 00 00 00 00 00 00                 ...........
--
< 2021/07/16 15:45:12.752190  length=164 from=70 to=233
 00 00 00 00 00 00 00 00 00 00 00 00 00 00 00 00  ................
 00 00 00 00 00 00 00 00 00 00 00 00 00 00 00 00  ................
 00 00 00 00 00 00 00 00 00 00 00 00 00 00 00 00  ................
 00 00 00 00 00 00 00 00 00 00 00 00 00 00 00 00  ................
 00 00 00 00 00 00 00 00 00 00 00 00 00 00 00 00  ................
 00 00 00 00 00 00 00 00 00 00 00 00 00 00 00 00  ................
 00 00 00 00 00 00 00 00 00 00 00 00 00 00 00 00  ................
 00 00 00 00 00 00 00 00 00 00 00 00 00 00 00 00  ................
 00 00 00 00 00 00 00 00 00 00 00 00 00 00 00 00  ................
 00 00 00 00 00 00 00 00 00 00 00 00 00 00 00 00  ................
 00 00 00 00                                      ....
--
< 2021/07/16 15:45:12.753772  length=22 from=234 to=255
 00 00 00 00 00 00 00 00 00 00 00 00 00 00 00 00  ................
 00 00 00 00 00 00                                ......
--
< 2021/07/16 15:45:12.768307  length=36 from=256 to=291
 00 00 00 00 00 00 00 00 00 00 00 00 00 00 00 00  ................
 00 00 00 00 00 00 00 00 00 00 00 00 00 00 00 00  ................
 00 00 00 00                                      ....
--
> 2021/07/16 15:45:12.861997  length=6 from=11 to=16
 00 03 ff 01 00 02                                ......
--
< 2021/07/16 15:45:12.878095  length=5 from=292 to=296
 00 03 ff 00 00                                   .....
--
> 2021/07/16 15:45:12.972667  length=9 from=17 to=25
 02 02 00 04 00 00 02 0a                          ........
 18                                               .
--
< 2021/07/16 15:45:12.988855  length=7 from=297 to=303
 02 02 00 02 00 00 00                             .......
--
> 2021/07/16 15:45:13.113360  length=12 from=26 to=37
 02 03 00 07 00 00 00 02 01 02 29 2a              ..........)*
--
< 2021/07/16 15:45:13.128314  length=7 from=304 to=310
 02 03 00 02 00 00 00                             .......
--
> 2021/07/16 15:45:13.222046  length=12 from=38 to=49
 02 03 00 07 00 00 00 02 01 02 24 2a              ..........$*
--
< 2021/07/16 15:45:13.238149  length=7 from=311 to=317
 02 03 00 02 00 00 00                             .......
--
> 2021/07/16 15:45:13.395654  length=12 from=50 to=61
 02 03 00 07 00 00 00 02 01 02 25 2a              ..........%*
--
< 2021/07/16 15:45:13.411629  length=7 from=318 to=324
 02 03 00 02 00 00 00                             .......
--
> 2021/07/16 15:45:13.583148  length=12 from=62 to=73
 02 03 00 07 00 00 00 02 01 02 27 2a              ..........'*
--
< 2021/07/16 15:45:13.599101  length=7 from=325 to=331
 02 03 00 02 00 00 00                             .......
--
> 2021/07/16 15:45:13.708135  length=12 from=74 to=85
 02 03 00 07 00 00 00 02 01 02 26 2a              ..........&*
--
< 2021/07/16 15:45:13.723148  length=7 from=332 to=338
 02 03 00 02 00 00 00                             .......
--
> 2021/07/16 15:45:13.799972  length=12 from=86 to=97
 02 03 00 07 00 00 00 02 01 02 28 2a              ..........(*
--
< 2021/07/16 15:45:13.816079  length=7 from=339 to=345
 02 03 00 02 00 00 00                             .......
--
> 2021/07/16 15:45:13.894946  length=12 from=98 to=109
 02 03 00 07 00 00 00 02 01 02 50 2a              ..........P*
--
< 2021/07/16 15:45:13.909982  length=7 from=346 to=352
 02 03 00 02 00 00 00                             .......
--
> 2021/07/16 15:45:14.049710  length=16 from=110 to=125
 02 06 00 0b 00 00 00 07 00 01 00 e5 fe 11 00 11  ................
--
< 2021/07/16 15:45:14.065740  length=5 from=353 to=357
 02 06 00 00 00                                   .....
--
> 2021/07/16 15:45:14.206177  length=5 from=126 to=130
 02 07 00 00 00                                   .....
--
< 2021/07/16 15:45:14.222235  length=8 from=358 to=365
 02 07 00 03 00 00 00 00                          ........
--
> 2021/07/16 15:45:16.710826  length=12 from=131 to=142
 01 0a                                            ..
 00 07 00 00 00 ff ff ff ff 00                    ..........
--
< 2021/07/16 15:45:16.726821  length=9 from=366 to=374
 01 0a                                            ..
 00 04 00 13 26 00 00                             ....&..
--
< 2021/07/16 15:45:17.049821  length=18 from=375 to=392
 01 82 00 0d 00 00 76 e6 08 dc 1b 00 3c 00 00 00  ......v.....<...
 d0 07                                            ..
--
< 2021/07/16 15:45:22.144135  length=9 from=393 to=401
 01 83 00 07 00 00 76 e6 08                       ......v..
--
< 2021/07/16 15:45:22.160323  length=3 from=402 to=404
 dc 1b 00                                         ...
--
