Applying system reset.
Run.
< 2021/07/16 16:39:50.692207  length=5 from=0 to=4
 00 80 ff 00 00                                   .....
--
> 2021/07/16 16:39:50.896539  length=6 from=0 to=5
 00 03 ff 01 00 01                                ......
--
< 2021/07/16 16:39:50.912538  length=5 from=5 to=9
 00 03 ff 00 00                                   .....
--
> 2021/07/16 16:39:50.991278  length=5 from=6 to=10
 01 03 00 00 00                                   .....
--
< 2021/07/16 16:39:51.178743  length=64 from=10 to=73
 01 03 00 15 01 36 a7 20 ad 80 fc 13 06 00 00 13  .....6. ........
 82 00 00 00 00 00 62 74 70 5f 74 65 73 74 65 72  ......btp_tester
 00 00 00 00 00 00 00 00 00 00 00 00 00 00 00 00  ................
 00 00 00 00 00 00 00 00 00 00 00 00 00 00 00 00  ................
--
< 2021/07/16 16:39:51.179930  length=22 from=74 to=95
 00 00 00 00 00 00 00 00 00 00 00 00 00 00 00 00  ................
 00 00 00 00 00 00                                ......
--
< 2021/07/16 16:39:51.180209  length=1 from=96 to=96
 00                                               .
--
< 2021/07/16 16:39:51.194803  length=165 from=97 to=261
 00 00 00 00 00 00 00 00 00 00 00 00 00 00 00 00  ................
 00 00 00 00 00 00 00 00 00 00 00 00 00 00 00 00  ................
 00 00 00 00 00 00 00 00 00 00 00 00 00 00 00 00  ................
 00 00 00 00 00 00 00 00 00 00 00 00 00 00 00 00  ................
 00 00 00 00 00 00 00 00 00 00 00 00 00 00 00 00  ................
 00 00 00 00 00 00 00 00 00 00 00 00 00 00 00 00  ................
 00 00 00 00 00 00 00 00 00 00 00 00 00 00 00 00  ................
 00 00 00 00 00 00 00 00 00 00 00 00 00 00 00 00  ................
 00 00 00 00 00 00 00 00 00 00 00 00 00 00 00 00  ................
 00 00 00 00 00 00 00 00 00 00 00 00 00 00 00 00  ................
 00 00 00 00 00                                   .....
--
< 2021/07/16 16:39:51.196257  length=21 from=262 to=282
 00 00 00 00 00 00 00 00 00 00 00 00 00 00 00 00  ................
 00 00 00 00 00                                   .....
--
< 2021/07/16 16:39:51.209844  length=9 from=283 to=291
 00 00 00 00 00 00 00 00 00                       .........
--
> 2021/07/16 16:39:54.413760  length=13 from=11 to=23
 01 0e 00 08 00 00 76 e6 08 dc 1b 00 00           ......v......
--
< 2021/07/16 16:39:54.429729  length=23 from=292 to=314
 01 0e 00 00 00 01 82 00 0d 00 00 76 e6 08 dc 1b  ...........v....
 00 28 00 00 00 90 01                             .(.....
--
> 2021/07/16 16:39:54.540500  length=12 from=24 to=35
 01 0f 00 07 00 00 76 e6 08 dc 1b 00              ......v.....
--
< 2021/07/16 16:39:54.555423  length=5 from=315 to=319
 01 0f 00 00 00                                   .....
--
< 2021/07/16 16:39:54.571501  length=2 from=320 to=321
 01 83                                            ..
--
< 2021/07/16 16:39:54.587444  length=10 from=322 to=331
 00 07 00 00 76 e6 08 dc 1b 00                    ....v.....
--
