Applying system reset.
Run.
< 2021/07/16 15:37:59.934986  length=5 from=0 to=4
 00 80 ff 00 00                                   .....
--
> 2021/07/16 15:38:00.283054  length=6 from=0 to=5
 00 03 ff 01 00 01                                ......
--
< 2021/07/16 15:38:00.298968  length=5 from=5 to=9
 00 03 ff 00 00                                   .....
--
> 2021/07/16 15:38:00.471827  length=5 from=6 to=10
 01 03 00 00 00                                   .....
--
< 2021/07/16 15:38:00.567698  length=103 from=10 to=112
 01 03 00 15 01 63 a8 36 31 a9 49 13 06 00 00 13  .....c.61.I.....
 22 00 00 00 00 00 62 74 70 5f 74 65 73 74 65 72  ".....btp_tester
 00 00 00 00 00 00 00 00 00 00 00 00 00 00 00 00  ................
 00 00 00 00 00 00 00 00 00 00 00 00 00 00 00 00  ................
 00 00 00 00 00 00 00 00 00 00 00 00 00 00 00 00  ................
 00 00 00 00 00 00 00 00 00 00 00 00 00 00 00 00  ................
 00 00 00 00 00 00 00                             .......
--
< 2021/07/16 15:38:00.569242  length=13 from=113 to=125
 00 00 00 00 00 00 00 00 00 00 00 00 00           .............
--
< 2021/07/16 15:38:00.583726  length=166 from=126 to=291
 00 00 00 00 00 00 00 00 00 00 00 00 00 00 00 00  ................
 00 00 00 00 00 00 00 00 00 00 00 00 00 00 00 00  ................
 00 00 00 00 00 00 00 00 00 00 00 00 00 00 00 00  ................
 00 00 00 00 00 00 00 00 00 00 00 00 00 00 00 00  ................
 00 00 00 00 00 00 00 00 00 00 00 00 00 00 00 00  ................
 00 00 00 00 00 00 00 00 00 00 00 00 00 00 00 00  ................
 00 00 00 00 00 00 00 00 00 00 00 00 00 00 00 00  ................
 00 00 00 00 00 00 00 00 00 00 00 00 00 00 00 00  ................
 00 00 00 00 00 00 00 00 00 00 00 00 00 00 00 00  ................
 00 00 00 00 00 00 00 00 00 00 00 00 00 00 00 00  ................
 00 00 00 00 00 00                                ......
--
> 2021/07/16 15:38:07.277261  length=13 from=11 to=23
 01 0e 00 08 00 00 35 1c f2 dc 1b 00 00           ......5......
--
< 2021/07/16 15:38:07.293187  length=23 from=292 to=314
 01 0e 00 00 00 01 82 00 0d 00 00 35 1c f2 dc 1b  ...........5....
 00 28 00 00 00 90 01                             .(.....
--
> 2021/07/16 15:38:07.355975  length=12 from=24 to=35
 01 0f 00 07 00 00 35 1c f2 dc 1b 00              ......5.....
--
< 2021/07/16 15:38:07.371965  length=5 from=315 to=319
 01 0f 00 00 00                                   .....
--
< 2021/07/16 15:38:07.388011  length=12 from=320 to=331
 01 83 00 07 00 00 35 1c f2 dc 1b 00              ......5.....
--
