Applying system reset.
Run.
< 2021/07/16 15:43:59.036020  length=5 from=0 to=4
 00 80 ff 00 00                                   .....
--
> 2021/07/16 15:43:59.160916  length=6 from=0 to=5
 00 03 ff 01 00 01                                ......
--
< 2021/07/16 15:43:59.176997  length=5 from=5 to=9
 00 03 ff 00 00                                   .....
--
> 2021/07/16 15:43:59.255589  length=5 from=6 to=10
 01 03 00 00 00                                   .....
--
< 2021/07/16 15:43:59.439148  length=35 from=10 to=44
 01 03 00 15 01 a6 aa 18 c8 b6 4c 13 06 00 00 13  ..........L.....
 22 00 00 00 00 00 62 74 70 5f 74 65 73 74 65 72  ".....btp_tester
 00 00 00                                         ...
--
< 2021/07/16 15:43:59.440237  length=13 from=45 to=57
 00 00 00 00 00 00 00 00 00 00 00 00 00           .............
--
< 2021/07/16 15:43:59.455113  length=163 from=58 to=220
 00 00 00 00 00 00 00 00 00 00 00 00 00 00 00 00  ................
 00 00 00 00 00 00 00 00 00 00 00 00 00 00 00 00  ................
 00 00 00 00 00 00 00 00 00 00 00 00 00 00 00 00  ................
 00 00 00 00 00 00 00 00 00 00 00 00 00 00 00 00  ................
 00 00 00 00 00 00 00 00 00 00 00 00 00 00 00 00  ................
 00 00 00 00 00 00 00 00 00 00 00 00 00 00 00 00  ................
 00 00 00 00 00 00 00 00 00 00 00 00 00 00 00 00  ................
 00 00 00 00 00 00 00 00 00 00 00 00 00 00 00 00  ................
 00 00 00 00 00 00 00 00 00 00 00 00 00 00 00 00  ................
 00 00 00 00 00 00 00 00 00 00 00 00 00 00 00 00  ................
 00 00 00                                         ...
--
< 2021/07/16 15:43:59.456549  length=24 from=221 to=244
 00 00 00 00 00 00 00 00 00 00 00 00 00 00 00 00  ................
 00 00 00 00 00 00 00 00                          ........
--
< 2021/07/16 15:43:59.470113  length=47 from=245 to=291
 00 00 00 00 00 00 00 00 00 00 00 00 00 00 00 00  ................
 00 00 00 00 00 00 00 00 00 00 00 00 00 00 00 00  ................
 00 00 00 00 00 00 00 00 00 00 00 00 00 00 00     ...............
--
> 2021/07/16 15:43:59.563839  length=6 from=11 to=16
 00 03 ff 01 00 02                                ......
--
< 2021/07/16 15:43:59.578855  length=5 from=292 to=296
 00 03 ff 00 00                                   .....
--
> 2021/07/16 15:43:59.626016  length=9 from=17 to=25
 02 02 00 04 00 00 02 0a                          ........
 18                                               .
--
< 2021/07/16 15:43:59.641070  length=7 from=297 to=303
 02 02 00 02 00 00 00                             .......
--
> 2021/07/16 15:43:59.749856  length=12 from=26 to=37
 02 03 00 07 00 00 00 02 01 02 29 2a              ..........)*
--
< 2021/07/16 15:43:59.765950  length=7 from=304 to=310
 02 03 00 02 00 00 00                             .......
--
> 2021/07/16 15:43:59.874862  length=12 from=38 to=49
 02 03 00 07 00 00 00 02 01 02 24 2a              ..........$*
--
< 2021/07/16 15:43:59.890922  length=7 from=311 to=317
 02 03 00 02 00 00 00                             .......
--
> 2021/07/16 15:43:59.951600  length=12 from=50 to=61
 02 03 00 07 00 00 00 02 01 02 25 2a              ..........%*
--
< 2021/07/16 15:43:59.967603  length=7 from=318 to=324
 02 03 00 02 00 00 00                             .......
--
> 2021/07/16 15:44:00.061555  length=12 from=62 to=73
 02 03 00 07 00 00 00 02 01 02 27 2a              ..........'*
--
< 2021/07/16 15:44:00.077615  length=7 from=325 to=331
 02 03 00 02 00 00 00                             .......
--
> 2021/07/16 15:44:00.250080  length=12 from=74 to=85
 02 03 00 07 00 00 00 02 01 02 26 2a              ..........&*
--
< 2021/07/16 15:44:00.266072  length=7 from=332 to=338
 02 03 00 02 00 00 00                             .......
--
> 2021/07/16 15:44:00.419849  length=12 from=86 to=97
 02 03 00 07 00 00 00 02 01 02 28 2a              ..........(*
--
< 2021/07/16 15:44:00.435798  length=7 from=339 to=345
 02 03 00 02 00 00 00                             .......
--
> 2021/07/16 15:44:00.544422  length=12 from=98 to=109
 02 03 00 07 00 00 00 02 01 02 50 2a              ..........P*
--
< 2021/07/16 15:44:00.560415  length=7 from=346 to=352
 02 03 00 02 00 00 00                             .......
--
> 2021/07/16 15:44:00.655132  length=16 from=110 to=125
 02 06 00 0b 00 00 00 07 00 01 00 e5 fe 11 00 11  ................
--
< 2021/07/16 15:44:00.671164  length=5 from=353 to=357
 02 06 00 00 00                                   .....
--
> 2021/07/16 15:44:00.795831  length=5 from=126 to=130
 02 07 00 00 00                                   .....
--
< 2021/07/16 15:44:00.811929  length=8 from=358 to=365
 02 07 00 03 00 00 00 00                          ........
--
> 2021/07/16 15:44:03.295025  length=12 from=131 to=142
 01 0a                                            ..
 00 07 00 00 00 ff ff ff ff 00                    ..........
--
< 2021/07/16 15:44:03.311083  length=9 from=366 to=374
 01 0a                                            ..
 00 04 00 13 26 00 00                             ....&..
--
< 2021/07/16 15:44:03.620056  length=18 from=375 to=392
 01 82 00 0d 00 00 76 e6 08 dc 1b 00 3c 00 00 00  ......v.....<...
 d0 07                                            ..
--
< 2021/07/16 15:44:08.707491  length=12 from=393 to=404
 01 83 00 07 00 00 76 e6 08 dc 1b 00              ......v.....
--
