Applying system reset.
Run.
< 2021/07/16 15:44:17.538564  length=5 from=0 to=4
 00 80 ff 00 00                                   .....
--
> 2021/07/16 15:44:17.631303  length=6 from=0 to=5
 00 03 ff 01 00 01                                ......
--
< 2021/07/16 15:44:17.647279  length=5 from=5 to=9
 00 03 ff 00 00                                   .....
--
> 2021/07/16 15:44:17.726512  length=5 from=6 to=10
 01 03 00 00 00                                   .....
--
< 2021/07/16 15:44:17.913107  length=67 from=10 to=76
 01 03 00 15 01 8c b4 be a2 58 57 13 06 00 00 13  .........XW.....
 22 00 00 00 00 00 62 74 70 5f 74 65 73 74 65 72  ".....btp_tester
 00 00 00 00 00 00 00 00 00 00 00 00 00 00 00 00  ................
 00 00 00 00 00 00 00 00 00 00 00 00 00 00 00 00  ................
 00 00 00                                         ...
--
< 2021/07/16 15:44:17.914393  length=13 from=77 to=89
 00 00 00 00 00 00 00 00 00 00 00 00 00           .............
--
< 2021/07/16 15:44:17.914630  length=11 from=90 to=100
 00 00 00 00 00 00 00 00 00 00 00                 ...........
--
< 2021/07/16 15:44:17.929175  length=164 from=101 to=264
 00 00 00 00 00 00 00 00 00 00 00 00 00 00 00 00  ................
 00 00 00 00 00 00 00 00 00 00 00 00 00 00 00 00  ................
 00 00 00 00 00 00 00 00 00 00 00 00 00 00 00 00  ................
 00 00 00 00 00 00 00 00 00 00 00 00 00 00 00 00  ................
 00 00 00 00 00 00 00 00 00 00 00 00 00 00 00 00  ................
 00 00 00 00 00 00 00 00 00 00 00 00 00 00 00 00  ................
 00 00 00 00 00 00 00 00 00 00 00 00 00 00 00 00  ................
 00 00 00 00 00 00 00 00 00 00 00 00 00 00 00 00  ................
 00 00 00 00 00 00 00 00 00 00 00 00 00 00 00 00  ................
 00 00 00 00 00 00 00 00 00 00 00 00 00 00 00 00  ................
 00 00 00 00                                      ....
--
< 2021/07/16 15:44:17.930578  length=22 from=265 to=286
 00 00 00 00 00 00 00 00 00 00 00 00 00 00 00 00  ................
 00 00 00 00 00 00                                ......
--
< 2021/07/16 15:44:17.944107  length=5 from=287 to=291
 00 00 00 00 00                                   .....
--
> 2021/07/16 15:44:18.006341  length=6 from=11 to=16
 00 03 ff 01 00 02                                ......
--
< 2021/07/16 15:44:18.021332  length=5 from=292 to=296
 00 03 ff 00 00                                   .....
--
> 2021/07/16 15:44:18.099125  length=9 from=17 to=25
 02 02 00 04 00 00 02 0a                          ........
 18                                               .
--
< 2021/07/16 15:44:18.115240  length=7 from=297 to=303
 02 02 00 02 00 00 00                             .......
--
> 2021/07/16 15:44:18.177139  length=12 from=26 to=37
 02 03 00 07 00 00 00 02 01 02 29 2a              ..........)*
--
< 2021/07/16 15:44:18.192265  length=7 from=304 to=310
 02 03 00 02 00 00 00                             .......
--
> 2021/07/16 15:44:18.316765  length=12 from=38 to=49
 02 03 00 07 00 00 00 02 01 02 24 2a              ..........$*
--
< 2021/07/16 15:44:18.331806  length=7 from=311 to=317
 02 03 00 02 00 00 00                             .......
--
> 2021/07/16 15:44:18.394557  length=12 from=50 to=61
 02 03 00 07 00 00 00 02 01 02 25 2a              ..........%*
--
< 2021/07/16 15:44:18.410634  length=7 from=318 to=324
 02 03 00 02 00 00 00                             .......
--
> 2021/07/16 15:44:18.505463  length=12 from=62 to=73
 02 03 00 07 00 00 00 02 01 02 27 2a              ..........'*
--
< 2021/07/16 15:44:18.521566  length=7 from=325 to=331
 02 03 00 02 00 00 00                             .......
--
> 2021/07/16 15:44:18.678900  length=12 from=74 to=85
 02 03 00 07 00 00 00 02 01 02 26 2a              ..........&*
--
< 2021/07/16 15:44:18.694984  length=7 from=332 to=338
 02 03 00 02 00 00 00                             .......
--
> 2021/07/16 15:44:18.818568  length=12 from=86 to=97
 02 03 00 07 00 00 00 02 01 02 28 2a              ..........(*
--
< 2021/07/16 15:44:18.834549  length=7 from=339 to=345
 02 03 00 02 00 00 00                             .......
--
> 2021/07/16 15:44:18.944002  length=12 from=98 to=109
 02 03 00 07 00 00 00 02 01 02 50 2a              ..........P*
--
< 2021/07/16 15:44:18.959006  length=7 from=346 to=352
 02 03 00 02 00 00 00                             .......
--
> 2021/07/16 15:44:19.006361  length=16 from=110 to=125
 02 06 00 0b 00 00 00 07 00 01 00 e5 fe 11 00 11  ................
--
< 2021/07/16 15:44:19.022417  length=5 from=353 to=357
 02 06 00 00 00                                   .....
--
> 2021/07/16 15:44:19.084505  length=5 from=126 to=130
 02 07 00 00 00                                   .....
--
< 2021/07/16 15:44:19.100514  length=8 from=358 to=365
 02 07 00 03 00 00 00 00                          ........
--
> 2021/07/16 15:44:21.538180  length=12 from=131 to=142
 01 0a                                            ..
 00 07 00 00 00 ff ff ff ff 00                    ..........
--
< 2021/07/16 15:44:21.554153  length=9 from=366 to=374
 01 0a                                            ..
 00 04 00 13 26 00 00                             ....&..
--
< 2021/07/16 15:44:21.864846  length=18 from=375 to=392
 01 82 00 0d 00 00 76 e6 08 dc 1b 00 3c 00 00 00  ......v.....<...
 d0 07                                            ..
--
< 2021/07/16 15:44:26.944492  length=10 from=393 to=402
 01 83 00 07 00 00 76 e6 08 dc                    ......v...
--
< 2021/07/16 15:44:26.945432  length=2 from=403 to=404
 1b 00                                            ..
--
