Applying system reset.
Run.
< 2021/07/16 15:42:24.099219  length=5 from=0 to=4
 00 80 ff 00 00                                   .....
--
> 2021/07/16 15:42:24.177890  length=6 from=0 to=5
 00 03 ff 01 00 01                                ......
--
< 2021/07/16 15:42:24.192880  length=5 from=5 to=9
 00 03 ff 00 00                                   .....
--
> 2021/07/16 15:42:24.335467  length=5 from=6 to=10
 01 03 00 00 00                                   .....
--
< 2021/07/16 15:42:24.462218  length=97 from=10 to=106
 01 03 00 15 01 a1 ca 20 98 de 57 13 06 00 00 13  ....... ..W.....
 22 00 00 00 00 00 62 74 70 5f 74 65 73 74 65 72  ".....btp_tester
 00 00 00 00 00 00 00 00 00 00 00 00 00 00 00 00  ................
 00 00 00 00 00 00 00 00 00 00 00 00 00 00 00 00  ................
 00 00 00 00 00 00 00 00 00 00 00 00 00 00 00 00  ................
 00 00 00 00 00 00 00 00 00 00 00 00 00 00 00 00  ................
 00                                               .
--
< 2021/07/16 15:42:24.463797  length=23 from=107 to=129
 00 00 00 00 00 00 00 00 00 00 00 00 00 00 00 00  ................
 00 00 00 00 00 00 00                             .......
--
< 2021/07/16 15:42:24.478322  length=162 from=130 to=291
 00 00 00 00 00 00 00 00 00 00 00 00 00 00 00 00  ................
 00 00 00 00 00 00 00 00 00 00 00 00 00 00 00 00  ................
 00 00 00 00 00 00 00 00 00 00 00 00 00 00 00 00  ................
 00 00 00 00 00 00 00 00 00 00 00 00 00 00 00 00  ................
 00 00 00 00 00 00 00 00 00 00 00 00 00 00 00 00  ................
 00 00 00 00 00 00 00 00 00 00 00 00 00 00 00 00  ................
 00 00 00 00 00 00 00 00 00 00 00 00 00 00 00 00  ................
 00 00 00 00 00 00 00 00 00 00 00 00 00 00 00 00  ................
 00 00 00 00 00 00 00 00 00 00 00 00 00 00 00 00  ................
 00 00 00 00 00 00 00 00 00 00 00 00 00 00 00 00  ................
 00 00                                            ..
--
> 2021/07/16 15:42:24.617716  length=6 from=11 to=16
 00 03 ff 01 00 02                                ......
--
< 2021/07/16 15:42:24.633826  length=5 from=292 to=296
 00 03 ff 00 00                                   .....
--
> 2021/07/16 15:42:24.710506  length=9 from=17 to=25
 02 02 00 04 00 00 02 0a                          ........
 18                                               .
--
< 2021/07/16 15:42:24.726571  length=7 from=297 to=303
 02 02 00 02 00 00 00                             .......
--
> 2021/07/16 15:42:24.806256  length=12 from=26 to=37
 02 03 00 07 00 00 00 02 01 02 29 2a              ..........)*
--
< 2021/07/16 15:42:24.821236  length=7 from=304 to=310
 02 03 00 02 00 00 00                             .......
--
> 2021/07/16 15:42:24.900975  length=12 from=38 to=49
 02 03 00 07 00 00 00 02 01 02 24 2a              ..........$*
--
< 2021/07/16 15:42:24.915973  length=7 from=311 to=317
 02 03 00 02 00 00 00                             .......
--
> 2021/07/16 15:42:25.041709  length=12 from=50 to=61
 02 03 00 07 00 00 00 02 01 02 25 2a              ..........%*
--
< 2021/07/16 15:42:25.057762  length=7 from=318 to=324
 02 03 00 02 00 00 00                             .......
--
> 2021/07/16 15:42:25.181486  length=12 from=62 to=73
 02 03 00 07 00 00 00 02 01 02 27 2a              ..........'*
--
< 2021/07/16 15:42:25.197547  length=7 from=325 to=331
 02 03 00 02 00 00 00                             .......
--
> 2021/07/16 15:42:25.308061  length=12 from=74 to=85
 02 03 00 07 00 00 00 02 01 02 26 2a              ..........&*
--
< 2021/07/16 15:42:25.324064  length=7 from=332 to=338
 02 03 00 02 00 00 00                             .......
--
> 2021/07/16 15:42:25.371901  length=12 from=86 to=97
 02 03 00 07 00 00 00 02 01 02 28 2a              ..........(*
--
< 2021/07/16 15:42:25.387886  length=7 from=339 to=345
 02 03 00 02 00 00 00                             .......
--
> 2021/07/16 15:42:25.480649  length=12 from=98 to=109
 02 03 00 07 00 00 00 02 01 02 50 2a              ..........P*
--
< 2021/07/16 15:42:25.496635  length=7 from=346 to=352
 02 03 00 02 00 00 00                             .......
--
> 2021/07/16 15:42:25.559483  length=16 from=110 to=125
 02 06 00 0b 00 00 00 07 00 01 00 e5 fe 11 00 11  ................
--
< 2021/07/16 15:42:25.575523  length=5 from=353 to=357
 02 06 00 00 00                                   .....
--
> 2021/07/16 15:42:25.654525  length=5 from=126 to=130
 02 07 00 00 00                                   .....
--
< 2021/07/16 15:42:25.670588  length=8 from=358 to=365
 02 07 00 03 00 00 00 00                          ........
--
> 2021/07/16 15:42:28.172371  length=12 from=131 to=142
 01 0a                                            ..
 00 07 00 00 00 ff ff ff ff 00                    ..........
--
< 2021/07/16 15:42:28.188487  length=9 from=366 to=374
 01 0a                                            ..
 00 04 00 13 26 00 00                             ....&..
--
< 2021/07/16 15:42:28.718826  length=18 from=375 to=392
 01 82 00 0d 00 00 76 e6 08 dc 1b 00 3c 00 00 00  ......v.....<...
 d0 07                                            ..
--
< 2021/07/16 15:42:33.703793  length=12 from=393 to=404
 01 83 00 07 00 00 76 e6 08 dc 1b 00              ......v.....
--
