Applying system reset.
Run.
< 2021/09/25 00:12:42.644526  length=5 from=0 to=4
 00 80 ff 00 00                                   .....
--
> 2021/09/25 00:12:42.896736  length=6 from=0 to=5
 00 03 ff 01 00 01                                ......
--
< 2021/09/25 00:12:42.912749  length=5 from=5 to=9
 00 03 ff 00 00                                   .....
--
> 2021/09/25 00:12:43.007763  length=6 from=6 to=11
 00 03 ff 01 00 04                                ......
--
< 2021/09/25 00:12:43.023877  length=5 from=10 to=14
 00 03 ff 00 00                                   .....
--
> 2021/09/25 00:12:43.103672  length=5 from=12 to=16
 01 03 00 00 00                                   .....
--
< 2021/09/25 00:12:43.182540  length=165 from=15 to=179
 01 03 00 15 01 36 a7 20 ad 80 fc 13 06 00 00 13  .....6. ........
 82 00 00 00 00 00 62 74 70 5f 74 65 73 74 65 72  ......btp_tester
 00 00 00 00 00 00 00 00 00 00 00 00 00 00 00 00  ................
 00 00 00 00 00 00 00 00 00 00 00 00 00 00 00 00  ................
 00 00 00 00 00 00 00 00 00 00 00 00 00 00 00 00  ................
 00 00 00 00 00 00 00 00 00 00 00 00 00 00 00 00  ................
 00 00 00 00 00 00 00 00 00 00 00 00 00 00 00 00  ................
 00 00 00 00 00 00 00 00 00 00 00 00 00 00 00 00  ................
 00 00 00 00 00 00 00 00 00 00 00 00 00 00 00 00  ................
 00 00 00 00 00 00 00 00 00 00 00 00 00 00 00 00  ................
 00 00 00 00 00                                   .....
--
< 2021/09/25 00:12:43.184140  length=24 from=180 to=203
 00 00 00 00 00 00 00 00 00 00 00 00 00 00 00 00  ................
 00 00 00 00 00 00 00 00                          ........
--
< 2021/09/25 00:12:43.198637  length=93 from=204 to=296
 00 00 00 00 00 00 00 00 00 00 00 00 00 00 00 00  ................
 00 00 00 00 00 00 00 00 00 00 00 00 00 00 00 00  ................
 00 00 00 00 00 00 00 00 00 00 00 00 00 00 00 00  ................
 00 00 00 00 00 00 00 00 00 00 00 00 00 00 00 00  ................
 00 00 00 00 00 00 00 00 00 00 00 00 00 00 00 00  ................
 00 00 00 00 00 00 00 00 00 00 00 00 00           .............
--
> 2021/09/25 00:12:50.984075  length=44 from=17 to=60
 04 02 00 27 00 83 55 24 33 e9 34 40 cf 94 75 2f  ...'..U$3.4@..u/
 1e df df 37 a4 00 00 00 00 00 00 00 00 00 00 00  ...7............
 00 00 00 00 00 00 00 00 01 08 00 00              ............
--
< 2021/09/25 00:12:51.000066  length=5 from=297 to=301
 04 02 00 00 00                                   .....
--
> 2021/09/25 00:12:51.079791  length=5 from=61 to=65
 04 04 00 00 00                                   .....
--
< 2021/09/25 00:12:51.094787  length=5 from=302 to=306
 04 04 00 00 00                                   .....
--
> 2021/09/25 00:12:51.205443  length=50 from=66 to=115
 04 03 00 2d 00 01 23 45 67 89 ab cd ef 01 23 45  ...-..#Eg.....#E
 67 89 ab cd ef 00 00 00 00 00 00 00 00 00 00 00  g...............
 03 00 01 23 45 67 89 ab cd ef 01 23 45 67 89 ab  ...#Eg.....#Eg..
 cd ef                                            ..
--
< 2021/09/25 00:12:51.220573  length=10 from=307 to=316
 04 83 00 00 00 04 03 00 00 00                    ..........
--
> 2021/09/25 00:12:51.378883  length=42 from=116 to=157
 04 4a 00 25 00 83 55 24 33 e9 34 40 cf 94 75 2f  .J.%..U$3.4@..u/
 1e df df 37 a4 00 00 01 00 00 01 23 45 67 89 ab  ...7.......#Eg..
 cd ef 01 23 45 67 89 ab cd ef                    ...#Eg....
--
< 2021/09/25 00:12:51.394411  length=5 from=317 to=321
 04 4a 00 00 00                                   .J...
--
< 2021/09/25 00:12:51.947299  length=6 from=322 to=327
 04 84 00 01 00 00                                ......
--
< 2021/09/25 00:12:54.329356  length=26 from=328 to=353
 04 8e 00 15 00 00 00 01 00 83 55 24 33 e9 34 40  ..........U$3.4@
 cf 94 75 2f 1e df df 37 a4 01                    ..u/...7..
--
< 2021/09/25 00:12:54.564176  length=6 from=354 to=359
 04 85 00 01 00 00                                ......
--
> 2021/09/25 00:12:56.648976  length=10 from=158 to=167
 04 14 00 05 00 00 00 01 00 00                    ..........
--
< 2021/09/25 00:12:56.824668  length=28 from=360 to=387
 04 86 00 17 00 03 00 01 00 03 00 10 80 80 00 05  ................
 3e d9 b4 ab 8f 74 b0 5f 62 a2 c4 94              >....t._b...
--
< 2021/09/25 00:12:56.872442  length=28 from=388 to=415
 04 86 00 17 00 03 00 01 00 03 00 10 80 80 00 25  ...............%
 f9 5a 60 d1 5c 5a b5 85 22 57 35 ec              .Z`.\Z.."W5.
--
< 2021/09/25 00:12:56.904413  length=28 from=416 to=443
 04 86 00 17 00 03 00 01 00 03 00 10 80 80 00 45  ...............E
 37 91 8d fa 69 03 0c 3e 91 5c 60 18              7...i..>.\`.
--
< 2021/09/25 00:12:56.952230  length=12 from=444 to=455
 04 86 00 17 00 03 00 01 00 03 00 10              ............
--
< 2021/09/25 00:12:56.968339  length=16 from=456 to=471
 80 80 00 65 cc 5e 54 7f 56 ab 8e b1 25 f4 ab 8d  ...e.^T.V...%...
--
< 2021/09/25 00:12:57.000226  length=28 from=472 to=499
 04 86 00 17 00 03 00 01 00 03 00 10 80 80 00 85  ................
 a7 9e 6a a2 c6 6a 25 57 4e 27 94 4c              ..j..j%WN'.L
--
< 2021/09/25 00:12:57.047085  length=24 from=500 to=523
 04 86 00 13 00 03 00 01 00 03 00 0c 80 80 00 a5  ................
 21 0f b0 a9 ca f1 dc 3b                          !......;
--
< 2021/09/25 00:12:57.063121  length=63 from=524 to=586
 04 14 00 3a 00 3f 00 1a 00 00 01 08 00 03 00 07  ...:.?..........
 00 16 00 00 00 02 00 04 00 30 bf 40 bf 32 bf 50  .........0.@.2.P
 bf 52 bf 54 bf 56 bf 58 bf 01 00 03 00 05 00 31  .R.T.V.X.......1
 bf 41 bf 33 bf 51 bf 53 bf 55 bf 57 bf 59 bf     .A.3.Q.S.U.W.Y.
--
> 2021/09/25 00:12:58.147320  length=29 from=168 to=196
 04 27 00 18 00 00 00 01 00 00 00 01 23 45 67 89  .'..........#Eg.
 ab cd ef 01 23 45 67 89 fe dc ba 01 00           ....#Eg......
--
< 2021/09/25 00:12:58.353832  length=19 from=587 to=605
 04 86 00 0e 00 07 01 01 00 03 00 07 00 00 08 00  ................
 00 00 03                                         ...
--
< 2021/09/25 00:12:58.609281  length=32 from=606 to=637
 04 86 00 15 00 03 00 01 00 03 00 0e 80 00 1c 00  ................
 73 fc 77 aa 24 fc 90 75 5e 68 04 27 00 01 00 00  s.w.$..u^h.'....
--
