Applying system reset.
Run.
< 2021/10/22 22:39:54.586954  length=5 from=0 to=4
 00 80 ff 00 00                                   .....
--
> 2021/10/22 22:39:54.858307  length=6 from=0 to=5
 00 03 ff 01 00 01                                ......
--
< 2021/10/22 22:39:54.874353  length=5 from=5 to=9
 00 03 ff 00 00                                   .....
--
> 2021/10/22 22:39:54.985330  length=5 from=6 to=10
 01 03 00 00 00                                   .....
--
< 2021/10/22 22:39:55.142912  length=141 from=10 to=150
 01 03 00 15 01 36 a7 20 ad 80 fc 13 06 00 00 13  .....6. ........
 82 00 00 00 00 00 62 74 70 5f 74 65 73 74 65 72  ......btp_tester
 00 00 00 00 00 00 00 00 00 00 00 00 00 00 00 00  ................
 00 00 00 00 00 00 00 00 00 00 00 00 00 00 00 00  ................
 00 00 00 00 00 00 00 00 00 00 00 00 00 00 00 00  ................
 00 00 00 00 00 00 00 00 00 00 00 00 00 00 00 00  ................
 00 00 00 00 00 00 00 00 00 00 00 00 00 00 00 00  ................
 00 00 00 00 00 00 00 00 00 00 00 00 00 00 00 00  ................
 00 00 00 00 00 00 00 00 00 00 00 00 00           .............
--
< 2021/10/22 22:39:55.145011  length=36 from=151 to=186
 00 00 00 00 00 00 00 00 00 00 00 00 00 00 00 00  ................
 00 00 00 00 00 00 00 00 00 00 00 00 00 00 00 00  ................
 00 00 00 00                                      ....
--
< 2021/10/22 22:39:55.159125  length=105 from=187 to=291
 00 00 00 00 00 00 00 00 00 00 00 00 00 00 00 00  ................
 00 00 00 00 00 00 00 00 00 00 00 00 00 00 00 00  ................
 00 00 00 00 00 00 00 00 00 00 00 00 00 00 00 00  ................
 00 00 00 00 00 00 00 00 00 00 00 00 00 00 00 00  ................
 00 00 00 00 00 00 00 00 00 00 00 00 00 00 00 00  ................
 00 00 00 00 00 00 00 00 00 00 00 00 00 00 00 00  ................
 00 00 00 00 00 00 00 00 00                       .........
--
> 2021/10/22 22:39:55.205938  length=6 from=11 to=16
 01 10 00 01 00 00                                ......
--
< 2021/10/22 22:39:55.220919  length=5 from=292 to=296
 01 10 00 00 00                                   .....
--
> 2021/10/22 22:39:59.433074  length=13 from=17 to=29
 01 0e 00 08 00 00 b9 15 60 92 01 cc 00           ........`....
--
< 2021/10/22 22:39:59.449054  length=5 from=297 to=301
 01 0e 00 00 00                                   .....
--
< 2021/10/22 22:39:59.734177  length=18 from=302 to=319
 01 82 00 0d 00 00 b9 15 60 92 01 cc 28 00 00 00  ........`...(...
 90 01                                            ..
--
> 2021/10/22 22:39:59.875122  length=12 from=30 to=41
 01 11 00 07 00 00 b9 15 60 92 01 cc              ........`...
--
< 2021/10/22 22:39:59.891117  length=5 from=320 to=324
 01 11 00 00 00                                   .....
--
> 2021/10/22 22:40:00.002565  length=12 from=42 to=53
 01 0f 00 07 00 00 b9 15 60 92 01 cc              ........`...
--
< 2021/10/22 22:40:00.018587  length=5 from=325 to=329
 01 0f 00 00 00                                   .....
--
< 2021/10/22 22:40:00.034674  length=12 from=330 to=341
 01 83 00 07 00 00 b9 15 60 92 01 cc              ........`...
--
> 2021/10/22 22:40:00.113353  length=13 from=54 to=66
 01 0e 00 08 00 00 b9 15 60 92 01 cc 00           ........`....
--
