Applying system reset.
Run.
< 2021/07/16 15:39:16.779943  length=5 from=0 to=4
 00 80 ff 00 00                                   .....
--
> 2021/07/16 15:39:17.015461  length=6 from=0 to=5
 00 03 ff 01 00 01                                ......
--
< 2021/07/16 15:39:17.031469  length=5 from=5 to=9
 00 03 ff 00 00                                   .....
--
> 2021/07/16 15:39:17.141261  length=5 from=6 to=10
 01 03 00 00 00                                   .....
--
< 2021/07/16 15:39:17.300868  length=112 from=10 to=121
 01 03 00 15 01 84 25 6f b7 e7 62 13 06 00 00 13  ......%o..b.....
 22 00 00 00 00 00 62 74 70 5f 74 65 73 74 65 72  ".....btp_tester
 00 00 00 00 00 00 00 00 00 00 00 00 00 00 00 00  ................
 00 00 00 00 00 00 00 00 00 00 00 00 00 00 00 00  ................
 00 00 00 00 00 00 00 00 00 00 00 00 00 00 00 00  ................
 00 00 00 00 00 00 00 00 00 00 00 00 00 00 00 00  ................
 00 00 00 00 00 00 00 00 00 00 00 00 00 00 00 00  ................
--
< 2021/07/16 15:39:17.302787  length=23 from=122 to=144
 00 00 00 00 00 00 00 00 00 00 00 00 00 00 00 00  ................
 00 00 00 00 00 00 00                             .......
--
< 2021/07/16 15:39:17.303122  length=11 from=145 to=155
 00 00 00 00 00 00 00 00 00 00 00                 ...........
--
< 2021/07/16 15:39:17.315818  length=136 from=156 to=291
 00 00 00 00 00 00 00 00 00 00 00 00 00 00 00 00  ................
 00 00 00 00 00 00 00 00 00 00 00 00 00 00 00 00  ................
 00 00 00 00 00 00 00 00 00 00 00 00 00 00 00 00  ................
 00 00 00 00 00 00 00 00 00 00 00 00 00 00 00 00  ................
 00 00 00 00 00 00 00 00 00 00 00 00 00 00 00 00  ................
 00 00 00 00 00 00 00 00 00 00 00 00 00 00 00 00  ................
 00 00 00 00 00 00 00 00 00 00 00 00 00 00 00 00  ................
 00 00 00 00 00 00 00 00 00 00 00 00 00 00 00 00  ................
 00 00 00 00 00 00 00 00                          ........
--
> 2021/07/16 15:39:23.755725  length=13 from=11 to=23
 01 0e 00 08 00 00 35 1c f2 dc 1b 00 00           ......5......
--
< 2021/07/16 15:39:23.771764  length=23 from=292 to=314
 01 0e 00 00 00 01 82 00 0d 00 00 35 1c f2 dc 1b  ...........5....
 00 28 00 00 00 90 01                             .(.....
--
> 2021/07/16 15:39:23.863403  length=12 from=24 to=35
 01 0f 00 07 00 00 35 1c f2 dc 1b 00              ......5.....
--
< 2021/07/16 15:39:23.879506  length=5 from=315 to=319
 01 0f 00 00 00                                   .....
--
< 2021/07/16 15:39:23.925334  length=12 from=320 to=331
 01 83 00 07 00 00 35 1c f2 dc 1b 00              ......5.....
--
