Applying system reset.
Run.
< 2021/10/08 09:46:15.315062  length=5 from=0 to=4
 00 80 ff 00 00                                   .....
--
> 2021/10/08 09:46:15.537459  length=6 from=0 to=5
 00 03 ff 01 00 01                                ......
--
< 2021/10/08 09:46:15.553429  length=5 from=5 to=9
 00 03 ff 00 00                                   .....
--
> 2021/10/08 09:46:15.617250  length=5 from=6 to=10
 01 03 00 00 00                                   .....
--
< 2021/10/08 09:46:15.824819  length=125 from=10 to=134
 01 03 00 15 01 36 a7 20 ad 80 fc 13 06 00 00 13  .....6. ........
 82 00 00 00 00 00 62 74 70 5f 74 65 73 74 65 72  ......btp_tester
 00 00 00 00 00 00 00 00 00 00 00 00 00 00 00 00  ................
 00 00 00 00 00 00 00 00 00 00 00 00 00 00 00 00  ................
 00 00 00 00 00 00 00 00 00 00 00 00 00 00 00 00  ................
 00 00 00 00 00 00 00 00 00 00 00 00 00 00 00 00  ................
 00 00 00 00 00 00 00 00 00 00 00 00 00 00 00 00  ................
 00 00 00 00 00 00 00 00 00 00 00 00 00           .............
--
< 2021/10/08 09:46:15.826749  length=23 from=135 to=157
 00 00 00 00 00 00 00 00 00 00 00 00 00 00 00 00  ................
 00 00 00 00 00 00 00                             .......
--
< 2021/10/08 09:46:15.827171  length=10 from=158 to=167
 00 00 00 00 00 00 00 00 00 00                    ..........
--
< 2021/10/08 09:46:15.839737  length=124 from=168 to=291
 00 00 00 00 00 00 00 00 00 00 00 00 00 00 00 00  ................
 00 00 00 00 00 00 00 00 00 00 00 00 00 00 00 00  ................
 00 00 00 00 00 00 00 00 00 00 00 00 00 00 00 00  ................
 00 00 00 00 00 00 00 00 00 00 00 00 00 00 00 00  ................
 00 00 00 00 00 00 00 00 00 00 00 00 00 00 00 00  ................
 00 00 00 00 00 00 00 00 00 00 00 00 00 00 00 00  ................
 00 00 00 00 00 00 00 00 00 00 00 00 00 00 00 00  ................
 00 00 00 00 00 00 00 00 00 00 00 00              ............
--
> 2021/10/08 09:46:15.935512  length=6 from=11 to=16
 01 10 00 01 00 00                                ......
--
< 2021/10/08 09:46:15.951573  length=5 from=292 to=296
 01 10 00 00 00                                   .....
--
> 2021/10/08 09:46:23.803629  length=13 from=17 to=29
 01 0e 00 08 00 00 e4 1f f2 dc 1b 00 00           .............
--
< 2021/10/08 09:46:23.819612  length=5 from=297 to=301
 01 0e 00 00 00                                   .....
--
< 2021/10/08 09:46:24.266500  length=18 from=302 to=319
 01 82 00 0d 00 00 e4 1f f2 dc 1b 00 28 00 00 00  ............(...
 90 01                                            ..
--
> 2021/10/08 09:46:24.360754  length=12 from=30 to=41
 01 11 00 07 00 00 e4 1f f2 dc 1b 00              ............
--
< 2021/10/08 09:46:24.375751  length=5 from=320 to=324
 01 11 00 00 00                                   .....
--
> 2021/10/08 09:46:24.455076  length=12 from=42 to=53
 01 0f 00 07 00 00 e4 1f f2 dc 1b 00              ............
--
< 2021/10/08 09:46:24.471083  length=17 from=325 to=341
 01 0f 00 00 00 01 83 00 07 00 00 e4 1f f2 dc 1b  ................
 00                                               .
--
> 2021/10/08 09:46:24.581070  length=13 from=54 to=66
 01 0e 00 08 00 00 e4 1f f2 dc 1b 00 00           .............
--
< 2021/10/08 09:46:24.597201  length=5 from=342 to=346
 01 0e 00 00 00                                   .....
--
< 2021/10/08 09:46:24.962083  length=18 from=347 to=364
 01 82 00 0d 00 00 e4 1f f2 dc 1b 00 28 00 00 00  ............(...
 90 01                                            ..
--
> 2021/10/08 09:46:25.025750  length=12 from=67 to=78
 01 11 00 07 00 00 e4 1f f2 dc 1b 00              ............
--
< 2021/10/08 09:46:25.041803  length=5 from=365 to=369
 01 11 00 00 00                                   .....
--
> 2021/10/08 09:46:25.089577  length=12 from=79 to=90
 01 0f 00 07 00 00 e4 1f f2 dc 1b 00              ............
--
< 2021/10/08 09:46:25.105560  length=5 from=370 to=374
 01 0f 00 00 00                                   .....
--
< 2021/10/08 09:46:25.121519  length=12 from=375 to=386
 01 83 00 07 00 00 e4 1f f2 dc 1b 00              ............
--
> 2021/10/08 09:46:25.231498  length=13 from=91 to=103
 01 0e 00 08 00 00 e4 1f f2 dc 1b 00 00           .............
--
< 2021/10/08 09:46:25.247499  length=5 from=387 to=391
 01 0e 00 00 00                                   .....
--
< 2021/10/08 09:46:25.611550  length=18 from=392 to=409
 01 82 00 0d 00 00 e4 1f f2 dc 1b 00 28 00 00 00  ............(...
 90 01                                            ..
--
> 2021/10/08 09:46:25.722199  length=12 from=104 to=115
 01 11 00 07 00 00 e4 1f f2 dc 1b 00              ............
--
< 2021/10/08 09:46:25.738271  length=5 from=410 to=414
 01 11 00 00 00                                   .....
--
> 2021/10/08 09:46:25.833692  length=12 from=116 to=127
 01 0f 00 07 00 00 e4 1f f2 dc 1b 00              ............
--
< 2021/10/08 09:46:25.849738  length=5 from=415 to=419
 01 0f 00 00 00                                   .....
--
< 2021/10/08 09:46:25.865717  length=12 from=420 to=431
 01 83 00 07 00 00 e4 1f f2 dc 1b 00              ............
--
> 2021/10/08 09:46:25.928140  length=13 from=128 to=140
 01 0e 00 08 00 00 e4 1f f2 dc 1b 00 00           .............
--
< 2021/10/08 09:46:25.944230  length=5 from=432 to=436
 01 0e 00 00 00                                   .....
--
< 2021/10/08 09:46:26.340676  length=18 from=437 to=454
 01 82 00 0d 00 00 e4 1f f2 dc 1b 00 28 00 00 00  ............(...
 90 01                                            ..
--
> 2021/10/08 09:46:26.450728  length=12 from=141 to=152
 01 11 00 07 00 00 e4 1f f2 dc 1b 00              ............
--
< 2021/10/08 09:46:26.466714  length=5 from=455 to=459
 01 11 00 00 00                                   .....
--
> 2021/10/08 09:46:26.545364  length=12 from=153 to=164
 01 0f 00 07 00 00 e4 1f f2 dc 1b 00              ............
--
< 2021/10/08 09:46:26.561415  length=5 from=460 to=464
 01 0f 00 00 00                                   .....
--
< 2021/10/08 09:46:26.592933  length=12 from=465 to=476
 01 83 00 07 00 00 e4 1f f2 dc 1b 00              ............
--
