2021-10-08 09:46:13,626 root DEBUG autoptsclient_common.py   775   run_test_case_thread_entry : Starting TestCase wrapper SM SM/CEN/JW/BV-05-C
2021-10-08 09:46:13,626 root DEBUG testcase.py               718   pre_run                   : pre_run SM SM/CEN/JW/BV-05-C
2021-10-08 09:46:13,626 root DEBUG testcase.py               720   pre_run                   : About to run test case SM SM/CEN/JW/BV-05-C with commands:
2021-10-08 09:46:13,626 root DEBUG testcase.py               723   pre_run                   : 0) class=<class 'ptsprojects.testcase.TestFunc'>, func=<bound method ZephyrCtl.start of <ptsprojects.zephyr.iutctl.ZephyrCtl object at 0x0000028CF7F58C10>> start_wid=None stop_wid=None post_wid=None skip_call=None call_count=0 args=(<ptsprojects.zephyr.ztestcase.ZTestCase object at 0x0000028CF82F3C10>,) kwds={}
2021-10-08 09:46:13,627 root DEBUG testcase.py               723   pre_run                   : 1) class=<class 'ptsprojects.testcase.TestFunc'>, func=<bound method ZephyrCtl.wait_iut_ready_event of <ptsprojects.zephyr.iutctl.ZephyrCtl object at 0x0000028CF7F58C10>> start_wid=None stop_wid=None post_wid=None skip_call=None call_count=0 args=() kwds={}
2021-10-08 09:46:13,627 root DEBUG testcase.py               723   pre_run                   : 2) class=<class 'ptsprojects.testcase.TestFunc'>, func=<function core_reg_svc_gap at 0x0000028CF6662820> start_wid=None stop_wid=None post_wid=None skip_call=None call_count=0 args=() kwds={}
2021-10-08 09:46:13,627 root DEBUG testcase.py               723   pre_run                   : 3) class=<class 'ptsprojects.testcase.TestFunc'>, func=<bound method Stack.gap_init of <ptsprojects.stack.Stack object at 0x0000028CF7F58B20>> start_wid=None stop_wid=None post_wid=None skip_call=None call_count=0 args=(b'Tester_F21FE4',) kwds={}
2021-10-08 09:46:13,627 root DEBUG testcase.py               723   pre_run                   : 4) class=<class 'ptsprojects.testcase.TestFunc'>, func=<function gap_read_ctrl_info at 0x0000028CF6671CA0> start_wid=None stop_wid=None post_wid=None skip_call=None call_count=0 args=() kwds={}
2021-10-08 09:46:13,627 root DEBUG testcase.py               723   pre_run                   : 5) class=<class 'ptsprojects.testcase.TestFunc'>, func=<function test_cases.<locals>.<lambda> at 0x0000028CF828A280> start_wid=None stop_wid=None post_wid=None skip_call=None call_count=0 args=() kwds={}
2021-10-08 09:46:13,627 root DEBUG testcase.py               723   pre_run                   : 6) class=<class 'ptsprojects.testcase.TestFunc'>, func=<function test_cases.<locals>.<lambda> at 0x0000028CF828A1F0> start_wid=None stop_wid=None post_wid=None skip_call=None call_count=0 args=() kwds={}
2021-10-08 09:46:13,627 root DEBUG testcase.py               723   pre_run                   : 7) class=<class 'ptsprojects.testcase.TestFunc'>, func=<function test_cases.<locals>.<lambda> at 0x0000028CF828A310> start_wid=None stop_wid=None post_wid=None skip_call=None call_count=0 args=() kwds={}
2021-10-08 09:46:13,627 root DEBUG testcase.py               723   pre_run                   : 8) class=<class 'ptsprojects.testcase.TestFunc'>, func=<function set_pts_addr at 0x0000028CF6662790> start_wid=None stop_wid=None post_wid=None skip_call=None call_count=0 args=('00:1B:DC:F2:1F:E4', 0) kwds={}
2021-10-08 09:46:13,627 root DEBUG testcase.py               723   pre_run                   : 9) class=<class 'ptsprojects.testcase.TestFunc'>, func=<function gap_set_io_cap at 0x0000028CF6671310> start_wid=None stop_wid=None post_wid=None skip_call=None call_count=0 args=(0,) kwds={}
2021-10-08 09:46:13,627 root DEBUG testcase.py               723   pre_run                   : 10) class=<class 'ptsprojects.testcase.TestFuncCleanUp'>, func=<bound method Stack.cleanup of <ptsprojects.stack.Stack object at 0x0000028CF7F58B20>> start_wid=None stop_wid=None post_wid=None skip_call=None call_count=0 args=() kwds={}
2021-10-08 09:46:13,627 root DEBUG testcase.py               723   pre_run                   : 11) class=<class 'ptsprojects.testcase.TestFuncCleanUp'>, func=<bound method ZephyrCtl.stop of <ptsprojects.zephyr.iutctl.ZephyrCtl object at 0x0000028CF7F58C10>> start_wid=None stop_wid=None post_wid=None skip_call=None call_count=0 args=() kwds={}
2021-10-08 09:46:13,627 root DEBUG testcase.py               730   pre_run                   : post_run, run pre test case script
2021-10-08 09:46:13,630 root DEBUG testcase.py               246   start                     : Starting test function: class=<class 'ptsprojects.testcase.TestFunc'>, func=<bound method ZephyrCtl.start of <ptsprojects.zephyr.iutctl.ZephyrCtl object at 0x0000028CF7F58C10>> start_wid=None stop_wid=None post_wid=None skip_call=None call_count=1 args=(<ptsprojects.zephyr.ztestcase.ZTestCase object at 0x0000028CF82F3C10>,) kwds={}
2021-10-08 09:46:13,630 root DEBUG testcase.py               258   start                     : Test function parameters: args=(<ptsprojects.zephyr.ztestcase.ZTestCase object at 0x0000028CF82F3C10>,), kwds={}
2021-10-08 09:46:13,630 root DEBUG iutctl.py                 92    start                     : <class 'ptsprojects.zephyr.iutctl.ZephyrCtl'>.start
2021-10-08 09:46:13,630 root DEBUG iutctl.py                 152   flush_serial              : <class 'ptsprojects.zephyr.iutctl.ZephyrCtl'>.flush_serial
2021-10-08 09:46:13,659 root DEBUG iutctl.py                 117   start                     : Starting socat process: socat.exe -x -v tcp:192.168.9.109:55252,retry=100,interval=1 /dev/ttyS2,raw,b115200
2021-10-08 09:46:13,662 root DEBUG iutctl_common.py          231   accept                    : accept
2021-10-08 09:46:13,676 root DEBUG testcase.py               246   start                     : Starting test function: class=<class 'ptsprojects.testcase.TestFunc'>, func=<bound method ZephyrCtl.wait_iut_ready_event of <ptsprojects.zephyr.iutctl.ZephyrCtl object at 0x0000028CF7F58C10>> start_wid=None stop_wid=None post_wid=None skip_call=None call_count=1 args=() kwds={}
2021-10-08 09:46:13,676 root DEBUG testcase.py               258   start                     : Test function parameters: args=(), kwds={}
2021-10-08 09:46:13,676 root DEBUG iutctl.py                 186   reset                     : <class 'ptsprojects.zephyr.iutctl.ZephyrCtl'>.reset
2021-10-08 09:46:13,676 root DEBUG iutctl.py                 221   stop                      : <class 'ptsprojects.zephyr.iutctl.ZephyrCtl'>.stop
2021-10-08 09:46:14,706 root DEBUG iutctl.py                 92    start                     : <class 'ptsprojects.zephyr.iutctl.ZephyrCtl'>.start
2021-10-08 09:46:14,707 root DEBUG iutctl.py                 152   flush_serial              : <class 'ptsprojects.zephyr.iutctl.ZephyrCtl'>.flush_serial
2021-10-08 09:46:14,735 root DEBUG iutctl.py                 117   start                     : Starting socat process: socat.exe -x -v tcp:192.168.9.109:55254,retry=100,interval=1 /dev/ttyS2,raw,b115200
2021-10-08 09:46:14,738 root DEBUG iutctl_common.py          231   accept                    : accept
2021-10-08 09:46:14,750 root DEBUG iutctl.py                 152   flush_serial              : <class 'ptsprojects.zephyr.iutctl.ZephyrCtl'>.flush_serial
2021-10-08 09:46:14,750 root DEBUG iutctl.py                 295   reset                     : About to reset DUT: 'nrfjprog -f nrf52 -r -s 683357425'
2021-10-08 09:46:15,073 root DEBUG iutctl_common.py          174   read                      : read
2021-10-08 09:46:15,346 root DEBUG iutctl_common.py          98    read                      : Received: hdr: Header(svc_id=0, op=128, ctrl_index=255, data_len=0) bytearray(b'\x00\x80\xff\x00\x00')
2021-10-08 09:46:15,474 root DEBUG iutctl_common.py          111   read                      : Received data: "('',)", bytearray(b'')
2021-10-08 09:46:15,490 root DEBUG btp.py                    423   event_handler             : event_handler Header(svc_id=0, op=128, ctrl_index=255, data_len=0) (b'',)
2021-10-08 09:46:15,506 root ERROR btp.py                    455   event_handler             : Unhandled event! svc_id 0 op 128
2021-10-08 09:46:15,522 root DEBUG iutctl.py                 214   wait_iut_ready_event      : IUT ready event received OK
2021-10-08 09:46:15,522 root DEBUG testcase.py               246   start                     : Starting test function: class=<class 'ptsprojects.testcase.TestFunc'>, func=<function core_reg_svc_gap at 0x0000028CF6662820> start_wid=None stop_wid=None post_wid=None skip_call=None call_count=1 args=() kwds={}
2021-10-08 09:46:15,522 root DEBUG testcase.py               258   start                     : Test function parameters: args=(), kwds={}
2021-10-08 09:46:15,522 root DEBUG btp.py                    258   core_reg_svc_gap          : core_reg_svc_gap
2021-10-08 09:46:15,522 root DEBUG iutctl_common.py          117   send                      : send, 0 3 255 '1'
2021-10-08 09:46:15,522 root DEBUG iutctl_common.py          120   send                      : btpclient command: send 0 3 255 '1'
2021-10-08 09:46:15,522 root DEBUG iutctl_common.py          125   send                      : sending frame b'\x00\x03\xff\x01\x00\x01'
2021-10-08 09:46:15,522 root DEBUG btp.py                    340   core_reg_svc_rsp_succ     : core_reg_svc_rsp_succ
2021-10-08 09:46:15,522 root DEBUG iutctl_common.py          174   read                      : read
2021-10-08 09:46:15,585 root DEBUG iutctl_common.py          98    read                      : Received: hdr: Header(svc_id=0, op=3, ctrl_index=255, data_len=0) bytearray(b'\x00\x03\xff\x00\x00')
2021-10-08 09:46:15,585 root DEBUG iutctl_common.py          111   read                      : Received data: "('',)", bytearray(b'')
2021-10-08 09:46:15,585 root DEBUG btp.py                    351   core_reg_svc_rsp_succ     : received Header(svc_id=0, op=3, ctrl_index=255, data_len=0) (b'',)
2021-10-08 09:46:15,585 root DEBUG btp.py                    352   core_reg_svc_rsp_succ     : expected ((0, 3, 255, 0), (b'',))
2021-10-08 09:46:15,585 root DEBUG btp.py                    357   core_reg_svc_rsp_succ     : response is valid
2021-10-08 09:46:15,585 root DEBUG testcase.py               246   start                     : Starting test function: class=<class 'ptsprojects.testcase.TestFunc'>, func=<bound method Stack.gap_init of <ptsprojects.stack.Stack object at 0x0000028CF7F58B20>> start_wid=None stop_wid=None post_wid=None skip_call=None call_count=1 args=(b'Tester_F21FE4',) kwds={}
2021-10-08 09:46:15,585 root DEBUG testcase.py               258   start                     : Test function parameters: args=(b'Tester_F21FE4',), kwds={}
2021-10-08 09:46:15,585 root DEBUG testcase.py               246   start                     : Starting test function: class=<class 'ptsprojects.testcase.TestFunc'>, func=<function gap_read_ctrl_info at 0x0000028CF6671CA0> start_wid=None stop_wid=None post_wid=None skip_call=None call_count=1 args=() kwds={}
2021-10-08 09:46:15,586 root DEBUG testcase.py               258   start                     : Test function parameters: args=(), kwds={}
2021-10-08 09:46:15,586 root DEBUG gap.py                    736   gap_read_ctrl_info        : gap_read_ctrl_info
2021-10-08 09:46:15,586 root DEBUG iutctl_common.py          117   send                      : send, 1 3 0 ''
2021-10-08 09:46:15,586 root DEBUG iutctl_common.py          120   send                      : btpclient command: send 1 3 0 ''
2021-10-08 09:46:15,586 root DEBUG iutctl_common.py          125   send                      : sending frame b'\x01\x03\x00\x00\x00'
2021-10-08 09:46:15,586 root DEBUG iutctl_common.py          174   read                      : read
2021-10-08 09:46:15,855 root DEBUG iutctl_common.py          98    read                      : Received: hdr: Header(svc_id=1, op=3, ctrl_index=0, data_len=277) bytearray(b'\x01\x03\x00\x15\x01')
2021-10-08 09:46:15,903 root DEBUG iutctl_common.py          111   read                      : Received data: "('6§ \xad\x80ü\x13\x06\x00\x00\x13\x82\x00\x00\x00\x00\x00btp_tester\x00\x00\x00\x00\x00\x00\x00\x00\x00\x00\x00\x00\x00\x00\x00\x00\x00\x00\x00\x00\x00\x00\x00\x00\x00\x00\x00\x00\x00\x00\x00\x00\x00\x00\x00\x00\x00\x00\x00\x00\x00\x00\x00\x00\x00\x00\x00\x00\x00\x00\x00\x00\x00\x00\x00\x00\x00\x00\x00\x00\x00\x00\x00\x00\x00\x00\x00\x00\x00\x00\x00\x00\x00\x00\x00\x00\x00\x00\x00\x00\x00\x00\x00\x00\x00\x00\x00\x00\x00\x00\x00\x00\x00\x00\x00\x00\x00\x00\x00\x00\x00\x00\x00\x00\x00\x00\x00\x00\x00\x00\x00\x00\x00\x00\x00\x00\x00\x00\x00\x00\x00\x00\x00\x00\x00\x00\x00\x00\x00\x00\x00\x00\x00\x00\x00\x00\x00\x00\x00\x00\x00\x00\x00\x00\x00\x00\x00\x00\x00\x00\x00\x00\x00\x00\x00\x00\x00\x00\x00\x00\x00\x00\x00\x00\x00\x00\x00\x00\x00\x00\x00\x00\x00\x00\x00\x00\x00\x00\x00\x00\x00\x00\x00\x00\x00\x00\x00\x00\x00\x00\x00\x00\x00\x00\x00\x00\x00\x00\x00\x00\x00\x00\x00\x00\x00\x00\x00\x00\x00\x00\x00\x00\x00\x00\x00\x00\x00\x00\x00\x00\x00\x00\x00\x00\x00\x00\x00\x00\x00\x00\x00\x00\x00\x00\x00\x00\x00\x00\x00\x00\x00\x00\x00\x00\x00\x00\x00\x00\x00\x00',)", bytearray(b'6\xa7 \xad\x80\xfc\x13\x06\x00\x00\x13\x82\x00\x00\x00\x00\x00btp_tester\x00\x00\x00\x00\x00\x00\x00\x00\x00\x00\x00\x00\x00\x00\x00\x00\x00\x00\x00\x00\x00\x00\x00\x00\x00\x00\x00\x00\x00\x00\x00\x00\x00\x00\x00\x00\x00\x00\x00\x00\x00\x00\x00\x00\x00\x00\x00\x00\x00\x00\x00\x00\x00\x00\x00\x00\x00\x00\x00\x00\x00\x00\x00\x00\x00\x00\x00\x00\x00\x00\x00\x00\x00\x00\x00\x00\x00\x00\x00\x00\x00\x00\x00\x00\x00\x00\x00\x00\x00\x00\x00\x00\x00\x00\x00\x00\x00\x00\x00\x00\x00\x00\x00\x00\x00\x00\x00\x00\x00\x00\x00\x00\x00\x00\x00\x00\x00\x00\x00\x00\x00\x00\x00\x00\x00\x00\x00\x00\x00\x00\x00\x00\x00\x00\x00\x00\x00\x00\x00\x00\x00\x00\x00\x00\x00\x00\x00\x00\x00\x00\x00\x00\x00\x00\x00\x00\x00\x00\x00\x00\x00\x00\x00\x00\x00\x00\x00\x00\x00\x00\x00\x00\x00\x00\x00\x00\x00\x00\x00\x00\x00\x00\x00\x00\x00\x00\x00\x00\x00\x00\x00\x00\x00\x00\x00\x00\x00\x00\x00\x00\x00\x00\x00\x00\x00\x00\x00\x00\x00\x00\x00\x00\x00\x00\x00\x00\x00\x00\x00\x00\x00\x00\x00\x00\x00\x00\x00\x00\x00\x00\x00\x00\x00\x00\x00\x00\x00\x00\x00\x00\x00\x00\x00\x00\x00\x00\x00\x00\x00\x00')
2021-10-08 09:46:15,903 root DEBUG gap.py                    743   gap_read_ctrl_info        : received Header(svc_id=1, op=3, ctrl_index=0, data_len=277) (b'6\xa7 \xad\x80\xfc\x13\x06\x00\x00\x13\x82\x00\x00\x00\x00\x00btp_tester\x00\x00\x00\x00\x00\x00\x00\x00\x00\x00\x00\x00\x00\x00\x00\x00\x00\x00\x00\x00\x00\x00\x00\x00\x00\x00\x00\x00\x00\x00\x00\x00\x00\x00\x00\x00\x00\x00\x00\x00\x00\x00\x00\x00\x00\x00\x00\x00\x00\x00\x00\x00\x00\x00\x00\x00\x00\x00\x00\x00\x00\x00\x00\x00\x00\x00\x00\x00\x00\x00\x00\x00\x00\x00\x00\x00\x00\x00\x00\x00\x00\x00\x00\x00\x00\x00\x00\x00\x00\x00\x00\x00\x00\x00\x00\x00\x00\x00\x00\x00\x00\x00\x00\x00\x00\x00\x00\x00\x00\x00\x00\x00\x00\x00\x00\x00\x00\x00\x00\x00\x00\x00\x00\x00\x00\x00\x00\x00\x00\x00\x00\x00\x00\x00\x00\x00\x00\x00\x00\x00\x00\x00\x00\x00\x00\x00\x00\x00\x00\x00\x00\x00\x00\x00\x00\x00\x00\x00\x00\x00\x00\x00\x00\x00\x00\x00\x00\x00\x00\x00\x00\x00\x00\x00\x00\x00\x00\x00\x00\x00\x00\x00\x00\x00\x00\x00\x00\x00\x00\x00\x00\x00\x00\x00\x00\x00\x00\x00\x00\x00\x00\x00\x00\x00\x00\x00\x00\x00\x00\x00\x00\x00\x00\x00\x00\x00\x00\x00\x00\x00\x00\x00\x00\x00\x00\x00\x00\x00\x00\x00\x00\x00\x00\x00\x00\x00\x00\x00\x00\x00\x00\x00\x00\x00\x00\x00\x00\x00\x00\x00',)
2021-10-08 09:46:15,903 root DEBUG gap.py                    764   gap_read_ctrl_info        : IUT address 'fc80ad20a736'
2021-10-08 09:46:15,903 root DEBUG gap.py                    250   __gap_current_settings_update : __gap_current_settings_update 33299
2021-10-08 09:46:15,903 root DEBUG testcase.py               246   start                     : Starting test function: class=<class 'ptsprojects.testcase.TestFunc'>, func=<function test_cases.<locals>.<lambda> at 0x0000028CF828A280> start_wid=None stop_wid=None post_wid=None skip_call=None call_count=1 args=() kwds={}
2021-10-08 09:46:15,903 root DEBUG testcase.py               258   start                     : Test function parameters: args=(), kwds={}
2021-10-08 09:46:15,904 root DEBUG testcase.py               246   start                     : Starting test function: class=<class 'ptsprojects.testcase.TestFunc'>, func=<function test_cases.<locals>.<lambda> at 0x0000028CF828A1F0> start_wid=None stop_wid=None post_wid=None skip_call=None call_count=1 args=() kwds={}
2021-10-08 09:46:15,904 root DEBUG testcase.py               258   start                     : Test function parameters: args=(), kwds={}
2021-10-08 09:46:15,905 root DEBUG testcase.py               246   start                     : Starting test function: class=<class 'ptsprojects.testcase.TestFunc'>, func=<function test_cases.<locals>.<lambda> at 0x0000028CF828A310> start_wid=None stop_wid=None post_wid=None skip_call=None call_count=1 args=() kwds={}
2021-10-08 09:46:15,905 root DEBUG testcase.py               258   start                     : Test function parameters: args=(), kwds={}
2021-10-08 09:46:15,906 root DEBUG testcase.py               246   start                     : Starting test function: class=<class 'ptsprojects.testcase.TestFunc'>, func=<function set_pts_addr at 0x0000028CF6662790> start_wid=None stop_wid=None post_wid=None skip_call=None call_count=1 args=('00:1B:DC:F2:1F:E4', 0) kwds={}
2021-10-08 09:46:15,906 root DEBUG testcase.py               258   start                     : Test function parameters: args=('00:1B:DC:F2:1F:E4', 0), kwds={}
2021-10-08 09:46:15,906 root DEBUG testcase.py               246   start                     : Starting test function: class=<class 'ptsprojects.testcase.TestFunc'>, func=<function gap_set_io_cap at 0x0000028CF6671310> start_wid=None stop_wid=None post_wid=None skip_call=None call_count=1 args=(0,) kwds={}
2021-10-08 09:46:15,906 root DEBUG testcase.py               258   start                     : Test function parameters: args=(0,), kwds={}
2021-10-08 09:46:15,906 root DEBUG gap.py                    450   gap_set_io_cap            : gap_set_io_cap 0
2021-10-08 09:46:15,906 root DEBUG iutctl_common.py          117   send                      : send, 1 16 0 '\x00'
2021-10-08 09:46:15,907 root DEBUG iutctl_common.py          120   send                      : btpclient command: send 1 16 0 '\x00'
2021-10-08 09:46:15,907 root DEBUG iutctl_common.py          125   send                      : sending frame b'\x01\x10\x00\x01\x00\x00'
2021-10-08 09:46:15,907 root DEBUG gap.py                    770   gap_command_rsp_succ      : gap_command_rsp_succ
2021-10-08 09:46:15,907 root DEBUG iutctl_common.py          174   read                      : read
2021-10-08 09:46:15,982 root DEBUG iutctl_common.py          98    read                      : Received: hdr: Header(svc_id=1, op=16, ctrl_index=0, data_len=0) bytearray(b'\x01\x10\x00\x00\x00')
2021-10-08 09:46:15,998 root DEBUG iutctl_common.py          111   read                      : Received data: "('',)", bytearray(b'')
2021-10-08 09:46:16,014 root DEBUG gap.py                    775   gap_command_rsp_succ      : received Header(svc_id=1, op=16, ctrl_index=0, data_len=0) (b'',)
2021-10-08 09:46:16,014 root DEBUG autoptsclient_common.py   270   set_current_test_case     : CallbackThread.set_current_test_case SM/CEN/JW/BV-05-C
2021-10-08 09:46:23,791 ClientCallback.on_implicit_send INFO autoptsclient_common.py   169   on_implicit_send          : ********************
2021-10-08 09:46:23,791 ClientCallback.on_implicit_send INFO autoptsclient_common.py   170   on_implicit_send          : BEGIN OnImplicitSend:
2021-10-08 09:46:23,791 ClientCallback.on_implicit_send INFO autoptsclient_common.py   171   on_implicit_send          : project_name: SM
2021-10-08 09:46:23,791 ClientCallback.on_implicit_send INFO autoptsclient_common.py   172   on_implicit_send          : wid: 100
2021-10-08 09:46:23,791 ClientCallback.on_implicit_send INFO autoptsclient_common.py   173   on_implicit_send          : test_case_name: SM/CEN/JW/BV-05-C
2021-10-08 09:46:23,791 ClientCallback.on_implicit_send INFO autoptsclient_common.py   174   on_implicit_send          : description: Initiate an connection from the IUT to the PTS.
2021-10-08 09:46:23,791 ClientCallback.on_implicit_send INFO autoptsclient_common.py   175   on_implicit_send          : style: MMI_Style_Ok_Cancel2 0x11141
2021-10-08 09:46:23,791 ClientCallback.on_implicit_send INFO autoptsclient_common.py   181   on_implicit_send          : Calling test cases on_implicit_send
2021-10-08 09:46:23,791 root DEBUG testcase.py               675   on_implicit_send          : SM SM/CEN/JW/BV-05-C on_implicit_send
2021-10-08 09:46:23,791 root DEBUG testcase.py               619   join_post_wid_thread      : SM SM/CEN/JW/BV-05-C join_post_wid_thread
2021-10-08 09:46:23,791 root DEBUG testcase.py               621   join_post_wid_thread      : self.post_wid_thread None
2021-10-08 09:46:23,791 root DEBUG sm_wid.py                 27    sm_wid_hdl                : sm_wid_hdl, 100, 'Initiate an connection from the IUT to the PTS.', SM/CEN/JW/BV-05-C
2021-10-08 09:46:23,791 root DEBUG gap.py                    377   gap_conn                  : gap_conn None None
2021-10-08 09:46:23,791 root DEBUG iutctl_common.py          117   send                      : send, 1 14 0 "bytearray(b'\\x00\\xe4\\x1f\\xf2\\xdc\\x1b\\x00\\x00')"
2021-10-08 09:46:23,791 root DEBUG iutctl_common.py          120   send                      : btpclient command: send 1 14 0 "bytearray(b'\\x00\\xe4\\x1f\\xf2\\xdc\\x1b\\x00\\x00')"
2021-10-08 09:46:23,792 root DEBUG iutctl_common.py          125   send                      : sending frame b'\x01\x0e\x00\x08\x00\x00\xe4\x1f\xf2\xdc\x1b\x00\x00'
2021-10-08 09:46:23,792 root DEBUG gap.py                    770   gap_command_rsp_succ      : gap_command_rsp_succ
2021-10-08 09:46:23,792 root DEBUG iutctl_common.py          174   read                      : read
2021-10-08 09:46:23,851 root DEBUG iutctl_common.py          98    read                      : Received: hdr: Header(svc_id=1, op=14, ctrl_index=0, data_len=0) bytearray(b'\x01\x0e\x00\x00\x00')
2021-10-08 09:46:23,851 root DEBUG iutctl_common.py          111   read                      : Received data: "('',)", bytearray(b'')
2021-10-08 09:46:23,867 root DEBUG gap.py                    775   gap_command_rsp_succ      : received Header(svc_id=1, op=14, ctrl_index=0, data_len=0) (b'',)
2021-10-08 09:46:24,282 root DEBUG iutctl_common.py          98    read                      : Received: hdr: Header(svc_id=1, op=130, ctrl_index=0, data_len=13) bytearray(b'\x01\x82\x00\r\x00')
2021-10-08 09:46:24,329 root DEBUG iutctl_common.py          111   read                      : Received data: "('\x00ä\x1fòÜ\x1b\x00(\x00\x00\x00\x90\x01',)", bytearray(b'\x00\xe4\x1f\xf2\xdc\x1b\x00(\x00\x00\x00\x90\x01')
2021-10-08 09:46:24,345 root DEBUG btp.py                    423   event_handler             : event_handler Header(svc_id=1, op=130, ctrl_index=0, data_len=13) (b'\x00\xe4\x1f\xf2\xdc\x1b\x00(\x00\x00\x00\x90\x01',)
2021-10-08 09:46:24,345 root DEBUG gap.py                    128   gap_connected_ev_         : gap_connected_ev_ b'\x00\xe4\x1f\xf2\xdc\x1b\x00(\x00\x00\x00\x90\x01'
2021-10-08 09:46:24,345 root DEBUG testcase.py               713   on_implicit_send          : Sending response 'OK'
2021-10-08 09:46:24,345 ClientCallback.on_implicit_send INFO autoptsclient_common.py   186   on_implicit_send          : test case returned on_implicit_send, response: OK
2021-10-08 09:46:24,345 ClientCallback.on_implicit_send INFO autoptsclient_common.py   196   on_implicit_send          : END OnImplicitSend:
2021-10-08 09:46:24,345 ClientCallback.on_implicit_send INFO autoptsclient_common.py   197   on_implicit_send          : ********************
2021-10-08 09:46:24,347 ClientCallback.on_implicit_send INFO autoptsclient_common.py   169   on_implicit_send          : ********************
2021-10-08 09:46:24,347 ClientCallback.on_implicit_send INFO autoptsclient_common.py   170   on_implicit_send          : BEGIN OnImplicitSend:
2021-10-08 09:46:24,347 ClientCallback.on_implicit_send INFO autoptsclient_common.py   171   on_implicit_send          : project_name: SM
2021-10-08 09:46:24,347 ClientCallback.on_implicit_send INFO autoptsclient_common.py   172   on_implicit_send          : wid: 108
2021-10-08 09:46:24,347 ClientCallback.on_implicit_send INFO autoptsclient_common.py   173   on_implicit_send          : test_case_name: SM/CEN/JW/BV-05-C
2021-10-08 09:46:24,347 ClientCallback.on_implicit_send INFO autoptsclient_common.py   174   on_implicit_send          : description: Please start pairing process.
2021-10-08 09:46:24,347 ClientCallback.on_implicit_send INFO autoptsclient_common.py   175   on_implicit_send          : style: MMI_Style_Ok 0x11040
2021-10-08 09:46:24,347 ClientCallback.on_implicit_send INFO autoptsclient_common.py   181   on_implicit_send          : Calling test cases on_implicit_send
2021-10-08 09:46:24,347 root DEBUG testcase.py               675   on_implicit_send          : SM SM/CEN/JW/BV-05-C on_implicit_send
2021-10-08 09:46:24,347 root DEBUG testcase.py               619   join_post_wid_thread      : SM SM/CEN/JW/BV-05-C join_post_wid_thread
2021-10-08 09:46:24,347 root DEBUG testcase.py               621   join_post_wid_thread      : self.post_wid_thread None
2021-10-08 09:46:24,347 root DEBUG sm_wid.py                 27    sm_wid_hdl                : sm_wid_hdl, 108, 'Please start pairing process.', SM/CEN/JW/BV-05-C
2021-10-08 09:46:24,347 root DEBUG gap.py                    459   gap_pair                  : gap_pair None None
2021-10-08 09:46:24,348 root DEBUG iutctl_common.py          117   send                      : send, 1 17 0 "bytearray(b'\\x00\\xe4\\x1f\\xf2\\xdc\\x1b\\x00')"
2021-10-08 09:46:24,348 root DEBUG iutctl_common.py          120   send                      : btpclient command: send 1 17 0 "bytearray(b'\\x00\\xe4\\x1f\\xf2\\xdc\\x1b\\x00')"
2021-10-08 09:46:24,348 root DEBUG iutctl_common.py          125   send                      : sending frame b'\x01\x11\x00\x07\x00\x00\xe4\x1f\xf2\xdc\x1b\x00'
2021-10-08 09:46:24,348 root DEBUG gap.py                    770   gap_command_rsp_succ      : gap_command_rsp_succ
2021-10-08 09:46:24,348 root DEBUG iutctl_common.py          174   read                      : read
2021-10-08 09:46:24,407 root DEBUG iutctl_common.py          98    read                      : Received: hdr: Header(svc_id=1, op=17, ctrl_index=0, data_len=0) bytearray(b'\x01\x11\x00\x00\x00')
2021-10-08 09:46:24,423 root DEBUG iutctl_common.py          111   read                      : Received data: "('',)", bytearray(b'')
2021-10-08 09:46:24,439 root DEBUG gap.py                    775   gap_command_rsp_succ      : received Header(svc_id=1, op=17, ctrl_index=0, data_len=0) (b'',)
2021-10-08 09:46:24,439 root DEBUG testcase.py               713   on_implicit_send          : Sending response 'Ok'
2021-10-08 09:46:24,439 ClientCallback.on_implicit_send INFO autoptsclient_common.py   186   on_implicit_send          : test case returned on_implicit_send, response: Ok
2021-10-08 09:46:24,439 ClientCallback.on_implicit_send INFO autoptsclient_common.py   196   on_implicit_send          : END OnImplicitSend:
2021-10-08 09:46:24,439 ClientCallback.on_implicit_send INFO autoptsclient_common.py   197   on_implicit_send          : ********************
2021-10-08 09:46:24,441 ClientCallback.on_implicit_send INFO autoptsclient_common.py   169   on_implicit_send          : ********************
2021-10-08 09:46:24,441 ClientCallback.on_implicit_send INFO autoptsclient_common.py   170   on_implicit_send          : BEGIN OnImplicitSend:
2021-10-08 09:46:24,441 ClientCallback.on_implicit_send INFO autoptsclient_common.py   171   on_implicit_send          : project_name: SM
2021-10-08 09:46:24,441 ClientCallback.on_implicit_send INFO autoptsclient_common.py   172   on_implicit_send          : wid: 102
2021-10-08 09:46:24,441 ClientCallback.on_implicit_send INFO autoptsclient_common.py   173   on_implicit_send          : test_case_name: SM/CEN/JW/BV-05-C
2021-10-08 09:46:24,441 ClientCallback.on_implicit_send INFO autoptsclient_common.py   174   on_implicit_send          : description: Please initiate a disconnection to the PTS.

Description: Verify that the Implementation Under Test(IUT) can initiate a disconnect request to PTS.
2021-10-08 09:46:24,441 ClientCallback.on_implicit_send INFO autoptsclient_common.py   175   on_implicit_send          : style: MMI_Style_Ok_Cancel2 0x11141
2021-10-08 09:46:24,441 ClientCallback.on_implicit_send INFO autoptsclient_common.py   181   on_implicit_send          : Calling test cases on_implicit_send
2021-10-08 09:46:24,441 root DEBUG testcase.py               675   on_implicit_send          : SM SM/CEN/JW/BV-05-C on_implicit_send
2021-10-08 09:46:24,441 root DEBUG testcase.py               619   join_post_wid_thread      : SM SM/CEN/JW/BV-05-C join_post_wid_thread
2021-10-08 09:46:24,441 root DEBUG testcase.py               621   join_post_wid_thread      : self.post_wid_thread None
2021-10-08 09:46:24,441 root DEBUG sm_wid.py                 27    sm_wid_hdl                : sm_wid_hdl, 102, 'Please initiate a disconnection to the PTS.\n\nDescription: Verify that the Implementation Under Test(IUT) can initiate a disconnect request to PTS.', SM/CEN/JW/BV-05-C
2021-10-08 09:46:24,441 root DEBUG gap.py                    419   gap_disconn               : gap_disconn None None
2021-10-08 09:46:24,442 root DEBUG iutctl_common.py          117   send                      : send, 1 15 0 "bytearray(b'\\x00\\xe4\\x1f\\xf2\\xdc\\x1b\\x00')"
2021-10-08 09:46:24,442 root DEBUG iutctl_common.py          120   send                      : btpclient command: send 1 15 0 "bytearray(b'\\x00\\xe4\\x1f\\xf2\\xdc\\x1b\\x00')"
2021-10-08 09:46:24,442 root DEBUG iutctl_common.py          125   send                      : sending frame b'\x01\x0f\x00\x07\x00\x00\xe4\x1f\xf2\xdc\x1b\x00'
2021-10-08 09:46:24,442 root DEBUG gap.py                    770   gap_command_rsp_succ      : gap_command_rsp_succ
2021-10-08 09:46:24,442 root DEBUG iutctl_common.py          174   read                      : read
2021-10-08 09:46:24,502 root DEBUG iutctl_common.py          98    read                      : Received: hdr: Header(svc_id=1, op=15, ctrl_index=0, data_len=0) bytearray(b'\x01\x0f\x00\x00\x00')
2021-10-08 09:46:24,518 root DEBUG iutctl_common.py          111   read                      : Received data: "('',)", bytearray(b'')
2021-10-08 09:46:24,549 root DEBUG gap.py                    775   gap_command_rsp_succ      : received Header(svc_id=1, op=15, ctrl_index=0, data_len=0) (b'',)
2021-10-08 09:46:24,549 root DEBUG iutctl_common.py          98    read                      : Received: hdr: Header(svc_id=1, op=131, ctrl_index=0, data_len=7) bytearray(b'\x01\x83\x00\x07\x00')
2021-10-08 09:46:24,549 root DEBUG iutctl_common.py          111   read                      : Received data: "('\x00ä\x1fòÜ\x1b\x00',)", bytearray(b'\x00\xe4\x1f\xf2\xdc\x1b\x00')
2021-10-08 09:46:24,549 root DEBUG btp.py                    423   event_handler             : event_handler Header(svc_id=1, op=131, ctrl_index=0, data_len=7) (b'\x00\xe4\x1f\xf2\xdc\x1b\x00',)
2021-10-08 09:46:24,549 root DEBUG gap.py                    142   gap_disconnected_ev_      : gap_disconnected_ev_ b'\x00\xe4\x1f\xf2\xdc\x1b\x00'
2021-10-08 09:46:24,550 root DEBUG testcase.py               713   on_implicit_send          : Sending response 'OK'
2021-10-08 09:46:24,550 ClientCallback.on_implicit_send INFO autoptsclient_common.py   186   on_implicit_send          : test case returned on_implicit_send, response: OK
2021-10-08 09:46:24,550 ClientCallback.on_implicit_send INFO autoptsclient_common.py   196   on_implicit_send          : END OnImplicitSend:
2021-10-08 09:46:24,550 ClientCallback.on_implicit_send INFO autoptsclient_common.py   197   on_implicit_send          : ********************
2021-10-08 09:46:24,551 ClientCallback.on_implicit_send INFO autoptsclient_common.py   169   on_implicit_send          : ********************
2021-10-08 09:46:24,552 ClientCallback.on_implicit_send INFO autoptsclient_common.py   170   on_implicit_send          : BEGIN OnImplicitSend:
2021-10-08 09:46:24,552 ClientCallback.on_implicit_send INFO autoptsclient_common.py   171   on_implicit_send          : project_name: SM
2021-10-08 09:46:24,552 ClientCallback.on_implicit_send INFO autoptsclient_common.py   172   on_implicit_send          : wid: 100
2021-10-08 09:46:24,552 ClientCallback.on_implicit_send INFO autoptsclient_common.py   173   on_implicit_send          : test_case_name: SM/CEN/JW/BV-05-C
2021-10-08 09:46:24,552 ClientCallback.on_implicit_send INFO autoptsclient_common.py   174   on_implicit_send          : description: Initiate an connection from the IUT to the PTS.
2021-10-08 09:46:24,552 ClientCallback.on_implicit_send INFO autoptsclient_common.py   175   on_implicit_send          : style: MMI_Style_Ok_Cancel2 0x11141
2021-10-08 09:46:24,552 ClientCallback.on_implicit_send INFO autoptsclient_common.py   181   on_implicit_send          : Calling test cases on_implicit_send
2021-10-08 09:46:24,552 root DEBUG testcase.py               675   on_implicit_send          : SM SM/CEN/JW/BV-05-C on_implicit_send
2021-10-08 09:46:24,552 root DEBUG testcase.py               619   join_post_wid_thread      : SM SM/CEN/JW/BV-05-C join_post_wid_thread
2021-10-08 09:46:24,552 root DEBUG testcase.py               621   join_post_wid_thread      : self.post_wid_thread None
2021-10-08 09:46:24,552 root DEBUG sm_wid.py                 27    sm_wid_hdl                : sm_wid_hdl, 100, 'Initiate an connection from the IUT to the PTS.', SM/CEN/JW/BV-05-C
2021-10-08 09:46:24,552 root DEBUG gap.py                    377   gap_conn                  : gap_conn None None
2021-10-08 09:46:24,552 root DEBUG iutctl_common.py          117   send                      : send, 1 14 0 "bytearray(b'\\x00\\xe4\\x1f\\xf2\\xdc\\x1b\\x00\\x00')"
2021-10-08 09:46:24,552 root DEBUG iutctl_common.py          120   send                      : btpclient command: send 1 14 0 "bytearray(b'\\x00\\xe4\\x1f\\xf2\\xdc\\x1b\\x00\\x00')"
2021-10-08 09:46:24,552 root DEBUG iutctl_common.py          125   send                      : sending frame b'\x01\x0e\x00\x08\x00\x00\xe4\x1f\xf2\xdc\x1b\x00\x00'
2021-10-08 09:46:24,552 root DEBUG gap.py                    770   gap_command_rsp_succ      : gap_command_rsp_succ
2021-10-08 09:46:24,553 root DEBUG iutctl_common.py          174   read                      : read
2021-10-08 09:46:24,628 root DEBUG iutctl_common.py          98    read                      : Received: hdr: Header(svc_id=1, op=14, ctrl_index=0, data_len=0) bytearray(b'\x01\x0e\x00\x00\x00')
2021-10-08 09:46:24,643 root DEBUG iutctl_common.py          111   read                      : Received data: "('',)", bytearray(b'')
2021-10-08 09:46:24,659 root DEBUG gap.py                    775   gap_command_rsp_succ      : received Header(svc_id=1, op=14, ctrl_index=0, data_len=0) (b'',)
2021-10-08 09:46:24,993 root DEBUG iutctl_common.py          98    read                      : Received: hdr: Header(svc_id=1, op=130, ctrl_index=0, data_len=13) bytearray(b'\x01\x82\x00\r\x00')
2021-10-08 09:46:24,993 root DEBUG iutctl_common.py          111   read                      : Received data: "('\x00ä\x1fòÜ\x1b\x00(\x00\x00\x00\x90\x01',)", bytearray(b'\x00\xe4\x1f\xf2\xdc\x1b\x00(\x00\x00\x00\x90\x01')
2021-10-08 09:46:24,993 root DEBUG btp.py                    423   event_handler             : event_handler Header(svc_id=1, op=130, ctrl_index=0, data_len=13) (b'\x00\xe4\x1f\xf2\xdc\x1b\x00(\x00\x00\x00\x90\x01',)
2021-10-08 09:46:24,993 root DEBUG gap.py                    128   gap_connected_ev_         : gap_connected_ev_ b'\x00\xe4\x1f\xf2\xdc\x1b\x00(\x00\x00\x00\x90\x01'
2021-10-08 09:46:24,993 root DEBUG testcase.py               713   on_implicit_send          : Sending response 'OK'
2021-10-08 09:46:24,993 ClientCallback.on_implicit_send INFO autoptsclient_common.py   186   on_implicit_send          : test case returned on_implicit_send, response: OK
2021-10-08 09:46:24,993 ClientCallback.on_implicit_send INFO autoptsclient_common.py   196   on_implicit_send          : END OnImplicitSend:
2021-10-08 09:46:24,993 ClientCallback.on_implicit_send INFO autoptsclient_common.py   197   on_implicit_send          : ********************
2021-10-08 09:46:24,996 ClientCallback.on_implicit_send INFO autoptsclient_common.py   169   on_implicit_send          : ********************
2021-10-08 09:46:24,996 ClientCallback.on_implicit_send INFO autoptsclient_common.py   170   on_implicit_send          : BEGIN OnImplicitSend:
2021-10-08 09:46:24,996 ClientCallback.on_implicit_send INFO autoptsclient_common.py   171   on_implicit_send          : project_name: SM
2021-10-08 09:46:24,996 ClientCallback.on_implicit_send INFO autoptsclient_common.py   172   on_implicit_send          : wid: 108
2021-10-08 09:46:24,996 ClientCallback.on_implicit_send INFO autoptsclient_common.py   173   on_implicit_send          : test_case_name: SM/CEN/JW/BV-05-C
2021-10-08 09:46:24,996 ClientCallback.on_implicit_send INFO autoptsclient_common.py   174   on_implicit_send          : description: Please start pairing process.
2021-10-08 09:46:24,996 ClientCallback.on_implicit_send INFO autoptsclient_common.py   175   on_implicit_send          : style: MMI_Style_Ok 0x11040
2021-10-08 09:46:24,996 ClientCallback.on_implicit_send INFO autoptsclient_common.py   181   on_implicit_send          : Calling test cases on_implicit_send
2021-10-08 09:46:24,996 root DEBUG testcase.py               675   on_implicit_send          : SM SM/CEN/JW/BV-05-C on_implicit_send
2021-10-08 09:46:24,996 root DEBUG testcase.py               619   join_post_wid_thread      : SM SM/CEN/JW/BV-05-C join_post_wid_thread
2021-10-08 09:46:24,996 root DEBUG testcase.py               621   join_post_wid_thread      : self.post_wid_thread None
2021-10-08 09:46:24,996 root DEBUG sm_wid.py                 27    sm_wid_hdl                : sm_wid_hdl, 108, 'Please start pairing process.', SM/CEN/JW/BV-05-C
2021-10-08 09:46:24,996 root DEBUG gap.py                    459   gap_pair                  : gap_pair None None
2021-10-08 09:46:24,996 root DEBUG iutctl_common.py          117   send                      : send, 1 17 0 "bytearray(b'\\x00\\xe4\\x1f\\xf2\\xdc\\x1b\\x00')"
2021-10-08 09:46:24,996 root DEBUG iutctl_common.py          120   send                      : btpclient command: send 1 17 0 "bytearray(b'\\x00\\xe4\\x1f\\xf2\\xdc\\x1b\\x00')"
2021-10-08 09:46:24,997 root DEBUG iutctl_common.py          125   send                      : sending frame b'\x01\x11\x00\x07\x00\x00\xe4\x1f\xf2\xdc\x1b\x00'
2021-10-08 09:46:24,997 root DEBUG gap.py                    770   gap_command_rsp_succ      : gap_command_rsp_succ
2021-10-08 09:46:24,997 root DEBUG iutctl_common.py          174   read                      : read
2021-10-08 09:46:25,057 root DEBUG iutctl_common.py          98    read                      : Received: hdr: Header(svc_id=1, op=17, ctrl_index=0, data_len=0) bytearray(b'\x01\x11\x00\x00\x00')
2021-10-08 09:46:25,073 root DEBUG iutctl_common.py          111   read                      : Received data: "('',)", bytearray(b'')
2021-10-08 09:46:25,073 root DEBUG gap.py                    775   gap_command_rsp_succ      : received Header(svc_id=1, op=17, ctrl_index=0, data_len=0) (b'',)
2021-10-08 09:46:25,073 root DEBUG testcase.py               713   on_implicit_send          : Sending response 'Ok'
2021-10-08 09:46:25,073 ClientCallback.on_implicit_send INFO autoptsclient_common.py   186   on_implicit_send          : test case returned on_implicit_send, response: Ok
2021-10-08 09:46:25,073 ClientCallback.on_implicit_send INFO autoptsclient_common.py   196   on_implicit_send          : END OnImplicitSend:
2021-10-08 09:46:25,073 ClientCallback.on_implicit_send INFO autoptsclient_common.py   197   on_implicit_send          : ********************
2021-10-08 09:46:25,075 ClientCallback.on_implicit_send INFO autoptsclient_common.py   169   on_implicit_send          : ********************
2021-10-08 09:46:25,075 ClientCallback.on_implicit_send INFO autoptsclient_common.py   170   on_implicit_send          : BEGIN OnImplicitSend:
2021-10-08 09:46:25,075 ClientCallback.on_implicit_send INFO autoptsclient_common.py   171   on_implicit_send          : project_name: SM
2021-10-08 09:46:25,075 ClientCallback.on_implicit_send INFO autoptsclient_common.py   172   on_implicit_send          : wid: 102
2021-10-08 09:46:25,075 ClientCallback.on_implicit_send INFO autoptsclient_common.py   173   on_implicit_send          : test_case_name: SM/CEN/JW/BV-05-C
2021-10-08 09:46:25,075 ClientCallback.on_implicit_send INFO autoptsclient_common.py   174   on_implicit_send          : description: Please initiate a disconnection to the PTS.

Description: Verify that the Implementation Under Test(IUT) can initiate a disconnect request to PTS.
2021-10-08 09:46:25,075 ClientCallback.on_implicit_send INFO autoptsclient_common.py   175   on_implicit_send          : style: MMI_Style_Ok_Cancel2 0x11141
2021-10-08 09:46:25,075 ClientCallback.on_implicit_send INFO autoptsclient_common.py   181   on_implicit_send          : Calling test cases on_implicit_send
2021-10-08 09:46:25,075 root DEBUG testcase.py               675   on_implicit_send          : SM SM/CEN/JW/BV-05-C on_implicit_send
2021-10-08 09:46:25,076 root DEBUG testcase.py               619   join_post_wid_thread      : SM SM/CEN/JW/BV-05-C join_post_wid_thread
2021-10-08 09:46:25,076 root DEBUG testcase.py               621   join_post_wid_thread      : self.post_wid_thread None
2021-10-08 09:46:25,076 root DEBUG sm_wid.py                 27    sm_wid_hdl                : sm_wid_hdl, 102, 'Please initiate a disconnection to the PTS.\n\nDescription: Verify that the Implementation Under Test(IUT) can initiate a disconnect request to PTS.', SM/CEN/JW/BV-05-C
2021-10-08 09:46:25,076 root DEBUG gap.py                    419   gap_disconn               : gap_disconn None None
2021-10-08 09:46:25,076 root DEBUG iutctl_common.py          117   send                      : send, 1 15 0 "bytearray(b'\\x00\\xe4\\x1f\\xf2\\xdc\\x1b\\x00')"
2021-10-08 09:46:25,076 root DEBUG iutctl_common.py          120   send                      : btpclient command: send 1 15 0 "bytearray(b'\\x00\\xe4\\x1f\\xf2\\xdc\\x1b\\x00')"
2021-10-08 09:46:25,076 root DEBUG iutctl_common.py          125   send                      : sending frame b'\x01\x0f\x00\x07\x00\x00\xe4\x1f\xf2\xdc\x1b\x00'
2021-10-08 09:46:25,076 root DEBUG gap.py                    770   gap_command_rsp_succ      : gap_command_rsp_succ
2021-10-08 09:46:25,076 root DEBUG iutctl_common.py          174   read                      : read
2021-10-08 09:46:25,137 root DEBUG iutctl_common.py          98    read                      : Received: hdr: Header(svc_id=1, op=15, ctrl_index=0, data_len=0) bytearray(b'\x01\x0f\x00\x00\x00')
2021-10-08 09:46:25,153 root DEBUG iutctl_common.py          111   read                      : Received data: "('',)", bytearray(b'')
2021-10-08 09:46:25,169 root DEBUG gap.py                    775   gap_command_rsp_succ      : received Header(svc_id=1, op=15, ctrl_index=0, data_len=0) (b'',)
2021-10-08 09:46:25,169 root DEBUG iutctl_common.py          98    read                      : Received: hdr: Header(svc_id=1, op=131, ctrl_index=0, data_len=7) bytearray(b'\x01\x83\x00\x07\x00')
2021-10-08 09:46:25,169 root DEBUG iutctl_common.py          111   read                      : Received data: "('\x00ä\x1fòÜ\x1b\x00',)", bytearray(b'\x00\xe4\x1f\xf2\xdc\x1b\x00')
2021-10-08 09:46:25,169 root DEBUG btp.py                    423   event_handler             : event_handler Header(svc_id=1, op=131, ctrl_index=0, data_len=7) (b'\x00\xe4\x1f\xf2\xdc\x1b\x00',)
2021-10-08 09:46:25,200 root DEBUG gap.py                    142   gap_disconnected_ev_      : gap_disconnected_ev_ b'\x00\xe4\x1f\xf2\xdc\x1b\x00'
2021-10-08 09:46:25,200 root DEBUG testcase.py               713   on_implicit_send          : Sending response 'OK'
2021-10-08 09:46:25,200 ClientCallback.on_implicit_send INFO autoptsclient_common.py   186   on_implicit_send          : test case returned on_implicit_send, response: OK
2021-10-08 09:46:25,200 ClientCallback.on_implicit_send INFO autoptsclient_common.py   196   on_implicit_send          : END OnImplicitSend:
2021-10-08 09:46:25,200 ClientCallback.on_implicit_send INFO autoptsclient_common.py   197   on_implicit_send          : ********************
2021-10-08 09:46:25,202 ClientCallback.on_implicit_send INFO autoptsclient_common.py   169   on_implicit_send          : ********************
2021-10-08 09:46:25,202 ClientCallback.on_implicit_send INFO autoptsclient_common.py   170   on_implicit_send          : BEGIN OnImplicitSend:
2021-10-08 09:46:25,202 ClientCallback.on_implicit_send INFO autoptsclient_common.py   171   on_implicit_send          : project_name: SM
2021-10-08 09:46:25,202 ClientCallback.on_implicit_send INFO autoptsclient_common.py   172   on_implicit_send          : wid: 100
2021-10-08 09:46:25,202 ClientCallback.on_implicit_send INFO autoptsclient_common.py   173   on_implicit_send          : test_case_name: SM/CEN/JW/BV-05-C
2021-10-08 09:46:25,202 ClientCallback.on_implicit_send INFO autoptsclient_common.py   174   on_implicit_send          : description: Initiate an connection from the IUT to the PTS.
2021-10-08 09:46:25,202 ClientCallback.on_implicit_send INFO autoptsclient_common.py   175   on_implicit_send          : style: MMI_Style_Ok_Cancel2 0x11141
2021-10-08 09:46:25,202 ClientCallback.on_implicit_send INFO autoptsclient_common.py   181   on_implicit_send          : Calling test cases on_implicit_send
2021-10-08 09:46:25,202 root DEBUG testcase.py               675   on_implicit_send          : SM SM/CEN/JW/BV-05-C on_implicit_send
2021-10-08 09:46:25,202 root DEBUG testcase.py               619   join_post_wid_thread      : SM SM/CEN/JW/BV-05-C join_post_wid_thread
2021-10-08 09:46:25,202 root DEBUG testcase.py               621   join_post_wid_thread      : self.post_wid_thread None
2021-10-08 09:46:25,202 root DEBUG sm_wid.py                 27    sm_wid_hdl                : sm_wid_hdl, 100, 'Initiate an connection from the IUT to the PTS.', SM/CEN/JW/BV-05-C
2021-10-08 09:46:25,202 root DEBUG gap.py                    377   gap_conn                  : gap_conn None None
2021-10-08 09:46:25,202 root DEBUG iutctl_common.py          117   send                      : send, 1 14 0 "bytearray(b'\\x00\\xe4\\x1f\\xf2\\xdc\\x1b\\x00\\x00')"
2021-10-08 09:46:25,202 root DEBUG iutctl_common.py          120   send                      : btpclient command: send 1 14 0 "bytearray(b'\\x00\\xe4\\x1f\\xf2\\xdc\\x1b\\x00\\x00')"
2021-10-08 09:46:25,202 root DEBUG iutctl_common.py          125   send                      : sending frame b'\x01\x0e\x00\x08\x00\x00\xe4\x1f\xf2\xdc\x1b\x00\x00'
2021-10-08 09:46:25,203 root DEBUG gap.py                    770   gap_command_rsp_succ      : gap_command_rsp_succ
2021-10-08 09:46:25,203 root DEBUG iutctl_common.py          174   read                      : read
2021-10-08 09:46:25,278 root DEBUG iutctl_common.py          98    read                      : Received: hdr: Header(svc_id=1, op=14, ctrl_index=0, data_len=0) bytearray(b'\x01\x0e\x00\x00\x00')
2021-10-08 09:46:25,294 root DEBUG iutctl_common.py          111   read                      : Received data: "('',)", bytearray(b'')
2021-10-08 09:46:25,294 root DEBUG gap.py                    775   gap_command_rsp_succ      : received Header(svc_id=1, op=14, ctrl_index=0, data_len=0) (b'',)
2021-10-08 09:46:25,642 root DEBUG iutctl_common.py          98    read                      : Received: hdr: Header(svc_id=1, op=130, ctrl_index=0, data_len=13) bytearray(b'\x01\x82\x00\r\x00')
2021-10-08 09:46:25,658 root DEBUG iutctl_common.py          111   read                      : Received data: "('\x00ä\x1fòÜ\x1b\x00(\x00\x00\x00\x90\x01',)", bytearray(b'\x00\xe4\x1f\xf2\xdc\x1b\x00(\x00\x00\x00\x90\x01')
2021-10-08 09:46:25,674 root DEBUG btp.py                    423   event_handler             : event_handler Header(svc_id=1, op=130, ctrl_index=0, data_len=13) (b'\x00\xe4\x1f\xf2\xdc\x1b\x00(\x00\x00\x00\x90\x01',)
2021-10-08 09:46:25,690 root DEBUG gap.py                    128   gap_connected_ev_         : gap_connected_ev_ b'\x00\xe4\x1f\xf2\xdc\x1b\x00(\x00\x00\x00\x90\x01'
2021-10-08 09:46:25,706 root DEBUG testcase.py               713   on_implicit_send          : Sending response 'OK'
2021-10-08 09:46:25,706 ClientCallback.on_implicit_send INFO autoptsclient_common.py   186   on_implicit_send          : test case returned on_implicit_send, response: OK
2021-10-08 09:46:25,706 ClientCallback.on_implicit_send INFO autoptsclient_common.py   196   on_implicit_send          : END OnImplicitSend:
2021-10-08 09:46:25,706 ClientCallback.on_implicit_send INFO autoptsclient_common.py   197   on_implicit_send          : ********************
2021-10-08 09:46:25,708 ClientCallback.on_implicit_send INFO autoptsclient_common.py   169   on_implicit_send          : ********************
2021-10-08 09:46:25,708 ClientCallback.on_implicit_send INFO autoptsclient_common.py   170   on_implicit_send          : BEGIN OnImplicitSend:
2021-10-08 09:46:25,708 ClientCallback.on_implicit_send INFO autoptsclient_common.py   171   on_implicit_send          : project_name: SM
2021-10-08 09:46:25,708 ClientCallback.on_implicit_send INFO autoptsclient_common.py   172   on_implicit_send          : wid: 108
2021-10-08 09:46:25,708 ClientCallback.on_implicit_send INFO autoptsclient_common.py   173   on_implicit_send          : test_case_name: SM/CEN/JW/BV-05-C
2021-10-08 09:46:25,708 ClientCallback.on_implicit_send INFO autoptsclient_common.py   174   on_implicit_send          : description: Please start pairing process.
2021-10-08 09:46:25,708 ClientCallback.on_implicit_send INFO autoptsclient_common.py   175   on_implicit_send          : style: MMI_Style_Ok 0x11040
2021-10-08 09:46:25,708 ClientCallback.on_implicit_send INFO autoptsclient_common.py   181   on_implicit_send          : Calling test cases on_implicit_send
2021-10-08 09:46:25,708 root DEBUG testcase.py               675   on_implicit_send          : SM SM/CEN/JW/BV-05-C on_implicit_send
2021-10-08 09:46:25,708 root DEBUG testcase.py               619   join_post_wid_thread      : SM SM/CEN/JW/BV-05-C join_post_wid_thread
2021-10-08 09:46:25,708 root DEBUG testcase.py               621   join_post_wid_thread      : self.post_wid_thread None
2021-10-08 09:46:25,708 root DEBUG sm_wid.py                 27    sm_wid_hdl                : sm_wid_hdl, 108, 'Please start pairing process.', SM/CEN/JW/BV-05-C
2021-10-08 09:46:25,708 root DEBUG gap.py                    459   gap_pair                  : gap_pair None None
2021-10-08 09:46:25,709 root DEBUG iutctl_common.py          117   send                      : send, 1 17 0 "bytearray(b'\\x00\\xe4\\x1f\\xf2\\xdc\\x1b\\x00')"
2021-10-08 09:46:25,709 root DEBUG iutctl_common.py          120   send                      : btpclient command: send 1 17 0 "bytearray(b'\\x00\\xe4\\x1f\\xf2\\xdc\\x1b\\x00')"
2021-10-08 09:46:25,709 root DEBUG iutctl_common.py          125   send                      : sending frame b'\x01\x11\x00\x07\x00\x00\xe4\x1f\xf2\xdc\x1b\x00'
2021-10-08 09:46:25,709 root DEBUG gap.py                    770   gap_command_rsp_succ      : gap_command_rsp_succ
2021-10-08 09:46:25,709 root DEBUG iutctl_common.py          174   read                      : read
2021-10-08 09:46:25,769 root DEBUG iutctl_common.py          98    read                      : Received: hdr: Header(svc_id=1, op=17, ctrl_index=0, data_len=0) bytearray(b'\x01\x11\x00\x00\x00')
2021-10-08 09:46:25,785 root DEBUG iutctl_common.py          111   read                      : Received data: "('',)", bytearray(b'')
2021-10-08 09:46:25,801 root DEBUG gap.py                    775   gap_command_rsp_succ      : received Header(svc_id=1, op=17, ctrl_index=0, data_len=0) (b'',)
2021-10-08 09:46:25,801 root DEBUG testcase.py               713   on_implicit_send          : Sending response 'Ok'
2021-10-08 09:46:25,801 ClientCallback.on_implicit_send INFO autoptsclient_common.py   186   on_implicit_send          : test case returned on_implicit_send, response: Ok
2021-10-08 09:46:25,801 ClientCallback.on_implicit_send INFO autoptsclient_common.py   196   on_implicit_send          : END OnImplicitSend:
2021-10-08 09:46:25,801 ClientCallback.on_implicit_send INFO autoptsclient_common.py   197   on_implicit_send          : ********************
2021-10-08 09:46:25,803 ClientCallback.on_implicit_send INFO autoptsclient_common.py   169   on_implicit_send          : ********************
2021-10-08 09:46:25,803 ClientCallback.on_implicit_send INFO autoptsclient_common.py   170   on_implicit_send          : BEGIN OnImplicitSend:
2021-10-08 09:46:25,803 ClientCallback.on_implicit_send INFO autoptsclient_common.py   171   on_implicit_send          : project_name: SM
2021-10-08 09:46:25,803 ClientCallback.on_implicit_send INFO autoptsclient_common.py   172   on_implicit_send          : wid: 102
2021-10-08 09:46:25,803 ClientCallback.on_implicit_send INFO autoptsclient_common.py   173   on_implicit_send          : test_case_name: SM/CEN/JW/BV-05-C
2021-10-08 09:46:25,803 ClientCallback.on_implicit_send INFO autoptsclient_common.py   174   on_implicit_send          : description: Please initiate a disconnection to the PTS.

Description: Verify that the Implementation Under Test(IUT) can initiate a disconnect request to PTS.
2021-10-08 09:46:25,803 ClientCallback.on_implicit_send INFO autoptsclient_common.py   175   on_implicit_send          : style: MMI_Style_Ok_Cancel2 0x11141
2021-10-08 09:46:25,803 ClientCallback.on_implicit_send INFO autoptsclient_common.py   181   on_implicit_send          : Calling test cases on_implicit_send
2021-10-08 09:46:25,803 root DEBUG testcase.py               675   on_implicit_send          : SM SM/CEN/JW/BV-05-C on_implicit_send
2021-10-08 09:46:25,803 root DEBUG testcase.py               619   join_post_wid_thread      : SM SM/CEN/JW/BV-05-C join_post_wid_thread
2021-10-08 09:46:25,803 root DEBUG testcase.py               621   join_post_wid_thread      : self.post_wid_thread None
2021-10-08 09:46:25,804 root DEBUG sm_wid.py                 27    sm_wid_hdl                : sm_wid_hdl, 102, 'Please initiate a disconnection to the PTS.\n\nDescription: Verify that the Implementation Under Test(IUT) can initiate a disconnect request to PTS.', SM/CEN/JW/BV-05-C
2021-10-08 09:46:25,804 root DEBUG gap.py                    419   gap_disconn               : gap_disconn None None
2021-10-08 09:46:25,804 root DEBUG iutctl_common.py          117   send                      : send, 1 15 0 "bytearray(b'\\x00\\xe4\\x1f\\xf2\\xdc\\x1b\\x00')"
2021-10-08 09:46:25,804 root DEBUG iutctl_common.py          120   send                      : btpclient command: send 1 15 0 "bytearray(b'\\x00\\xe4\\x1f\\xf2\\xdc\\x1b\\x00')"
2021-10-08 09:46:25,804 root DEBUG iutctl_common.py          125   send                      : sending frame b'\x01\x0f\x00\x07\x00\x00\xe4\x1f\xf2\xdc\x1b\x00'
2021-10-08 09:46:25,804 root DEBUG gap.py                    770   gap_command_rsp_succ      : gap_command_rsp_succ
2021-10-08 09:46:25,804 root DEBUG iutctl_common.py          174   read                      : read
2021-10-08 09:46:25,880 root DEBUG iutctl_common.py          98    read                      : Received: hdr: Header(svc_id=1, op=15, ctrl_index=0, data_len=0) bytearray(b'\x01\x0f\x00\x00\x00')
2021-10-08 09:46:25,896 root DEBUG iutctl_common.py          111   read                      : Received data: "('',)", bytearray(b'')
2021-10-08 09:46:25,896 root DEBUG iutctl_common.py          98    read                      : Received: hdr: Header(svc_id=1, op=131, ctrl_index=0, data_len=7) bytearray(b'\x01\x83\x00\x07\x00')
2021-10-08 09:46:25,896 root DEBUG gap.py                    775   gap_command_rsp_succ      : received Header(svc_id=1, op=15, ctrl_index=0, data_len=0) (b'',)
2021-10-08 09:46:25,896 root DEBUG iutctl_common.py          111   read                      : Received data: "('\x00ä\x1fòÜ\x1b\x00',)", bytearray(b'\x00\xe4\x1f\xf2\xdc\x1b\x00')
2021-10-08 09:46:25,896 root DEBUG btp.py                    423   event_handler             : event_handler Header(svc_id=1, op=131, ctrl_index=0, data_len=7) (b'\x00\xe4\x1f\xf2\xdc\x1b\x00',)
2021-10-08 09:46:25,912 root DEBUG gap.py                    142   gap_disconnected_ev_      : gap_disconnected_ev_ b'\x00\xe4\x1f\xf2\xdc\x1b\x00'
2021-10-08 09:46:25,912 root DEBUG testcase.py               713   on_implicit_send          : Sending response 'OK'
2021-10-08 09:46:25,912 ClientCallback.on_implicit_send INFO autoptsclient_common.py   186   on_implicit_send          : test case returned on_implicit_send, response: OK
2021-10-08 09:46:25,912 ClientCallback.on_implicit_send INFO autoptsclient_common.py   196   on_implicit_send          : END OnImplicitSend:
2021-10-08 09:46:25,912 ClientCallback.on_implicit_send INFO autoptsclient_common.py   197   on_implicit_send          : ********************
2021-10-08 09:46:25,914 ClientCallback.on_implicit_send INFO autoptsclient_common.py   169   on_implicit_send          : ********************
2021-10-08 09:46:25,914 ClientCallback.on_implicit_send INFO autoptsclient_common.py   170   on_implicit_send          : BEGIN OnImplicitSend:
2021-10-08 09:46:25,914 ClientCallback.on_implicit_send INFO autoptsclient_common.py   171   on_implicit_send          : project_name: SM
2021-10-08 09:46:25,914 ClientCallback.on_implicit_send INFO autoptsclient_common.py   172   on_implicit_send          : wid: 100
2021-10-08 09:46:25,914 ClientCallback.on_implicit_send INFO autoptsclient_common.py   173   on_implicit_send          : test_case_name: SM/CEN/JW/BV-05-C
2021-10-08 09:46:25,914 ClientCallback.on_implicit_send INFO autoptsclient_common.py   174   on_implicit_send          : description: Initiate an connection from the IUT to the PTS.
2021-10-08 09:46:25,914 ClientCallback.on_implicit_send INFO autoptsclient_common.py   175   on_implicit_send          : style: MMI_Style_Ok_Cancel2 0x11141
2021-10-08 09:46:25,914 ClientCallback.on_implicit_send INFO autoptsclient_common.py   181   on_implicit_send          : Calling test cases on_implicit_send
2021-10-08 09:46:25,914 root DEBUG testcase.py               675   on_implicit_send          : SM SM/CEN/JW/BV-05-C on_implicit_send
2021-10-08 09:46:25,914 root DEBUG testcase.py               619   join_post_wid_thread      : SM SM/CEN/JW/BV-05-C join_post_wid_thread
2021-10-08 09:46:25,914 root DEBUG testcase.py               621   join_post_wid_thread      : self.post_wid_thread None
2021-10-08 09:46:25,914 root DEBUG sm_wid.py                 27    sm_wid_hdl                : sm_wid_hdl, 100, 'Initiate an connection from the IUT to the PTS.', SM/CEN/JW/BV-05-C
2021-10-08 09:46:25,915 root DEBUG gap.py                    377   gap_conn                  : gap_conn None None
2021-10-08 09:46:25,915 root DEBUG iutctl_common.py          117   send                      : send, 1 14 0 "bytearray(b'\\x00\\xe4\\x1f\\xf2\\xdc\\x1b\\x00\\x00')"
2021-10-08 09:46:25,915 root DEBUG iutctl_common.py          120   send                      : btpclient command: send 1 14 0 "bytearray(b'\\x00\\xe4\\x1f\\xf2\\xdc\\x1b\\x00\\x00')"
2021-10-08 09:46:25,915 root DEBUG iutctl_common.py          125   send                      : sending frame b'\x01\x0e\x00\x08\x00\x00\xe4\x1f\xf2\xdc\x1b\x00\x00'
2021-10-08 09:46:25,915 root DEBUG gap.py                    770   gap_command_rsp_succ      : gap_command_rsp_succ
2021-10-08 09:46:25,915 root DEBUG iutctl_common.py          174   read                      : read
2021-10-08 09:46:25,975 root DEBUG iutctl_common.py          98    read                      : Received: hdr: Header(svc_id=1, op=14, ctrl_index=0, data_len=0) bytearray(b'\x01\x0e\x00\x00\x00')
2021-10-08 09:46:25,975 root DEBUG iutctl_common.py          111   read                      : Received data: "('',)", bytearray(b'')
2021-10-08 09:46:26,007 root DEBUG gap.py                    775   gap_command_rsp_succ      : received Header(svc_id=1, op=14, ctrl_index=0, data_len=0) (b'',)
2021-10-08 09:46:26,372 root DEBUG iutctl_common.py          98    read                      : Received: hdr: Header(svc_id=1, op=130, ctrl_index=0, data_len=13) bytearray(b'\x01\x82\x00\r\x00')
2021-10-08 09:46:26,388 root DEBUG iutctl_common.py          111   read                      : Received data: "('\x00ä\x1fòÜ\x1b\x00(\x00\x00\x00\x90\x01',)", bytearray(b'\x00\xe4\x1f\xf2\xdc\x1b\x00(\x00\x00\x00\x90\x01')
2021-10-08 09:46:26,419 root DEBUG btp.py                    423   event_handler             : event_handler Header(svc_id=1, op=130, ctrl_index=0, data_len=13) (b'\x00\xe4\x1f\xf2\xdc\x1b\x00(\x00\x00\x00\x90\x01',)
2021-10-08 09:46:26,419 root DEBUG gap.py                    128   gap_connected_ev_         : gap_connected_ev_ b'\x00\xe4\x1f\xf2\xdc\x1b\x00(\x00\x00\x00\x90\x01'
2021-10-08 09:46:26,419 root DEBUG testcase.py               713   on_implicit_send          : Sending response 'OK'
2021-10-08 09:46:26,419 ClientCallback.on_implicit_send INFO autoptsclient_common.py   186   on_implicit_send          : test case returned on_implicit_send, response: OK
2021-10-08 09:46:26,419 ClientCallback.on_implicit_send INFO autoptsclient_common.py   196   on_implicit_send          : END OnImplicitSend:
2021-10-08 09:46:26,420 ClientCallback.on_implicit_send INFO autoptsclient_common.py   197   on_implicit_send          : ********************
2021-10-08 09:46:26,422 ClientCallback.on_implicit_send INFO autoptsclient_common.py   169   on_implicit_send          : ********************
2021-10-08 09:46:26,422 ClientCallback.on_implicit_send INFO autoptsclient_common.py   170   on_implicit_send          : BEGIN OnImplicitSend:
2021-10-08 09:46:26,422 ClientCallback.on_implicit_send INFO autoptsclient_common.py   171   on_implicit_send          : project_name: SM
2021-10-08 09:46:26,422 ClientCallback.on_implicit_send INFO autoptsclient_common.py   172   on_implicit_send          : wid: 108
2021-10-08 09:46:26,422 ClientCallback.on_implicit_send INFO autoptsclient_common.py   173   on_implicit_send          : test_case_name: SM/CEN/JW/BV-05-C
2021-10-08 09:46:26,422 ClientCallback.on_implicit_send INFO autoptsclient_common.py   174   on_implicit_send          : description: Please start pairing process.
2021-10-08 09:46:26,422 ClientCallback.on_implicit_send INFO autoptsclient_common.py   175   on_implicit_send          : style: MMI_Style_Ok 0x11040
2021-10-08 09:46:26,422 ClientCallback.on_implicit_send INFO autoptsclient_common.py   181   on_implicit_send          : Calling test cases on_implicit_send
2021-10-08 09:46:26,422 root DEBUG testcase.py               675   on_implicit_send          : SM SM/CEN/JW/BV-05-C on_implicit_send
2021-10-08 09:46:26,422 root DEBUG testcase.py               619   join_post_wid_thread      : SM SM/CEN/JW/BV-05-C join_post_wid_thread
2021-10-08 09:46:26,422 root DEBUG testcase.py               621   join_post_wid_thread      : self.post_wid_thread None
2021-10-08 09:46:26,422 root DEBUG sm_wid.py                 27    sm_wid_hdl                : sm_wid_hdl, 108, 'Please start pairing process.', SM/CEN/JW/BV-05-C
2021-10-08 09:46:26,422 root DEBUG gap.py                    459   gap_pair                  : gap_pair None None
2021-10-08 09:46:26,422 root DEBUG iutctl_common.py          117   send                      : send, 1 17 0 "bytearray(b'\\x00\\xe4\\x1f\\xf2\\xdc\\x1b\\x00')"
2021-10-08 09:46:26,422 root DEBUG iutctl_common.py          120   send                      : btpclient command: send 1 17 0 "bytearray(b'\\x00\\xe4\\x1f\\xf2\\xdc\\x1b\\x00')"
2021-10-08 09:46:26,422 root DEBUG iutctl_common.py          125   send                      : sending frame b'\x01\x11\x00\x07\x00\x00\xe4\x1f\xf2\xdc\x1b\x00'
2021-10-08 09:46:26,423 root DEBUG gap.py                    770   gap_command_rsp_succ      : gap_command_rsp_succ
2021-10-08 09:46:26,423 root DEBUG iutctl_common.py          174   read                      : read
2021-10-08 09:46:26,497 root DEBUG iutctl_common.py          98    read                      : Received: hdr: Header(svc_id=1, op=17, ctrl_index=0, data_len=0) bytearray(b'\x01\x11\x00\x00\x00')
2021-10-08 09:46:26,513 root DEBUG iutctl_common.py          111   read                      : Received data: "('',)", bytearray(b'')
2021-10-08 09:46:26,513 root DEBUG gap.py                    775   gap_command_rsp_succ      : received Header(svc_id=1, op=17, ctrl_index=0, data_len=0) (b'',)
2021-10-08 09:46:26,513 root DEBUG testcase.py               713   on_implicit_send          : Sending response 'Ok'
2021-10-08 09:46:26,513 ClientCallback.on_implicit_send INFO autoptsclient_common.py   186   on_implicit_send          : test case returned on_implicit_send, response: Ok
2021-10-08 09:46:26,513 ClientCallback.on_implicit_send INFO autoptsclient_common.py   196   on_implicit_send          : END OnImplicitSend:
2021-10-08 09:46:26,513 ClientCallback.on_implicit_send INFO autoptsclient_common.py   197   on_implicit_send          : ********************
2021-10-08 09:46:26,515 ClientCallback.on_implicit_send INFO autoptsclient_common.py   169   on_implicit_send          : ********************
2021-10-08 09:46:26,515 ClientCallback.on_implicit_send INFO autoptsclient_common.py   170   on_implicit_send          : BEGIN OnImplicitSend:
2021-10-08 09:46:26,515 ClientCallback.on_implicit_send INFO autoptsclient_common.py   171   on_implicit_send          : project_name: SM
2021-10-08 09:46:26,515 ClientCallback.on_implicit_send INFO autoptsclient_common.py   172   on_implicit_send          : wid: 102
2021-10-08 09:46:26,515 ClientCallback.on_implicit_send INFO autoptsclient_common.py   173   on_implicit_send          : test_case_name: SM/CEN/JW/BV-05-C
2021-10-08 09:46:26,515 ClientCallback.on_implicit_send INFO autoptsclient_common.py   174   on_implicit_send          : description: Please initiate a disconnection to the PTS.

Description: Verify that the Implementation Under Test(IUT) can initiate a disconnect request to PTS.
2021-10-08 09:46:26,515 ClientCallback.on_implicit_send INFO autoptsclient_common.py   175   on_implicit_send          : style: MMI_Style_Ok_Cancel2 0x11141
2021-10-08 09:46:26,515 ClientCallback.on_implicit_send INFO autoptsclient_common.py   181   on_implicit_send          : Calling test cases on_implicit_send
2021-10-08 09:46:26,515 root DEBUG testcase.py               675   on_implicit_send          : SM SM/CEN/JW/BV-05-C on_implicit_send
2021-10-08 09:46:26,516 root DEBUG testcase.py               619   join_post_wid_thread      : SM SM/CEN/JW/BV-05-C join_post_wid_thread
2021-10-08 09:46:26,516 root DEBUG testcase.py               621   join_post_wid_thread      : self.post_wid_thread None
2021-10-08 09:46:26,516 root DEBUG sm_wid.py                 27    sm_wid_hdl                : sm_wid_hdl, 102, 'Please initiate a disconnection to the PTS.\n\nDescription: Verify that the Implementation Under Test(IUT) can initiate a disconnect request to PTS.', SM/CEN/JW/BV-05-C
2021-10-08 09:46:26,516 root DEBUG gap.py                    419   gap_disconn               : gap_disconn None None
2021-10-08 09:46:26,516 root DEBUG iutctl_common.py          117   send                      : send, 1 15 0 "bytearray(b'\\x00\\xe4\\x1f\\xf2\\xdc\\x1b\\x00')"
2021-10-08 09:46:26,516 root DEBUG iutctl_common.py          120   send                      : btpclient command: send 1 15 0 "bytearray(b'\\x00\\xe4\\x1f\\xf2\\xdc\\x1b\\x00')"
2021-10-08 09:46:26,516 root DEBUG iutctl_common.py          125   send                      : sending frame b'\x01\x0f\x00\x07\x00\x00\xe4\x1f\xf2\xdc\x1b\x00'
2021-10-08 09:46:26,516 root DEBUG gap.py                    770   gap_command_rsp_succ      : gap_command_rsp_succ
2021-10-08 09:46:26,516 root DEBUG iutctl_common.py          174   read                      : read
2021-10-08 09:46:26,577 root DEBUG iutctl_common.py          98    read                      : Received: hdr: Header(svc_id=1, op=15, ctrl_index=0, data_len=0) bytearray(b'\x01\x0f\x00\x00\x00')
2021-10-08 09:46:26,577 root DEBUG iutctl_common.py          111   read                      : Received data: "('',)", bytearray(b'')
2021-10-08 09:46:26,577 root DEBUG gap.py                    775   gap_command_rsp_succ      : received Header(svc_id=1, op=15, ctrl_index=0, data_len=0) (b'',)
2021-10-08 09:46:26,624 root DEBUG iutctl_common.py          98    read                      : Received: hdr: Header(svc_id=1, op=131, ctrl_index=0, data_len=7) bytearray(b'\x01\x83\x00\x07\x00')
2021-10-08 09:46:26,624 root DEBUG iutctl_common.py          111   read                      : Received data: "('\x00ä\x1fòÜ\x1b\x00',)", bytearray(b'\x00\xe4\x1f\xf2\xdc\x1b\x00')
2021-10-08 09:46:26,624 root DEBUG btp.py                    423   event_handler             : event_handler Header(svc_id=1, op=131, ctrl_index=0, data_len=7) (b'\x00\xe4\x1f\xf2\xdc\x1b\x00',)
2021-10-08 09:46:26,640 root DEBUG gap.py                    142   gap_disconnected_ev_      : gap_disconnected_ev_ b'\x00\xe4\x1f\xf2\xdc\x1b\x00'
2021-10-08 09:46:26,640 root DEBUG testcase.py               713   on_implicit_send          : Sending response 'OK'
2021-10-08 09:46:26,640 ClientCallback.on_implicit_send INFO autoptsclient_common.py   186   on_implicit_send          : test case returned on_implicit_send, response: OK
2021-10-08 09:46:26,640 ClientCallback.on_implicit_send INFO autoptsclient_common.py   196   on_implicit_send          : END OnImplicitSend:
2021-10-08 09:46:26,640 ClientCallback.on_implicit_send INFO autoptsclient_common.py   197   on_implicit_send          : ********************
2021-10-08 09:46:30,243 ClientCallback.log INFO autoptsclient_common.py   133   log                       : PTS_LOGTYPE_START_TEST Start Test Case 

+1672 ms
 SM/CEN/JW/BV-05-C SM/CEN/JW/BV-05-C

2021-10-08 09:46:30,243 root DEBUG testcase.py               464   log                       : New status SM SM/CEN/JW/BV-05-C - Started
2021-10-08 09:46:30,430 ClientCallback.log INFO autoptsclient_common.py   133   log                       : PTS_LOGTYPE_FINAL_VERDICT Final Verdict 

+12828 ms
 SM/CEN/JW/BV-05-C PASS

2021-10-08 09:46:30,430 root DEBUG testcase.py               464   log                       : New status SM SM/CEN/JW/BV-05-C - PASS
2021-10-08 09:46:30,432 ClientCallback.log INFO autoptsclient_common.py   133   log                       : PTS_LOGTYPE_FINAL_VERDICT Encrypted Verdict 

+12828 ms
 SM/CEN/JW/BV-05-C A1#OTE0NGRiYTVlYzFlMjc5YWQ0OTA3NjI5ODE5NTQ3NjcxZDljOTE4NDk1Y2Y5MTYwNWMzYjQ1YThlMmMyN2ViOA==#AfMkSI8Q85dJ4MitGA3zHU2S3BMBLVykieHSaAI030UeUQBdDfmwRCejv2ax7EpG

2021-10-08 09:46:30,501 ClientCallback.log INFO autoptsclient_common.py   133   log                       : PTS_LOGTYPE_END_TEST Test Case Ended 

+12828 ms
 SM/CEN/JW/BV-05-C SM/CEN/JW/BV-05-C

2021-10-08 09:46:30,647 root DEBUG autoptsclient_common.py   796   run_test_case_thread_entry : After run_test_case error_code='' status='PASS'
2021-10-08 09:46:30,647 root DEBUG autoptsclient_common.py   278   error_code                : CallbackThread.error_code
2021-10-08 09:46:30,647 root DEBUG autoptsclient_common.py   292   cleanup                   : CallbackThread.cleanup
2021-10-08 09:46:31,659 root DEBUG testcase.py               758   post_run                  : post_run SM SM/CEN/JW/BV-05-C 
2021-10-08 09:46:31,659 root DEBUG testcase.py               246   start                     : Starting test function: class=<class 'ptsprojects.testcase.TestFuncCleanUp'>, func=<bound method Stack.cleanup of <ptsprojects.stack.Stack object at 0x0000028CF7F58B20>> start_wid=None stop_wid=None post_wid=None skip_call=None call_count=1 args=() kwds={}
2021-10-08 09:46:31,659 root DEBUG testcase.py               258   start                     : Test function parameters: args=(), kwds={}
2021-10-08 09:46:31,659 root DEBUG autoptsclient_common.py   287   clear_pending_responses   : CallbackThread.clear_pending_responses
2021-10-08 09:46:31,659 root DEBUG autoptsclient_common.py   287   clear_pending_responses   : CallbackThread.clear_pending_responses
2021-10-08 09:46:31,659 root DEBUG testcase.py               246   start                     : Starting test function: class=<class 'ptsprojects.testcase.TestFuncCleanUp'>, func=<bound method ZephyrCtl.stop of <ptsprojects.zephyr.iutctl.ZephyrCtl object at 0x0000028CF7F58C10>> start_wid=None stop_wid=None post_wid=None skip_call=None call_count=1 args=() kwds={}
2021-10-08 09:46:31,659 root DEBUG testcase.py               258   start                     : Test function parameters: args=(), kwds={}
2021-10-08 09:46:31,659 root DEBUG iutctl.py                 221   stop                      : <class 'ptsprojects.zephyr.iutctl.ZephyrCtl'>.stop
2021-10-08 09:46:34,704 root DEBUG testcase.py               783   post_run                  : post_run, cleanup running pre test case script
2021-10-08 09:46:34,704 root DEBUG testcase.py               793   post_run                  : post_run, run post test case script
2021-10-08 09:46:34,766 root DEBUG autoptsclient_common.py   826   run_test_case_thread_entry : Done TestCase wrapper SM SM/CEN/JW/BV-05-C
