Applying system reset.
Run.
< 2021/07/16 17:06:55.806455  length=5 from=0 to=4
 00 80 ff 00 00                                   .....
--
> 2021/07/16 17:06:56.056597  length=6 from=0 to=5
 00 03 ff 01 00 01                                ......
--
< 2021/07/16 17:06:56.072644  length=5 from=5 to=9
 00 03 ff 00 00                                   .....
--
> 2021/07/16 17:06:56.135076  length=5 from=6 to=10
 01 03 00 00 00                                   .....
--
< 2021/07/16 17:06:56.337645  length=64 from=10 to=73
 01 03 00 15 01 66 1c 2e bc 25 70 13 06 00 00 13  .....f...%p.....
 22 00 00 00 00 00 62 74 70 5f 74 65 73 74 65 72  ".....btp_tester
 00 00 00 00 00 00 00 00 00 00 00 00 00 00 00 00  ................
 00 00 00 00 00 00 00 00 00 00 00 00 00 00 00 00  ................
--
< 2021/07/16 17:06:56.338888  length=12 from=74 to=85
 00 00 00 00 00 00 00 00 00 00 00 00              ............
--
< 2021/07/16 17:06:56.339119  length=10 from=86 to=95
 00 00 00 00 00 00 00 00 00 00                    ..........
--
< 2021/07/16 17:06:56.353663  length=166 from=96 to=261
 00 00 00 00 00 00 00 00 00 00 00 00 00 00 00 00  ................
 00 00 00 00 00 00 00 00 00 00 00 00 00 00 00 00  ................
 00 00 00 00 00 00 00 00 00 00 00 00 00 00 00 00  ................
 00 00 00 00 00 00 00 00 00 00 00 00 00 00 00 00  ................
 00 00 00 00 00 00 00 00 00 00 00 00 00 00 00 00  ................
 00 00 00 00 00 00 00 00 00 00 00 00 00 00 00 00  ................
 00 00 00 00 00 00 00 00 00 00 00 00 00 00 00 00  ................
 00 00 00 00 00 00 00 00 00 00 00 00 00 00 00 00  ................
 00 00 00 00 00 00 00 00 00 00 00 00 00 00 00 00  ................
 00 00 00 00 00 00 00 00 00 00 00 00 00 00 00 00  ................
 00 00 00 00 00 00                                ......
--
< 2021/07/16 17:06:56.355080  length=22 from=262 to=283
 00 00 00 00 00 00 00 00 00 00 00 00 00 00 00 00  ................
 00 00 00 00 00 00                                ......
--
< 2021/07/16 17:06:56.369680  length=8 from=284 to=291
 00 00 00 00 00 00 00 00                          ........
--
> 2021/07/16 17:06:59.596217  length=13 from=11 to=23
 01 0e 00 08 00 00 76 e6 08 dc 1b 00 00           ......v......
--
< 2021/07/16 17:06:59.612170  length=23 from=292 to=314
 01 0e 00 00 00 01 82 00 0d 00 00 76 e6 08 dc 1b  ...........v....
 00 28 00 00 00 90 01                             .(.....
--
> 2021/07/16 17:06:59.690005  length=12 from=24 to=35
 01 0f 00 07 00 00 76 e6 08 dc 1b 00              ......v.....
--
< 2021/07/16 17:06:59.706000  length=17 from=315 to=331
 01 0f 00 00 00 01 83 00 07 00 00 76 e6 08 dc 1b  ...........v....
 00                                               .
--
