Applying system reset.
Run.
< 2021/07/16 15:41:06.312927  length=5 from=0 to=4
 00 80 ff 00 00                                   .....
--
> 2021/07/16 15:41:06.626181  length=6 from=0 to=5
 00 03 ff 01 00 01                                ......
--
< 2021/07/16 15:41:06.642247  length=5 from=5 to=9
 00 03 ff 00 00                                   .....
--
> 2021/07/16 15:41:06.752338  length=5 from=6 to=10
 01 03 00 00 00                                   .....
--
< 2021/07/16 15:41:06.907052  length=72 from=10 to=81
 01 03 00 15 01 86 7b b2 9c 2b 70 13 06 00 00 13  ......{..+p.....
 22 00 00 00 00 00 62 74 70 5f 74 65 73 74 65 72  ".....btp_tester
 00 00 00 00 00 00 00 00 00 00 00 00 00 00 00 00  ................
 00 00 00 00 00 00 00 00 00 00 00 00 00 00 00 00  ................
 00 00 00 00 00 00 00 00                          ........
--
< 2021/07/16 15:41:06.908409  length=12 from=82 to=93
 00 00 00 00 00 00 00 00 00 00 00 00              ............
--
< 2021/07/16 15:41:06.922868  length=164 from=94 to=257
 00 00 00 00 00 00 00 00 00 00 00 00 00 00 00 00  ................
 00 00 00 00 00 00 00 00 00 00 00 00 00 00 00 00  ................
 00 00 00 00 00 00 00 00 00 00 00 00 00 00 00 00  ................
 00 00 00 00 00 00 00 00 00 00 00 00 00 00 00 00  ................
 00 00 00 00 00 00 00 00 00 00 00 00 00 00 00 00  ................
 00 00 00 00 00 00 00 00 00 00 00 00 00 00 00 00  ................
 00 00 00 00 00 00 00 00 00 00 00 00 00 00 00 00  ................
 00 00 00 00 00 00 00 00 00 00 00 00 00 00 00 00  ................
 00 00 00 00 00 00 00 00 00 00 00 00 00 00 00 00  ................
 00 00 00 00 00 00 00 00 00 00 00 00 00 00 00 00  ................
 00 00 00 00                                      ....
--
< 2021/07/16 15:41:06.924321  length=23 from=258 to=280
 00 00 00 00 00 00 00 00 00 00 00 00 00 00 00 00  ................
 00 00 00 00 00 00 00                             .......
--
< 2021/07/16 15:41:06.937983  length=11 from=281 to=291
 00 00 00 00 00 00 00 00 00 00 00                 ...........
--
> 2021/07/16 15:41:07.063461  length=6 from=11 to=16
 00 03 ff 01 00 02                                ......
--
< 2021/07/16 15:41:07.079449  length=5 from=292 to=296
 00 03 ff 00 00                                   .....
--
> 2021/07/16 15:41:07.140577  length=9 from=17 to=25
 02 02 00 04 00 00 02 0a                          ........
 18                                               .
--
< 2021/07/16 15:41:07.156553  length=7 from=297 to=303
 02 02 00 02 00 00 00                             .......
--
> 2021/07/16 15:41:07.218324  length=12 from=26 to=37
 02 03 00 07 00 00 00 02 01 02 29 2a              ..........)*
--
< 2021/07/16 15:41:07.234347  length=7 from=304 to=310
 02 03 00 02 00 00 00                             .......
--
> 2021/07/16 15:41:07.391870  length=12 from=38 to=49
 02 03 00 07 00 00 00 02 01 02 24 2a              ..........$*
--
< 2021/07/16 15:41:07.407905  length=7 from=311 to=317
 02 03 00 02 00 00 00                             .......
--
> 2021/07/16 15:41:07.469646  length=12 from=50 to=61
 02 03 00 07 00 00 00 02 01 02 25 2a              ..........%*
--
< 2021/07/16 15:41:07.485637  length=7 from=318 to=324
 02 03 00 02 00 00 00                             .......
--
> 2021/07/16 15:41:07.596329  length=12 from=62 to=73
 02 03 00 07 00 00 00 02 01 02 27 2a              ..........'*
--
< 2021/07/16 15:41:07.612438  length=7 from=325 to=331
 02 03 00 02 00 00 00                             .......
--
> 2021/07/16 15:41:07.705338  length=12 from=74 to=85
 02 03 00 07 00 00 00 02 01 02 26 2a              ..........&*
--
< 2021/07/16 15:41:07.721443  length=7 from=332 to=338
 02 03 00 02 00 00 00                             .......
--
> 2021/07/16 15:41:07.798096  length=12 from=86 to=97
 02 03 00 07 00 00 00 02 01 02 28 2a              ..........(*
--
< 2021/07/16 15:41:07.813171  length=7 from=339 to=345
 02 03 00 02 00 00 00                             .......
--
> 2021/07/16 15:41:07.921888  length=12 from=98 to=109
 02 03 00 07 00 00 00 02 01 02 50 2a              ..........P*
--
< 2021/07/16 15:41:07.936962  length=7 from=346 to=352
 02 03 00 02 00 00 00                             .......
--
> 2021/07/16 15:41:08.000675  length=16 from=110 to=125
 02 06 00 0b 00 00 00 07 00 01 00 e5 fe 11 00 11  ................
--
< 2021/07/16 15:41:08.016735  length=5 from=353 to=357
 02 06 00 00 00                                   .....
--
> 2021/07/16 15:41:08.159176  length=5 from=126 to=130
 02 07 00 00 00                                   .....
--
< 2021/07/16 15:41:08.175223  length=8 from=358 to=365
 02 07 00 03 00 00 00 00                          ........
--
> 2021/07/16 15:41:12.157337  length=12 from=131 to=142
 01 0a                                            ..
 00 07 00 00 00 ff ff ff ff 00                    ..........
--
< 2021/07/16 15:41:12.172538  length=9 from=366 to=374
 01 0a                                            ..
 00 04 00 13 26 00 00                             ....&..
--
< 2021/07/16 15:41:12.705743  length=18 from=375 to=392
 01 82 00 0d 00 00 76 e6 08 dc 1b 00 3c 00 00 00  ......v.....<...
 d0 07                                            ..
--
< 2021/07/16 15:41:16.878021  length=12 from=393 to=404
 01 83 00 07 00 00 76 e6 08 dc 1b 00              ......v.....
--
