Applying system reset.
Run.
< 2021/07/16 15:42:04.627997  length=5 from=0 to=4
 00 80 ff 00 00                                   .....
--
> 2021/07/16 15:42:04.816446  length=6 from=0 to=5
 00 03 ff 01 00 01                                ......
--
< 2021/07/16 15:42:04.832457  length=5 from=5 to=9
 00 03 ff 00 00                                   .....
--
> 2021/07/16 15:42:04.958081  length=5 from=6 to=10
 01 03 00 00 00                                   .....
--
< 2021/07/16 15:42:05.097778  length=55 from=10 to=64
 01 03 00 15 01 bb 7c fb 8d 5c 77 13 06 00 00 13  ......|..\w.....
 22 00 00 00 00 00 62 74 70 5f 74 65 73 74 65 72  ".....btp_tester
 00 00 00 00 00 00 00 00 00 00 00 00 00 00 00 00  ................
 00 00 00 00 00 00 00                             .......
--
< 2021/07/16 15:42:05.098987  length=13 from=65 to=77
 00 00 00 00 00 00 00 00 00 00 00 00 00           .............
--
< 2021/07/16 15:42:05.099167  length=11 from=78 to=88
 00 00 00 00 00 00 00 00 00 00 00                 ...........
--
< 2021/07/16 15:42:05.113796  length=163 from=89 to=251
 00 00 00 00 00 00 00 00 00 00 00 00 00 00 00 00  ................
 00 00 00 00 00 00 00 00 00 00 00 00 00 00 00 00  ................
 00 00 00 00 00 00 00 00 00 00 00 00 00 00 00 00  ................
 00 00 00 00 00 00 00 00 00 00 00 00 00 00 00 00  ................
 00 00 00 00 00 00 00 00 00 00 00 00 00 00 00 00  ................
 00 00 00 00 00 00 00 00 00 00 00 00 00 00 00 00  ................
 00 00 00 00 00 00 00 00 00 00 00 00 00 00 00 00  ................
 00 00 00 00 00 00 00 00 00 00 00 00 00 00 00 00  ................
 00 00 00 00 00 00 00 00 00 00 00 00 00 00 00 00  ................
 00 00 00 00 00 00 00 00 00 00 00 00 00 00 00 00  ................
 00 00 00                                         ...
--
< 2021/07/16 15:42:05.115253  length=24 from=252 to=275
 00 00 00 00 00 00 00 00 00 00 00 00 00 00 00 00  ................
 00 00 00 00 00 00 00 00                          ........
--
< 2021/07/16 15:42:05.129786  length=16 from=276 to=291
 00 00 00 00 00 00 00 00 00 00 00 00 00 00 00 00  ................
--
> 2021/07/16 15:42:05.255262  length=6 from=11 to=16
 00 03 ff 01 00 02                                ......
--
< 2021/07/16 15:42:05.270296  length=5 from=292 to=296
 00 03 ff 00 00                                   .....
--
> 2021/07/16 15:42:05.330105  length=9 from=17 to=25
 02 02 00 04 00 00 02 0a                          ........
 18                                               .
--
< 2021/07/16 15:42:05.345230  length=7 from=297 to=303
 02 02 00 02 00 00 00                             .......
--
> 2021/07/16 15:42:05.424837  length=12 from=26 to=37
 02 03 00 07 00 00 00 02 01 02 29 2a              ..........)*
--
< 2021/07/16 15:42:05.440950  length=7 from=304 to=310
 02 03 00 02 00 00 00                             .......
--
> 2021/07/16 15:42:05.548513  length=12 from=38 to=49
 02 03 00 07 00 00 00 02 01 02 24 2a              ..........$*
--
< 2021/07/16 15:42:05.563492  length=7 from=311 to=317
 02 03 00 02 00 00 00                             .......
--
> 2021/07/16 15:42:05.626822  length=12 from=50 to=61
 02 03 00 07 00 00 00 02 01 02 25 2a              ..........%*
--
< 2021/07/16 15:42:05.641876  length=7 from=318 to=324
 02 03 00 02 00 00 00                             .......
--
> 2021/07/16 15:42:05.735501  length=12 from=62 to=73
 02 03 00 07 00 00 00 02 01 02 27 2a              ..........'*
--
< 2021/07/16 15:42:05.751533  length=7 from=325 to=331
 02 03 00 02 00 00 00                             .......
--
> 2021/07/16 15:42:05.861302  length=12 from=74 to=85
 02 03 00 07 00 00 00 02 01 02 26 2a              ..........&*
--
< 2021/07/16 15:42:05.877338  length=7 from=332 to=338
 02 03 00 02 00 00 00                             .......
--
> 2021/07/16 15:42:05.999888  length=12 from=86 to=97
 02 03 00 07 00 00 00 02 01 02 28 2a              ..........(*
--
< 2021/07/16 15:42:06.016053  length=7 from=339 to=345
 02 03 00 02 00 00 00                             .......
--
> 2021/07/16 15:42:06.092695  length=12 from=98 to=109
 02 03 00 07 00 00 00 02 01 02 50 2a              ..........P*
--
< 2021/07/16 15:42:06.108778  length=7 from=346 to=352
 02 03 00 02 00 00 00                             .......
--
> 2021/07/16 15:42:06.187474  length=16 from=110 to=125
 02 06 00 0b 00 00 00 07 00 01 00 e5 fe 11 00 11  ................
--
< 2021/07/16 15:42:06.203485  length=5 from=353 to=357
 02 06 00 00 00                                   .....
--
> 2021/07/16 15:42:06.298182  length=5 from=126 to=130
 02 07 00 00 00                                   .....
--
< 2021/07/16 15:42:06.314240  length=8 from=358 to=365
 02 07 00 03 00 00 00 00                          ........
--
> 2021/07/16 15:42:08.806572  length=12 from=131 to=142
 01 0a                                            ..
 00 07 00 00 00 ff ff ff ff 00                    ..........
--
< 2021/07/16 15:42:08.822627  length=9 from=366 to=374
 01 0a                                            ..
 00 04 00 13 26 00 00                             ....&..
--
< 2021/07/16 15:42:09.351491  length=18 from=375 to=392
 01 82 00 0d 00 00 76 e6 08 dc 1b 00 3c 00 00 00  ......v.....<...
 d0 07                                            ..
--
< 2021/07/16 15:42:14.320434  length=12 from=393 to=404
 01 83 00 07 00 00 76 e6 08 dc 1b 00              ......v.....
--
