Applying system reset.
Run.
< 2021/10/22 21:45:05.778610  length=5 from=0 to=4
 00 80 ff 00 00                                   .....
--
> 2021/10/22 21:45:06.046625  length=6 from=0 to=5
 00 03 ff 01 00 01                                ......
--
< 2021/10/22 21:45:06.062624  length=5 from=5 to=9
 00 03 ff 00 00                                   .....
--
> 2021/10/22 21:45:06.157773  length=5 from=6 to=10
 01 03 00 00 00                                   .....
--
< 2021/10/22 21:45:06.317476  length=21 from=10 to=30
 01 03 00 15 01 36 a7 20 ad 80 fc 13 06 00 00 13  .....6. ........
 82 00 00 00 00                                   .....
--
< 2021/10/22 21:45:06.318618  length=12 from=31 to=42
 00 62 74 70 5f 74 65 73 74 65 72 00              .btp_tester.
--
< 2021/10/22 21:45:06.318823  length=11 from=43 to=53
 00 00 00 00 00 00 00 00 00 00 00                 ...........
--
< 2021/10/22 21:45:06.333558  length=163 from=54 to=216
 00 00 00 00 00 00 00 00 00 00 00 00 00 00 00 00  ................
 00 00 00 00 00 00 00 00 00 00 00 00 00 00 00 00  ................
 00 00 00 00 00 00 00 00 00 00 00 00 00 00 00 00  ................
 00 00 00 00 00 00 00 00 00 00 00 00 00 00 00 00  ................
 00 00 00 00 00 00 00 00 00 00 00 00 00 00 00 00  ................
 00 00 00 00 00 00 00 00 00 00 00 00 00 00 00 00  ................
 00 00 00 00 00 00 00 00 00 00 00 00 00 00 00 00  ................
 00 00 00 00 00 00 00 00 00 00 00 00 00 00 00 00  ................
 00 00 00 00 00 00 00 00 00 00 00 00 00 00 00 00  ................
 00 00 00 00 00 00 00 00 00 00 00 00 00 00 00 00  ................
 00 00 00                                         ...
--
< 2021/10/22 21:45:06.335469  length=24 from=217 to=240
 00 00 00 00 00 00 00 00 00 00 00 00 00 00 00 00  ................
 00 00 00 00 00 00 00 00                          ........
--
< 2021/10/22 21:45:06.335792  length=12 from=241 to=252
 00 00 00 00 00 00 00 00 00 00 00 00              ............
--
< 2021/10/22 21:45:06.349409  length=39 from=253 to=291
 00 00 00 00 00 00 00 00 00 00 00 00 00 00 00 00  ................
 00 00 00 00 00 00 00 00 00 00 00 00 00 00 00 00  ................
 00 00 00 00 00 00 00                             .......
--
> 2021/10/22 21:45:06.444031  length=6 from=11 to=16
 01 10 00 01 00 00                                ......
--
< 2021/10/22 21:45:06.460023  length=5 from=292 to=296
 01 10 00 00 00                                   .....
--
> 2021/10/22 21:45:15.155339  length=13 from=17 to=29
 01 0e 00 08 00 00 b9 15 60 92 01 cc 00           ........`....
--
< 2021/10/22 21:45:15.171329  length=5 from=297 to=301
 01 0e 00 00 00                                   .....
--
< 2021/10/22 21:45:15.441096  length=18 from=302 to=319
 01 82 00 0d 00 00 b9 15 60 92 01 cc 28 00 00 00  ........`...(...
 90 01                                            ..
--
> 2021/10/22 21:45:15.568125  length=12 from=30 to=41
 01 11 00 07 00 00 b9 15 60 92 01 cc              ........`...
--
< 2021/10/22 21:45:15.584149  length=5 from=320 to=324
 01 11 00 00 00                                   .....
--
> 2021/10/22 21:45:15.679644  length=12 from=42 to=53
 01 0f 00 07 00 00 b9 15 60 92 01 cc              ........`...
--
< 2021/10/22 21:45:15.695691  length=17 from=325 to=341
 01 0f 00 00 00 01 83 00 07 00 00 b9 15 60 92 01  .............`..
 cc                                               .
--
> 2021/10/22 21:45:15.807032  length=13 from=54 to=66
 01 0e 00 08 00 00 b9 15 60 92 01 cc 00           ........`....
--
< 2021/10/22 21:45:15.822977  length=5 from=342 to=346
 01 0e 00 00 00                                   .....
--
< 2021/10/22 21:45:16.028110  length=18 from=347 to=364
 01 82 00 0d 00 00 b9 15 60 92 01 cc 28 00 00 00  ........`...(...
 90 01                                            ..
--
> 2021/10/22 21:45:16.169620  length=12 from=67 to=78
 01 11 00 07 00 00 b9 15 60 92 01 cc              ........`...
--
< 2021/10/22 21:45:16.185707  length=5 from=365 to=369
 01 11 00 00 00                                   .....
--
> 2021/10/22 21:45:16.249235  length=12 from=79 to=90
 01 0f 00 07 00 00 b9 15 60 92 01 cc              ........`...
--
< 2021/10/22 21:45:16.265296  length=5 from=370 to=374
 01 0f 00 00 00                                   .....
--
< 2021/10/22 21:45:16.281391  length=12 from=375 to=386
 01 83 00 07 00 00 b9 15 60 92 01 cc              ........`...
--
> 2021/10/22 21:45:16.360380  length=13 from=91 to=103
 01 0e 00 08 00 00 b9 15 60 92 01 cc 00           ........`....
--
< 2021/10/22 21:45:16.376328  length=5 from=387 to=391
 01 0e 00 00 00                                   .....
--
< 2021/10/22 21:45:16.598722  length=16 from=392 to=407
 01 82 00 0d 00 00 b9 15 60 92 01 cc 28 00 00 00  ........`...(...
--
< 2021/10/22 21:45:16.599053  length=2 from=408 to=409
 90 01                                            ..
--
> 2021/10/22 21:45:16.662532  length=12 from=104 to=115
 01 11 00 07 00 00 b9 15 60 92 01 cc              ........`...
--
< 2021/10/22 21:45:16.677603  length=5 from=410 to=414
 01 11 00 00 00                                   .....
--
> 2021/10/22 21:45:16.789237  length=12 from=116 to=127
 01 0f 00 07 00 00 b9 15 60 92 01 cc              ........`...
--
< 2021/10/22 21:45:16.805186  length=17 from=415 to=431
 01 0f 00 00 00 01 83 00 07 00 00 b9 15 60 92 01  .............`..
 cc                                               .
--
> 2021/10/22 21:45:16.884462  length=13 from=128 to=140
 01 0e 00 08 00 00 b9 15 60 92 01 cc 00           ........`....
--
< 2021/10/22 21:45:16.900489  length=5 from=432 to=436
 01 0e 00 00 00                                   .....
--
< 2021/10/22 21:45:17.139880  length=18 from=437 to=454
 01 82 00 0d 00 00 b9 15 60 92 01 cc 28 00 00 00  ........`...(...
 90 01                                            ..
--
> 2021/10/22 21:45:17.297891  length=12 from=141 to=152
 01 11 00 07 00 00 b9 15 60 92 01 cc              ........`...
--
< 2021/10/22 21:45:17.313949  length=5 from=455 to=459
 01 11 00 00 00                                   .....
--
> 2021/10/22 21:45:17.409139  length=12 from=153 to=164
 01 0f 00 07 00 00 b9 15 60 92 01 cc              ........`...
--
< 2021/10/22 21:45:17.425172  length=5 from=460 to=464
 01 0f 00 00 00                                   .....
--
< 2021/10/22 21:45:17.441158  length=12 from=465 to=476
 01 83 00 07 00 00 b9 15 60 92 01 cc              ........`...
--
