2021-10-22 21:45:04,059 root DEBUG autoptsclient_common.py   775   run_test_case_thread_entry : Starting TestCase wrapper SM SM/CEN/JW/BV-05-C
2021-10-22 21:45:04,059 root DEBUG testcase.py               718   pre_run                   : pre_run SM SM/CEN/JW/BV-05-C
2021-10-22 21:45:04,059 root DEBUG testcase.py               720   pre_run                   : About to run test case SM SM/CEN/JW/BV-05-C with commands:
2021-10-22 21:45:04,059 root DEBUG testcase.py               723   pre_run                   : 0) class=<class 'ptsprojects.testcase.TestFunc'>, func=<bound method ZephyrCtl.start of <ptsprojects.zephyr.iutctl.ZephyrCtl object at 0x000001B16001AA90>> start_wid=None stop_wid=None post_wid=None skip_call=None call_count=0 args=(<ptsprojects.zephyr.ztestcase.ZTestCase object at 0x000001B16036AC10>,) kwds={}
2021-10-22 21:45:04,059 root DEBUG testcase.py               723   pre_run                   : 1) class=<class 'ptsprojects.testcase.TestFunc'>, func=<bound method ZephyrCtl.wait_iut_ready_event of <ptsprojects.zephyr.iutctl.ZephyrCtl object at 0x000001B16001AA90>> start_wid=None stop_wid=None post_wid=None skip_call=None call_count=0 args=() kwds={}
2021-10-22 21:45:04,060 root DEBUG testcase.py               723   pre_run                   : 2) class=<class 'ptsprojects.testcase.TestFunc'>, func=<function core_reg_svc_gap at 0x000001B15E7139D0> start_wid=None stop_wid=None post_wid=None skip_call=None call_count=0 args=() kwds={}
2021-10-22 21:45:04,060 root DEBUG testcase.py               723   pre_run                   : 3) class=<class 'ptsprojects.testcase.TestFunc'>, func=<bound method Stack.gap_init of <ptsprojects.stack.Stack object at 0x000001B16001A9A0>> start_wid=None stop_wid=None post_wid=None skip_call=None call_count=0 args=(b'Tester_6015B9',) kwds={}
2021-10-22 21:45:04,060 root DEBUG testcase.py               723   pre_run                   : 4) class=<class 'ptsprojects.testcase.TestFunc'>, func=<function gap_read_ctrl_info at 0x000001B15E721F70> start_wid=None stop_wid=None post_wid=None skip_call=None call_count=0 args=() kwds={}
2021-10-22 21:45:04,060 root DEBUG testcase.py               723   pre_run                   : 5) class=<class 'ptsprojects.testcase.TestFunc'>, func=<function test_cases.<locals>.<lambda> at 0x000001B160057700> start_wid=None stop_wid=None post_wid=None skip_call=None call_count=0 args=() kwds={}
2021-10-22 21:45:04,060 root DEBUG testcase.py               723   pre_run                   : 6) class=<class 'ptsprojects.testcase.TestFunc'>, func=<function test_cases.<locals>.<lambda> at 0x000001B160057790> start_wid=None stop_wid=None post_wid=None skip_call=None call_count=0 args=() kwds={}
2021-10-22 21:45:04,060 root DEBUG testcase.py               723   pre_run                   : 7) class=<class 'ptsprojects.testcase.TestFunc'>, func=<function test_cases.<locals>.<lambda> at 0x000001B160057820> start_wid=None stop_wid=None post_wid=None skip_call=None call_count=0 args=() kwds={}
2021-10-22 21:45:04,060 root DEBUG testcase.py               723   pre_run                   : 8) class=<class 'ptsprojects.testcase.TestFunc'>, func=<function set_pts_addr at 0x000001B15E713940> start_wid=None stop_wid=None post_wid=None skip_call=None call_count=0 args=('CC:01:92:60:15:B9', 0) kwds={}
2021-10-22 21:45:04,060 root DEBUG testcase.py               723   pre_run                   : 9) class=<class 'ptsprojects.testcase.TestFunc'>, func=<function gap_set_io_cap at 0x000001B15E7215E0> start_wid=None stop_wid=None post_wid=None skip_call=None call_count=0 args=(0,) kwds={}
2021-10-22 21:45:04,060 root DEBUG testcase.py               723   pre_run                   : 10) class=<class 'ptsprojects.testcase.TestFuncCleanUp'>, func=<bound method Stack.cleanup of <ptsprojects.stack.Stack object at 0x000001B16001A9A0>> start_wid=None stop_wid=None post_wid=None skip_call=None call_count=0 args=() kwds={}
2021-10-22 21:45:04,060 root DEBUG testcase.py               723   pre_run                   : 11) class=<class 'ptsprojects.testcase.TestFuncCleanUp'>, func=<bound method ZephyrCtl.stop of <ptsprojects.zephyr.iutctl.ZephyrCtl object at 0x000001B16001AA90>> start_wid=None stop_wid=None post_wid=None skip_call=None call_count=0 args=() kwds={}
2021-10-22 21:45:04,061 root DEBUG testcase.py               730   pre_run                   : post_run, run pre test case script
2021-10-22 21:45:04,063 root DEBUG testcase.py               246   start                     : Starting test function: class=<class 'ptsprojects.testcase.TestFunc'>, func=<bound method ZephyrCtl.start of <ptsprojects.zephyr.iutctl.ZephyrCtl object at 0x000001B16001AA90>> start_wid=None stop_wid=None post_wid=None skip_call=None call_count=1 args=(<ptsprojects.zephyr.ztestcase.ZTestCase object at 0x000001B16036AC10>,) kwds={}
2021-10-22 21:45:04,063 root DEBUG testcase.py               258   start                     : Test function parameters: args=(<ptsprojects.zephyr.ztestcase.ZTestCase object at 0x000001B16036AC10>,), kwds={}
2021-10-22 21:45:04,063 root DEBUG iutctl.py                 92    start                     : <class 'ptsprojects.zephyr.iutctl.ZephyrCtl'>.start
2021-10-22 21:45:04,063 root DEBUG iutctl.py                 152   flush_serial              : <class 'ptsprojects.zephyr.iutctl.ZephyrCtl'>.flush_serial
2021-10-22 21:45:04,095 root DEBUG iutctl.py                 117   start                     : Starting socat process: socat.exe -x -v tcp:192.168.9.109:50775,retry=100,interval=1 /dev/ttyS2,raw,b115200
2021-10-22 21:45:04,099 root DEBUG iutctl_common.py          231   accept                    : accept
2021-10-22 21:45:04,140 root DEBUG testcase.py               246   start                     : Starting test function: class=<class 'ptsprojects.testcase.TestFunc'>, func=<bound method ZephyrCtl.wait_iut_ready_event of <ptsprojects.zephyr.iutctl.ZephyrCtl object at 0x000001B16001AA90>> start_wid=None stop_wid=None post_wid=None skip_call=None call_count=1 args=() kwds={}
2021-10-22 21:45:04,140 root DEBUG testcase.py               258   start                     : Test function parameters: args=(), kwds={}
2021-10-22 21:45:04,140 root DEBUG iutctl.py                 186   reset                     : <class 'ptsprojects.zephyr.iutctl.ZephyrCtl'>.reset
2021-10-22 21:45:04,140 root DEBUG iutctl.py                 221   stop                      : <class 'ptsprojects.zephyr.iutctl.ZephyrCtl'>.stop
2021-10-22 21:45:05,167 root DEBUG iutctl.py                 92    start                     : <class 'ptsprojects.zephyr.iutctl.ZephyrCtl'>.start
2021-10-22 21:45:05,167 root DEBUG iutctl.py                 152   flush_serial              : <class 'ptsprojects.zephyr.iutctl.ZephyrCtl'>.flush_serial
2021-10-22 21:45:05,196 root DEBUG iutctl.py                 117   start                     : Starting socat process: socat.exe -x -v tcp:192.168.9.109:50777,retry=100,interval=1 /dev/ttyS2,raw,b115200
2021-10-22 21:45:05,198 root DEBUG iutctl_common.py          231   accept                    : accept
2021-10-22 21:45:05,211 root DEBUG iutctl.py                 152   flush_serial              : <class 'ptsprojects.zephyr.iutctl.ZephyrCtl'>.flush_serial
2021-10-22 21:45:05,211 root DEBUG iutctl.py                 295   reset                     : About to reset DUT: 'nrfjprog -f nrf52 -r -s 683357425'
2021-10-22 21:45:05,536 root DEBUG iutctl_common.py          174   read                      : read
2021-10-22 21:45:05,810 root DEBUG iutctl_common.py          98    read                      : Received: hdr: Header(svc_id=0, op=128, ctrl_index=255, data_len=0) bytearray(b'\x00\x80\xff\x00\x00')
2021-10-22 21:45:06,014 root DEBUG iutctl_common.py          111   read                      : Received data: "('',)", bytearray(b'')
2021-10-22 21:45:06,014 root DEBUG btp.py                    423   event_handler             : event_handler Header(svc_id=0, op=128, ctrl_index=255, data_len=0) (b'',)
2021-10-22 21:45:06,014 root ERROR btp.py                    455   event_handler             : Unhandled event! svc_id 0 op 128
2021-10-22 21:45:06,014 root DEBUG iutctl.py                 214   wait_iut_ready_event      : IUT ready event received OK
2021-10-22 21:45:06,014 root DEBUG testcase.py               246   start                     : Starting test function: class=<class 'ptsprojects.testcase.TestFunc'>, func=<function core_reg_svc_gap at 0x000001B15E7139D0> start_wid=None stop_wid=None post_wid=None skip_call=None call_count=1 args=() kwds={}
2021-10-22 21:45:06,014 root DEBUG testcase.py               258   start                     : Test function parameters: args=(), kwds={}
2021-10-22 21:45:06,014 root DEBUG btp.py                    258   core_reg_svc_gap          : core_reg_svc_gap
2021-10-22 21:45:06,014 root DEBUG iutctl_common.py          117   send                      : send, 0 3 255 '1'
2021-10-22 21:45:06,015 root DEBUG iutctl_common.py          120   send                      : btpclient command: send 0 3 255 '1'
2021-10-22 21:45:06,015 root DEBUG iutctl_common.py          125   send                      : sending frame b'\x00\x03\xff\x01\x00\x01'
2021-10-22 21:45:06,015 root DEBUG btp.py                    340   core_reg_svc_rsp_succ     : core_reg_svc_rsp_succ
2021-10-22 21:45:06,015 root DEBUG iutctl_common.py          174   read                      : read
2021-10-22 21:45:06,094 root DEBUG iutctl_common.py          98    read                      : Received: hdr: Header(svc_id=0, op=3, ctrl_index=255, data_len=0) bytearray(b'\x00\x03\xff\x00\x00')
2021-10-22 21:45:06,110 root DEBUG iutctl_common.py          111   read                      : Received data: "('',)", bytearray(b'')
2021-10-22 21:45:06,126 root DEBUG btp.py                    351   core_reg_svc_rsp_succ     : received Header(svc_id=0, op=3, ctrl_index=255, data_len=0) (b'',)
2021-10-22 21:45:06,126 root DEBUG btp.py                    352   core_reg_svc_rsp_succ     : expected ((0, 3, 255, 0), (b'',))
2021-10-22 21:45:06,126 root DEBUG btp.py                    357   core_reg_svc_rsp_succ     : response is valid
2021-10-22 21:45:06,126 root DEBUG testcase.py               246   start                     : Starting test function: class=<class 'ptsprojects.testcase.TestFunc'>, func=<bound method Stack.gap_init of <ptsprojects.stack.Stack object at 0x000001B16001A9A0>> start_wid=None stop_wid=None post_wid=None skip_call=None call_count=1 args=(b'Tester_6015B9',) kwds={}
2021-10-22 21:45:06,126 root DEBUG testcase.py               258   start                     : Test function parameters: args=(b'Tester_6015B9',), kwds={}
2021-10-22 21:45:06,126 root DEBUG testcase.py               246   start                     : Starting test function: class=<class 'ptsprojects.testcase.TestFunc'>, func=<function gap_read_ctrl_info at 0x000001B15E721F70> start_wid=None stop_wid=None post_wid=None skip_call=None call_count=1 args=() kwds={}
2021-10-22 21:45:06,126 root DEBUG testcase.py               258   start                     : Test function parameters: args=(), kwds={}
2021-10-22 21:45:06,126 root DEBUG gap.py                    761   gap_read_ctrl_info        : gap_read_ctrl_info
2021-10-22 21:45:06,126 root DEBUG iutctl_common.py          117   send                      : send, 1 3 0 ''
2021-10-22 21:45:06,127 root DEBUG iutctl_common.py          120   send                      : btpclient command: send 1 3 0 ''
2021-10-22 21:45:06,127 root DEBUG iutctl_common.py          125   send                      : sending frame b'\x01\x03\x00\x00\x00'
2021-10-22 21:45:06,127 root DEBUG iutctl_common.py          174   read                      : read
2021-10-22 21:45:06,333 root DEBUG iutctl_common.py          98    read                      : Received: hdr: Header(svc_id=1, op=3, ctrl_index=0, data_len=277) bytearray(b'\x01\x03\x00\x15\x01')
2021-10-22 21:45:06,397 root DEBUG iutctl_common.py          111   read                      : Received data: "('6§ \xad\x80ü\x13\x06\x00\x00\x13\x82\x00\x00\x00\x00\x00btp_tester\x00\x00\x00\x00\x00\x00\x00\x00\x00\x00\x00\x00\x00\x00\x00\x00\x00\x00\x00\x00\x00\x00\x00\x00\x00\x00\x00\x00\x00\x00\x00\x00\x00\x00\x00\x00\x00\x00\x00\x00\x00\x00\x00\x00\x00\x00\x00\x00\x00\x00\x00\x00\x00\x00\x00\x00\x00\x00\x00\x00\x00\x00\x00\x00\x00\x00\x00\x00\x00\x00\x00\x00\x00\x00\x00\x00\x00\x00\x00\x00\x00\x00\x00\x00\x00\x00\x00\x00\x00\x00\x00\x00\x00\x00\x00\x00\x00\x00\x00\x00\x00\x00\x00\x00\x00\x00\x00\x00\x00\x00\x00\x00\x00\x00\x00\x00\x00\x00\x00\x00\x00\x00\x00\x00\x00\x00\x00\x00\x00\x00\x00\x00\x00\x00\x00\x00\x00\x00\x00\x00\x00\x00\x00\x00\x00\x00\x00\x00\x00\x00\x00\x00\x00\x00\x00\x00\x00\x00\x00\x00\x00\x00\x00\x00\x00\x00\x00\x00\x00\x00\x00\x00\x00\x00\x00\x00\x00\x00\x00\x00\x00\x00\x00\x00\x00\x00\x00\x00\x00\x00\x00\x00\x00\x00\x00\x00\x00\x00\x00\x00\x00\x00\x00\x00\x00\x00\x00\x00\x00\x00\x00\x00\x00\x00\x00\x00\x00\x00\x00\x00\x00\x00\x00\x00\x00\x00\x00\x00\x00\x00\x00\x00\x00\x00\x00\x00\x00\x00\x00\x00\x00\x00\x00\x00\x00\x00\x00\x00\x00\x00',)", bytearray(b'6\xa7 \xad\x80\xfc\x13\x06\x00\x00\x13\x82\x00\x00\x00\x00\x00btp_tester\x00\x00\x00\x00\x00\x00\x00\x00\x00\x00\x00\x00\x00\x00\x00\x00\x00\x00\x00\x00\x00\x00\x00\x00\x00\x00\x00\x00\x00\x00\x00\x00\x00\x00\x00\x00\x00\x00\x00\x00\x00\x00\x00\x00\x00\x00\x00\x00\x00\x00\x00\x00\x00\x00\x00\x00\x00\x00\x00\x00\x00\x00\x00\x00\x00\x00\x00\x00\x00\x00\x00\x00\x00\x00\x00\x00\x00\x00\x00\x00\x00\x00\x00\x00\x00\x00\x00\x00\x00\x00\x00\x00\x00\x00\x00\x00\x00\x00\x00\x00\x00\x00\x00\x00\x00\x00\x00\x00\x00\x00\x00\x00\x00\x00\x00\x00\x00\x00\x00\x00\x00\x00\x00\x00\x00\x00\x00\x00\x00\x00\x00\x00\x00\x00\x00\x00\x00\x00\x00\x00\x00\x00\x00\x00\x00\x00\x00\x00\x00\x00\x00\x00\x00\x00\x00\x00\x00\x00\x00\x00\x00\x00\x00\x00\x00\x00\x00\x00\x00\x00\x00\x00\x00\x00\x00\x00\x00\x00\x00\x00\x00\x00\x00\x00\x00\x00\x00\x00\x00\x00\x00\x00\x00\x00\x00\x00\x00\x00\x00\x00\x00\x00\x00\x00\x00\x00\x00\x00\x00\x00\x00\x00\x00\x00\x00\x00\x00\x00\x00\x00\x00\x00\x00\x00\x00\x00\x00\x00\x00\x00\x00\x00\x00\x00\x00\x00\x00\x00\x00\x00\x00\x00\x00\x00\x00\x00\x00\x00\x00\x00')
2021-10-22 21:45:06,397 root DEBUG gap.py                    768   gap_read_ctrl_info        : received Header(svc_id=1, op=3, ctrl_index=0, data_len=277) (b'6\xa7 \xad\x80\xfc\x13\x06\x00\x00\x13\x82\x00\x00\x00\x00\x00btp_tester\x00\x00\x00\x00\x00\x00\x00\x00\x00\x00\x00\x00\x00\x00\x00\x00\x00\x00\x00\x00\x00\x00\x00\x00\x00\x00\x00\x00\x00\x00\x00\x00\x00\x00\x00\x00\x00\x00\x00\x00\x00\x00\x00\x00\x00\x00\x00\x00\x00\x00\x00\x00\x00\x00\x00\x00\x00\x00\x00\x00\x00\x00\x00\x00\x00\x00\x00\x00\x00\x00\x00\x00\x00\x00\x00\x00\x00\x00\x00\x00\x00\x00\x00\x00\x00\x00\x00\x00\x00\x00\x00\x00\x00\x00\x00\x00\x00\x00\x00\x00\x00\x00\x00\x00\x00\x00\x00\x00\x00\x00\x00\x00\x00\x00\x00\x00\x00\x00\x00\x00\x00\x00\x00\x00\x00\x00\x00\x00\x00\x00\x00\x00\x00\x00\x00\x00\x00\x00\x00\x00\x00\x00\x00\x00\x00\x00\x00\x00\x00\x00\x00\x00\x00\x00\x00\x00\x00\x00\x00\x00\x00\x00\x00\x00\x00\x00\x00\x00\x00\x00\x00\x00\x00\x00\x00\x00\x00\x00\x00\x00\x00\x00\x00\x00\x00\x00\x00\x00\x00\x00\x00\x00\x00\x00\x00\x00\x00\x00\x00\x00\x00\x00\x00\x00\x00\x00\x00\x00\x00\x00\x00\x00\x00\x00\x00\x00\x00\x00\x00\x00\x00\x00\x00\x00\x00\x00\x00\x00\x00\x00\x00\x00\x00\x00\x00\x00\x00\x00\x00\x00\x00\x00\x00\x00\x00\x00\x00\x00\x00\x00',)
2021-10-22 21:45:06,397 root DEBUG gap.py                    789   gap_read_ctrl_info        : IUT address 'fc80ad20a736'
2021-10-22 21:45:06,397 root DEBUG gap.py                    269   __gap_current_settings_update : __gap_current_settings_update 33299
2021-10-22 21:45:06,397 root DEBUG testcase.py               246   start                     : Starting test function: class=<class 'ptsprojects.testcase.TestFunc'>, func=<function test_cases.<locals>.<lambda> at 0x000001B160057700> start_wid=None stop_wid=None post_wid=None skip_call=None call_count=1 args=() kwds={}
2021-10-22 21:45:06,397 root DEBUG testcase.py               258   start                     : Test function parameters: args=(), kwds={}
2021-10-22 21:45:06,399 root DEBUG testcase.py               246   start                     : Starting test function: class=<class 'ptsprojects.testcase.TestFunc'>, func=<function test_cases.<locals>.<lambda> at 0x000001B160057790> start_wid=None stop_wid=None post_wid=None skip_call=None call_count=1 args=() kwds={}
2021-10-22 21:45:06,399 root DEBUG testcase.py               258   start                     : Test function parameters: args=(), kwds={}
2021-10-22 21:45:06,400 root DEBUG testcase.py               246   start                     : Starting test function: class=<class 'ptsprojects.testcase.TestFunc'>, func=<function test_cases.<locals>.<lambda> at 0x000001B160057820> start_wid=None stop_wid=None post_wid=None skip_call=None call_count=1 args=() kwds={}
2021-10-22 21:45:06,400 root DEBUG testcase.py               258   start                     : Test function parameters: args=(), kwds={}
2021-10-22 21:45:06,402 root DEBUG testcase.py               246   start                     : Starting test function: class=<class 'ptsprojects.testcase.TestFunc'>, func=<function set_pts_addr at 0x000001B15E713940> start_wid=None stop_wid=None post_wid=None skip_call=None call_count=1 args=('CC:01:92:60:15:B9', 0) kwds={}
2021-10-22 21:45:06,402 root DEBUG testcase.py               258   start                     : Test function parameters: args=('CC:01:92:60:15:B9', 0), kwds={}
2021-10-22 21:45:06,402 root DEBUG testcase.py               246   start                     : Starting test function: class=<class 'ptsprojects.testcase.TestFunc'>, func=<function gap_set_io_cap at 0x000001B15E7215E0> start_wid=None stop_wid=None post_wid=None skip_call=None call_count=1 args=(0,) kwds={}
2021-10-22 21:45:06,402 root DEBUG testcase.py               258   start                     : Test function parameters: args=(0,), kwds={}
2021-10-22 21:45:06,402 root DEBUG gap.py                    475   gap_set_io_cap            : gap_set_io_cap 0
2021-10-22 21:45:06,402 root DEBUG iutctl_common.py          117   send                      : send, 1 16 0 '\x00'
2021-10-22 21:45:06,402 root DEBUG iutctl_common.py          120   send                      : btpclient command: send 1 16 0 '\x00'
2021-10-22 21:45:06,403 root DEBUG iutctl_common.py          125   send                      : sending frame b'\x01\x10\x00\x01\x00\x00'
2021-10-22 21:45:06,403 root DEBUG gap.py                    795   gap_command_rsp_succ      : gap_command_rsp_succ
2021-10-22 21:45:06,403 root DEBUG iutctl_common.py          174   read                      : read
2021-10-22 21:45:06,490 root DEBUG iutctl_common.py          98    read                      : Received: hdr: Header(svc_id=1, op=16, ctrl_index=0, data_len=0) bytearray(b'\x01\x10\x00\x00\x00')
2021-10-22 21:45:06,506 root DEBUG iutctl_common.py          111   read                      : Received data: "('',)", bytearray(b'')
2021-10-22 21:45:06,507 root DEBUG gap.py                    800   gap_command_rsp_succ      : received Header(svc_id=1, op=16, ctrl_index=0, data_len=0) (b'',)
2021-10-22 21:45:06,507 root DEBUG autoptsclient_common.py   270   set_current_test_case     : CallbackThread.set_current_test_case SM/CEN/JW/BV-05-C
2021-10-22 21:45:15,113 ClientCallback.on_implicit_send INFO autoptsclient_common.py   169   on_implicit_send          : ********************
2021-10-22 21:45:15,113 ClientCallback.on_implicit_send INFO autoptsclient_common.py   170   on_implicit_send          : BEGIN OnImplicitSend:
2021-10-22 21:45:15,113 ClientCallback.on_implicit_send INFO autoptsclient_common.py   171   on_implicit_send          : project_name: SM
2021-10-22 21:45:15,113 ClientCallback.on_implicit_send INFO autoptsclient_common.py   172   on_implicit_send          : wid: 100
2021-10-22 21:45:15,113 ClientCallback.on_implicit_send INFO autoptsclient_common.py   173   on_implicit_send          : test_case_name: SM/CEN/JW/BV-05-C
2021-10-22 21:45:15,113 ClientCallback.on_implicit_send INFO autoptsclient_common.py   174   on_implicit_send          : description: Initiate an connection from the IUT to the PTS.
2021-10-22 21:45:15,113 ClientCallback.on_implicit_send INFO autoptsclient_common.py   175   on_implicit_send          : style: MMI_Style_Ok_Cancel2 0x11141
2021-10-22 21:45:15,113 ClientCallback.on_implicit_send INFO autoptsclient_common.py   181   on_implicit_send          : Calling test cases on_implicit_send
2021-10-22 21:45:15,113 root DEBUG testcase.py               675   on_implicit_send          : SM SM/CEN/JW/BV-05-C on_implicit_send
2021-10-22 21:45:15,113 root DEBUG testcase.py               619   join_post_wid_thread      : SM SM/CEN/JW/BV-05-C join_post_wid_thread
2021-10-22 21:45:15,113 root DEBUG testcase.py               621   join_post_wid_thread      : self.post_wid_thread None
2021-10-22 21:45:15,113 root DEBUG sm_wid.py                 27    sm_wid_hdl                : sm_wid_hdl, 100, 'Initiate an connection from the IUT to the PTS.', SM/CEN/JW/BV-05-C
2021-10-22 21:45:15,113 root DEBUG gap.py                    402   gap_conn                  : gap_conn None None
2021-10-22 21:45:15,113 root DEBUG iutctl_common.py          117   send                      : send, 1 14 0 "bytearray(b'\\x00\\xb9\\x15`\\x92\\x01\\xcc\\x00')"
2021-10-22 21:45:15,113 root DEBUG iutctl_common.py          120   send                      : btpclient command: send 1 14 0 "bytearray(b'\\x00\\xb9\\x15`\\x92\\x01\\xcc\\x00')"
2021-10-22 21:45:15,114 root DEBUG iutctl_common.py          125   send                      : sending frame b'\x01\x0e\x00\x08\x00\x00\xb9\x15`\x92\x01\xcc\x00'
2021-10-22 21:45:15,114 root DEBUG gap.py                    795   gap_command_rsp_succ      : gap_command_rsp_succ
2021-10-22 21:45:15,114 root DEBUG iutctl_common.py          174   read                      : read
2021-10-22 21:45:15,203 root DEBUG iutctl_common.py          98    read                      : Received: hdr: Header(svc_id=1, op=14, ctrl_index=0, data_len=0) bytearray(b'\x01\x0e\x00\x00\x00')
2021-10-22 21:45:15,219 root DEBUG iutctl_common.py          111   read                      : Received data: "('',)", bytearray(b'')
2021-10-22 21:45:15,250 root DEBUG gap.py                    800   gap_command_rsp_succ      : received Header(svc_id=1, op=14, ctrl_index=0, data_len=0) (b'',)
2021-10-22 21:45:15,472 root DEBUG iutctl_common.py          98    read                      : Received: hdr: Header(svc_id=1, op=130, ctrl_index=0, data_len=13) bytearray(b'\x01\x82\x00\r\x00')
2021-10-22 21:45:15,520 root DEBUG iutctl_common.py          111   read                      : Received data: "('\x00¹\x15`\x92\x01Ì(\x00\x00\x00\x90\x01',)", bytearray(b'\x00\xb9\x15`\x92\x01\xcc(\x00\x00\x00\x90\x01')
2021-10-22 21:45:15,520 root DEBUG btp.py                    423   event_handler             : event_handler Header(svc_id=1, op=130, ctrl_index=0, data_len=13) (b'\x00\xb9\x15`\x92\x01\xcc(\x00\x00\x00\x90\x01',)
2021-10-22 21:45:15,520 root DEBUG gap.py                    128   gap_connected_ev_         : gap_connected_ev_ b'\x00\xb9\x15`\x92\x01\xcc(\x00\x00\x00\x90\x01'
2021-10-22 21:45:15,536 root DEBUG testcase.py               713   on_implicit_send          : Sending response 'OK'
2021-10-22 21:45:15,536 ClientCallback.on_implicit_send INFO autoptsclient_common.py   186   on_implicit_send          : test case returned on_implicit_send, response: OK
2021-10-22 21:45:15,536 ClientCallback.on_implicit_send INFO autoptsclient_common.py   196   on_implicit_send          : END OnImplicitSend:
2021-10-22 21:45:15,536 ClientCallback.on_implicit_send INFO autoptsclient_common.py   197   on_implicit_send          : ********************
2021-10-22 21:45:15,538 ClientCallback.on_implicit_send INFO autoptsclient_common.py   169   on_implicit_send          : ********************
2021-10-22 21:45:15,538 ClientCallback.on_implicit_send INFO autoptsclient_common.py   170   on_implicit_send          : BEGIN OnImplicitSend:
2021-10-22 21:45:15,538 ClientCallback.on_implicit_send INFO autoptsclient_common.py   171   on_implicit_send          : project_name: SM
2021-10-22 21:45:15,538 ClientCallback.on_implicit_send INFO autoptsclient_common.py   172   on_implicit_send          : wid: 108
2021-10-22 21:45:15,538 ClientCallback.on_implicit_send INFO autoptsclient_common.py   173   on_implicit_send          : test_case_name: SM/CEN/JW/BV-05-C
2021-10-22 21:45:15,538 ClientCallback.on_implicit_send INFO autoptsclient_common.py   174   on_implicit_send          : description: Please start pairing process.
2021-10-22 21:45:15,538 ClientCallback.on_implicit_send INFO autoptsclient_common.py   175   on_implicit_send          : style: MMI_Style_Ok 0x11040
2021-10-22 21:45:15,538 ClientCallback.on_implicit_send INFO autoptsclient_common.py   181   on_implicit_send          : Calling test cases on_implicit_send
2021-10-22 21:45:15,538 root DEBUG testcase.py               675   on_implicit_send          : SM SM/CEN/JW/BV-05-C on_implicit_send
2021-10-22 21:45:15,538 root DEBUG testcase.py               619   join_post_wid_thread      : SM SM/CEN/JW/BV-05-C join_post_wid_thread
2021-10-22 21:45:15,538 root DEBUG testcase.py               621   join_post_wid_thread      : self.post_wid_thread None
2021-10-22 21:45:15,538 root DEBUG sm_wid.py                 27    sm_wid_hdl                : sm_wid_hdl, 108, 'Please start pairing process.', SM/CEN/JW/BV-05-C
2021-10-22 21:45:15,538 root DEBUG gap.py                    484   gap_pair                  : gap_pair None None
2021-10-22 21:45:15,538 root DEBUG iutctl_common.py          117   send                      : send, 1 17 0 "bytearray(b'\\x00\\xb9\\x15`\\x92\\x01\\xcc')"
2021-10-22 21:45:15,538 root DEBUG iutctl_common.py          120   send                      : btpclient command: send 1 17 0 "bytearray(b'\\x00\\xb9\\x15`\\x92\\x01\\xcc')"
2021-10-22 21:45:15,539 root DEBUG iutctl_common.py          125   send                      : sending frame b'\x01\x11\x00\x07\x00\x00\xb9\x15`\x92\x01\xcc'
2021-10-22 21:45:15,539 root DEBUG gap.py                    795   gap_command_rsp_succ      : gap_command_rsp_succ
2021-10-22 21:45:15,539 root DEBUG iutctl_common.py          174   read                      : read
2021-10-22 21:45:15,599 root DEBUG iutctl_common.py          98    read                      : Received: hdr: Header(svc_id=1, op=17, ctrl_index=0, data_len=0) bytearray(b'\x01\x11\x00\x00\x00')
2021-10-22 21:45:15,615 root DEBUG iutctl_common.py          111   read                      : Received data: "('',)", bytearray(b'')
2021-10-22 21:45:15,647 root DEBUG gap.py                    800   gap_command_rsp_succ      : received Header(svc_id=1, op=17, ctrl_index=0, data_len=0) (b'',)
2021-10-22 21:45:15,647 root DEBUG testcase.py               713   on_implicit_send          : Sending response 'Ok'
2021-10-22 21:45:15,647 ClientCallback.on_implicit_send INFO autoptsclient_common.py   186   on_implicit_send          : test case returned on_implicit_send, response: Ok
2021-10-22 21:45:15,647 ClientCallback.on_implicit_send INFO autoptsclient_common.py   196   on_implicit_send          : END OnImplicitSend:
2021-10-22 21:45:15,647 ClientCallback.on_implicit_send INFO autoptsclient_common.py   197   on_implicit_send          : ********************
2021-10-22 21:45:15,649 ClientCallback.on_implicit_send INFO autoptsclient_common.py   169   on_implicit_send          : ********************
2021-10-22 21:45:15,649 ClientCallback.on_implicit_send INFO autoptsclient_common.py   170   on_implicit_send          : BEGIN OnImplicitSend:
2021-10-22 21:45:15,649 ClientCallback.on_implicit_send INFO autoptsclient_common.py   171   on_implicit_send          : project_name: SM
2021-10-22 21:45:15,650 ClientCallback.on_implicit_send INFO autoptsclient_common.py   172   on_implicit_send          : wid: 102
2021-10-22 21:45:15,650 ClientCallback.on_implicit_send INFO autoptsclient_common.py   173   on_implicit_send          : test_case_name: SM/CEN/JW/BV-05-C
2021-10-22 21:45:15,650 ClientCallback.on_implicit_send INFO autoptsclient_common.py   174   on_implicit_send          : description: Please initiate a disconnection to the PTS.

Description: Verify that the Implementation Under Test(IUT) can initiate a disconnect request to PTS.
2021-10-22 21:45:15,650 ClientCallback.on_implicit_send INFO autoptsclient_common.py   175   on_implicit_send          : style: MMI_Style_Ok_Cancel2 0x11141
2021-10-22 21:45:15,650 ClientCallback.on_implicit_send INFO autoptsclient_common.py   181   on_implicit_send          : Calling test cases on_implicit_send
2021-10-22 21:45:15,650 root DEBUG testcase.py               675   on_implicit_send          : SM SM/CEN/JW/BV-05-C on_implicit_send
2021-10-22 21:45:15,650 root DEBUG testcase.py               619   join_post_wid_thread      : SM SM/CEN/JW/BV-05-C join_post_wid_thread
2021-10-22 21:45:15,650 root DEBUG testcase.py               621   join_post_wid_thread      : self.post_wid_thread None
2021-10-22 21:45:15,650 root DEBUG sm_wid.py                 27    sm_wid_hdl                : sm_wid_hdl, 102, 'Please initiate a disconnection to the PTS.\n\nDescription: Verify that the Implementation Under Test(IUT) can initiate a disconnect request to PTS.', SM/CEN/JW/BV-05-C
2021-10-22 21:45:15,650 root DEBUG gap.py                    444   gap_disconn               : gap_disconn None None
2021-10-22 21:45:15,650 root DEBUG iutctl_common.py          117   send                      : send, 1 15 0 "bytearray(b'\\x00\\xb9\\x15`\\x92\\x01\\xcc')"
2021-10-22 21:45:15,650 root DEBUG iutctl_common.py          120   send                      : btpclient command: send 1 15 0 "bytearray(b'\\x00\\xb9\\x15`\\x92\\x01\\xcc')"
2021-10-22 21:45:15,650 root DEBUG iutctl_common.py          125   send                      : sending frame b'\x01\x0f\x00\x07\x00\x00\xb9\x15`\x92\x01\xcc'
2021-10-22 21:45:15,650 root DEBUG gap.py                    795   gap_command_rsp_succ      : gap_command_rsp_succ
2021-10-22 21:45:15,650 root DEBUG iutctl_common.py          174   read                      : read
2021-10-22 21:45:15,727 root DEBUG iutctl_common.py          98    read                      : Received: hdr: Header(svc_id=1, op=15, ctrl_index=0, data_len=0) bytearray(b'\x01\x0f\x00\x00\x00')
2021-10-22 21:45:15,743 root DEBUG iutctl_common.py          111   read                      : Received data: "('',)", bytearray(b'')
2021-10-22 21:45:15,775 root DEBUG iutctl_common.py          98    read                      : Received: hdr: Header(svc_id=1, op=131, ctrl_index=0, data_len=7) bytearray(b'\x01\x83\x00\x07\x00')
2021-10-22 21:45:15,775 root DEBUG gap.py                    800   gap_command_rsp_succ      : received Header(svc_id=1, op=15, ctrl_index=0, data_len=0) (b'',)
2021-10-22 21:45:15,775 root DEBUG iutctl_common.py          111   read                      : Received data: "('\x00¹\x15`\x92\x01Ì',)", bytearray(b'\x00\xb9\x15`\x92\x01\xcc')
2021-10-22 21:45:15,775 root DEBUG btp.py                    423   event_handler             : event_handler Header(svc_id=1, op=131, ctrl_index=0, data_len=7) (b'\x00\xb9\x15`\x92\x01\xcc',)
2021-10-22 21:45:15,775 root DEBUG gap.py                    142   gap_disconnected_ev_      : gap_disconnected_ev_ b'\x00\xb9\x15`\x92\x01\xcc'
2021-10-22 21:45:15,776 root DEBUG testcase.py               713   on_implicit_send          : Sending response 'OK'
2021-10-22 21:45:15,776 ClientCallback.on_implicit_send INFO autoptsclient_common.py   186   on_implicit_send          : test case returned on_implicit_send, response: OK
2021-10-22 21:45:15,776 ClientCallback.on_implicit_send INFO autoptsclient_common.py   196   on_implicit_send          : END OnImplicitSend:
2021-10-22 21:45:15,776 ClientCallback.on_implicit_send INFO autoptsclient_common.py   197   on_implicit_send          : ********************
2021-10-22 21:45:15,777 ClientCallback.on_implicit_send INFO autoptsclient_common.py   169   on_implicit_send          : ********************
2021-10-22 21:45:15,777 ClientCallback.on_implicit_send INFO autoptsclient_common.py   170   on_implicit_send          : BEGIN OnImplicitSend:
2021-10-22 21:45:15,777 ClientCallback.on_implicit_send INFO autoptsclient_common.py   171   on_implicit_send          : project_name: SM
2021-10-22 21:45:15,778 ClientCallback.on_implicit_send INFO autoptsclient_common.py   172   on_implicit_send          : wid: 100
2021-10-22 21:45:15,778 ClientCallback.on_implicit_send INFO autoptsclient_common.py   173   on_implicit_send          : test_case_name: SM/CEN/JW/BV-05-C
2021-10-22 21:45:15,778 ClientCallback.on_implicit_send INFO autoptsclient_common.py   174   on_implicit_send          : description: Initiate an connection from the IUT to the PTS.
2021-10-22 21:45:15,778 ClientCallback.on_implicit_send INFO autoptsclient_common.py   175   on_implicit_send          : style: MMI_Style_Ok_Cancel2 0x11141
2021-10-22 21:45:15,778 ClientCallback.on_implicit_send INFO autoptsclient_common.py   181   on_implicit_send          : Calling test cases on_implicit_send
2021-10-22 21:45:15,778 root DEBUG testcase.py               675   on_implicit_send          : SM SM/CEN/JW/BV-05-C on_implicit_send
2021-10-22 21:45:15,778 root DEBUG testcase.py               619   join_post_wid_thread      : SM SM/CEN/JW/BV-05-C join_post_wid_thread
2021-10-22 21:45:15,778 root DEBUG testcase.py               621   join_post_wid_thread      : self.post_wid_thread None
2021-10-22 21:45:15,778 root DEBUG sm_wid.py                 27    sm_wid_hdl                : sm_wid_hdl, 100, 'Initiate an connection from the IUT to the PTS.', SM/CEN/JW/BV-05-C
2021-10-22 21:45:15,778 root DEBUG gap.py                    402   gap_conn                  : gap_conn None None
2021-10-22 21:45:15,778 root DEBUG iutctl_common.py          117   send                      : send, 1 14 0 "bytearray(b'\\x00\\xb9\\x15`\\x92\\x01\\xcc\\x00')"
2021-10-22 21:45:15,778 root DEBUG iutctl_common.py          120   send                      : btpclient command: send 1 14 0 "bytearray(b'\\x00\\xb9\\x15`\\x92\\x01\\xcc\\x00')"
2021-10-22 21:45:15,778 root DEBUG iutctl_common.py          125   send                      : sending frame b'\x01\x0e\x00\x08\x00\x00\xb9\x15`\x92\x01\xcc\x00'
2021-10-22 21:45:15,778 root DEBUG gap.py                    795   gap_command_rsp_succ      : gap_command_rsp_succ
2021-10-22 21:45:15,778 root DEBUG iutctl_common.py          174   read                      : read
2021-10-22 21:45:15,853 root DEBUG iutctl_common.py          98    read                      : Received: hdr: Header(svc_id=1, op=14, ctrl_index=0, data_len=0) bytearray(b'\x01\x0e\x00\x00\x00')
2021-10-22 21:45:15,869 root DEBUG iutctl_common.py          111   read                      : Received data: "('',)", bytearray(b'')
2021-10-22 21:45:15,869 root DEBUG gap.py                    800   gap_command_rsp_succ      : received Header(svc_id=1, op=14, ctrl_index=0, data_len=0) (b'',)
2021-10-22 21:45:16,058 root DEBUG iutctl_common.py          98    read                      : Received: hdr: Header(svc_id=1, op=130, ctrl_index=0, data_len=13) bytearray(b'\x01\x82\x00\r\x00')
2021-10-22 21:45:16,089 root DEBUG iutctl_common.py          111   read                      : Received data: "('\x00¹\x15`\x92\x01Ì(\x00\x00\x00\x90\x01',)", bytearray(b'\x00\xb9\x15`\x92\x01\xcc(\x00\x00\x00\x90\x01')
2021-10-22 21:45:16,121 root DEBUG btp.py                    423   event_handler             : event_handler Header(svc_id=1, op=130, ctrl_index=0, data_len=13) (b'\x00\xb9\x15`\x92\x01\xcc(\x00\x00\x00\x90\x01',)
2021-10-22 21:45:16,137 root DEBUG gap.py                    128   gap_connected_ev_         : gap_connected_ev_ b'\x00\xb9\x15`\x92\x01\xcc(\x00\x00\x00\x90\x01'
2021-10-22 21:45:16,137 root DEBUG testcase.py               713   on_implicit_send          : Sending response 'OK'
2021-10-22 21:45:16,137 ClientCallback.on_implicit_send INFO autoptsclient_common.py   186   on_implicit_send          : test case returned on_implicit_send, response: OK
2021-10-22 21:45:16,137 ClientCallback.on_implicit_send INFO autoptsclient_common.py   196   on_implicit_send          : END OnImplicitSend:
2021-10-22 21:45:16,137 ClientCallback.on_implicit_send INFO autoptsclient_common.py   197   on_implicit_send          : ********************
2021-10-22 21:45:16,139 ClientCallback.on_implicit_send INFO autoptsclient_common.py   169   on_implicit_send          : ********************
2021-10-22 21:45:16,139 ClientCallback.on_implicit_send INFO autoptsclient_common.py   170   on_implicit_send          : BEGIN OnImplicitSend:
2021-10-22 21:45:16,139 ClientCallback.on_implicit_send INFO autoptsclient_common.py   171   on_implicit_send          : project_name: SM
2021-10-22 21:45:16,139 ClientCallback.on_implicit_send INFO autoptsclient_common.py   172   on_implicit_send          : wid: 108
2021-10-22 21:45:16,139 ClientCallback.on_implicit_send INFO autoptsclient_common.py   173   on_implicit_send          : test_case_name: SM/CEN/JW/BV-05-C
2021-10-22 21:45:16,139 ClientCallback.on_implicit_send INFO autoptsclient_common.py   174   on_implicit_send          : description: Please start pairing process.
2021-10-22 21:45:16,139 ClientCallback.on_implicit_send INFO autoptsclient_common.py   175   on_implicit_send          : style: MMI_Style_Ok 0x11040
2021-10-22 21:45:16,139 ClientCallback.on_implicit_send INFO autoptsclient_common.py   181   on_implicit_send          : Calling test cases on_implicit_send
2021-10-22 21:45:16,139 root DEBUG testcase.py               675   on_implicit_send          : SM SM/CEN/JW/BV-05-C on_implicit_send
2021-10-22 21:45:16,139 root DEBUG testcase.py               619   join_post_wid_thread      : SM SM/CEN/JW/BV-05-C join_post_wid_thread
2021-10-22 21:45:16,139 root DEBUG testcase.py               621   join_post_wid_thread      : self.post_wid_thread None
2021-10-22 21:45:16,139 root DEBUG sm_wid.py                 27    sm_wid_hdl                : sm_wid_hdl, 108, 'Please start pairing process.', SM/CEN/JW/BV-05-C
2021-10-22 21:45:16,140 root DEBUG gap.py                    484   gap_pair                  : gap_pair None None
2021-10-22 21:45:16,140 root DEBUG iutctl_common.py          117   send                      : send, 1 17 0 "bytearray(b'\\x00\\xb9\\x15`\\x92\\x01\\xcc')"
2021-10-22 21:45:16,140 root DEBUG iutctl_common.py          120   send                      : btpclient command: send 1 17 0 "bytearray(b'\\x00\\xb9\\x15`\\x92\\x01\\xcc')"
2021-10-22 21:45:16,140 root DEBUG iutctl_common.py          125   send                      : sending frame b'\x01\x11\x00\x07\x00\x00\xb9\x15`\x92\x01\xcc'
2021-10-22 21:45:16,140 root DEBUG gap.py                    795   gap_command_rsp_succ      : gap_command_rsp_succ
2021-10-22 21:45:16,140 root DEBUG iutctl_common.py          174   read                      : read
2021-10-22 21:45:16,217 root DEBUG iutctl_common.py          98    read                      : Received: hdr: Header(svc_id=1, op=17, ctrl_index=0, data_len=0) bytearray(b'\x01\x11\x00\x00\x00')
2021-10-22 21:45:16,233 root DEBUG iutctl_common.py          111   read                      : Received data: "('',)", bytearray(b'')
2021-10-22 21:45:16,233 root DEBUG gap.py                    800   gap_command_rsp_succ      : received Header(svc_id=1, op=17, ctrl_index=0, data_len=0) (b'',)
2021-10-22 21:45:16,233 root DEBUG testcase.py               713   on_implicit_send          : Sending response 'Ok'
2021-10-22 21:45:16,233 ClientCallback.on_implicit_send INFO autoptsclient_common.py   186   on_implicit_send          : test case returned on_implicit_send, response: Ok
2021-10-22 21:45:16,233 ClientCallback.on_implicit_send INFO autoptsclient_common.py   196   on_implicit_send          : END OnImplicitSend:
2021-10-22 21:45:16,233 ClientCallback.on_implicit_send INFO autoptsclient_common.py   197   on_implicit_send          : ********************
2021-10-22 21:45:16,235 ClientCallback.on_implicit_send INFO autoptsclient_common.py   169   on_implicit_send          : ********************
2021-10-22 21:45:16,235 ClientCallback.on_implicit_send INFO autoptsclient_common.py   170   on_implicit_send          : BEGIN OnImplicitSend:
2021-10-22 21:45:16,235 ClientCallback.on_implicit_send INFO autoptsclient_common.py   171   on_implicit_send          : project_name: SM
2021-10-22 21:45:16,235 ClientCallback.on_implicit_send INFO autoptsclient_common.py   172   on_implicit_send          : wid: 102
2021-10-22 21:45:16,235 ClientCallback.on_implicit_send INFO autoptsclient_common.py   173   on_implicit_send          : test_case_name: SM/CEN/JW/BV-05-C
2021-10-22 21:45:16,235 ClientCallback.on_implicit_send INFO autoptsclient_common.py   174   on_implicit_send          : description: Please initiate a disconnection to the PTS.

Description: Verify that the Implementation Under Test(IUT) can initiate a disconnect request to PTS.
2021-10-22 21:45:16,235 ClientCallback.on_implicit_send INFO autoptsclient_common.py   175   on_implicit_send          : style: MMI_Style_Ok_Cancel2 0x11141
2021-10-22 21:45:16,235 ClientCallback.on_implicit_send INFO autoptsclient_common.py   181   on_implicit_send          : Calling test cases on_implicit_send
2021-10-22 21:45:16,235 root DEBUG testcase.py               675   on_implicit_send          : SM SM/CEN/JW/BV-05-C on_implicit_send
2021-10-22 21:45:16,235 root DEBUG testcase.py               619   join_post_wid_thread      : SM SM/CEN/JW/BV-05-C join_post_wid_thread
2021-10-22 21:45:16,235 root DEBUG testcase.py               621   join_post_wid_thread      : self.post_wid_thread None
2021-10-22 21:45:16,235 root DEBUG sm_wid.py                 27    sm_wid_hdl                : sm_wid_hdl, 102, 'Please initiate a disconnection to the PTS.\n\nDescription: Verify that the Implementation Under Test(IUT) can initiate a disconnect request to PTS.', SM/CEN/JW/BV-05-C
2021-10-22 21:45:16,236 root DEBUG gap.py                    444   gap_disconn               : gap_disconn None None
2021-10-22 21:45:16,236 root DEBUG iutctl_common.py          117   send                      : send, 1 15 0 "bytearray(b'\\x00\\xb9\\x15`\\x92\\x01\\xcc')"
2021-10-22 21:45:16,236 root DEBUG iutctl_common.py          120   send                      : btpclient command: send 1 15 0 "bytearray(b'\\x00\\xb9\\x15`\\x92\\x01\\xcc')"
2021-10-22 21:45:16,236 root DEBUG iutctl_common.py          125   send                      : sending frame b'\x01\x0f\x00\x07\x00\x00\xb9\x15`\x92\x01\xcc'
2021-10-22 21:45:16,236 root DEBUG gap.py                    795   gap_command_rsp_succ      : gap_command_rsp_succ
2021-10-22 21:45:16,236 root DEBUG iutctl_common.py          174   read                      : read
2021-10-22 21:45:16,297 root DEBUG iutctl_common.py          98    read                      : Received: hdr: Header(svc_id=1, op=15, ctrl_index=0, data_len=0) bytearray(b'\x01\x0f\x00\x00\x00')
2021-10-22 21:45:16,312 root DEBUG iutctl_common.py          111   read                      : Received data: "('',)", bytearray(b'')
2021-10-22 21:45:16,328 root DEBUG iutctl_common.py          98    read                      : Received: hdr: Header(svc_id=1, op=131, ctrl_index=0, data_len=7) bytearray(b'\x01\x83\x00\x07\x00')
2021-10-22 21:45:16,328 root DEBUG gap.py                    800   gap_command_rsp_succ      : received Header(svc_id=1, op=15, ctrl_index=0, data_len=0) (b'',)
2021-10-22 21:45:16,329 root DEBUG iutctl_common.py          111   read                      : Received data: "('\x00¹\x15`\x92\x01Ì',)", bytearray(b'\x00\xb9\x15`\x92\x01\xcc')
2021-10-22 21:45:16,329 root DEBUG btp.py                    423   event_handler             : event_handler Header(svc_id=1, op=131, ctrl_index=0, data_len=7) (b'\x00\xb9\x15`\x92\x01\xcc',)
2021-10-22 21:45:16,329 root DEBUG gap.py                    142   gap_disconnected_ev_      : gap_disconnected_ev_ b'\x00\xb9\x15`\x92\x01\xcc'
2021-10-22 21:45:16,329 root DEBUG testcase.py               713   on_implicit_send          : Sending response 'OK'
2021-10-22 21:45:16,329 ClientCallback.on_implicit_send INFO autoptsclient_common.py   186   on_implicit_send          : test case returned on_implicit_send, response: OK
2021-10-22 21:45:16,329 ClientCallback.on_implicit_send INFO autoptsclient_common.py   196   on_implicit_send          : END OnImplicitSend:
2021-10-22 21:45:16,329 ClientCallback.on_implicit_send INFO autoptsclient_common.py   197   on_implicit_send          : ********************
2021-10-22 21:45:16,331 ClientCallback.on_implicit_send INFO autoptsclient_common.py   169   on_implicit_send          : ********************
2021-10-22 21:45:16,331 ClientCallback.on_implicit_send INFO autoptsclient_common.py   170   on_implicit_send          : BEGIN OnImplicitSend:
2021-10-22 21:45:16,331 ClientCallback.on_implicit_send INFO autoptsclient_common.py   171   on_implicit_send          : project_name: SM
2021-10-22 21:45:16,331 ClientCallback.on_implicit_send INFO autoptsclient_common.py   172   on_implicit_send          : wid: 100
2021-10-22 21:45:16,331 ClientCallback.on_implicit_send INFO autoptsclient_common.py   173   on_implicit_send          : test_case_name: SM/CEN/JW/BV-05-C
2021-10-22 21:45:16,331 ClientCallback.on_implicit_send INFO autoptsclient_common.py   174   on_implicit_send          : description: Initiate an connection from the IUT to the PTS.
2021-10-22 21:45:16,332 ClientCallback.on_implicit_send INFO autoptsclient_common.py   175   on_implicit_send          : style: MMI_Style_Ok_Cancel2 0x11141
2021-10-22 21:45:16,332 ClientCallback.on_implicit_send INFO autoptsclient_common.py   181   on_implicit_send          : Calling test cases on_implicit_send
2021-10-22 21:45:16,332 root DEBUG testcase.py               675   on_implicit_send          : SM SM/CEN/JW/BV-05-C on_implicit_send
2021-10-22 21:45:16,332 root DEBUG testcase.py               619   join_post_wid_thread      : SM SM/CEN/JW/BV-05-C join_post_wid_thread
2021-10-22 21:45:16,332 root DEBUG testcase.py               621   join_post_wid_thread      : self.post_wid_thread None
2021-10-22 21:45:16,332 root DEBUG sm_wid.py                 27    sm_wid_hdl                : sm_wid_hdl, 100, 'Initiate an connection from the IUT to the PTS.', SM/CEN/JW/BV-05-C
2021-10-22 21:45:16,332 root DEBUG gap.py                    402   gap_conn                  : gap_conn None None
2021-10-22 21:45:16,332 root DEBUG iutctl_common.py          117   send                      : send, 1 14 0 "bytearray(b'\\x00\\xb9\\x15`\\x92\\x01\\xcc\\x00')"
2021-10-22 21:45:16,332 root DEBUG iutctl_common.py          120   send                      : btpclient command: send 1 14 0 "bytearray(b'\\x00\\xb9\\x15`\\x92\\x01\\xcc\\x00')"
2021-10-22 21:45:16,332 root DEBUG iutctl_common.py          125   send                      : sending frame b'\x01\x0e\x00\x08\x00\x00\xb9\x15`\x92\x01\xcc\x00'
2021-10-22 21:45:16,332 root DEBUG gap.py                    795   gap_command_rsp_succ      : gap_command_rsp_succ
2021-10-22 21:45:16,332 root DEBUG iutctl_common.py          174   read                      : read
2021-10-22 21:45:16,407 root DEBUG iutctl_common.py          98    read                      : Received: hdr: Header(svc_id=1, op=14, ctrl_index=0, data_len=0) bytearray(b'\x01\x0e\x00\x00\x00')
2021-10-22 21:45:16,423 root DEBUG iutctl_common.py          111   read                      : Received data: "('',)", bytearray(b'')
2021-10-22 21:45:16,423 root DEBUG gap.py                    800   gap_command_rsp_succ      : received Header(svc_id=1, op=14, ctrl_index=0, data_len=0) (b'',)
2021-10-22 21:45:16,630 root DEBUG iutctl_common.py          98    read                      : Received: hdr: Header(svc_id=1, op=130, ctrl_index=0, data_len=13) bytearray(b'\x01\x82\x00\r\x00')
2021-10-22 21:45:16,630 root DEBUG iutctl_common.py          111   read                      : Received data: "('\x00¹\x15`\x92\x01Ì(\x00\x00\x00\x90\x01',)", bytearray(b'\x00\xb9\x15`\x92\x01\xcc(\x00\x00\x00\x90\x01')
2021-10-22 21:45:16,630 root DEBUG btp.py                    423   event_handler             : event_handler Header(svc_id=1, op=130, ctrl_index=0, data_len=13) (b'\x00\xb9\x15`\x92\x01\xcc(\x00\x00\x00\x90\x01',)
2021-10-22 21:45:16,630 root DEBUG gap.py                    128   gap_connected_ev_         : gap_connected_ev_ b'\x00\xb9\x15`\x92\x01\xcc(\x00\x00\x00\x90\x01'
2021-10-22 21:45:16,630 root DEBUG testcase.py               713   on_implicit_send          : Sending response 'OK'
2021-10-22 21:45:16,630 ClientCallback.on_implicit_send INFO autoptsclient_common.py   186   on_implicit_send          : test case returned on_implicit_send, response: OK
2021-10-22 21:45:16,631 ClientCallback.on_implicit_send INFO autoptsclient_common.py   196   on_implicit_send          : END OnImplicitSend:
2021-10-22 21:45:16,631 ClientCallback.on_implicit_send INFO autoptsclient_common.py   197   on_implicit_send          : ********************
2021-10-22 21:45:16,632 ClientCallback.on_implicit_send INFO autoptsclient_common.py   169   on_implicit_send          : ********************
2021-10-22 21:45:16,632 ClientCallback.on_implicit_send INFO autoptsclient_common.py   170   on_implicit_send          : BEGIN OnImplicitSend:
2021-10-22 21:45:16,632 ClientCallback.on_implicit_send INFO autoptsclient_common.py   171   on_implicit_send          : project_name: SM
2021-10-22 21:45:16,632 ClientCallback.on_implicit_send INFO autoptsclient_common.py   172   on_implicit_send          : wid: 108
2021-10-22 21:45:16,633 ClientCallback.on_implicit_send INFO autoptsclient_common.py   173   on_implicit_send          : test_case_name: SM/CEN/JW/BV-05-C
2021-10-22 21:45:16,633 ClientCallback.on_implicit_send INFO autoptsclient_common.py   174   on_implicit_send          : description: Please start pairing process.
2021-10-22 21:45:16,633 ClientCallback.on_implicit_send INFO autoptsclient_common.py   175   on_implicit_send          : style: MMI_Style_Ok 0x11040
2021-10-22 21:45:16,633 ClientCallback.on_implicit_send INFO autoptsclient_common.py   181   on_implicit_send          : Calling test cases on_implicit_send
2021-10-22 21:45:16,633 root DEBUG testcase.py               675   on_implicit_send          : SM SM/CEN/JW/BV-05-C on_implicit_send
2021-10-22 21:45:16,633 root DEBUG testcase.py               619   join_post_wid_thread      : SM SM/CEN/JW/BV-05-C join_post_wid_thread
2021-10-22 21:45:16,633 root DEBUG testcase.py               621   join_post_wid_thread      : self.post_wid_thread None
2021-10-22 21:45:16,633 root DEBUG sm_wid.py                 27    sm_wid_hdl                : sm_wid_hdl, 108, 'Please start pairing process.', SM/CEN/JW/BV-05-C
2021-10-22 21:45:16,633 root DEBUG gap.py                    484   gap_pair                  : gap_pair None None
2021-10-22 21:45:16,633 root DEBUG iutctl_common.py          117   send                      : send, 1 17 0 "bytearray(b'\\x00\\xb9\\x15`\\x92\\x01\\xcc')"
2021-10-22 21:45:16,633 root DEBUG iutctl_common.py          120   send                      : btpclient command: send 1 17 0 "bytearray(b'\\x00\\xb9\\x15`\\x92\\x01\\xcc')"
2021-10-22 21:45:16,633 root DEBUG iutctl_common.py          125   send                      : sending frame b'\x01\x11\x00\x07\x00\x00\xb9\x15`\x92\x01\xcc'
2021-10-22 21:45:16,633 root DEBUG gap.py                    795   gap_command_rsp_succ      : gap_command_rsp_succ
2021-10-22 21:45:16,633 root DEBUG iutctl_common.py          174   read                      : read
2021-10-22 21:45:16,709 root DEBUG iutctl_common.py          98    read                      : Received: hdr: Header(svc_id=1, op=17, ctrl_index=0, data_len=0) bytearray(b'\x01\x11\x00\x00\x00')
2021-10-22 21:45:16,725 root DEBUG iutctl_common.py          111   read                      : Received data: "('',)", bytearray(b'')
2021-10-22 21:45:16,757 root DEBUG gap.py                    800   gap_command_rsp_succ      : received Header(svc_id=1, op=17, ctrl_index=0, data_len=0) (b'',)
2021-10-22 21:45:16,757 root DEBUG testcase.py               713   on_implicit_send          : Sending response 'Ok'
2021-10-22 21:45:16,757 ClientCallback.on_implicit_send INFO autoptsclient_common.py   186   on_implicit_send          : test case returned on_implicit_send, response: Ok
2021-10-22 21:45:16,757 ClientCallback.on_implicit_send INFO autoptsclient_common.py   196   on_implicit_send          : END OnImplicitSend:
2021-10-22 21:45:16,757 ClientCallback.on_implicit_send INFO autoptsclient_common.py   197   on_implicit_send          : ********************
2021-10-22 21:45:16,759 ClientCallback.on_implicit_send INFO autoptsclient_common.py   169   on_implicit_send          : ********************
2021-10-22 21:45:16,759 ClientCallback.on_implicit_send INFO autoptsclient_common.py   170   on_implicit_send          : BEGIN OnImplicitSend:
2021-10-22 21:45:16,759 ClientCallback.on_implicit_send INFO autoptsclient_common.py   171   on_implicit_send          : project_name: SM
2021-10-22 21:45:16,759 ClientCallback.on_implicit_send INFO autoptsclient_common.py   172   on_implicit_send          : wid: 102
2021-10-22 21:45:16,759 ClientCallback.on_implicit_send INFO autoptsclient_common.py   173   on_implicit_send          : test_case_name: SM/CEN/JW/BV-05-C
2021-10-22 21:45:16,759 ClientCallback.on_implicit_send INFO autoptsclient_common.py   174   on_implicit_send          : description: Please initiate a disconnection to the PTS.

Description: Verify that the Implementation Under Test(IUT) can initiate a disconnect request to PTS.
2021-10-22 21:45:16,759 ClientCallback.on_implicit_send INFO autoptsclient_common.py   175   on_implicit_send          : style: MMI_Style_Ok_Cancel2 0x11141
2021-10-22 21:45:16,759 ClientCallback.on_implicit_send INFO autoptsclient_common.py   181   on_implicit_send          : Calling test cases on_implicit_send
2021-10-22 21:45:16,759 root DEBUG testcase.py               675   on_implicit_send          : SM SM/CEN/JW/BV-05-C on_implicit_send
2021-10-22 21:45:16,759 root DEBUG testcase.py               619   join_post_wid_thread      : SM SM/CEN/JW/BV-05-C join_post_wid_thread
2021-10-22 21:45:16,760 root DEBUG testcase.py               621   join_post_wid_thread      : self.post_wid_thread None
2021-10-22 21:45:16,760 root DEBUG sm_wid.py                 27    sm_wid_hdl                : sm_wid_hdl, 102, 'Please initiate a disconnection to the PTS.\n\nDescription: Verify that the Implementation Under Test(IUT) can initiate a disconnect request to PTS.', SM/CEN/JW/BV-05-C
2021-10-22 21:45:16,760 root DEBUG gap.py                    444   gap_disconn               : gap_disconn None None
2021-10-22 21:45:16,760 root DEBUG iutctl_common.py          117   send                      : send, 1 15 0 "bytearray(b'\\x00\\xb9\\x15`\\x92\\x01\\xcc')"
2021-10-22 21:45:16,760 root DEBUG iutctl_common.py          120   send                      : btpclient command: send 1 15 0 "bytearray(b'\\x00\\xb9\\x15`\\x92\\x01\\xcc')"
2021-10-22 21:45:16,760 root DEBUG iutctl_common.py          125   send                      : sending frame b'\x01\x0f\x00\x07\x00\x00\xb9\x15`\x92\x01\xcc'
2021-10-22 21:45:16,760 root DEBUG gap.py                    795   gap_command_rsp_succ      : gap_command_rsp_succ
2021-10-22 21:45:16,760 root DEBUG iutctl_common.py          174   read                      : read
2021-10-22 21:45:16,836 root DEBUG iutctl_common.py          98    read                      : Received: hdr: Header(svc_id=1, op=15, ctrl_index=0, data_len=0) bytearray(b'\x01\x0f\x00\x00\x00')
2021-10-22 21:45:16,836 root DEBUG iutctl_common.py          111   read                      : Received data: "('',)", bytearray(b'')
2021-10-22 21:45:16,852 root DEBUG iutctl_common.py          98    read                      : Received: hdr: Header(svc_id=1, op=131, ctrl_index=0, data_len=7) bytearray(b'\x01\x83\x00\x07\x00')
2021-10-22 21:45:16,852 root DEBUG gap.py                    800   gap_command_rsp_succ      : received Header(svc_id=1, op=15, ctrl_index=0, data_len=0) (b'',)
2021-10-22 21:45:16,852 root DEBUG iutctl_common.py          111   read                      : Received data: "('\x00¹\x15`\x92\x01Ì',)", bytearray(b'\x00\xb9\x15`\x92\x01\xcc')
2021-10-22 21:45:16,853 root DEBUG btp.py                    423   event_handler             : event_handler Header(svc_id=1, op=131, ctrl_index=0, data_len=7) (b'\x00\xb9\x15`\x92\x01\xcc',)
2021-10-22 21:45:16,868 root DEBUG gap.py                    142   gap_disconnected_ev_      : gap_disconnected_ev_ b'\x00\xb9\x15`\x92\x01\xcc'
2021-10-22 21:45:16,868 root DEBUG testcase.py               713   on_implicit_send          : Sending response 'OK'
2021-10-22 21:45:16,868 ClientCallback.on_implicit_send INFO autoptsclient_common.py   186   on_implicit_send          : test case returned on_implicit_send, response: OK
2021-10-22 21:45:16,868 ClientCallback.on_implicit_send INFO autoptsclient_common.py   196   on_implicit_send          : END OnImplicitSend:
2021-10-22 21:45:16,868 ClientCallback.on_implicit_send INFO autoptsclient_common.py   197   on_implicit_send          : ********************
2021-10-22 21:45:16,870 ClientCallback.on_implicit_send INFO autoptsclient_common.py   169   on_implicit_send          : ********************
2021-10-22 21:45:16,870 ClientCallback.on_implicit_send INFO autoptsclient_common.py   170   on_implicit_send          : BEGIN OnImplicitSend:
2021-10-22 21:45:16,870 ClientCallback.on_implicit_send INFO autoptsclient_common.py   171   on_implicit_send          : project_name: SM
2021-10-22 21:45:16,871 ClientCallback.on_implicit_send INFO autoptsclient_common.py   172   on_implicit_send          : wid: 100
2021-10-22 21:45:16,871 ClientCallback.on_implicit_send INFO autoptsclient_common.py   173   on_implicit_send          : test_case_name: SM/CEN/JW/BV-05-C
2021-10-22 21:45:16,871 ClientCallback.on_implicit_send INFO autoptsclient_common.py   174   on_implicit_send          : description: Initiate an connection from the IUT to the PTS.
2021-10-22 21:45:16,871 ClientCallback.on_implicit_send INFO autoptsclient_common.py   175   on_implicit_send          : style: MMI_Style_Ok_Cancel2 0x11141
2021-10-22 21:45:16,871 ClientCallback.on_implicit_send INFO autoptsclient_common.py   181   on_implicit_send          : Calling test cases on_implicit_send
2021-10-22 21:45:16,871 root DEBUG testcase.py               675   on_implicit_send          : SM SM/CEN/JW/BV-05-C on_implicit_send
2021-10-22 21:45:16,871 root DEBUG testcase.py               619   join_post_wid_thread      : SM SM/CEN/JW/BV-05-C join_post_wid_thread
2021-10-22 21:45:16,871 root DEBUG testcase.py               621   join_post_wid_thread      : self.post_wid_thread None
2021-10-22 21:45:16,871 root DEBUG sm_wid.py                 27    sm_wid_hdl                : sm_wid_hdl, 100, 'Initiate an connection from the IUT to the PTS.', SM/CEN/JW/BV-05-C
2021-10-22 21:45:16,871 root DEBUG gap.py                    402   gap_conn                  : gap_conn None None
2021-10-22 21:45:16,871 root DEBUG iutctl_common.py          117   send                      : send, 1 14 0 "bytearray(b'\\x00\\xb9\\x15`\\x92\\x01\\xcc\\x00')"
2021-10-22 21:45:16,871 root DEBUG iutctl_common.py          120   send                      : btpclient command: send 1 14 0 "bytearray(b'\\x00\\xb9\\x15`\\x92\\x01\\xcc\\x00')"
2021-10-22 21:45:16,871 root DEBUG iutctl_common.py          125   send                      : sending frame b'\x01\x0e\x00\x08\x00\x00\xb9\x15`\x92\x01\xcc\x00'
2021-10-22 21:45:16,871 root DEBUG gap.py                    795   gap_command_rsp_succ      : gap_command_rsp_succ
2021-10-22 21:45:16,871 root DEBUG iutctl_common.py          174   read                      : read
2021-10-22 21:45:16,932 root DEBUG iutctl_common.py          98    read                      : Received: hdr: Header(svc_id=1, op=14, ctrl_index=0, data_len=0) bytearray(b'\x01\x0e\x00\x00\x00')
2021-10-22 21:45:16,948 root DEBUG iutctl_common.py          111   read                      : Received data: "('',)", bytearray(b'')
2021-10-22 21:45:16,996 root DEBUG gap.py                    800   gap_command_rsp_succ      : received Header(svc_id=1, op=14, ctrl_index=0, data_len=0) (b'',)
2021-10-22 21:45:17,155 root DEBUG iutctl_common.py          98    read                      : Received: hdr: Header(svc_id=1, op=130, ctrl_index=0, data_len=13) bytearray(b'\x01\x82\x00\r\x00')
2021-10-22 21:45:17,235 root DEBUG iutctl_common.py          111   read                      : Received data: "('\x00¹\x15`\x92\x01Ì(\x00\x00\x00\x90\x01',)", bytearray(b'\x00\xb9\x15`\x92\x01\xcc(\x00\x00\x00\x90\x01')
2021-10-22 21:45:17,266 root DEBUG btp.py                    423   event_handler             : event_handler Header(svc_id=1, op=130, ctrl_index=0, data_len=13) (b'\x00\xb9\x15`\x92\x01\xcc(\x00\x00\x00\x90\x01',)
2021-10-22 21:45:17,282 root DEBUG gap.py                    128   gap_connected_ev_         : gap_connected_ev_ b'\x00\xb9\x15`\x92\x01\xcc(\x00\x00\x00\x90\x01'
2021-10-22 21:45:17,282 root DEBUG testcase.py               713   on_implicit_send          : Sending response 'OK'
2021-10-22 21:45:17,282 ClientCallback.on_implicit_send INFO autoptsclient_common.py   186   on_implicit_send          : test case returned on_implicit_send, response: OK
2021-10-22 21:45:17,282 ClientCallback.on_implicit_send INFO autoptsclient_common.py   196   on_implicit_send          : END OnImplicitSend:
2021-10-22 21:45:17,282 ClientCallback.on_implicit_send INFO autoptsclient_common.py   197   on_implicit_send          : ********************
2021-10-22 21:45:17,284 ClientCallback.on_implicit_send INFO autoptsclient_common.py   169   on_implicit_send          : ********************
2021-10-22 21:45:17,284 ClientCallback.on_implicit_send INFO autoptsclient_common.py   170   on_implicit_send          : BEGIN OnImplicitSend:
2021-10-22 21:45:17,284 ClientCallback.on_implicit_send INFO autoptsclient_common.py   171   on_implicit_send          : project_name: SM
2021-10-22 21:45:17,285 ClientCallback.on_implicit_send INFO autoptsclient_common.py   172   on_implicit_send          : wid: 108
2021-10-22 21:45:17,285 ClientCallback.on_implicit_send INFO autoptsclient_common.py   173   on_implicit_send          : test_case_name: SM/CEN/JW/BV-05-C
2021-10-22 21:45:17,285 ClientCallback.on_implicit_send INFO autoptsclient_common.py   174   on_implicit_send          : description: Please start pairing process.
2021-10-22 21:45:17,285 ClientCallback.on_implicit_send INFO autoptsclient_common.py   175   on_implicit_send          : style: MMI_Style_Ok 0x11040
2021-10-22 21:45:17,285 ClientCallback.on_implicit_send INFO autoptsclient_common.py   181   on_implicit_send          : Calling test cases on_implicit_send
2021-10-22 21:45:17,285 root DEBUG testcase.py               675   on_implicit_send          : SM SM/CEN/JW/BV-05-C on_implicit_send
2021-10-22 21:45:17,285 root DEBUG testcase.py               619   join_post_wid_thread      : SM SM/CEN/JW/BV-05-C join_post_wid_thread
2021-10-22 21:45:17,285 root DEBUG testcase.py               621   join_post_wid_thread      : self.post_wid_thread None
2021-10-22 21:45:17,285 root DEBUG sm_wid.py                 27    sm_wid_hdl                : sm_wid_hdl, 108, 'Please start pairing process.', SM/CEN/JW/BV-05-C
2021-10-22 21:45:17,285 root DEBUG gap.py                    484   gap_pair                  : gap_pair None None
2021-10-22 21:45:17,285 root DEBUG iutctl_common.py          117   send                      : send, 1 17 0 "bytearray(b'\\x00\\xb9\\x15`\\x92\\x01\\xcc')"
2021-10-22 21:45:17,285 root DEBUG iutctl_common.py          120   send                      : btpclient command: send 1 17 0 "bytearray(b'\\x00\\xb9\\x15`\\x92\\x01\\xcc')"
2021-10-22 21:45:17,285 root DEBUG iutctl_common.py          125   send                      : sending frame b'\x01\x11\x00\x07\x00\x00\xb9\x15`\x92\x01\xcc'
2021-10-22 21:45:17,285 root DEBUG gap.py                    795   gap_command_rsp_succ      : gap_command_rsp_succ
2021-10-22 21:45:17,285 root DEBUG iutctl_common.py          174   read                      : read
2021-10-22 21:45:17,345 root DEBUG iutctl_common.py          98    read                      : Received: hdr: Header(svc_id=1, op=17, ctrl_index=0, data_len=0) bytearray(b'\x01\x11\x00\x00\x00')
2021-10-22 21:45:17,361 root DEBUG iutctl_common.py          111   read                      : Received data: "('',)", bytearray(b'')
2021-10-22 21:45:17,377 root DEBUG gap.py                    800   gap_command_rsp_succ      : received Header(svc_id=1, op=17, ctrl_index=0, data_len=0) (b'',)
2021-10-22 21:45:17,377 root DEBUG testcase.py               713   on_implicit_send          : Sending response 'Ok'
2021-10-22 21:45:17,377 ClientCallback.on_implicit_send INFO autoptsclient_common.py   186   on_implicit_send          : test case returned on_implicit_send, response: Ok
2021-10-22 21:45:17,377 ClientCallback.on_implicit_send INFO autoptsclient_common.py   196   on_implicit_send          : END OnImplicitSend:
2021-10-22 21:45:17,377 ClientCallback.on_implicit_send INFO autoptsclient_common.py   197   on_implicit_send          : ********************
2021-10-22 21:45:17,379 ClientCallback.on_implicit_send INFO autoptsclient_common.py   169   on_implicit_send          : ********************
2021-10-22 21:45:17,379 ClientCallback.on_implicit_send INFO autoptsclient_common.py   170   on_implicit_send          : BEGIN OnImplicitSend:
2021-10-22 21:45:17,379 ClientCallback.on_implicit_send INFO autoptsclient_common.py   171   on_implicit_send          : project_name: SM
2021-10-22 21:45:17,379 ClientCallback.on_implicit_send INFO autoptsclient_common.py   172   on_implicit_send          : wid: 102
2021-10-22 21:45:17,379 ClientCallback.on_implicit_send INFO autoptsclient_common.py   173   on_implicit_send          : test_case_name: SM/CEN/JW/BV-05-C
2021-10-22 21:45:17,379 ClientCallback.on_implicit_send INFO autoptsclient_common.py   174   on_implicit_send          : description: Please initiate a disconnection to the PTS.

Description: Verify that the Implementation Under Test(IUT) can initiate a disconnect request to PTS.
2021-10-22 21:45:17,379 ClientCallback.on_implicit_send INFO autoptsclient_common.py   175   on_implicit_send          : style: MMI_Style_Ok_Cancel2 0x11141
2021-10-22 21:45:17,379 ClientCallback.on_implicit_send INFO autoptsclient_common.py   181   on_implicit_send          : Calling test cases on_implicit_send
2021-10-22 21:45:17,379 root DEBUG testcase.py               675   on_implicit_send          : SM SM/CEN/JW/BV-05-C on_implicit_send
2021-10-22 21:45:17,379 root DEBUG testcase.py               619   join_post_wid_thread      : SM SM/CEN/JW/BV-05-C join_post_wid_thread
2021-10-22 21:45:17,379 root DEBUG testcase.py               621   join_post_wid_thread      : self.post_wid_thread None
2021-10-22 21:45:17,379 root DEBUG sm_wid.py                 27    sm_wid_hdl                : sm_wid_hdl, 102, 'Please initiate a disconnection to the PTS.\n\nDescription: Verify that the Implementation Under Test(IUT) can initiate a disconnect request to PTS.', SM/CEN/JW/BV-05-C
2021-10-22 21:45:17,379 root DEBUG gap.py                    444   gap_disconn               : gap_disconn None None
2021-10-22 21:45:17,379 root DEBUG iutctl_common.py          117   send                      : send, 1 15 0 "bytearray(b'\\x00\\xb9\\x15`\\x92\\x01\\xcc')"
2021-10-22 21:45:17,380 root DEBUG iutctl_common.py          120   send                      : btpclient command: send 1 15 0 "bytearray(b'\\x00\\xb9\\x15`\\x92\\x01\\xcc')"
2021-10-22 21:45:17,380 root DEBUG iutctl_common.py          125   send                      : sending frame b'\x01\x0f\x00\x07\x00\x00\xb9\x15`\x92\x01\xcc'
2021-10-22 21:45:17,380 root DEBUG gap.py                    795   gap_command_rsp_succ      : gap_command_rsp_succ
2021-10-22 21:45:17,380 root DEBUG iutctl_common.py          174   read                      : read
2021-10-22 21:45:17,456 root DEBUG iutctl_common.py          98    read                      : Received: hdr: Header(svc_id=1, op=15, ctrl_index=0, data_len=0) bytearray(b'\x01\x0f\x00\x00\x00')
2021-10-22 21:45:17,472 root DEBUG iutctl_common.py          111   read                      : Received data: "('',)", bytearray(b'')
2021-10-22 21:45:17,504 root DEBUG iutctl_common.py          98    read                      : Received: hdr: Header(svc_id=1, op=131, ctrl_index=0, data_len=7) bytearray(b'\x01\x83\x00\x07\x00')
2021-10-22 21:45:17,504 root DEBUG gap.py                    800   gap_command_rsp_succ      : received Header(svc_id=1, op=15, ctrl_index=0, data_len=0) (b'',)
2021-10-22 21:45:17,504 root DEBUG iutctl_common.py          111   read                      : Received data: "('\x00¹\x15`\x92\x01Ì',)", bytearray(b'\x00\xb9\x15`\x92\x01\xcc')
2021-10-22 21:45:17,504 root DEBUG btp.py                    423   event_handler             : event_handler Header(svc_id=1, op=131, ctrl_index=0, data_len=7) (b'\x00\xb9\x15`\x92\x01\xcc',)
2021-10-22 21:45:17,504 root DEBUG gap.py                    142   gap_disconnected_ev_      : gap_disconnected_ev_ b'\x00\xb9\x15`\x92\x01\xcc'
2021-10-22 21:45:17,505 root DEBUG testcase.py               713   on_implicit_send          : Sending response 'OK'
2021-10-22 21:45:17,505 ClientCallback.on_implicit_send INFO autoptsclient_common.py   186   on_implicit_send          : test case returned on_implicit_send, response: OK
2021-10-22 21:45:17,505 ClientCallback.on_implicit_send INFO autoptsclient_common.py   196   on_implicit_send          : END OnImplicitSend:
2021-10-22 21:45:17,505 ClientCallback.on_implicit_send INFO autoptsclient_common.py   197   on_implicit_send          : ********************
2021-10-22 21:45:20,981 ClientCallback.log INFO autoptsclient_common.py   133   log                       : PTS_LOGTYPE_START_TEST Start Test Case 

+1531 ms
 SM/CEN/JW/BV-05-C SM/CEN/JW/BV-05-C

2021-10-22 21:45:20,981 root DEBUG testcase.py               464   log                       : New status SM SM/CEN/JW/BV-05-C - Started
2021-10-22 21:45:21,246 ClientCallback.log INFO autoptsclient_common.py   133   log                       : PTS_LOGTYPE_FINAL_VERDICT Final Verdict 

+13343 ms
 SM/CEN/JW/BV-05-C PASS

2021-10-22 21:45:21,246 root DEBUG testcase.py               464   log                       : New status SM SM/CEN/JW/BV-05-C - PASS
2021-10-22 21:45:21,248 ClientCallback.log INFO autoptsclient_common.py   133   log                       : PTS_LOGTYPE_FINAL_VERDICT Encrypted Verdict 

+13343 ms
 SM/CEN/JW/BV-05-C A1#YjdkMmJkNjIwNjg4MmE1ZDQyZDkxODQ5ZDJhMGI2MmExOWNhOTE0MjBmMGQzMjk3ZjA2MjAzYWQ5YTdmNDFiNA==#UJ5VZQE8LoKouilNQRxUWMLBhYrj9pMNCVv5DAPt/wW4jIic2aoVCUwbesmrEMqT

2021-10-22 21:45:21,324 ClientCallback.log INFO autoptsclient_common.py   133   log                       : PTS_LOGTYPE_END_TEST Test Case Ended 

+13343 ms
 SM/CEN/JW/BV-05-C SM/CEN/JW/BV-05-C

2021-10-22 21:45:21,463 root DEBUG autoptsclient_common.py   796   run_test_case_thread_entry : After run_test_case error_code='' status='PASS'
2021-10-22 21:45:21,463 root DEBUG autoptsclient_common.py   278   error_code                : CallbackThread.error_code
2021-10-22 21:45:21,463 root DEBUG autoptsclient_common.py   292   cleanup                   : CallbackThread.cleanup
2021-10-22 21:45:22,472 root DEBUG testcase.py               758   post_run                  : post_run SM SM/CEN/JW/BV-05-C 
2021-10-22 21:45:22,472 root DEBUG testcase.py               246   start                     : Starting test function: class=<class 'ptsprojects.testcase.TestFuncCleanUp'>, func=<bound method Stack.cleanup of <ptsprojects.stack.Stack object at 0x000001B16001A9A0>> start_wid=None stop_wid=None post_wid=None skip_call=None call_count=1 args=() kwds={}
2021-10-22 21:45:22,472 root DEBUG testcase.py               258   start                     : Test function parameters: args=(), kwds={}
2021-10-22 21:45:22,472 root DEBUG autoptsclient_common.py   287   clear_pending_responses   : CallbackThread.clear_pending_responses
2021-10-22 21:45:22,472 root DEBUG autoptsclient_common.py   287   clear_pending_responses   : CallbackThread.clear_pending_responses
2021-10-22 21:45:22,472 root DEBUG testcase.py               246   start                     : Starting test function: class=<class 'ptsprojects.testcase.TestFuncCleanUp'>, func=<bound method ZephyrCtl.stop of <ptsprojects.zephyr.iutctl.ZephyrCtl object at 0x000001B16001AA90>> start_wid=None stop_wid=None post_wid=None skip_call=None call_count=1 args=() kwds={}
2021-10-22 21:45:22,472 root DEBUG testcase.py               258   start                     : Test function parameters: args=(), kwds={}
2021-10-22 21:45:22,473 root DEBUG iutctl.py                 221   stop                      : <class 'ptsprojects.zephyr.iutctl.ZephyrCtl'>.stop
2021-10-22 21:45:25,584 root DEBUG testcase.py               783   post_run                  : post_run, cleanup running pre test case script
2021-10-22 21:45:25,585 root DEBUG testcase.py               793   post_run                  : post_run, run post test case script
2021-10-22 21:45:25,666 root DEBUG autoptsclient_common.py   826   run_test_case_thread_entry : Done TestCase wrapper SM SM/CEN/JW/BV-05-C
