Applying system reset.
Run.
< 2021/07/16 17:04:38.292446  length=5 from=0 to=4
 00 80 ff 00 00                                   .....
--
> 2021/07/16 17:04:38.621649  length=6 from=0 to=5
 00 03 ff 01 00 01                                ......
--
< 2021/07/16 17:04:38.636643  length=5 from=5 to=9
 00 03 ff 00 00                                   .....
--
> 2021/07/16 17:04:38.727369  length=5 from=6 to=10
 01 03 00 00 00                                   .....
--
< 2021/07/16 17:04:38.899065  length=17 from=10 to=26
 01 03 00 15 01 9c 86 7c 93 01 70 13 06 00 00 13  .......|..p.....
 22                                               "
--
< 2021/07/16 17:04:38.899989  length=11 from=27 to=37
 00 00 00 00 00 62 74 70 5f 74 65                 .....btp_te
--
< 2021/07/16 17:04:38.914960  length=176 from=38 to=213
 73 74 65 72 00 00 00 00 00 00 00 00 00 00 00 00  ster............
 00 00 00 00 00 00 00 00 00 00 00 00 00 00 00 00  ................
 00 00 00 00 00 00 00 00 00 00 00 00 00 00 00 00  ................
 00 00 00 00 00 00 00 00 00 00 00 00 00 00 00 00  ................
 00 00 00 00 00 00 00 00 00 00 00 00 00 00 00 00  ................
 00 00 00 00 00 00 00 00 00 00 00 00 00 00 00 00  ................
 00 00 00 00 00 00 00 00 00 00 00 00 00 00 00 00  ................
 00 00 00 00 00 00 00 00 00 00 00 00 00 00 00 00  ................
 00 00 00 00 00 00 00 00 00 00 00 00 00 00 00 00  ................
 00 00 00 00 00 00 00 00 00 00 00 00 00 00 00 00  ................
 00 00 00 00 00 00 00 00 00 00 00 00 00 00 00 00  ................
--
< 2021/07/16 17:04:38.916770  length=24 from=214 to=237
 00 00 00 00 00 00 00 00 00 00 00 00 00 00 00 00  ................
 00 00 00 00 00 00 00 00                          ........
--
< 2021/07/16 17:04:38.929839  length=54 from=238 to=291
 00 00 00 00 00 00 00 00 00 00 00 00 00 00 00 00  ................
 00 00 00 00 00 00 00 00 00 00 00 00 00 00 00 00  ................
 00 00 00 00 00 00 00 00 00 00 00 00 00 00 00 00  ................
 00 00 00 00 00 00                                ......
--
> 2021/07/16 17:04:45.431183  length=13 from=11 to=23
 01 0e 00 08 00 00 35 1c f2 dc 1b 00 00           ......5......
--
< 2021/07/16 17:04:45.447128  length=23 from=292 to=314
 01 0e 00 00 00 01 82 00 0d 00 00 35 1c f2 dc 1b  ...........5....
 00 28 00 00 00 90 01                             .(.....
--
> 2021/07/16 17:04:45.541949  length=12 from=24 to=35
 01 0f 00 07 00 00 35 1c f2 dc 1b 00              ......5.....
--
< 2021/07/16 17:04:45.557007  length=5 from=315 to=319
 01 0f 00 00 00                                   .....
--
< 2021/07/16 17:04:45.602834  length=12 from=320 to=331
 01 83 00 07 00 00 35 1c f2 dc 1b 00              ......5.....
--
