2021-07-16 17:04:36,629 root DEBUG autoptsclient_common.py   782   run_test_case_thread_entry : Starting TestCase wrapper GAP GAP/CONN/ACEP/BV-01-C
2021-07-16 17:04:36,629 root DEBUG testcase.py               722   pre_run                   : pre_run GAP GAP/CONN/ACEP/BV-01-C
2021-07-16 17:04:36,630 root DEBUG testcase.py               724   pre_run                   : About to run test case GAP GAP/CONN/ACEP/BV-01-C with commands:
2021-07-16 17:04:36,630 root DEBUG testcase.py               727   pre_run                   : 0) class=<class 'ptsprojects.testcase.TestFunc'>, func=<bound method ZephyrCtl.start of <ptsprojects.zephyr.iutctl.ZephyrCtl object at 0x0000020562C04E50>> start_wid=None stop_wid=None post_wid=None skip_call=None call_count=0 args=(<ptsprojects.zephyr.ztestcase.ZTestCase object at 0x0000020562C74550>,) kwds={}
2021-07-16 17:04:36,630 root DEBUG testcase.py               727   pre_run                   : 1) class=<class 'ptsprojects.testcase.TestFunc'>, func=<bound method ZephyrCtl.wait_iut_ready_event of <ptsprojects.zephyr.iutctl.ZephyrCtl object at 0x0000020562C04E50>> start_wid=None stop_wid=None post_wid=None skip_call=None call_count=0 args=() kwds={}
2021-07-16 17:04:36,630 root DEBUG testcase.py               727   pre_run                   : 2) class=<class 'ptsprojects.testcase.TestFunc'>, func=<function core_reg_svc_gap at 0x0000020561137820> start_wid=None stop_wid=None post_wid=None skip_call=None call_count=0 args=() kwds={}
2021-07-16 17:04:36,630 root DEBUG testcase.py               727   pre_run                   : 3) class=<class 'ptsprojects.testcase.TestFunc'>, func=<bound method Stack.gap_init of <ptsprojects.stack.Stack object at 0x0000020562C04DC0>> start_wid=None stop_wid=None post_wid=None skip_call=None call_count=0 args=(b'Tester', 'ABCD', '1111', '1111', '11', '1111') kwds={}
2021-07-16 17:04:36,630 root DEBUG testcase.py               727   pre_run                   : 4) class=<class 'ptsprojects.testcase.TestFunc'>, func=<function gap_read_ctrl_info at 0x000002056113B160> start_wid=None stop_wid=None post_wid=None skip_call=None call_count=0 args=() kwds={}
2021-07-16 17:04:36,630 root DEBUG testcase.py               727   pre_run                   : 5) class=<class 'ptsprojects.testcase.TestFunc'>, func=<function test_cases.<locals>.<lambda> at 0x0000020562C07790> start_wid=None stop_wid=None post_wid=None skip_call=None call_count=0 args=() kwds={}
2021-07-16 17:04:36,630 root DEBUG testcase.py               727   pre_run                   : 6) class=<class 'ptsprojects.testcase.TestFunc'>, func=<function test_cases.<locals>.<lambda> at 0x0000020562C29670> start_wid=None stop_wid=None post_wid=None skip_call=None call_count=0 args=() kwds={}
2021-07-16 17:04:36,630 root DEBUG testcase.py               727   pre_run                   : 7) class=<class 'ptsprojects.testcase.TestFunc'>, func=<function test_cases.<locals>.<lambda> at 0x0000020562C29700> start_wid=None stop_wid=None post_wid=None skip_call=None call_count=0 args=() kwds={}
2021-07-16 17:04:36,630 root DEBUG testcase.py               727   pre_run                   : 8) class=<class 'ptsprojects.testcase.TestFunc'>, func=<function test_cases.<locals>.<lambda> at 0x0000020562C29790> start_wid=None stop_wid=None post_wid=None skip_call=None call_count=0 args=() kwds={}
2021-07-16 17:04:36,630 root DEBUG testcase.py               727   pre_run                   : 9) class=<class 'ptsprojects.testcase.TestFunc'>, func=<function test_cases.<locals>.<lambda> at 0x0000020562C29820> start_wid=None stop_wid=None post_wid=None skip_call=None call_count=0 args=() kwds={}
2021-07-16 17:04:36,630 root DEBUG testcase.py               727   pre_run                   : 10) class=<class 'ptsprojects.testcase.TestFunc'>, func=<function set_pts_addr at 0x0000020561137790> start_wid=None stop_wid=None post_wid=None skip_call=None call_count=0 args=('00:1B:DC:F2:1C:35', 0) kwds={}
2021-07-16 17:04:36,630 root DEBUG testcase.py               727   pre_run                   : 11) class=<class 'ptsprojects.testcase.TestFuncCleanUp'>, func=<bound method Stack.cleanup of <ptsprojects.stack.Stack object at 0x0000020562C04DC0>> start_wid=None stop_wid=None post_wid=None skip_call=None call_count=0 args=() kwds={}
2021-07-16 17:04:36,630 root DEBUG testcase.py               727   pre_run                   : 12) class=<class 'ptsprojects.testcase.TestFuncCleanUp'>, func=<bound method ZephyrCtl.stop of <ptsprojects.zephyr.iutctl.ZephyrCtl object at 0x0000020562C04E50>> start_wid=None stop_wid=None post_wid=None skip_call=None call_count=0 args=() kwds={}
2021-07-16 17:04:36,631 root DEBUG testcase.py               734   pre_run                   : post_run, run pre test case script
2021-07-16 17:04:36,635 root DEBUG testcase.py               242   start                     : Starting test function: class=<class 'ptsprojects.testcase.TestFunc'>, func=<bound method ZephyrCtl.start of <ptsprojects.zephyr.iutctl.ZephyrCtl object at 0x0000020562C04E50>> start_wid=None stop_wid=None post_wid=None skip_call=None call_count=1 args=(<ptsprojects.zephyr.ztestcase.ZTestCase object at 0x0000020562C74550>,) kwds={}
2021-07-16 17:04:36,635 root DEBUG testcase.py               254   start                     : Test function parameters: args=(<ptsprojects.zephyr.ztestcase.ZTestCase object at 0x0000020562C74550>,), kwds={}
2021-07-16 17:04:36,635 root DEBUG iutctl.py                 114   start                     : <class 'ptsprojects.zephyr.iutctl.ZephyrCtl'>.start
2021-07-16 17:04:36,635 root DEBUG iutctl.py                 174   flush_serial              : <class 'ptsprojects.zephyr.iutctl.ZephyrCtl'>.flush_serial
2021-07-16 17:04:36,665 root DEBUG iutctl.py                 139   start                     : Starting socat process: socat.exe -x -v tcp:192.168.9.109:58282,retry=100,interval=1 /dev/ttyS2,raw,b115200
2021-07-16 17:04:36,667 root DEBUG iutctl_common.py          234   accept                    : accept
2021-07-16 17:04:36,680 root DEBUG testcase.py               242   start                     : Starting test function: class=<class 'ptsprojects.testcase.TestFunc'>, func=<bound method ZephyrCtl.wait_iut_ready_event of <ptsprojects.zephyr.iutctl.ZephyrCtl object at 0x0000020562C04E50>> start_wid=None stop_wid=None post_wid=None skip_call=None call_count=1 args=() kwds={}
2021-07-16 17:04:36,680 root DEBUG testcase.py               254   start                     : Test function parameters: args=(), kwds={}
2021-07-16 17:04:36,680 root DEBUG iutctl.py                 205   reset                     : <class 'ptsprojects.zephyr.iutctl.ZephyrCtl'>.reset
2021-07-16 17:04:36,680 root DEBUG iutctl.py                 240   stop                      : <class 'ptsprojects.zephyr.iutctl.ZephyrCtl'>.stop
2021-07-16 17:04:37,704 root DEBUG iutctl.py                 114   start                     : <class 'ptsprojects.zephyr.iutctl.ZephyrCtl'>.start
2021-07-16 17:04:37,704 root DEBUG iutctl.py                 174   flush_serial              : <class 'ptsprojects.zephyr.iutctl.ZephyrCtl'>.flush_serial
2021-07-16 17:04:37,733 root DEBUG iutctl.py                 139   start                     : Starting socat process: socat.exe -x -v tcp:192.168.9.109:58284,retry=100,interval=1 /dev/ttyS2,raw,b115200
2021-07-16 17:04:37,734 root DEBUG iutctl_common.py          234   accept                    : accept
2021-07-16 17:04:37,749 root DEBUG iutctl.py                 174   flush_serial              : <class 'ptsprojects.zephyr.iutctl.ZephyrCtl'>.flush_serial
2021-07-16 17:04:37,749 root DEBUG iutctl.py                 317   reset                     : About to reset DUT: 'nrfjprog -f nrf52 -r -s 683357425'
2021-07-16 17:04:38,065 root DEBUG iutctl_common.py          177   read                      : read
2021-07-16 17:04:38,308 root DEBUG iutctl_common.py          101   read                      : Received: hdr: Header(svc_id=0, op=128, ctrl_index=255, data_len=0) bytearray(b'\x00\x80\xff\x00\x00')
2021-07-16 17:04:38,479 root DEBUG iutctl_common.py          114   read                      : Received data: "('',)", bytearray(b'')
2021-07-16 17:04:38,525 root DEBUG btp.py                    5603  event_handler             : event_handler Header(svc_id=0, op=128, ctrl_index=255, data_len=0) (b'',)
2021-07-16 17:04:38,557 root ERROR btp.py                    5637  event_handler             : Unhandled event! svc_id 0 op 128
2021-07-16 17:04:38,589 root DEBUG iutctl.py                 233   wait_iut_ready_event      : IUT ready event received OK
2021-07-16 17:04:38,589 root DEBUG testcase.py               242   start                     : Starting test function: class=<class 'ptsprojects.testcase.TestFunc'>, func=<function core_reg_svc_gap at 0x0000020561137820> start_wid=None stop_wid=None post_wid=None skip_call=None call_count=1 args=() kwds={}
2021-07-16 17:04:38,589 root DEBUG testcase.py               254   start                     : Test function parameters: args=(), kwds={}
2021-07-16 17:04:38,589 root DEBUG btp.py                    736   core_reg_svc_gap          : core_reg_svc_gap
2021-07-16 17:04:38,589 root DEBUG iutctl_common.py          120   send                      : send, 0 3 255 '1'
2021-07-16 17:04:38,589 root DEBUG iutctl_common.py          123   send                      : btpclient command: send 0 3 255 '1'
2021-07-16 17:04:38,589 root DEBUG iutctl_common.py          128   send                      : sending frame b'\x00\x03\xff\x01\x00\x01'
2021-07-16 17:04:38,589 root DEBUG btp.py                    818   core_reg_svc_rsp_succ     : core_reg_svc_rsp_succ
2021-07-16 17:04:38,589 root DEBUG iutctl_common.py          177   read                      : read
2021-07-16 17:04:38,666 root DEBUG iutctl_common.py          101   read                      : Received: hdr: Header(svc_id=0, op=3, ctrl_index=255, data_len=0) bytearray(b'\x00\x03\xff\x00\x00')
2021-07-16 17:04:38,682 root DEBUG iutctl_common.py          114   read                      : Received data: "('',)", bytearray(b'')
2021-07-16 17:04:38,697 root DEBUG btp.py                    829   core_reg_svc_rsp_succ     : received Header(svc_id=0, op=3, ctrl_index=255, data_len=0) (b'',)
2021-07-16 17:04:38,697 root DEBUG btp.py                    830   core_reg_svc_rsp_succ     : expected ((0, 3, 255, 0), (b'',))
2021-07-16 17:04:38,697 root DEBUG btp.py                    836   core_reg_svc_rsp_succ     : response is valid
2021-07-16 17:04:38,697 root DEBUG testcase.py               242   start                     : Starting test function: class=<class 'ptsprojects.testcase.TestFunc'>, func=<bound method Stack.gap_init of <ptsprojects.stack.Stack object at 0x0000020562C04DC0>> start_wid=None stop_wid=None post_wid=None skip_call=None call_count=1 args=(b'Tester', 'ABCD', '1111', '1111', '11', '1111') kwds={}
2021-07-16 17:04:38,697 root DEBUG testcase.py               254   start                     : Test function parameters: args=(b'Tester', 'ABCD', '1111', '1111', '11', '1111'), kwds={}
2021-07-16 17:04:38,697 root DEBUG testcase.py               242   start                     : Starting test function: class=<class 'ptsprojects.testcase.TestFunc'>, func=<function gap_read_ctrl_info at 0x000002056113B160> start_wid=None stop_wid=None post_wid=None skip_call=None call_count=1 args=() kwds={}
2021-07-16 17:04:38,698 root DEBUG testcase.py               254   start                     : Test function parameters: args=(), kwds={}
2021-07-16 17:04:38,698 root DEBUG btp.py                    1426  gap_read_ctrl_info        : gap_read_ctrl_info
2021-07-16 17:04:38,698 root DEBUG iutctl_common.py          120   send                      : send, 1 3 0 ''
2021-07-16 17:04:38,698 root DEBUG iutctl_common.py          123   send                      : btpclient command: send 1 3 0 ''
2021-07-16 17:04:38,698 root DEBUG iutctl_common.py          128   send                      : sending frame b'\x01\x03\x00\x00\x00'
2021-07-16 17:04:38,698 root DEBUG iutctl_common.py          177   read                      : read
2021-07-16 17:04:38,929 root DEBUG iutctl_common.py          101   read                      : Received: hdr: Header(svc_id=1, op=3, ctrl_index=0, data_len=277) bytearray(b'\x01\x03\x00\x15\x01')
2021-07-16 17:04:38,991 root DEBUG iutctl_common.py          114   read                      : Received data: '(\'\x9c\x86|\x93\x01p\x13\x06\x00\x00\x13"\x00\x00\x00\x00\x00btp_tester\x00\x00\x00\x00\x00\x00\x00\x00\x00\x00\x00\x00\x00\x00\x00\x00\x00\x00\x00\x00\x00\x00\x00\x00\x00\x00\x00\x00\x00\x00\x00\x00\x00\x00\x00\x00\x00\x00\x00\x00\x00\x00\x00\x00\x00\x00\x00\x00\x00\x00\x00\x00\x00\x00\x00\x00\x00\x00\x00\x00\x00\x00\x00\x00\x00\x00\x00\x00\x00\x00\x00\x00\x00\x00\x00\x00\x00\x00\x00\x00\x00\x00\x00\x00\x00\x00\x00\x00\x00\x00\x00\x00\x00\x00\x00\x00\x00\x00\x00\x00\x00\x00\x00\x00\x00\x00\x00\x00\x00\x00\x00\x00\x00\x00\x00\x00\x00\x00\x00\x00\x00\x00\x00\x00\x00\x00\x00\x00\x00\x00\x00\x00\x00\x00\x00\x00\x00\x00\x00\x00\x00\x00\x00\x00\x00\x00\x00\x00\x00\x00\x00\x00\x00\x00\x00\x00\x00\x00\x00\x00\x00\x00\x00\x00\x00\x00\x00\x00\x00\x00\x00\x00\x00\x00\x00\x00\x00\x00\x00\x00\x00\x00\x00\x00\x00\x00\x00\x00\x00\x00\x00\x00\x00\x00\x00\x00\x00\x00\x00\x00\x00\x00\x00\x00\x00\x00\x00\x00\x00\x00\x00\x00\x00\x00\x00\x00\x00\x00\x00\x00\x00\x00\x00\x00\x00\x00\x00\x00\x00\x00\x00\x00\x00\x00\x00\x00\x00\x00\x00\x00\x00\x00\x00\x00\x00\x00\x00\x00\x00\x00\',)', bytearray(b'\x9c\x86|\x93\x01p\x13\x06\x00\x00\x13"\x00\x00\x00\x00\x00btp_tester\x00\x00\x00\x00\x00\x00\x00\x00\x00\x00\x00\x00\x00\x00\x00\x00\x00\x00\x00\x00\x00\x00\x00\x00\x00\x00\x00\x00\x00\x00\x00\x00\x00\x00\x00\x00\x00\x00\x00\x00\x00\x00\x00\x00\x00\x00\x00\x00\x00\x00\x00\x00\x00\x00\x00\x00\x00\x00\x00\x00\x00\x00\x00\x00\x00\x00\x00\x00\x00\x00\x00\x00\x00\x00\x00\x00\x00\x00\x00\x00\x00\x00\x00\x00\x00\x00\x00\x00\x00\x00\x00\x00\x00\x00\x00\x00\x00\x00\x00\x00\x00\x00\x00\x00\x00\x00\x00\x00\x00\x00\x00\x00\x00\x00\x00\x00\x00\x00\x00\x00\x00\x00\x00\x00\x00\x00\x00\x00\x00\x00\x00\x00\x00\x00\x00\x00\x00\x00\x00\x00\x00\x00\x00\x00\x00\x00\x00\x00\x00\x00\x00\x00\x00\x00\x00\x00\x00\x00\x00\x00\x00\x00\x00\x00\x00\x00\x00\x00\x00\x00\x00\x00\x00\x00\x00\x00\x00\x00\x00\x00\x00\x00\x00\x00\x00\x00\x00\x00\x00\x00\x00\x00\x00\x00\x00\x00\x00\x00\x00\x00\x00\x00\x00\x00\x00\x00\x00\x00\x00\x00\x00\x00\x00\x00\x00\x00\x00\x00\x00\x00\x00\x00\x00\x00\x00\x00\x00\x00\x00\x00\x00\x00\x00\x00\x00\x00\x00\x00\x00\x00\x00\x00\x00\x00\x00\x00\x00\x00\x00\x00')
2021-07-16 17:04:39,023 root DEBUG btp.py                    1433  gap_read_ctrl_info        : received Header(svc_id=1, op=3, ctrl_index=0, data_len=277) (b'\x9c\x86|\x93\x01p\x13\x06\x00\x00\x13"\x00\x00\x00\x00\x00btp_tester\x00\x00\x00\x00\x00\x00\x00\x00\x00\x00\x00\x00\x00\x00\x00\x00\x00\x00\x00\x00\x00\x00\x00\x00\x00\x00\x00\x00\x00\x00\x00\x00\x00\x00\x00\x00\x00\x00\x00\x00\x00\x00\x00\x00\x00\x00\x00\x00\x00\x00\x00\x00\x00\x00\x00\x00\x00\x00\x00\x00\x00\x00\x00\x00\x00\x00\x00\x00\x00\x00\x00\x00\x00\x00\x00\x00\x00\x00\x00\x00\x00\x00\x00\x00\x00\x00\x00\x00\x00\x00\x00\x00\x00\x00\x00\x00\x00\x00\x00\x00\x00\x00\x00\x00\x00\x00\x00\x00\x00\x00\x00\x00\x00\x00\x00\x00\x00\x00\x00\x00\x00\x00\x00\x00\x00\x00\x00\x00\x00\x00\x00\x00\x00\x00\x00\x00\x00\x00\x00\x00\x00\x00\x00\x00\x00\x00\x00\x00\x00\x00\x00\x00\x00\x00\x00\x00\x00\x00\x00\x00\x00\x00\x00\x00\x00\x00\x00\x00\x00\x00\x00\x00\x00\x00\x00\x00\x00\x00\x00\x00\x00\x00\x00\x00\x00\x00\x00\x00\x00\x00\x00\x00\x00\x00\x00\x00\x00\x00\x00\x00\x00\x00\x00\x00\x00\x00\x00\x00\x00\x00\x00\x00\x00\x00\x00\x00\x00\x00\x00\x00\x00\x00\x00\x00\x00\x00\x00\x00\x00\x00\x00\x00\x00\x00\x00\x00\x00\x00\x00\x00\x00\x00\x00\x00\x00\x00\x00\x00\x00\x00',)
2021-07-16 17:04:39,023 root DEBUG btp.py                    1454  gap_read_ctrl_info        : IUT address '7001937c869c'
2021-07-16 17:04:39,023 root DEBUG btp.py                    878   __gap_current_settings_update : __gap_current_settings_update 8723
2021-07-16 17:04:39,023 root DEBUG testcase.py               242   start                     : Starting test function: class=<class 'ptsprojects.testcase.TestFunc'>, func=<function test_cases.<locals>.<lambda> at 0x0000020562C07790> start_wid=None stop_wid=None post_wid=None skip_call=None call_count=1 args=() kwds={}
2021-07-16 17:04:39,023 root DEBUG testcase.py               254   start                     : Test function parameters: args=(), kwds={}
2021-07-16 17:04:39,025 root DEBUG testcase.py               242   start                     : Starting test function: class=<class 'ptsprojects.testcase.TestFunc'>, func=<function test_cases.<locals>.<lambda> at 0x0000020562C29670> start_wid=None stop_wid=None post_wid=None skip_call=None call_count=1 args=() kwds={}
2021-07-16 17:04:39,025 root DEBUG testcase.py               254   start                     : Test function parameters: args=(), kwds={}
2021-07-16 17:04:39,026 root DEBUG testcase.py               242   start                     : Starting test function: class=<class 'ptsprojects.testcase.TestFunc'>, func=<function test_cases.<locals>.<lambda> at 0x0000020562C29700> start_wid=None stop_wid=None post_wid=None skip_call=None call_count=1 args=() kwds={}
2021-07-16 17:04:39,026 root DEBUG testcase.py               254   start                     : Test function parameters: args=(), kwds={}
2021-07-16 17:04:39,027 root DEBUG testcase.py               242   start                     : Starting test function: class=<class 'ptsprojects.testcase.TestFunc'>, func=<function test_cases.<locals>.<lambda> at 0x0000020562C29790> start_wid=None stop_wid=None post_wid=None skip_call=None call_count=1 args=() kwds={}
2021-07-16 17:04:39,027 root DEBUG testcase.py               254   start                     : Test function parameters: args=(), kwds={}
2021-07-16 17:04:39,028 root DEBUG testcase.py               242   start                     : Starting test function: class=<class 'ptsprojects.testcase.TestFunc'>, func=<function test_cases.<locals>.<lambda> at 0x0000020562C29820> start_wid=None stop_wid=None post_wid=None skip_call=None call_count=1 args=() kwds={}
2021-07-16 17:04:39,028 root DEBUG testcase.py               254   start                     : Test function parameters: args=(), kwds={}
2021-07-16 17:04:39,029 root DEBUG testcase.py               242   start                     : Starting test function: class=<class 'ptsprojects.testcase.TestFunc'>, func=<function set_pts_addr at 0x0000020561137790> start_wid=None stop_wid=None post_wid=None skip_call=None call_count=1 args=('00:1B:DC:F2:1C:35', 0) kwds={}
2021-07-16 17:04:39,029 root DEBUG testcase.py               254   start                     : Test function parameters: args=('00:1B:DC:F2:1C:35', 0), kwds={}
2021-07-16 17:04:39,029 root DEBUG autoptsclient_common.py   283   set_current_test_case     : CallbackThread.set_current_test_case GAP/CONN/ACEP/BV-01-C
2021-07-16 17:04:45,390 ClientCallback.on_implicit_send INFO autoptsclient_common.py   186   on_implicit_send          : ********************
2021-07-16 17:04:45,390 ClientCallback.on_implicit_send INFO autoptsclient_common.py   187   on_implicit_send          : BEGIN OnImplicitSend:
2021-07-16 17:04:45,390 ClientCallback.on_implicit_send INFO autoptsclient_common.py   188   on_implicit_send          : project_name: GAP
2021-07-16 17:04:45,390 ClientCallback.on_implicit_send INFO autoptsclient_common.py   189   on_implicit_send          : wid: 82
2021-07-16 17:04:45,390 ClientCallback.on_implicit_send INFO autoptsclient_common.py   190   on_implicit_send          : test_case_name: GAP/CONN/ACEP/BV-01-C
2021-07-16 17:04:45,390 ClientCallback.on_implicit_send INFO autoptsclient_common.py   191   on_implicit_send          : description: Please prepare IUT into the Auto Connection Establishment Procedure. Press ok to continue.
2021-07-16 17:04:45,390 ClientCallback.on_implicit_send INFO autoptsclient_common.py   192   on_implicit_send          : style: MMI_Style_Ok_Cancel1 0x11041
2021-07-16 17:04:45,390 ClientCallback.on_implicit_send INFO autoptsclient_common.py   198   on_implicit_send          : Calling test cases on_implicit_send
2021-07-16 17:04:45,390 root DEBUG testcase.py               677   on_implicit_send          : GAP GAP/CONN/ACEP/BV-01-C on_implicit_send
2021-07-16 17:04:45,390 root DEBUG testcase.py               620   join_post_wid_thread      : GAP GAP/CONN/ACEP/BV-01-C join_post_wid_thread
2021-07-16 17:04:45,390 root DEBUG testcase.py               622   join_post_wid_thread      : self.post_wid_thread None
2021-07-16 17:04:45,391 root DEBUG gap_wid.py                31    gap_wid_hdl               : gap_wid_hdl, 82, 'Please prepare IUT into the Auto Connection Establishment Procedure. Press ok to continue.', GAP/CONN/ACEP/BV-01-C
2021-07-16 17:04:45,391 root DEBUG testcase.py               717   on_implicit_send          : Sending response 'OK'
2021-07-16 17:04:45,391 ClientCallback.on_implicit_send INFO autoptsclient_common.py   209   on_implicit_send          : test case returned on_implicit_send, response: OK
2021-07-16 17:04:45,391 ClientCallback.on_implicit_send INFO autoptsclient_common.py   219   on_implicit_send          : END OnImplicitSend:
2021-07-16 17:04:45,391 ClientCallback.on_implicit_send INFO autoptsclient_common.py   220   on_implicit_send          : ********************
2021-07-16 17:04:45,410 ClientCallback.on_implicit_send INFO autoptsclient_common.py   186   on_implicit_send          : ********************
2021-07-16 17:04:45,410 ClientCallback.on_implicit_send INFO autoptsclient_common.py   187   on_implicit_send          : BEGIN OnImplicitSend:
2021-07-16 17:04:45,410 ClientCallback.on_implicit_send INFO autoptsclient_common.py   188   on_implicit_send          : project_name: GAP
2021-07-16 17:04:45,410 ClientCallback.on_implicit_send INFO autoptsclient_common.py   189   on_implicit_send          : wid: 78
2021-07-16 17:04:45,410 ClientCallback.on_implicit_send INFO autoptsclient_common.py   190   on_implicit_send          : test_case_name: GAP/CONN/ACEP/BV-01-C
2021-07-16 17:04:45,411 ClientCallback.on_implicit_send INFO autoptsclient_common.py   191   on_implicit_send          : description: Please send an LE connect request to establish a connection.
2021-07-16 17:04:45,411 ClientCallback.on_implicit_send INFO autoptsclient_common.py   192   on_implicit_send          : style: MMI_Style_Ok_Cancel2 0x11141
2021-07-16 17:04:45,411 ClientCallback.on_implicit_send INFO autoptsclient_common.py   198   on_implicit_send          : Calling test cases on_implicit_send
2021-07-16 17:04:45,411 root DEBUG testcase.py               677   on_implicit_send          : GAP GAP/CONN/ACEP/BV-01-C on_implicit_send
2021-07-16 17:04:45,411 root DEBUG testcase.py               620   join_post_wid_thread      : GAP GAP/CONN/ACEP/BV-01-C join_post_wid_thread
2021-07-16 17:04:45,411 root DEBUG testcase.py               622   join_post_wid_thread      : self.post_wid_thread None
2021-07-16 17:04:45,411 root DEBUG gap_wid.py                31    gap_wid_hdl               : gap_wid_hdl, 78, 'Please send an LE connect request to establish a connection.', GAP/CONN/ACEP/BV-01-C
2021-07-16 17:04:45,411 root DEBUG btp.py                    999   gap_conn                  : gap_conn None None
2021-07-16 17:04:45,411 root DEBUG iutctl_common.py          120   send                      : send, 1 14 0 "bytearray(b'\\x005\\x1c\\xf2\\xdc\\x1b\\x00\\x00')"
2021-07-16 17:04:45,411 root DEBUG iutctl_common.py          123   send                      : btpclient command: send 1 14 0 "bytearray(b'\\x005\\x1c\\xf2\\xdc\\x1b\\x00\\x00')"
2021-07-16 17:04:45,411 root DEBUG iutctl_common.py          128   send                      : sending frame b'\x01\x0e\x00\x08\x00\x005\x1c\xf2\xdc\x1b\x00\x00'
2021-07-16 17:04:45,411 root DEBUG btp.py                    1460  gap_command_rsp_succ      : gap_command_rsp_succ
2021-07-16 17:04:45,411 root DEBUG iutctl_common.py          177   read                      : read
2021-07-16 17:04:45,478 root DEBUG iutctl_common.py          101   read                      : Received: hdr: Header(svc_id=1, op=14, ctrl_index=0, data_len=0) bytearray(b'\x01\x0e\x00\x00\x00')
2021-07-16 17:04:45,494 root DEBUG iutctl_common.py          114   read                      : Received data: "('',)", bytearray(b'')
2021-07-16 17:04:45,525 root DEBUG iutctl_common.py          101   read                      : Received: hdr: Header(svc_id=1, op=130, ctrl_index=0, data_len=13) bytearray(b'\x01\x82\x00\r\x00')
2021-07-16 17:04:45,525 root DEBUG btp.py                    1465  gap_command_rsp_succ      : received Header(svc_id=1, op=14, ctrl_index=0, data_len=0) (b'',)
2021-07-16 17:04:45,525 root DEBUG iutctl_common.py          114   read                      : Received data: "('\x005\x1còÜ\x1b\x00(\x00\x00\x00\x90\x01',)", bytearray(b'\x005\x1c\xf2\xdc\x1b\x00(\x00\x00\x00\x90\x01')
2021-07-16 17:04:45,525 root DEBUG testcase.py               717   on_implicit_send          : Sending response 'OK'
2021-07-16 17:04:45,525 ClientCallback.on_implicit_send INFO autoptsclient_common.py   209   on_implicit_send          : test case returned on_implicit_send, response: OK
2021-07-16 17:04:45,525 ClientCallback.on_implicit_send INFO autoptsclient_common.py   219   on_implicit_send          : END OnImplicitSend:
2021-07-16 17:04:45,526 ClientCallback.on_implicit_send INFO autoptsclient_common.py   220   on_implicit_send          : ********************
2021-07-16 17:04:45,526 root DEBUG btp.py                    5603  event_handler             : event_handler Header(svc_id=1, op=130, ctrl_index=0, data_len=13) (b'\x005\x1c\xf2\xdc\x1b\x00(\x00\x00\x00\x90\x01',)
2021-07-16 17:04:45,526 root DEBUG btp.py                    3386  gap_connected_ev_         : gap_connected_ev_ b'\x005\x1c\xf2\xdc\x1b\x00(\x00\x00\x00\x90\x01'
2021-07-16 17:04:45,530 ClientCallback.on_implicit_send INFO autoptsclient_common.py   186   on_implicit_send          : ********************
2021-07-16 17:04:45,530 ClientCallback.on_implicit_send INFO autoptsclient_common.py   187   on_implicit_send          : BEGIN OnImplicitSend:
2021-07-16 17:04:45,530 ClientCallback.on_implicit_send INFO autoptsclient_common.py   188   on_implicit_send          : project_name: GAP
2021-07-16 17:04:45,530 ClientCallback.on_implicit_send INFO autoptsclient_common.py   189   on_implicit_send          : wid: 77
2021-07-16 17:04:45,530 ClientCallback.on_implicit_send INFO autoptsclient_common.py   190   on_implicit_send          : test_case_name: GAP/CONN/ACEP/BV-01-C
2021-07-16 17:04:45,530 ClientCallback.on_implicit_send INFO autoptsclient_common.py   191   on_implicit_send          : description: Please send a disconnect request to terminate connection.
2021-07-16 17:04:45,530 ClientCallback.on_implicit_send INFO autoptsclient_common.py   192   on_implicit_send          : style: MMI_Style_Ok_Cancel2 0x11141
2021-07-16 17:04:45,530 ClientCallback.on_implicit_send INFO autoptsclient_common.py   198   on_implicit_send          : Calling test cases on_implicit_send
2021-07-16 17:04:45,530 root DEBUG testcase.py               677   on_implicit_send          : GAP GAP/CONN/ACEP/BV-01-C on_implicit_send
2021-07-16 17:04:45,530 root DEBUG testcase.py               620   join_post_wid_thread      : GAP GAP/CONN/ACEP/BV-01-C join_post_wid_thread
2021-07-16 17:04:45,531 root DEBUG testcase.py               622   join_post_wid_thread      : self.post_wid_thread None
2021-07-16 17:04:45,531 root DEBUG gap_wid.py                31    gap_wid_hdl               : gap_wid_hdl, 77, 'Please send a disconnect request to terminate connection.', GAP/CONN/ACEP/BV-01-C
2021-07-16 17:04:45,531 root DEBUG btp.py                    1041  gap_disconn               : gap_disconn None None
2021-07-16 17:04:45,531 root DEBUG iutctl_common.py          120   send                      : send, 1 15 0 "bytearray(b'\\x005\\x1c\\xf2\\xdc\\x1b\\x00')"
2021-07-16 17:04:45,531 root DEBUG iutctl_common.py          123   send                      : btpclient command: send 1 15 0 "bytearray(b'\\x005\\x1c\\xf2\\xdc\\x1b\\x00')"
2021-07-16 17:04:45,531 root DEBUG iutctl_common.py          128   send                      : sending frame b'\x01\x0f\x00\x07\x00\x005\x1c\xf2\xdc\x1b\x00'
2021-07-16 17:04:45,531 root DEBUG btp.py                    1460  gap_command_rsp_succ      : gap_command_rsp_succ
2021-07-16 17:04:45,531 root DEBUG iutctl_common.py          177   read                      : read
2021-07-16 17:04:45,571 root DEBUG iutctl_common.py          101   read                      : Received: hdr: Header(svc_id=1, op=15, ctrl_index=0, data_len=0) bytearray(b'\x01\x0f\x00\x00\x00')
2021-07-16 17:04:45,586 root DEBUG iutctl_common.py          114   read                      : Received data: "('',)", bytearray(b'')
2021-07-16 17:04:45,602 root DEBUG btp.py                    1465  gap_command_rsp_succ      : received Header(svc_id=1, op=15, ctrl_index=0, data_len=0) (b'',)
2021-07-16 17:04:45,602 root DEBUG testcase.py               717   on_implicit_send          : Sending response 'OK'
2021-07-16 17:04:45,602 ClientCallback.on_implicit_send INFO autoptsclient_common.py   209   on_implicit_send          : test case returned on_implicit_send, response: OK
2021-07-16 17:04:45,602 ClientCallback.on_implicit_send INFO autoptsclient_common.py   219   on_implicit_send          : END OnImplicitSend:
2021-07-16 17:04:45,602 ClientCallback.on_implicit_send INFO autoptsclient_common.py   220   on_implicit_send          : ********************
2021-07-16 17:04:45,602 root DEBUG iutctl_common.py          101   read                      : Received: hdr: Header(svc_id=1, op=131, ctrl_index=0, data_len=7) bytearray(b'\x01\x83\x00\x07\x00')
2021-07-16 17:04:45,602 root DEBUG iutctl_common.py          114   read                      : Received data: "('\x005\x1còÜ\x1b\x00',)", bytearray(b'\x005\x1c\xf2\xdc\x1b\x00')
2021-07-16 17:04:45,603 root DEBUG btp.py                    5603  event_handler             : event_handler Header(svc_id=1, op=131, ctrl_index=0, data_len=7) (b'\x005\x1c\xf2\xdc\x1b\x00',)
2021-07-16 17:04:45,603 root DEBUG btp.py                    3401  gap_disconnected_ev_      : gap_disconnected_ev_ b'\x005\x1c\xf2\xdc\x1b\x00'
2021-07-16 17:04:46,178 ClientCallback.log INFO autoptsclient_common.py   148   log                       : PTS_LOGTYPE_START_TEST Start Test Case 

+3031 ms
 GAP/CONN/ACEP/BV-01-C GAP/CONN/ACEP/BV-01-C

2021-07-16 17:04:46,178 root DEBUG testcase.py               462   log                       : New status GAP GAP/CONN/ACEP/BV-01-C - Started
2021-07-16 17:04:46,390 ClientCallback.log INFO autoptsclient_common.py   148   log                       : PTS_LOGTYPE_FINAL_VERDICT Final verdict 

+3422 ms
 GAP/CONN/ACEP/BV-01-C : [12] PASS

2021-07-16 17:04:46,390 root DEBUG testcase.py               462   log                       : New status GAP GAP/CONN/ACEP/BV-01-C - PASS
2021-07-16 17:04:46,392 ClientCallback.log INFO autoptsclient_common.py   148   log                       : PTS_LOGTYPE_FINAL_VERDICT Encrypted Verdict 

+3422 ms
 GAP/CONN/ACEP/BV-01-C A1#ZGU1ZmZmYWRhZmEwNzkxZDI5NmRiZmNiZTAwZGRkMWE1MmNkMzBlMWU0ZWNiMTBhZTk1NmMxYjM4OGRmZjE2NQ==#3Cw8u0TifIPSo9Bg7H1hCbHbyuKLlg+R4H6H7W785wCckg9Qs+v1xyj11A7SeEfV

2021-07-16 17:04:46,466 ClientCallback.log INFO autoptsclient_common.py   148   log                       : PTS_LOGTYPE_END_TEST Test Case ended 

+3422 ms
 GAP/CONN/ACEP/BV-01-C GAP/CONN/ACEP/BV-01-C

2021-07-16 17:04:46,611 root DEBUG autoptsclient_common.py   803   run_test_case_thread_entry : After run_test_case error_code='' status='PASS'
2021-07-16 17:04:46,611 root DEBUG autoptsclient_common.py   291   error_code                : CallbackThread.error_code
2021-07-16 17:04:46,611 root DEBUG autoptsclient_common.py   305   cleanup                   : CallbackThread.cleanup
2021-07-16 17:04:47,612 root DEBUG testcase.py               762   post_run                  : post_run GAP GAP/CONN/ACEP/BV-01-C 
2021-07-16 17:04:47,612 root DEBUG testcase.py               242   start                     : Starting test function: class=<class 'ptsprojects.testcase.TestFuncCleanUp'>, func=<bound method Stack.cleanup of <ptsprojects.stack.Stack object at 0x0000020562C04DC0>> start_wid=None stop_wid=None post_wid=None skip_call=None call_count=1 args=() kwds={}
2021-07-16 17:04:47,613 root DEBUG testcase.py               254   start                     : Test function parameters: args=(), kwds={}
2021-07-16 17:04:47,613 root DEBUG autoptsclient_common.py   300   clear_pending_responses   : CallbackThread.clear_pending_responses
2021-07-16 17:04:47,614 root DEBUG autoptsclient_common.py   300   clear_pending_responses   : CallbackThread.clear_pending_responses
2021-07-16 17:04:47,614 root DEBUG testcase.py               242   start                     : Starting test function: class=<class 'ptsprojects.testcase.TestFuncCleanUp'>, func=<bound method ZephyrCtl.stop of <ptsprojects.zephyr.iutctl.ZephyrCtl object at 0x0000020562C04E50>> start_wid=None stop_wid=None post_wid=None skip_call=None call_count=1 args=() kwds={}
2021-07-16 17:04:47,614 root DEBUG testcase.py               254   start                     : Test function parameters: args=(), kwds={}
2021-07-16 17:04:47,615 root DEBUG iutctl.py                 240   stop                      : <class 'ptsprojects.zephyr.iutctl.ZephyrCtl'>.stop
2021-07-16 17:04:50,657 root DEBUG testcase.py               787   post_run                  : post_run, cleanup running pre test case script
2021-07-16 17:04:50,658 root DEBUG testcase.py               797   post_run                  : post_run, run post test case script
2021-07-16 17:04:50,744 root DEBUG autoptsclient_common.py   834   run_test_case_thread_entry : Done TestCase wrapper GAP GAP/CONN/ACEP/BV-01-C
