Applying system reset.
Run.
< 2021/10/08 18:09:46.184155  length=5 from=0 to=4
 00 80 ff 00 00                                   .....
--
> 2021/10/08 18:09:46.421675  length=6 from=0 to=5
 00 03 ff 01 00 01                                ......
--
< 2021/10/08 18:09:46.437792  length=5 from=5 to=9
 00 03 ff 00 00                                   .....
--
> 2021/10/08 18:09:46.517443  length=5 from=6 to=10
 01 03 00 00 00                                   .....
--
< 2021/10/08 18:09:46.709131  length=112 from=10 to=121
 01 03 00 15 01 36 a7 20 ad 80 fc 13 06 00 00 13  .....6. ........
 82 00 00 00 00 00 62 74 70 5f 74 65 73 74 65 72  ......btp_tester
 00 00 00 00 00 00 00 00 00 00 00 00 00 00 00 00  ................
 00 00 00 00 00 00 00 00 00 00 00 00 00 00 00 00  ................
 00 00 00 00 00 00 00 00 00 00 00 00 00 00 00 00  ................
 00 00 00 00 00 00 00 00 00 00 00 00 00 00 00 00  ................
 00 00 00 00 00 00 00 00 00 00 00 00 00 00 00 00  ................
--
< 2021/10/08 18:09:46.710856  length=23 from=122 to=144
 00 00 00 00 00 00 00 00 00 00 00 00 00 00 00 00  ................
 00 00 00 00 00 00 00                             .......
--
< 2021/10/08 18:09:46.725077  length=147 from=145 to=291
 00 00 00 00 00 00 00 00 00 00 00 00 00 00 00 00  ................
 00 00 00 00 00 00 00 00 00 00 00 00 00 00 00 00  ................
 00 00 00 00 00 00 00 00 00 00 00 00 00 00 00 00  ................
 00 00 00 00 00 00 00 00 00 00 00 00 00 00 00 00  ................
 00 00 00 00 00 00 00 00 00 00 00 00 00 00 00 00  ................
 00 00 00 00 00 00 00 00 00 00 00 00 00 00 00 00  ................
 00 00 00 00 00 00 00 00 00 00 00 00 00 00 00 00  ................
 00 00 00 00 00 00 00 00 00 00 00 00 00 00 00 00  ................
 00 00 00 00 00 00 00 00 00 00 00 00 00 00 00 00  ................
 00 00 00                                         ...
--
> 2021/10/08 18:09:46.773409  length=6 from=11 to=16
 01 10 00 01 00 00                                ......
--
< 2021/10/08 18:09:46.788911  length=5 from=292 to=296
 01 10 00 00 00                                   .....
--
> 2021/10/08 18:09:55.022363  length=13 from=17 to=29
 01 0e 00 08 00 00 e4 1f f2 dc 1b 00 00           .............
--
< 2021/10/08 18:09:55.038429  length=5 from=297 to=301
 01 0e 00 00 00                                   .....
--
< 2021/10/08 18:09:55.467284  length=13 from=302 to=314
 01 82 00 0d 00 00 e4 1f f2 dc 1b 00 28           ............(
--
< 2021/10/08 18:09:55.467613  length=5 from=315 to=319
 00 00 00 90 01                                   .....
--
> 2021/10/08 18:09:55.610812  length=12 from=30 to=41
 01 11 00 07 00 00 e4 1f f2 dc 1b 00              ............
--
< 2021/10/08 18:09:55.626936  length=5 from=320 to=324
 01 11 00 00 00                                   .....
--
> 2021/10/08 18:09:55.737827  length=12 from=42 to=53
 01 0f 00 07 00 00 e4 1f f2 dc 1b 00              ............
--
< 2021/10/08 18:09:55.753843  length=5 from=325 to=329
 01 0f 00 00 00                                   .....
--
< 2021/10/08 18:09:55.769846  length=12 from=330 to=341
 01 83 00 07 00 00 e4 1f f2 dc 1b 00              ............
--
> 2021/10/08 18:09:55.881275  length=13 from=54 to=66
 01 0e 00 08 00 00 e4 1f f2 dc 1b 00 00           .............
--
< 2021/10/08 18:09:55.895880  length=5 from=342 to=346
 01 0e 00 00 00                                   .....
--
< 2021/10/08 18:09:56.262004  length=18 from=347 to=364
 01 82 00 0d 00 00 e4 1f f2 dc 1b 00 28 00 00 00  ............(...
 90 01                                            ..
--
> 2021/10/08 18:09:56.339771  length=12 from=67 to=78
 01 11 00 07 00 00 e4 1f f2 dc 1b 00              ............
--
< 2021/10/08 18:09:56.355821  length=5 from=365 to=369
 01 11 00 00 00                                   .....
--
> 2021/10/08 18:09:56.449865  length=12 from=79 to=90
 01 0f 00 07 00 00 e4 1f f2 dc 1b 00              ............
--
< 2021/10/08 18:09:56.465902  length=17 from=370 to=386
 01 0f 00 00 00 01 83 00 07 00 00 e4 1f f2 dc 1b  ................
 00                                               .
--
> 2021/10/08 18:09:56.560509  length=13 from=91 to=103
 01 0e 00 08 00 00 e4 1f f2 dc 1b 00 00           .............
--
< 2021/10/08 18:09:56.576518  length=5 from=387 to=391
 01 0e 00 00 00                                   .....
--
< 2021/10/08 18:09:56.959460  length=18 from=392 to=409
 01 82 00 0d 00 00 e4 1f f2 dc 1b 00 28 00 00 00  ............(...
 90 01                                            ..
--
> 2021/10/08 18:09:57.037751  length=12 from=104 to=115
 01 11 00 07 00 00 e4 1f f2 dc 1b 00              ............
--
< 2021/10/08 18:09:57.053866  length=5 from=410 to=414
 01 11 00 00 00                                   .....
--
> 2021/10/08 18:09:57.101504  length=12 from=116 to=127
 01 0f 00 07 00 00 e4 1f f2 dc 1b 00              ............
--
< 2021/10/08 18:09:57.117596  length=5 from=415 to=419
 01 0f 00 00 00                                   .....
--
< 2021/10/08 18:09:57.165443  length=12 from=420 to=431
 01 83 00 07 00 00 e4 1f f2 dc 1b 00              ............
--
> 2021/10/08 18:09:57.228451  length=13 from=128 to=140
 01 0e 00 08 00 00 e4 1f f2 dc 1b 00 00           .............
--
< 2021/10/08 18:09:57.244579  length=5 from=432 to=436
 01 0e 00 00 00                                   .....
--
< 2021/10/08 18:09:57.641385  length=18 from=437 to=454
 01 82 00 0d 00 00 e4 1f f2 dc 1b 00 28 00 00 00  ............(...
 90 01                                            ..
--
> 2021/10/08 18:09:57.736406  length=12 from=141 to=152
 01 11 00 07 00 00 e4 1f f2 dc 1b 00              ............
--
< 2021/10/08 18:09:57.752447  length=5 from=455 to=459
 01 11 00 00 00                                   .....
--
> 2021/10/08 18:09:57.831925  length=12 from=153 to=164
 01 0f 00 07 00 00 e4 1f f2 dc 1b 00              ............
--
< 2021/10/08 18:09:57.848006  length=17 from=460 to=476
 01 0f 00 00 00 01 83 00 07 00 00 e4 1f f2 dc 1b  ................
 00                                               .
--
