2021-10-08 18:09:44,520 root DEBUG autoptsclient_common.py   775   run_test_case_thread_entry : Starting TestCase wrapper SM SM/CEN/JW/BV-05-C
2021-10-08 18:09:44,520 root DEBUG testcase.py               718   pre_run                   : pre_run SM SM/CEN/JW/BV-05-C
2021-10-08 18:09:44,520 root DEBUG testcase.py               720   pre_run                   : About to run test case SM SM/CEN/JW/BV-05-C with commands:
2021-10-08 18:09:44,520 root DEBUG testcase.py               723   pre_run                   : 0) class=<class 'ptsprojects.testcase.TestFunc'>, func=<bound method ZephyrCtl.start of <ptsprojects.zephyr.iutctl.ZephyrCtl object at 0x0000027C35119910>> start_wid=None stop_wid=None post_wid=None skip_call=None call_count=0 args=(<ptsprojects.zephyr.ztestcase.ZTestCase object at 0x0000027C3537BCD0>,) kwds={}
2021-10-08 18:09:44,521 root DEBUG testcase.py               723   pre_run                   : 1) class=<class 'ptsprojects.testcase.TestFunc'>, func=<bound method ZephyrCtl.wait_iut_ready_event of <ptsprojects.zephyr.iutctl.ZephyrCtl object at 0x0000027C35119910>> start_wid=None stop_wid=None post_wid=None skip_call=None call_count=0 args=() kwds={}
2021-10-08 18:09:44,521 root DEBUG testcase.py               723   pre_run                   : 2) class=<class 'ptsprojects.testcase.TestFunc'>, func=<function core_reg_svc_gap at 0x0000027C33812940> start_wid=None stop_wid=None post_wid=None skip_call=None call_count=0 args=() kwds={}
2021-10-08 18:09:44,522 root DEBUG testcase.py               723   pre_run                   : 3) class=<class 'ptsprojects.testcase.TestFunc'>, func=<bound method Stack.gap_init of <ptsprojects.stack.Stack object at 0x0000027C35119820>> start_wid=None stop_wid=None post_wid=None skip_call=None call_count=0 args=(b'Tester_F21FE4',) kwds={}
2021-10-08 18:09:44,522 root DEBUG testcase.py               723   pre_run                   : 4) class=<class 'ptsprojects.testcase.TestFunc'>, func=<function gap_read_ctrl_info at 0x0000027C33820DC0> start_wid=None stop_wid=None post_wid=None skip_call=None call_count=0 args=() kwds={}
2021-10-08 18:09:44,522 root DEBUG testcase.py               723   pre_run                   : 5) class=<class 'ptsprojects.testcase.TestFunc'>, func=<function test_cases.<locals>.<lambda> at 0x0000027C3530F040> start_wid=None stop_wid=None post_wid=None skip_call=None call_count=0 args=() kwds={}
2021-10-08 18:09:44,522 root DEBUG testcase.py               723   pre_run                   : 6) class=<class 'ptsprojects.testcase.TestFunc'>, func=<function test_cases.<locals>.<lambda> at 0x0000027C3530F1F0> start_wid=None stop_wid=None post_wid=None skip_call=None call_count=0 args=() kwds={}
2021-10-08 18:09:44,522 root DEBUG testcase.py               723   pre_run                   : 7) class=<class 'ptsprojects.testcase.TestFunc'>, func=<function test_cases.<locals>.<lambda> at 0x0000027C3530F280> start_wid=None stop_wid=None post_wid=None skip_call=None call_count=0 args=() kwds={}
2021-10-08 18:09:44,522 root DEBUG testcase.py               723   pre_run                   : 8) class=<class 'ptsprojects.testcase.TestFunc'>, func=<function set_pts_addr at 0x0000027C338128B0> start_wid=None stop_wid=None post_wid=None skip_call=None call_count=0 args=('00:1B:DC:F2:1F:E4', 0) kwds={}
2021-10-08 18:09:44,522 root DEBUG testcase.py               723   pre_run                   : 9) class=<class 'ptsprojects.testcase.TestFunc'>, func=<function gap_set_io_cap at 0x0000027C33820430> start_wid=None stop_wid=None post_wid=None skip_call=None call_count=0 args=(0,) kwds={}
2021-10-08 18:09:44,522 root DEBUG testcase.py               723   pre_run                   : 10) class=<class 'ptsprojects.testcase.TestFuncCleanUp'>, func=<bound method Stack.cleanup of <ptsprojects.stack.Stack object at 0x0000027C35119820>> start_wid=None stop_wid=None post_wid=None skip_call=None call_count=0 args=() kwds={}
2021-10-08 18:09:44,522 root DEBUG testcase.py               723   pre_run                   : 11) class=<class 'ptsprojects.testcase.TestFuncCleanUp'>, func=<bound method ZephyrCtl.stop of <ptsprojects.zephyr.iutctl.ZephyrCtl object at 0x0000027C35119910>> start_wid=None stop_wid=None post_wid=None skip_call=None call_count=0 args=() kwds={}
2021-10-08 18:09:44,522 root DEBUG testcase.py               730   pre_run                   : post_run, run pre test case script
2021-10-08 18:09:44,524 root DEBUG testcase.py               246   start                     : Starting test function: class=<class 'ptsprojects.testcase.TestFunc'>, func=<bound method ZephyrCtl.start of <ptsprojects.zephyr.iutctl.ZephyrCtl object at 0x0000027C35119910>> start_wid=None stop_wid=None post_wid=None skip_call=None call_count=1 args=(<ptsprojects.zephyr.ztestcase.ZTestCase object at 0x0000027C3537BCD0>,) kwds={}
2021-10-08 18:09:44,525 root DEBUG testcase.py               258   start                     : Test function parameters: args=(<ptsprojects.zephyr.ztestcase.ZTestCase object at 0x0000027C3537BCD0>,), kwds={}
2021-10-08 18:09:44,525 root DEBUG iutctl.py                 92    start                     : <class 'ptsprojects.zephyr.iutctl.ZephyrCtl'>.start
2021-10-08 18:09:44,525 root DEBUG iutctl.py                 152   flush_serial              : <class 'ptsprojects.zephyr.iutctl.ZephyrCtl'>.flush_serial
2021-10-08 18:09:44,554 root DEBUG iutctl.py                 117   start                     : Starting socat process: socat.exe -x -v tcp:192.168.9.109:58199,retry=100,interval=1 /dev/ttyS2,raw,b115200
2021-10-08 18:09:44,557 root DEBUG iutctl_common.py          231   accept                    : accept
2021-10-08 18:09:44,570 root DEBUG testcase.py               246   start                     : Starting test function: class=<class 'ptsprojects.testcase.TestFunc'>, func=<bound method ZephyrCtl.wait_iut_ready_event of <ptsprojects.zephyr.iutctl.ZephyrCtl object at 0x0000027C35119910>> start_wid=None stop_wid=None post_wid=None skip_call=None call_count=1 args=() kwds={}
2021-10-08 18:09:44,570 root DEBUG testcase.py               258   start                     : Test function parameters: args=(), kwds={}
2021-10-08 18:09:44,570 root DEBUG iutctl.py                 186   reset                     : <class 'ptsprojects.zephyr.iutctl.ZephyrCtl'>.reset
2021-10-08 18:09:44,570 root DEBUG iutctl.py                 221   stop                      : <class 'ptsprojects.zephyr.iutctl.ZephyrCtl'>.stop
2021-10-08 18:09:45,575 root DEBUG iutctl.py                 92    start                     : <class 'ptsprojects.zephyr.iutctl.ZephyrCtl'>.start
2021-10-08 18:09:45,576 root DEBUG iutctl.py                 152   flush_serial              : <class 'ptsprojects.zephyr.iutctl.ZephyrCtl'>.flush_serial
2021-10-08 18:09:45,604 root DEBUG iutctl.py                 117   start                     : Starting socat process: socat.exe -x -v tcp:192.168.9.109:58201,retry=100,interval=1 /dev/ttyS2,raw,b115200
2021-10-08 18:09:45,607 root DEBUG iutctl_common.py          231   accept                    : accept
2021-10-08 18:09:45,620 root DEBUG iutctl.py                 152   flush_serial              : <class 'ptsprojects.zephyr.iutctl.ZephyrCtl'>.flush_serial
2021-10-08 18:09:45,620 root DEBUG iutctl.py                 295   reset                     : About to reset DUT: 'nrfjprog -f nrf52 -r -s 683357425'
2021-10-08 18:09:45,942 root DEBUG iutctl_common.py          174   read                      : read
2021-10-08 18:09:46,215 root DEBUG iutctl_common.py          98    read                      : Received: hdr: Header(svc_id=0, op=128, ctrl_index=255, data_len=0) bytearray(b'\x00\x80\xff\x00\x00')
2021-10-08 18:09:46,358 root DEBUG iutctl_common.py          111   read                      : Received data: "('',)", bytearray(b'')
2021-10-08 18:09:46,374 root DEBUG btp.py                    423   event_handler             : event_handler Header(svc_id=0, op=128, ctrl_index=255, data_len=0) (b'',)
2021-10-08 18:09:46,390 root ERROR btp.py                    455   event_handler             : Unhandled event! svc_id 0 op 128
2021-10-08 18:09:46,390 root DEBUG iutctl.py                 214   wait_iut_ready_event      : IUT ready event received OK
2021-10-08 18:09:46,390 root DEBUG testcase.py               246   start                     : Starting test function: class=<class 'ptsprojects.testcase.TestFunc'>, func=<function core_reg_svc_gap at 0x0000027C33812940> start_wid=None stop_wid=None post_wid=None skip_call=None call_count=1 args=() kwds={}
2021-10-08 18:09:46,390 root DEBUG testcase.py               258   start                     : Test function parameters: args=(), kwds={}
2021-10-08 18:09:46,390 root DEBUG btp.py                    258   core_reg_svc_gap          : core_reg_svc_gap
2021-10-08 18:09:46,390 root DEBUG iutctl_common.py          117   send                      : send, 0 3 255 '1'
2021-10-08 18:09:46,390 root DEBUG iutctl_common.py          120   send                      : btpclient command: send 0 3 255 '1'
2021-10-08 18:09:46,390 root DEBUG iutctl_common.py          125   send                      : sending frame b'\x00\x03\xff\x01\x00\x01'
2021-10-08 18:09:46,390 root DEBUG btp.py                    340   core_reg_svc_rsp_succ     : core_reg_svc_rsp_succ
2021-10-08 18:09:46,391 root DEBUG iutctl_common.py          174   read                      : read
2021-10-08 18:09:46,469 root DEBUG iutctl_common.py          98    read                      : Received: hdr: Header(svc_id=0, op=3, ctrl_index=255, data_len=0) bytearray(b'\x00\x03\xff\x00\x00')
2021-10-08 18:09:46,485 root DEBUG iutctl_common.py          111   read                      : Received data: "('',)", bytearray(b'')
2021-10-08 18:09:46,501 root DEBUG btp.py                    351   core_reg_svc_rsp_succ     : received Header(svc_id=0, op=3, ctrl_index=255, data_len=0) (b'',)
2021-10-08 18:09:46,501 root DEBUG btp.py                    352   core_reg_svc_rsp_succ     : expected ((0, 3, 255, 0), (b'',))
2021-10-08 18:09:46,501 root DEBUG btp.py                    357   core_reg_svc_rsp_succ     : response is valid
2021-10-08 18:09:46,501 root DEBUG testcase.py               246   start                     : Starting test function: class=<class 'ptsprojects.testcase.TestFunc'>, func=<bound method Stack.gap_init of <ptsprojects.stack.Stack object at 0x0000027C35119820>> start_wid=None stop_wid=None post_wid=None skip_call=None call_count=1 args=(b'Tester_F21FE4',) kwds={}
2021-10-08 18:09:46,502 root DEBUG testcase.py               258   start                     : Test function parameters: args=(b'Tester_F21FE4',), kwds={}
2021-10-08 18:09:46,502 root DEBUG testcase.py               246   start                     : Starting test function: class=<class 'ptsprojects.testcase.TestFunc'>, func=<function gap_read_ctrl_info at 0x0000027C33820DC0> start_wid=None stop_wid=None post_wid=None skip_call=None call_count=1 args=() kwds={}
2021-10-08 18:09:46,502 root DEBUG testcase.py               258   start                     : Test function parameters: args=(), kwds={}
2021-10-08 18:09:46,502 root DEBUG gap.py                    736   gap_read_ctrl_info        : gap_read_ctrl_info
2021-10-08 18:09:46,502 root DEBUG iutctl_common.py          117   send                      : send, 1 3 0 ''
2021-10-08 18:09:46,502 root DEBUG iutctl_common.py          120   send                      : btpclient command: send 1 3 0 ''
2021-10-08 18:09:46,502 root DEBUG iutctl_common.py          125   send                      : sending frame b'\x01\x03\x00\x00\x00'
2021-10-08 18:09:46,502 root DEBUG iutctl_common.py          174   read                      : read
2021-10-08 18:09:46,724 root DEBUG iutctl_common.py          98    read                      : Received: hdr: Header(svc_id=1, op=3, ctrl_index=0, data_len=277) bytearray(b'\x01\x03\x00\x15\x01')
2021-10-08 18:09:46,756 root DEBUG iutctl_common.py          111   read                      : Received data: "('6§ \xad\x80ü\x13\x06\x00\x00\x13\x82\x00\x00\x00\x00\x00btp_tester\x00\x00\x00\x00\x00\x00\x00\x00\x00\x00\x00\x00\x00\x00\x00\x00\x00\x00\x00\x00\x00\x00\x00\x00\x00\x00\x00\x00\x00\x00\x00\x00\x00\x00\x00\x00\x00\x00\x00\x00\x00\x00\x00\x00\x00\x00\x00\x00\x00\x00\x00\x00\x00\x00\x00\x00\x00\x00\x00\x00\x00\x00\x00\x00\x00\x00\x00\x00\x00\x00\x00\x00\x00\x00\x00\x00\x00\x00\x00\x00\x00\x00\x00\x00\x00\x00\x00\x00\x00\x00\x00\x00\x00\x00\x00\x00\x00\x00\x00\x00\x00\x00\x00\x00\x00\x00\x00\x00\x00\x00\x00\x00\x00\x00\x00\x00\x00\x00\x00\x00\x00\x00\x00\x00\x00\x00\x00\x00\x00\x00\x00\x00\x00\x00\x00\x00\x00\x00\x00\x00\x00\x00\x00\x00\x00\x00\x00\x00\x00\x00\x00\x00\x00\x00\x00\x00\x00\x00\x00\x00\x00\x00\x00\x00\x00\x00\x00\x00\x00\x00\x00\x00\x00\x00\x00\x00\x00\x00\x00\x00\x00\x00\x00\x00\x00\x00\x00\x00\x00\x00\x00\x00\x00\x00\x00\x00\x00\x00\x00\x00\x00\x00\x00\x00\x00\x00\x00\x00\x00\x00\x00\x00\x00\x00\x00\x00\x00\x00\x00\x00\x00\x00\x00\x00\x00\x00\x00\x00\x00\x00\x00\x00\x00\x00\x00\x00\x00\x00\x00\x00\x00\x00\x00\x00\x00\x00\x00\x00\x00\x00',)", bytearray(b'6\xa7 \xad\x80\xfc\x13\x06\x00\x00\x13\x82\x00\x00\x00\x00\x00btp_tester\x00\x00\x00\x00\x00\x00\x00\x00\x00\x00\x00\x00\x00\x00\x00\x00\x00\x00\x00\x00\x00\x00\x00\x00\x00\x00\x00\x00\x00\x00\x00\x00\x00\x00\x00\x00\x00\x00\x00\x00\x00\x00\x00\x00\x00\x00\x00\x00\x00\x00\x00\x00\x00\x00\x00\x00\x00\x00\x00\x00\x00\x00\x00\x00\x00\x00\x00\x00\x00\x00\x00\x00\x00\x00\x00\x00\x00\x00\x00\x00\x00\x00\x00\x00\x00\x00\x00\x00\x00\x00\x00\x00\x00\x00\x00\x00\x00\x00\x00\x00\x00\x00\x00\x00\x00\x00\x00\x00\x00\x00\x00\x00\x00\x00\x00\x00\x00\x00\x00\x00\x00\x00\x00\x00\x00\x00\x00\x00\x00\x00\x00\x00\x00\x00\x00\x00\x00\x00\x00\x00\x00\x00\x00\x00\x00\x00\x00\x00\x00\x00\x00\x00\x00\x00\x00\x00\x00\x00\x00\x00\x00\x00\x00\x00\x00\x00\x00\x00\x00\x00\x00\x00\x00\x00\x00\x00\x00\x00\x00\x00\x00\x00\x00\x00\x00\x00\x00\x00\x00\x00\x00\x00\x00\x00\x00\x00\x00\x00\x00\x00\x00\x00\x00\x00\x00\x00\x00\x00\x00\x00\x00\x00\x00\x00\x00\x00\x00\x00\x00\x00\x00\x00\x00\x00\x00\x00\x00\x00\x00\x00\x00\x00\x00\x00\x00\x00\x00\x00\x00\x00\x00\x00\x00\x00\x00\x00\x00\x00\x00\x00')
2021-10-08 18:09:46,756 root DEBUG gap.py                    743   gap_read_ctrl_info        : received Header(svc_id=1, op=3, ctrl_index=0, data_len=277) (b'6\xa7 \xad\x80\xfc\x13\x06\x00\x00\x13\x82\x00\x00\x00\x00\x00btp_tester\x00\x00\x00\x00\x00\x00\x00\x00\x00\x00\x00\x00\x00\x00\x00\x00\x00\x00\x00\x00\x00\x00\x00\x00\x00\x00\x00\x00\x00\x00\x00\x00\x00\x00\x00\x00\x00\x00\x00\x00\x00\x00\x00\x00\x00\x00\x00\x00\x00\x00\x00\x00\x00\x00\x00\x00\x00\x00\x00\x00\x00\x00\x00\x00\x00\x00\x00\x00\x00\x00\x00\x00\x00\x00\x00\x00\x00\x00\x00\x00\x00\x00\x00\x00\x00\x00\x00\x00\x00\x00\x00\x00\x00\x00\x00\x00\x00\x00\x00\x00\x00\x00\x00\x00\x00\x00\x00\x00\x00\x00\x00\x00\x00\x00\x00\x00\x00\x00\x00\x00\x00\x00\x00\x00\x00\x00\x00\x00\x00\x00\x00\x00\x00\x00\x00\x00\x00\x00\x00\x00\x00\x00\x00\x00\x00\x00\x00\x00\x00\x00\x00\x00\x00\x00\x00\x00\x00\x00\x00\x00\x00\x00\x00\x00\x00\x00\x00\x00\x00\x00\x00\x00\x00\x00\x00\x00\x00\x00\x00\x00\x00\x00\x00\x00\x00\x00\x00\x00\x00\x00\x00\x00\x00\x00\x00\x00\x00\x00\x00\x00\x00\x00\x00\x00\x00\x00\x00\x00\x00\x00\x00\x00\x00\x00\x00\x00\x00\x00\x00\x00\x00\x00\x00\x00\x00\x00\x00\x00\x00\x00\x00\x00\x00\x00\x00\x00\x00\x00\x00\x00\x00\x00\x00\x00\x00\x00\x00\x00\x00\x00',)
2021-10-08 18:09:46,756 root DEBUG gap.py                    764   gap_read_ctrl_info        : IUT address 'fc80ad20a736'
2021-10-08 18:09:46,756 root DEBUG gap.py                    250   __gap_current_settings_update : __gap_current_settings_update 33299
2021-10-08 18:09:46,756 root DEBUG testcase.py               246   start                     : Starting test function: class=<class 'ptsprojects.testcase.TestFunc'>, func=<function test_cases.<locals>.<lambda> at 0x0000027C3530F040> start_wid=None stop_wid=None post_wid=None skip_call=None call_count=1 args=() kwds={}
2021-10-08 18:09:46,756 root DEBUG testcase.py               258   start                     : Test function parameters: args=(), kwds={}
2021-10-08 18:09:46,758 root DEBUG testcase.py               246   start                     : Starting test function: class=<class 'ptsprojects.testcase.TestFunc'>, func=<function test_cases.<locals>.<lambda> at 0x0000027C3530F1F0> start_wid=None stop_wid=None post_wid=None skip_call=None call_count=1 args=() kwds={}
2021-10-08 18:09:46,758 root DEBUG testcase.py               258   start                     : Test function parameters: args=(), kwds={}
2021-10-08 18:09:46,759 root DEBUG testcase.py               246   start                     : Starting test function: class=<class 'ptsprojects.testcase.TestFunc'>, func=<function test_cases.<locals>.<lambda> at 0x0000027C3530F280> start_wid=None stop_wid=None post_wid=None skip_call=None call_count=1 args=() kwds={}
2021-10-08 18:09:46,759 root DEBUG testcase.py               258   start                     : Test function parameters: args=(), kwds={}
2021-10-08 18:09:46,760 root DEBUG testcase.py               246   start                     : Starting test function: class=<class 'ptsprojects.testcase.TestFunc'>, func=<function set_pts_addr at 0x0000027C338128B0> start_wid=None stop_wid=None post_wid=None skip_call=None call_count=1 args=('00:1B:DC:F2:1F:E4', 0) kwds={}
2021-10-08 18:09:46,760 root DEBUG testcase.py               258   start                     : Test function parameters: args=('00:1B:DC:F2:1F:E4', 0), kwds={}
2021-10-08 18:09:46,760 root DEBUG testcase.py               246   start                     : Starting test function: class=<class 'ptsprojects.testcase.TestFunc'>, func=<function gap_set_io_cap at 0x0000027C33820430> start_wid=None stop_wid=None post_wid=None skip_call=None call_count=1 args=(0,) kwds={}
2021-10-08 18:09:46,760 root DEBUG testcase.py               258   start                     : Test function parameters: args=(0,), kwds={}
2021-10-08 18:09:46,760 root DEBUG gap.py                    450   gap_set_io_cap            : gap_set_io_cap 0
2021-10-08 18:09:46,760 root DEBUG iutctl_common.py          117   send                      : send, 1 16 0 '\x00'
2021-10-08 18:09:46,760 root DEBUG iutctl_common.py          120   send                      : btpclient command: send 1 16 0 '\x00'
2021-10-08 18:09:46,760 root DEBUG iutctl_common.py          125   send                      : sending frame b'\x01\x10\x00\x01\x00\x00'
2021-10-08 18:09:46,760 root DEBUG gap.py                    770   gap_command_rsp_succ      : gap_command_rsp_succ
2021-10-08 18:09:46,760 root DEBUG iutctl_common.py          174   read                      : read
2021-10-08 18:09:46,820 root DEBUG iutctl_common.py          98    read                      : Received: hdr: Header(svc_id=1, op=16, ctrl_index=0, data_len=0) bytearray(b'\x01\x10\x00\x00\x00')
2021-10-08 18:09:46,852 root DEBUG iutctl_common.py          111   read                      : Received data: "('',)", bytearray(b'')
2021-10-08 18:09:46,900 root DEBUG gap.py                    775   gap_command_rsp_succ      : received Header(svc_id=1, op=16, ctrl_index=0, data_len=0) (b'',)
2021-10-08 18:09:46,900 root DEBUG autoptsclient_common.py   270   set_current_test_case     : CallbackThread.set_current_test_case SM/CEN/JW/BV-05-C
2021-10-08 18:09:54,991 ClientCallback.on_implicit_send INFO autoptsclient_common.py   169   on_implicit_send          : ********************
2021-10-08 18:09:54,991 ClientCallback.on_implicit_send INFO autoptsclient_common.py   170   on_implicit_send          : BEGIN OnImplicitSend:
2021-10-08 18:09:54,991 ClientCallback.on_implicit_send INFO autoptsclient_common.py   171   on_implicit_send          : project_name: SM
2021-10-08 18:09:54,992 ClientCallback.on_implicit_send INFO autoptsclient_common.py   172   on_implicit_send          : wid: 100
2021-10-08 18:09:54,992 ClientCallback.on_implicit_send INFO autoptsclient_common.py   173   on_implicit_send          : test_case_name: SM/CEN/JW/BV-05-C
2021-10-08 18:09:54,992 ClientCallback.on_implicit_send INFO autoptsclient_common.py   174   on_implicit_send          : description: Initiate an connection from the IUT to the PTS.
2021-10-08 18:09:54,992 ClientCallback.on_implicit_send INFO autoptsclient_common.py   175   on_implicit_send          : style: MMI_Style_Ok_Cancel2 0x11141
2021-10-08 18:09:54,992 ClientCallback.on_implicit_send INFO autoptsclient_common.py   181   on_implicit_send          : Calling test cases on_implicit_send
2021-10-08 18:09:54,992 root DEBUG testcase.py               675   on_implicit_send          : SM SM/CEN/JW/BV-05-C on_implicit_send
2021-10-08 18:09:54,992 root DEBUG testcase.py               619   join_post_wid_thread      : SM SM/CEN/JW/BV-05-C join_post_wid_thread
2021-10-08 18:09:54,992 root DEBUG testcase.py               621   join_post_wid_thread      : self.post_wid_thread None
2021-10-08 18:09:54,992 root DEBUG sm_wid.py                 27    sm_wid_hdl                : sm_wid_hdl, 100, 'Initiate an connection from the IUT to the PTS.', SM/CEN/JW/BV-05-C
2021-10-08 18:09:54,992 root DEBUG gap.py                    377   gap_conn                  : gap_conn None None
2021-10-08 18:09:54,992 root DEBUG iutctl_common.py          117   send                      : send, 1 14 0 "bytearray(b'\\x00\\xe4\\x1f\\xf2\\xdc\\x1b\\x00\\x00')"
2021-10-08 18:09:54,992 root DEBUG iutctl_common.py          120   send                      : btpclient command: send 1 14 0 "bytearray(b'\\x00\\xe4\\x1f\\xf2\\xdc\\x1b\\x00\\x00')"
2021-10-08 18:09:54,992 root DEBUG iutctl_common.py          125   send                      : sending frame b'\x01\x0e\x00\x08\x00\x00\xe4\x1f\xf2\xdc\x1b\x00\x00'
2021-10-08 18:09:54,992 root DEBUG gap.py                    770   gap_command_rsp_succ      : gap_command_rsp_succ
2021-10-08 18:09:54,992 root DEBUG iutctl_common.py          174   read                      : read
2021-10-08 18:09:55,086 root DEBUG iutctl_common.py          98    read                      : Received: hdr: Header(svc_id=1, op=14, ctrl_index=0, data_len=0) bytearray(b'\x01\x0e\x00\x00\x00')
2021-10-08 18:09:55,086 root DEBUG iutctl_common.py          111   read                      : Received data: "('',)", bytearray(b'')
2021-10-08 18:09:55,086 root DEBUG gap.py                    775   gap_command_rsp_succ      : received Header(svc_id=1, op=14, ctrl_index=0, data_len=0) (b'',)
2021-10-08 18:09:55,499 root DEBUG iutctl_common.py          98    read                      : Received: hdr: Header(svc_id=1, op=130, ctrl_index=0, data_len=13) bytearray(b'\x01\x82\x00\r\x00')
2021-10-08 18:09:55,546 root DEBUG iutctl_common.py          111   read                      : Received data: "('\x00ä\x1fòÜ\x1b\x00(\x00\x00\x00\x90\x01',)", bytearray(b'\x00\xe4\x1f\xf2\xdc\x1b\x00(\x00\x00\x00\x90\x01')
2021-10-08 18:09:55,562 root DEBUG btp.py                    423   event_handler             : event_handler Header(svc_id=1, op=130, ctrl_index=0, data_len=13) (b'\x00\xe4\x1f\xf2\xdc\x1b\x00(\x00\x00\x00\x90\x01',)
2021-10-08 18:09:55,578 root DEBUG gap.py                    128   gap_connected_ev_         : gap_connected_ev_ b'\x00\xe4\x1f\xf2\xdc\x1b\x00(\x00\x00\x00\x90\x01'
2021-10-08 18:09:55,578 root DEBUG testcase.py               713   on_implicit_send          : Sending response 'OK'
2021-10-08 18:09:55,578 ClientCallback.on_implicit_send INFO autoptsclient_common.py   186   on_implicit_send          : test case returned on_implicit_send, response: OK
2021-10-08 18:09:55,578 ClientCallback.on_implicit_send INFO autoptsclient_common.py   196   on_implicit_send          : END OnImplicitSend:
2021-10-08 18:09:55,578 ClientCallback.on_implicit_send INFO autoptsclient_common.py   197   on_implicit_send          : ********************
2021-10-08 18:09:55,580 ClientCallback.on_implicit_send INFO autoptsclient_common.py   169   on_implicit_send          : ********************
2021-10-08 18:09:55,580 ClientCallback.on_implicit_send INFO autoptsclient_common.py   170   on_implicit_send          : BEGIN OnImplicitSend:
2021-10-08 18:09:55,580 ClientCallback.on_implicit_send INFO autoptsclient_common.py   171   on_implicit_send          : project_name: SM
2021-10-08 18:09:55,580 ClientCallback.on_implicit_send INFO autoptsclient_common.py   172   on_implicit_send          : wid: 108
2021-10-08 18:09:55,580 ClientCallback.on_implicit_send INFO autoptsclient_common.py   173   on_implicit_send          : test_case_name: SM/CEN/JW/BV-05-C
2021-10-08 18:09:55,580 ClientCallback.on_implicit_send INFO autoptsclient_common.py   174   on_implicit_send          : description: Please start pairing process.
2021-10-08 18:09:55,580 ClientCallback.on_implicit_send INFO autoptsclient_common.py   175   on_implicit_send          : style: MMI_Style_Ok 0x11040
2021-10-08 18:09:55,580 ClientCallback.on_implicit_send INFO autoptsclient_common.py   181   on_implicit_send          : Calling test cases on_implicit_send
2021-10-08 18:09:55,580 root DEBUG testcase.py               675   on_implicit_send          : SM SM/CEN/JW/BV-05-C on_implicit_send
2021-10-08 18:09:55,580 root DEBUG testcase.py               619   join_post_wid_thread      : SM SM/CEN/JW/BV-05-C join_post_wid_thread
2021-10-08 18:09:55,580 root DEBUG testcase.py               621   join_post_wid_thread      : self.post_wid_thread None
2021-10-08 18:09:55,580 root DEBUG sm_wid.py                 27    sm_wid_hdl                : sm_wid_hdl, 108, 'Please start pairing process.', SM/CEN/JW/BV-05-C
2021-10-08 18:09:55,580 root DEBUG gap.py                    459   gap_pair                  : gap_pair None None
2021-10-08 18:09:55,580 root DEBUG iutctl_common.py          117   send                      : send, 1 17 0 "bytearray(b'\\x00\\xe4\\x1f\\xf2\\xdc\\x1b\\x00')"
2021-10-08 18:09:55,581 root DEBUG iutctl_common.py          120   send                      : btpclient command: send 1 17 0 "bytearray(b'\\x00\\xe4\\x1f\\xf2\\xdc\\x1b\\x00')"
2021-10-08 18:09:55,581 root DEBUG iutctl_common.py          125   send                      : sending frame b'\x01\x11\x00\x07\x00\x00\xe4\x1f\xf2\xdc\x1b\x00'
2021-10-08 18:09:55,581 root DEBUG gap.py                    770   gap_command_rsp_succ      : gap_command_rsp_succ
2021-10-08 18:09:55,581 root DEBUG iutctl_common.py          174   read                      : read
2021-10-08 18:09:55,658 root DEBUG iutctl_common.py          98    read                      : Received: hdr: Header(svc_id=1, op=17, ctrl_index=0, data_len=0) bytearray(b'\x01\x11\x00\x00\x00')
2021-10-08 18:09:55,674 root DEBUG iutctl_common.py          111   read                      : Received data: "('',)", bytearray(b'')
2021-10-08 18:09:55,706 root DEBUG gap.py                    775   gap_command_rsp_succ      : received Header(svc_id=1, op=17, ctrl_index=0, data_len=0) (b'',)
2021-10-08 18:09:55,706 root DEBUG testcase.py               713   on_implicit_send          : Sending response 'Ok'
2021-10-08 18:09:55,706 ClientCallback.on_implicit_send INFO autoptsclient_common.py   186   on_implicit_send          : test case returned on_implicit_send, response: Ok
2021-10-08 18:09:55,706 ClientCallback.on_implicit_send INFO autoptsclient_common.py   196   on_implicit_send          : END OnImplicitSend:
2021-10-08 18:09:55,706 ClientCallback.on_implicit_send INFO autoptsclient_common.py   197   on_implicit_send          : ********************
2021-10-08 18:09:55,707 ClientCallback.on_implicit_send INFO autoptsclient_common.py   169   on_implicit_send          : ********************
2021-10-08 18:09:55,708 ClientCallback.on_implicit_send INFO autoptsclient_common.py   170   on_implicit_send          : BEGIN OnImplicitSend:
2021-10-08 18:09:55,708 ClientCallback.on_implicit_send INFO autoptsclient_common.py   171   on_implicit_send          : project_name: SM
2021-10-08 18:09:55,708 ClientCallback.on_implicit_send INFO autoptsclient_common.py   172   on_implicit_send          : wid: 102
2021-10-08 18:09:55,708 ClientCallback.on_implicit_send INFO autoptsclient_common.py   173   on_implicit_send          : test_case_name: SM/CEN/JW/BV-05-C
2021-10-08 18:09:55,708 ClientCallback.on_implicit_send INFO autoptsclient_common.py   174   on_implicit_send          : description: Please initiate a disconnection to the PTS.

Description: Verify that the Implementation Under Test(IUT) can initiate a disconnect request to PTS.
2021-10-08 18:09:55,708 ClientCallback.on_implicit_send INFO autoptsclient_common.py   175   on_implicit_send          : style: MMI_Style_Ok_Cancel2 0x11141
2021-10-08 18:09:55,708 ClientCallback.on_implicit_send INFO autoptsclient_common.py   181   on_implicit_send          : Calling test cases on_implicit_send
2021-10-08 18:09:55,708 root DEBUG testcase.py               675   on_implicit_send          : SM SM/CEN/JW/BV-05-C on_implicit_send
2021-10-08 18:09:55,708 root DEBUG testcase.py               619   join_post_wid_thread      : SM SM/CEN/JW/BV-05-C join_post_wid_thread
2021-10-08 18:09:55,708 root DEBUG testcase.py               621   join_post_wid_thread      : self.post_wid_thread None
2021-10-08 18:09:55,708 root DEBUG sm_wid.py                 27    sm_wid_hdl                : sm_wid_hdl, 102, 'Please initiate a disconnection to the PTS.\n\nDescription: Verify that the Implementation Under Test(IUT) can initiate a disconnect request to PTS.', SM/CEN/JW/BV-05-C
2021-10-08 18:09:55,708 root DEBUG gap.py                    419   gap_disconn               : gap_disconn None None
2021-10-08 18:09:55,708 root DEBUG iutctl_common.py          117   send                      : send, 1 15 0 "bytearray(b'\\x00\\xe4\\x1f\\xf2\\xdc\\x1b\\x00')"
2021-10-08 18:09:55,708 root DEBUG iutctl_common.py          120   send                      : btpclient command: send 1 15 0 "bytearray(b'\\x00\\xe4\\x1f\\xf2\\xdc\\x1b\\x00')"
2021-10-08 18:09:55,708 root DEBUG iutctl_common.py          125   send                      : sending frame b'\x01\x0f\x00\x07\x00\x00\xe4\x1f\xf2\xdc\x1b\x00'
2021-10-08 18:09:55,708 root DEBUG gap.py                    770   gap_command_rsp_succ      : gap_command_rsp_succ
2021-10-08 18:09:55,709 root DEBUG iutctl_common.py          174   read                      : read
2021-10-08 18:09:55,785 root DEBUG iutctl_common.py          98    read                      : Received: hdr: Header(svc_id=1, op=15, ctrl_index=0, data_len=0) bytearray(b'\x01\x0f\x00\x00\x00')
2021-10-08 18:09:55,801 root DEBUG iutctl_common.py          111   read                      : Received data: "('',)", bytearray(b'')
2021-10-08 18:09:55,849 root DEBUG iutctl_common.py          98    read                      : Received: hdr: Header(svc_id=1, op=131, ctrl_index=0, data_len=7) bytearray(b'\x01\x83\x00\x07\x00')
2021-10-08 18:09:55,849 root DEBUG gap.py                    775   gap_command_rsp_succ      : received Header(svc_id=1, op=15, ctrl_index=0, data_len=0) (b'',)
2021-10-08 18:09:55,849 root DEBUG iutctl_common.py          111   read                      : Received data: "('\x00ä\x1fòÜ\x1b\x00',)", bytearray(b'\x00\xe4\x1f\xf2\xdc\x1b\x00')
2021-10-08 18:09:55,849 root DEBUG btp.py                    423   event_handler             : event_handler Header(svc_id=1, op=131, ctrl_index=0, data_len=7) (b'\x00\xe4\x1f\xf2\xdc\x1b\x00',)
2021-10-08 18:09:55,849 root DEBUG gap.py                    142   gap_disconnected_ev_      : gap_disconnected_ev_ b'\x00\xe4\x1f\xf2\xdc\x1b\x00'
2021-10-08 18:09:55,865 root DEBUG testcase.py               713   on_implicit_send          : Sending response 'OK'
2021-10-08 18:09:55,865 ClientCallback.on_implicit_send INFO autoptsclient_common.py   186   on_implicit_send          : test case returned on_implicit_send, response: OK
2021-10-08 18:09:55,865 ClientCallback.on_implicit_send INFO autoptsclient_common.py   196   on_implicit_send          : END OnImplicitSend:
2021-10-08 18:09:55,865 ClientCallback.on_implicit_send INFO autoptsclient_common.py   197   on_implicit_send          : ********************
2021-10-08 18:09:55,866 ClientCallback.on_implicit_send INFO autoptsclient_common.py   169   on_implicit_send          : ********************
2021-10-08 18:09:55,866 ClientCallback.on_implicit_send INFO autoptsclient_common.py   170   on_implicit_send          : BEGIN OnImplicitSend:
2021-10-08 18:09:55,866 ClientCallback.on_implicit_send INFO autoptsclient_common.py   171   on_implicit_send          : project_name: SM
2021-10-08 18:09:55,866 ClientCallback.on_implicit_send INFO autoptsclient_common.py   172   on_implicit_send          : wid: 100
2021-10-08 18:09:55,867 ClientCallback.on_implicit_send INFO autoptsclient_common.py   173   on_implicit_send          : test_case_name: SM/CEN/JW/BV-05-C
2021-10-08 18:09:55,867 ClientCallback.on_implicit_send INFO autoptsclient_common.py   174   on_implicit_send          : description: Initiate an connection from the IUT to the PTS.
2021-10-08 18:09:55,867 ClientCallback.on_implicit_send INFO autoptsclient_common.py   175   on_implicit_send          : style: MMI_Style_Ok_Cancel2 0x11141
2021-10-08 18:09:55,867 ClientCallback.on_implicit_send INFO autoptsclient_common.py   181   on_implicit_send          : Calling test cases on_implicit_send
2021-10-08 18:09:55,867 root DEBUG testcase.py               675   on_implicit_send          : SM SM/CEN/JW/BV-05-C on_implicit_send
2021-10-08 18:09:55,867 root DEBUG testcase.py               619   join_post_wid_thread      : SM SM/CEN/JW/BV-05-C join_post_wid_thread
2021-10-08 18:09:55,867 root DEBUG testcase.py               621   join_post_wid_thread      : self.post_wid_thread None
2021-10-08 18:09:55,867 root DEBUG sm_wid.py                 27    sm_wid_hdl                : sm_wid_hdl, 100, 'Initiate an connection from the IUT to the PTS.', SM/CEN/JW/BV-05-C
2021-10-08 18:09:55,867 root DEBUG gap.py                    377   gap_conn                  : gap_conn None None
2021-10-08 18:09:55,867 root DEBUG iutctl_common.py          117   send                      : send, 1 14 0 "bytearray(b'\\x00\\xe4\\x1f\\xf2\\xdc\\x1b\\x00\\x00')"
2021-10-08 18:09:55,867 root DEBUG iutctl_common.py          120   send                      : btpclient command: send 1 14 0 "bytearray(b'\\x00\\xe4\\x1f\\xf2\\xdc\\x1b\\x00\\x00')"
2021-10-08 18:09:55,867 root DEBUG iutctl_common.py          125   send                      : sending frame b'\x01\x0e\x00\x08\x00\x00\xe4\x1f\xf2\xdc\x1b\x00\x00'
2021-10-08 18:09:55,867 root DEBUG gap.py                    770   gap_command_rsp_succ      : gap_command_rsp_succ
2021-10-08 18:09:55,867 root DEBUG iutctl_common.py          174   read                      : read
2021-10-08 18:09:55,911 root DEBUG iutctl_common.py          98    read                      : Received: hdr: Header(svc_id=1, op=14, ctrl_index=0, data_len=0) bytearray(b'\x01\x0e\x00\x00\x00')
2021-10-08 18:09:55,943 root DEBUG iutctl_common.py          111   read                      : Received data: "('',)", bytearray(b'')
2021-10-08 18:09:55,959 root DEBUG gap.py                    775   gap_command_rsp_succ      : received Header(svc_id=1, op=14, ctrl_index=0, data_len=0) (b'',)
2021-10-08 18:09:56,292 root DEBUG iutctl_common.py          98    read                      : Received: hdr: Header(svc_id=1, op=130, ctrl_index=0, data_len=13) bytearray(b'\x01\x82\x00\r\x00')
2021-10-08 18:09:56,308 root DEBUG iutctl_common.py          111   read                      : Received data: "('\x00ä\x1fòÜ\x1b\x00(\x00\x00\x00\x90\x01',)", bytearray(b'\x00\xe4\x1f\xf2\xdc\x1b\x00(\x00\x00\x00\x90\x01')
2021-10-08 18:09:56,308 root DEBUG btp.py                    423   event_handler             : event_handler Header(svc_id=1, op=130, ctrl_index=0, data_len=13) (b'\x00\xe4\x1f\xf2\xdc\x1b\x00(\x00\x00\x00\x90\x01',)
2021-10-08 18:09:56,308 root DEBUG gap.py                    128   gap_connected_ev_         : gap_connected_ev_ b'\x00\xe4\x1f\xf2\xdc\x1b\x00(\x00\x00\x00\x90\x01'
2021-10-08 18:09:56,308 root DEBUG testcase.py               713   on_implicit_send          : Sending response 'OK'
2021-10-08 18:09:56,308 ClientCallback.on_implicit_send INFO autoptsclient_common.py   186   on_implicit_send          : test case returned on_implicit_send, response: OK
2021-10-08 18:09:56,308 ClientCallback.on_implicit_send INFO autoptsclient_common.py   196   on_implicit_send          : END OnImplicitSend:
2021-10-08 18:09:56,308 ClientCallback.on_implicit_send INFO autoptsclient_common.py   197   on_implicit_send          : ********************
2021-10-08 18:09:56,310 ClientCallback.on_implicit_send INFO autoptsclient_common.py   169   on_implicit_send          : ********************
2021-10-08 18:09:56,310 ClientCallback.on_implicit_send INFO autoptsclient_common.py   170   on_implicit_send          : BEGIN OnImplicitSend:
2021-10-08 18:09:56,310 ClientCallback.on_implicit_send INFO autoptsclient_common.py   171   on_implicit_send          : project_name: SM
2021-10-08 18:09:56,310 ClientCallback.on_implicit_send INFO autoptsclient_common.py   172   on_implicit_send          : wid: 108
2021-10-08 18:09:56,311 ClientCallback.on_implicit_send INFO autoptsclient_common.py   173   on_implicit_send          : test_case_name: SM/CEN/JW/BV-05-C
2021-10-08 18:09:56,311 ClientCallback.on_implicit_send INFO autoptsclient_common.py   174   on_implicit_send          : description: Please start pairing process.
2021-10-08 18:09:56,311 ClientCallback.on_implicit_send INFO autoptsclient_common.py   175   on_implicit_send          : style: MMI_Style_Ok 0x11040
2021-10-08 18:09:56,311 ClientCallback.on_implicit_send INFO autoptsclient_common.py   181   on_implicit_send          : Calling test cases on_implicit_send
2021-10-08 18:09:56,311 root DEBUG testcase.py               675   on_implicit_send          : SM SM/CEN/JW/BV-05-C on_implicit_send
2021-10-08 18:09:56,311 root DEBUG testcase.py               619   join_post_wid_thread      : SM SM/CEN/JW/BV-05-C join_post_wid_thread
2021-10-08 18:09:56,311 root DEBUG testcase.py               621   join_post_wid_thread      : self.post_wid_thread None
2021-10-08 18:09:56,311 root DEBUG sm_wid.py                 27    sm_wid_hdl                : sm_wid_hdl, 108, 'Please start pairing process.', SM/CEN/JW/BV-05-C
2021-10-08 18:09:56,311 root DEBUG gap.py                    459   gap_pair                  : gap_pair None None
2021-10-08 18:09:56,311 root DEBUG iutctl_common.py          117   send                      : send, 1 17 0 "bytearray(b'\\x00\\xe4\\x1f\\xf2\\xdc\\x1b\\x00')"
2021-10-08 18:09:56,311 root DEBUG iutctl_common.py          120   send                      : btpclient command: send 1 17 0 "bytearray(b'\\x00\\xe4\\x1f\\xf2\\xdc\\x1b\\x00')"
2021-10-08 18:09:56,311 root DEBUG iutctl_common.py          125   send                      : sending frame b'\x01\x11\x00\x07\x00\x00\xe4\x1f\xf2\xdc\x1b\x00'
2021-10-08 18:09:56,311 root DEBUG gap.py                    770   gap_command_rsp_succ      : gap_command_rsp_succ
2021-10-08 18:09:56,311 root DEBUG iutctl_common.py          174   read                      : read
2021-10-08 18:09:56,371 root DEBUG iutctl_common.py          98    read                      : Received: hdr: Header(svc_id=1, op=17, ctrl_index=0, data_len=0) bytearray(b'\x01\x11\x00\x00\x00')
2021-10-08 18:09:56,387 root DEBUG iutctl_common.py          111   read                      : Received data: "('',)", bytearray(b'')
2021-10-08 18:09:56,418 root DEBUG gap.py                    775   gap_command_rsp_succ      : received Header(svc_id=1, op=17, ctrl_index=0, data_len=0) (b'',)
2021-10-08 18:09:56,418 root DEBUG testcase.py               713   on_implicit_send          : Sending response 'Ok'
2021-10-08 18:09:56,418 ClientCallback.on_implicit_send INFO autoptsclient_common.py   186   on_implicit_send          : test case returned on_implicit_send, response: Ok
2021-10-08 18:09:56,418 ClientCallback.on_implicit_send INFO autoptsclient_common.py   196   on_implicit_send          : END OnImplicitSend:
2021-10-08 18:09:56,418 ClientCallback.on_implicit_send INFO autoptsclient_common.py   197   on_implicit_send          : ********************
2021-10-08 18:09:56,419 ClientCallback.on_implicit_send INFO autoptsclient_common.py   169   on_implicit_send          : ********************
2021-10-08 18:09:56,420 ClientCallback.on_implicit_send INFO autoptsclient_common.py   170   on_implicit_send          : BEGIN OnImplicitSend:
2021-10-08 18:09:56,420 ClientCallback.on_implicit_send INFO autoptsclient_common.py   171   on_implicit_send          : project_name: SM
2021-10-08 18:09:56,420 ClientCallback.on_implicit_send INFO autoptsclient_common.py   172   on_implicit_send          : wid: 102
2021-10-08 18:09:56,420 ClientCallback.on_implicit_send INFO autoptsclient_common.py   173   on_implicit_send          : test_case_name: SM/CEN/JW/BV-05-C
2021-10-08 18:09:56,420 ClientCallback.on_implicit_send INFO autoptsclient_common.py   174   on_implicit_send          : description: Please initiate a disconnection to the PTS.

Description: Verify that the Implementation Under Test(IUT) can initiate a disconnect request to PTS.
2021-10-08 18:09:56,420 ClientCallback.on_implicit_send INFO autoptsclient_common.py   175   on_implicit_send          : style: MMI_Style_Ok_Cancel2 0x11141
2021-10-08 18:09:56,420 ClientCallback.on_implicit_send INFO autoptsclient_common.py   181   on_implicit_send          : Calling test cases on_implicit_send
2021-10-08 18:09:56,420 root DEBUG testcase.py               675   on_implicit_send          : SM SM/CEN/JW/BV-05-C on_implicit_send
2021-10-08 18:09:56,420 root DEBUG testcase.py               619   join_post_wid_thread      : SM SM/CEN/JW/BV-05-C join_post_wid_thread
2021-10-08 18:09:56,420 root DEBUG testcase.py               621   join_post_wid_thread      : self.post_wid_thread None
2021-10-08 18:09:56,420 root DEBUG sm_wid.py                 27    sm_wid_hdl                : sm_wid_hdl, 102, 'Please initiate a disconnection to the PTS.\n\nDescription: Verify that the Implementation Under Test(IUT) can initiate a disconnect request to PTS.', SM/CEN/JW/BV-05-C
2021-10-08 18:09:56,420 root DEBUG gap.py                    419   gap_disconn               : gap_disconn None None
2021-10-08 18:09:56,420 root DEBUG iutctl_common.py          117   send                      : send, 1 15 0 "bytearray(b'\\x00\\xe4\\x1f\\xf2\\xdc\\x1b\\x00')"
2021-10-08 18:09:56,420 root DEBUG iutctl_common.py          120   send                      : btpclient command: send 1 15 0 "bytearray(b'\\x00\\xe4\\x1f\\xf2\\xdc\\x1b\\x00')"
2021-10-08 18:09:56,420 root DEBUG iutctl_common.py          125   send                      : sending frame b'\x01\x0f\x00\x07\x00\x00\xe4\x1f\xf2\xdc\x1b\x00'
2021-10-08 18:09:56,421 root DEBUG gap.py                    770   gap_command_rsp_succ      : gap_command_rsp_succ
2021-10-08 18:09:56,421 root DEBUG iutctl_common.py          174   read                      : read
2021-10-08 18:09:56,482 root DEBUG iutctl_common.py          98    read                      : Received: hdr: Header(svc_id=1, op=15, ctrl_index=0, data_len=0) bytearray(b'\x01\x0f\x00\x00\x00')
2021-10-08 18:09:56,513 root DEBUG iutctl_common.py          111   read                      : Received data: "('',)", bytearray(b'')
2021-10-08 18:09:56,529 root DEBUG iutctl_common.py          98    read                      : Received: hdr: Header(svc_id=1, op=131, ctrl_index=0, data_len=7) bytearray(b'\x01\x83\x00\x07\x00')
2021-10-08 18:09:56,529 root DEBUG gap.py                    775   gap_command_rsp_succ      : received Header(svc_id=1, op=15, ctrl_index=0, data_len=0) (b'',)
2021-10-08 18:09:56,529 root DEBUG iutctl_common.py          111   read                      : Received data: "('\x00ä\x1fòÜ\x1b\x00',)", bytearray(b'\x00\xe4\x1f\xf2\xdc\x1b\x00')
2021-10-08 18:09:56,529 root DEBUG btp.py                    423   event_handler             : event_handler Header(svc_id=1, op=131, ctrl_index=0, data_len=7) (b'\x00\xe4\x1f\xf2\xdc\x1b\x00',)
2021-10-08 18:09:56,529 root DEBUG gap.py                    142   gap_disconnected_ev_      : gap_disconnected_ev_ b'\x00\xe4\x1f\xf2\xdc\x1b\x00'
2021-10-08 18:09:56,530 root DEBUG testcase.py               713   on_implicit_send          : Sending response 'OK'
2021-10-08 18:09:56,530 ClientCallback.on_implicit_send INFO autoptsclient_common.py   186   on_implicit_send          : test case returned on_implicit_send, response: OK
2021-10-08 18:09:56,530 ClientCallback.on_implicit_send INFO autoptsclient_common.py   196   on_implicit_send          : END OnImplicitSend:
2021-10-08 18:09:56,530 ClientCallback.on_implicit_send INFO autoptsclient_common.py   197   on_implicit_send          : ********************
2021-10-08 18:09:56,532 ClientCallback.on_implicit_send INFO autoptsclient_common.py   169   on_implicit_send          : ********************
2021-10-08 18:09:56,532 ClientCallback.on_implicit_send INFO autoptsclient_common.py   170   on_implicit_send          : BEGIN OnImplicitSend:
2021-10-08 18:09:56,532 ClientCallback.on_implicit_send INFO autoptsclient_common.py   171   on_implicit_send          : project_name: SM
2021-10-08 18:09:56,532 ClientCallback.on_implicit_send INFO autoptsclient_common.py   172   on_implicit_send          : wid: 100
2021-10-08 18:09:56,532 ClientCallback.on_implicit_send INFO autoptsclient_common.py   173   on_implicit_send          : test_case_name: SM/CEN/JW/BV-05-C
2021-10-08 18:09:56,532 ClientCallback.on_implicit_send INFO autoptsclient_common.py   174   on_implicit_send          : description: Initiate an connection from the IUT to the PTS.
2021-10-08 18:09:56,532 ClientCallback.on_implicit_send INFO autoptsclient_common.py   175   on_implicit_send          : style: MMI_Style_Ok_Cancel2 0x11141
2021-10-08 18:09:56,532 ClientCallback.on_implicit_send INFO autoptsclient_common.py   181   on_implicit_send          : Calling test cases on_implicit_send
2021-10-08 18:09:56,532 root DEBUG testcase.py               675   on_implicit_send          : SM SM/CEN/JW/BV-05-C on_implicit_send
2021-10-08 18:09:56,532 root DEBUG testcase.py               619   join_post_wid_thread      : SM SM/CEN/JW/BV-05-C join_post_wid_thread
2021-10-08 18:09:56,532 root DEBUG testcase.py               621   join_post_wid_thread      : self.post_wid_thread None
2021-10-08 18:09:56,532 root DEBUG sm_wid.py                 27    sm_wid_hdl                : sm_wid_hdl, 100, 'Initiate an connection from the IUT to the PTS.', SM/CEN/JW/BV-05-C
2021-10-08 18:09:56,532 root DEBUG gap.py                    377   gap_conn                  : gap_conn None None
2021-10-08 18:09:56,532 root DEBUG iutctl_common.py          117   send                      : send, 1 14 0 "bytearray(b'\\x00\\xe4\\x1f\\xf2\\xdc\\x1b\\x00\\x00')"
2021-10-08 18:09:56,532 root DEBUG iutctl_common.py          120   send                      : btpclient command: send 1 14 0 "bytearray(b'\\x00\\xe4\\x1f\\xf2\\xdc\\x1b\\x00\\x00')"
2021-10-08 18:09:56,532 root DEBUG iutctl_common.py          125   send                      : sending frame b'\x01\x0e\x00\x08\x00\x00\xe4\x1f\xf2\xdc\x1b\x00\x00'
2021-10-08 18:09:56,532 root DEBUG gap.py                    770   gap_command_rsp_succ      : gap_command_rsp_succ
2021-10-08 18:09:56,533 root DEBUG iutctl_common.py          174   read                      : read
2021-10-08 18:09:56,592 root DEBUG iutctl_common.py          98    read                      : Received: hdr: Header(svc_id=1, op=14, ctrl_index=0, data_len=0) bytearray(b'\x01\x0e\x00\x00\x00')
2021-10-08 18:09:56,608 root DEBUG iutctl_common.py          111   read                      : Received data: "('',)", bytearray(b'')
2021-10-08 18:09:56,624 root DEBUG gap.py                    775   gap_command_rsp_succ      : received Header(svc_id=1, op=14, ctrl_index=0, data_len=0) (b'',)
2021-10-08 18:09:56,990 root DEBUG iutctl_common.py          98    read                      : Received: hdr: Header(svc_id=1, op=130, ctrl_index=0, data_len=13) bytearray(b'\x01\x82\x00\r\x00')
2021-10-08 18:09:57,006 root DEBUG iutctl_common.py          111   read                      : Received data: "('\x00ä\x1fòÜ\x1b\x00(\x00\x00\x00\x90\x01',)", bytearray(b'\x00\xe4\x1f\xf2\xdc\x1b\x00(\x00\x00\x00\x90\x01')
2021-10-08 18:09:57,006 root DEBUG btp.py                    423   event_handler             : event_handler Header(svc_id=1, op=130, ctrl_index=0, data_len=13) (b'\x00\xe4\x1f\xf2\xdc\x1b\x00(\x00\x00\x00\x90\x01',)
2021-10-08 18:09:57,006 root DEBUG gap.py                    128   gap_connected_ev_         : gap_connected_ev_ b'\x00\xe4\x1f\xf2\xdc\x1b\x00(\x00\x00\x00\x90\x01'
2021-10-08 18:09:57,022 root DEBUG testcase.py               713   on_implicit_send          : Sending response 'OK'
2021-10-08 18:09:57,022 ClientCallback.on_implicit_send INFO autoptsclient_common.py   186   on_implicit_send          : test case returned on_implicit_send, response: OK
2021-10-08 18:09:57,022 ClientCallback.on_implicit_send INFO autoptsclient_common.py   196   on_implicit_send          : END OnImplicitSend:
2021-10-08 18:09:57,022 ClientCallback.on_implicit_send INFO autoptsclient_common.py   197   on_implicit_send          : ********************
2021-10-08 18:09:57,024 ClientCallback.on_implicit_send INFO autoptsclient_common.py   169   on_implicit_send          : ********************
2021-10-08 18:09:57,024 ClientCallback.on_implicit_send INFO autoptsclient_common.py   170   on_implicit_send          : BEGIN OnImplicitSend:
2021-10-08 18:09:57,024 ClientCallback.on_implicit_send INFO autoptsclient_common.py   171   on_implicit_send          : project_name: SM
2021-10-08 18:09:57,024 ClientCallback.on_implicit_send INFO autoptsclient_common.py   172   on_implicit_send          : wid: 108
2021-10-08 18:09:57,024 ClientCallback.on_implicit_send INFO autoptsclient_common.py   173   on_implicit_send          : test_case_name: SM/CEN/JW/BV-05-C
2021-10-08 18:09:57,024 ClientCallback.on_implicit_send INFO autoptsclient_common.py   174   on_implicit_send          : description: Please start pairing process.
2021-10-08 18:09:57,024 ClientCallback.on_implicit_send INFO autoptsclient_common.py   175   on_implicit_send          : style: MMI_Style_Ok 0x11040
2021-10-08 18:09:57,024 ClientCallback.on_implicit_send INFO autoptsclient_common.py   181   on_implicit_send          : Calling test cases on_implicit_send
2021-10-08 18:09:57,024 root DEBUG testcase.py               675   on_implicit_send          : SM SM/CEN/JW/BV-05-C on_implicit_send
2021-10-08 18:09:57,024 root DEBUG testcase.py               619   join_post_wid_thread      : SM SM/CEN/JW/BV-05-C join_post_wid_thread
2021-10-08 18:09:57,024 root DEBUG testcase.py               621   join_post_wid_thread      : self.post_wid_thread None
2021-10-08 18:09:57,024 root DEBUG sm_wid.py                 27    sm_wid_hdl                : sm_wid_hdl, 108, 'Please start pairing process.', SM/CEN/JW/BV-05-C
2021-10-08 18:09:57,024 root DEBUG gap.py                    459   gap_pair                  : gap_pair None None
2021-10-08 18:09:57,025 root DEBUG iutctl_common.py          117   send                      : send, 1 17 0 "bytearray(b'\\x00\\xe4\\x1f\\xf2\\xdc\\x1b\\x00')"
2021-10-08 18:09:57,025 root DEBUG iutctl_common.py          120   send                      : btpclient command: send 1 17 0 "bytearray(b'\\x00\\xe4\\x1f\\xf2\\xdc\\x1b\\x00')"
2021-10-08 18:09:57,025 root DEBUG iutctl_common.py          125   send                      : sending frame b'\x01\x11\x00\x07\x00\x00\xe4\x1f\xf2\xdc\x1b\x00'
2021-10-08 18:09:57,025 root DEBUG gap.py                    770   gap_command_rsp_succ      : gap_command_rsp_succ
2021-10-08 18:09:57,025 root DEBUG iutctl_common.py          174   read                      : read
2021-10-08 18:09:57,069 root DEBUG iutctl_common.py          98    read                      : Received: hdr: Header(svc_id=1, op=17, ctrl_index=0, data_len=0) bytearray(b'\x01\x11\x00\x00\x00')
2021-10-08 18:09:57,069 root DEBUG iutctl_common.py          111   read                      : Received data: "('',)", bytearray(b'')
2021-10-08 18:09:57,069 root DEBUG gap.py                    775   gap_command_rsp_succ      : received Header(svc_id=1, op=17, ctrl_index=0, data_len=0) (b'',)
2021-10-08 18:09:57,069 root DEBUG testcase.py               713   on_implicit_send          : Sending response 'Ok'
2021-10-08 18:09:57,069 ClientCallback.on_implicit_send INFO autoptsclient_common.py   186   on_implicit_send          : test case returned on_implicit_send, response: Ok
2021-10-08 18:09:57,069 ClientCallback.on_implicit_send INFO autoptsclient_common.py   196   on_implicit_send          : END OnImplicitSend:
2021-10-08 18:09:57,070 ClientCallback.on_implicit_send INFO autoptsclient_common.py   197   on_implicit_send          : ********************
2021-10-08 18:09:57,071 ClientCallback.on_implicit_send INFO autoptsclient_common.py   169   on_implicit_send          : ********************
2021-10-08 18:09:57,071 ClientCallback.on_implicit_send INFO autoptsclient_common.py   170   on_implicit_send          : BEGIN OnImplicitSend:
2021-10-08 18:09:57,071 ClientCallback.on_implicit_send INFO autoptsclient_common.py   171   on_implicit_send          : project_name: SM
2021-10-08 18:09:57,071 ClientCallback.on_implicit_send INFO autoptsclient_common.py   172   on_implicit_send          : wid: 102
2021-10-08 18:09:57,071 ClientCallback.on_implicit_send INFO autoptsclient_common.py   173   on_implicit_send          : test_case_name: SM/CEN/JW/BV-05-C
2021-10-08 18:09:57,071 ClientCallback.on_implicit_send INFO autoptsclient_common.py   174   on_implicit_send          : description: Please initiate a disconnection to the PTS.

Description: Verify that the Implementation Under Test(IUT) can initiate a disconnect request to PTS.
2021-10-08 18:09:57,072 ClientCallback.on_implicit_send INFO autoptsclient_common.py   175   on_implicit_send          : style: MMI_Style_Ok_Cancel2 0x11141
2021-10-08 18:09:57,072 ClientCallback.on_implicit_send INFO autoptsclient_common.py   181   on_implicit_send          : Calling test cases on_implicit_send
2021-10-08 18:09:57,072 root DEBUG testcase.py               675   on_implicit_send          : SM SM/CEN/JW/BV-05-C on_implicit_send
2021-10-08 18:09:57,072 root DEBUG testcase.py               619   join_post_wid_thread      : SM SM/CEN/JW/BV-05-C join_post_wid_thread
2021-10-08 18:09:57,072 root DEBUG testcase.py               621   join_post_wid_thread      : self.post_wid_thread None
2021-10-08 18:09:57,072 root DEBUG sm_wid.py                 27    sm_wid_hdl                : sm_wid_hdl, 102, 'Please initiate a disconnection to the PTS.\n\nDescription: Verify that the Implementation Under Test(IUT) can initiate a disconnect request to PTS.', SM/CEN/JW/BV-05-C
2021-10-08 18:09:57,072 root DEBUG gap.py                    419   gap_disconn               : gap_disconn None None
2021-10-08 18:09:57,072 root DEBUG iutctl_common.py          117   send                      : send, 1 15 0 "bytearray(b'\\x00\\xe4\\x1f\\xf2\\xdc\\x1b\\x00')"
2021-10-08 18:09:57,072 root DEBUG iutctl_common.py          120   send                      : btpclient command: send 1 15 0 "bytearray(b'\\x00\\xe4\\x1f\\xf2\\xdc\\x1b\\x00')"
2021-10-08 18:09:57,072 root DEBUG iutctl_common.py          125   send                      : sending frame b'\x01\x0f\x00\x07\x00\x00\xe4\x1f\xf2\xdc\x1b\x00'
2021-10-08 18:09:57,072 root DEBUG gap.py                    770   gap_command_rsp_succ      : gap_command_rsp_succ
2021-10-08 18:09:57,072 root DEBUG iutctl_common.py          174   read                      : read
2021-10-08 18:09:57,133 root DEBUG iutctl_common.py          98    read                      : Received: hdr: Header(svc_id=1, op=15, ctrl_index=0, data_len=0) bytearray(b'\x01\x0f\x00\x00\x00')
2021-10-08 18:09:57,149 root DEBUG iutctl_common.py          111   read                      : Received data: "('',)", bytearray(b'')
2021-10-08 18:09:57,165 root DEBUG gap.py                    775   gap_command_rsp_succ      : received Header(svc_id=1, op=15, ctrl_index=0, data_len=0) (b'',)
2021-10-08 18:09:57,165 root DEBUG iutctl_common.py          98    read                      : Received: hdr: Header(svc_id=1, op=131, ctrl_index=0, data_len=7) bytearray(b'\x01\x83\x00\x07\x00')
2021-10-08 18:09:57,180 root DEBUG iutctl_common.py          111   read                      : Received data: "('\x00ä\x1fòÜ\x1b\x00',)", bytearray(b'\x00\xe4\x1f\xf2\xdc\x1b\x00')
2021-10-08 18:09:57,180 root DEBUG btp.py                    423   event_handler             : event_handler Header(svc_id=1, op=131, ctrl_index=0, data_len=7) (b'\x00\xe4\x1f\xf2\xdc\x1b\x00',)
2021-10-08 18:09:57,180 root DEBUG gap.py                    142   gap_disconnected_ev_      : gap_disconnected_ev_ b'\x00\xe4\x1f\xf2\xdc\x1b\x00'
2021-10-08 18:09:57,180 root DEBUG testcase.py               713   on_implicit_send          : Sending response 'OK'
2021-10-08 18:09:57,180 ClientCallback.on_implicit_send INFO autoptsclient_common.py   186   on_implicit_send          : test case returned on_implicit_send, response: OK
2021-10-08 18:09:57,180 ClientCallback.on_implicit_send INFO autoptsclient_common.py   196   on_implicit_send          : END OnImplicitSend:
2021-10-08 18:09:57,180 ClientCallback.on_implicit_send INFO autoptsclient_common.py   197   on_implicit_send          : ********************
2021-10-08 18:09:57,182 ClientCallback.on_implicit_send INFO autoptsclient_common.py   169   on_implicit_send          : ********************
2021-10-08 18:09:57,182 ClientCallback.on_implicit_send INFO autoptsclient_common.py   170   on_implicit_send          : BEGIN OnImplicitSend:
2021-10-08 18:09:57,182 ClientCallback.on_implicit_send INFO autoptsclient_common.py   171   on_implicit_send          : project_name: SM
2021-10-08 18:09:57,183 ClientCallback.on_implicit_send INFO autoptsclient_common.py   172   on_implicit_send          : wid: 100
2021-10-08 18:09:57,183 ClientCallback.on_implicit_send INFO autoptsclient_common.py   173   on_implicit_send          : test_case_name: SM/CEN/JW/BV-05-C
2021-10-08 18:09:57,183 ClientCallback.on_implicit_send INFO autoptsclient_common.py   174   on_implicit_send          : description: Initiate an connection from the IUT to the PTS.
2021-10-08 18:09:57,183 ClientCallback.on_implicit_send INFO autoptsclient_common.py   175   on_implicit_send          : style: MMI_Style_Ok_Cancel2 0x11141
2021-10-08 18:09:57,183 ClientCallback.on_implicit_send INFO autoptsclient_common.py   181   on_implicit_send          : Calling test cases on_implicit_send
2021-10-08 18:09:57,183 root DEBUG testcase.py               675   on_implicit_send          : SM SM/CEN/JW/BV-05-C on_implicit_send
2021-10-08 18:09:57,183 root DEBUG testcase.py               619   join_post_wid_thread      : SM SM/CEN/JW/BV-05-C join_post_wid_thread
2021-10-08 18:09:57,183 root DEBUG testcase.py               621   join_post_wid_thread      : self.post_wid_thread None
2021-10-08 18:09:57,183 root DEBUG sm_wid.py                 27    sm_wid_hdl                : sm_wid_hdl, 100, 'Initiate an connection from the IUT to the PTS.', SM/CEN/JW/BV-05-C
2021-10-08 18:09:57,183 root DEBUG gap.py                    377   gap_conn                  : gap_conn None None
2021-10-08 18:09:57,183 root DEBUG iutctl_common.py          117   send                      : send, 1 14 0 "bytearray(b'\\x00\\xe4\\x1f\\xf2\\xdc\\x1b\\x00\\x00')"
2021-10-08 18:09:57,183 root DEBUG iutctl_common.py          120   send                      : btpclient command: send 1 14 0 "bytearray(b'\\x00\\xe4\\x1f\\xf2\\xdc\\x1b\\x00\\x00')"
2021-10-08 18:09:57,183 root DEBUG iutctl_common.py          125   send                      : sending frame b'\x01\x0e\x00\x08\x00\x00\xe4\x1f\xf2\xdc\x1b\x00\x00'
2021-10-08 18:09:57,183 root DEBUG gap.py                    770   gap_command_rsp_succ      : gap_command_rsp_succ
2021-10-08 18:09:57,183 root DEBUG iutctl_common.py          174   read                      : read
2021-10-08 18:09:57,260 root DEBUG iutctl_common.py          98    read                      : Received: hdr: Header(svc_id=1, op=14, ctrl_index=0, data_len=0) bytearray(b'\x01\x0e\x00\x00\x00')
2021-10-08 18:09:57,275 root DEBUG iutctl_common.py          111   read                      : Received data: "('',)", bytearray(b'')
2021-10-08 18:09:57,275 root DEBUG gap.py                    775   gap_command_rsp_succ      : received Header(svc_id=1, op=14, ctrl_index=0, data_len=0) (b'',)
2021-10-08 18:09:57,673 root DEBUG iutctl_common.py          98    read                      : Received: hdr: Header(svc_id=1, op=130, ctrl_index=0, data_len=13) bytearray(b'\x01\x82\x00\r\x00')
2021-10-08 18:09:57,704 root DEBUG iutctl_common.py          111   read                      : Received data: "('\x00ä\x1fòÜ\x1b\x00(\x00\x00\x00\x90\x01',)", bytearray(b'\x00\xe4\x1f\xf2\xdc\x1b\x00(\x00\x00\x00\x90\x01')
2021-10-08 18:09:57,704 root DEBUG btp.py                    423   event_handler             : event_handler Header(svc_id=1, op=130, ctrl_index=0, data_len=13) (b'\x00\xe4\x1f\xf2\xdc\x1b\x00(\x00\x00\x00\x90\x01',)
2021-10-08 18:09:57,704 root DEBUG gap.py                    128   gap_connected_ev_         : gap_connected_ev_ b'\x00\xe4\x1f\xf2\xdc\x1b\x00(\x00\x00\x00\x90\x01'
2021-10-08 18:09:57,705 root DEBUG testcase.py               713   on_implicit_send          : Sending response 'OK'
2021-10-08 18:09:57,705 ClientCallback.on_implicit_send INFO autoptsclient_common.py   186   on_implicit_send          : test case returned on_implicit_send, response: OK
2021-10-08 18:09:57,705 ClientCallback.on_implicit_send INFO autoptsclient_common.py   196   on_implicit_send          : END OnImplicitSend:
2021-10-08 18:09:57,705 ClientCallback.on_implicit_send INFO autoptsclient_common.py   197   on_implicit_send          : ********************
2021-10-08 18:09:57,707 ClientCallback.on_implicit_send INFO autoptsclient_common.py   169   on_implicit_send          : ********************
2021-10-08 18:09:57,707 ClientCallback.on_implicit_send INFO autoptsclient_common.py   170   on_implicit_send          : BEGIN OnImplicitSend:
2021-10-08 18:09:57,707 ClientCallback.on_implicit_send INFO autoptsclient_common.py   171   on_implicit_send          : project_name: SM
2021-10-08 18:09:57,707 ClientCallback.on_implicit_send INFO autoptsclient_common.py   172   on_implicit_send          : wid: 108
2021-10-08 18:09:57,707 ClientCallback.on_implicit_send INFO autoptsclient_common.py   173   on_implicit_send          : test_case_name: SM/CEN/JW/BV-05-C
2021-10-08 18:09:57,707 ClientCallback.on_implicit_send INFO autoptsclient_common.py   174   on_implicit_send          : description: Please start pairing process.
2021-10-08 18:09:57,707 ClientCallback.on_implicit_send INFO autoptsclient_common.py   175   on_implicit_send          : style: MMI_Style_Ok 0x11040
2021-10-08 18:09:57,707 ClientCallback.on_implicit_send INFO autoptsclient_common.py   181   on_implicit_send          : Calling test cases on_implicit_send
2021-10-08 18:09:57,707 root DEBUG testcase.py               675   on_implicit_send          : SM SM/CEN/JW/BV-05-C on_implicit_send
2021-10-08 18:09:57,707 root DEBUG testcase.py               619   join_post_wid_thread      : SM SM/CEN/JW/BV-05-C join_post_wid_thread
2021-10-08 18:09:57,707 root DEBUG testcase.py               621   join_post_wid_thread      : self.post_wid_thread None
2021-10-08 18:09:57,707 root DEBUG sm_wid.py                 27    sm_wid_hdl                : sm_wid_hdl, 108, 'Please start pairing process.', SM/CEN/JW/BV-05-C
2021-10-08 18:09:57,708 root DEBUG gap.py                    459   gap_pair                  : gap_pair None None
2021-10-08 18:09:57,708 root DEBUG iutctl_common.py          117   send                      : send, 1 17 0 "bytearray(b'\\x00\\xe4\\x1f\\xf2\\xdc\\x1b\\x00')"
2021-10-08 18:09:57,708 root DEBUG iutctl_common.py          120   send                      : btpclient command: send 1 17 0 "bytearray(b'\\x00\\xe4\\x1f\\xf2\\xdc\\x1b\\x00')"
2021-10-08 18:09:57,708 root DEBUG iutctl_common.py          125   send                      : sending frame b'\x01\x11\x00\x07\x00\x00\xe4\x1f\xf2\xdc\x1b\x00'
2021-10-08 18:09:57,708 root DEBUG gap.py                    770   gap_command_rsp_succ      : gap_command_rsp_succ
2021-10-08 18:09:57,708 root DEBUG iutctl_common.py          174   read                      : read
2021-10-08 18:09:57,784 root DEBUG iutctl_common.py          98    read                      : Received: hdr: Header(svc_id=1, op=17, ctrl_index=0, data_len=0) bytearray(b'\x01\x11\x00\x00\x00')
2021-10-08 18:09:57,800 root DEBUG iutctl_common.py          111   read                      : Received data: "('',)", bytearray(b'')
2021-10-08 18:09:57,816 root DEBUG gap.py                    775   gap_command_rsp_succ      : received Header(svc_id=1, op=17, ctrl_index=0, data_len=0) (b'',)
2021-10-08 18:09:57,816 root DEBUG testcase.py               713   on_implicit_send          : Sending response 'Ok'
2021-10-08 18:09:57,816 ClientCallback.on_implicit_send INFO autoptsclient_common.py   186   on_implicit_send          : test case returned on_implicit_send, response: Ok
2021-10-08 18:09:57,816 ClientCallback.on_implicit_send INFO autoptsclient_common.py   196   on_implicit_send          : END OnImplicitSend:
2021-10-08 18:09:57,816 ClientCallback.on_implicit_send INFO autoptsclient_common.py   197   on_implicit_send          : ********************
2021-10-08 18:09:57,818 ClientCallback.on_implicit_send INFO autoptsclient_common.py   169   on_implicit_send          : ********************
2021-10-08 18:09:57,818 ClientCallback.on_implicit_send INFO autoptsclient_common.py   170   on_implicit_send          : BEGIN OnImplicitSend:
2021-10-08 18:09:57,818 ClientCallback.on_implicit_send INFO autoptsclient_common.py   171   on_implicit_send          : project_name: SM
2021-10-08 18:09:57,818 ClientCallback.on_implicit_send INFO autoptsclient_common.py   172   on_implicit_send          : wid: 102
2021-10-08 18:09:57,818 ClientCallback.on_implicit_send INFO autoptsclient_common.py   173   on_implicit_send          : test_case_name: SM/CEN/JW/BV-05-C
2021-10-08 18:09:57,818 ClientCallback.on_implicit_send INFO autoptsclient_common.py   174   on_implicit_send          : description: Please initiate a disconnection to the PTS.

Description: Verify that the Implementation Under Test(IUT) can initiate a disconnect request to PTS.
2021-10-08 18:09:57,818 ClientCallback.on_implicit_send INFO autoptsclient_common.py   175   on_implicit_send          : style: MMI_Style_Ok_Cancel2 0x11141
2021-10-08 18:09:57,818 ClientCallback.on_implicit_send INFO autoptsclient_common.py   181   on_implicit_send          : Calling test cases on_implicit_send
2021-10-08 18:09:57,818 root DEBUG testcase.py               675   on_implicit_send          : SM SM/CEN/JW/BV-05-C on_implicit_send
2021-10-08 18:09:57,818 root DEBUG testcase.py               619   join_post_wid_thread      : SM SM/CEN/JW/BV-05-C join_post_wid_thread
2021-10-08 18:09:57,818 root DEBUG testcase.py               621   join_post_wid_thread      : self.post_wid_thread None
2021-10-08 18:09:57,819 root DEBUG sm_wid.py                 27    sm_wid_hdl                : sm_wid_hdl, 102, 'Please initiate a disconnection to the PTS.\n\nDescription: Verify that the Implementation Under Test(IUT) can initiate a disconnect request to PTS.', SM/CEN/JW/BV-05-C
2021-10-08 18:09:57,819 root DEBUG gap.py                    419   gap_disconn               : gap_disconn None None
2021-10-08 18:09:57,819 root DEBUG iutctl_common.py          117   send                      : send, 1 15 0 "bytearray(b'\\x00\\xe4\\x1f\\xf2\\xdc\\x1b\\x00')"
2021-10-08 18:09:57,819 root DEBUG iutctl_common.py          120   send                      : btpclient command: send 1 15 0 "bytearray(b'\\x00\\xe4\\x1f\\xf2\\xdc\\x1b\\x00')"
2021-10-08 18:09:57,819 root DEBUG iutctl_common.py          125   send                      : sending frame b'\x01\x0f\x00\x07\x00\x00\xe4\x1f\xf2\xdc\x1b\x00'
2021-10-08 18:09:57,819 root DEBUG gap.py                    770   gap_command_rsp_succ      : gap_command_rsp_succ
2021-10-08 18:09:57,819 root DEBUG iutctl_common.py          174   read                      : read
2021-10-08 18:09:57,863 root DEBUG iutctl_common.py          98    read                      : Received: hdr: Header(svc_id=1, op=15, ctrl_index=0, data_len=0) bytearray(b'\x01\x0f\x00\x00\x00')
2021-10-08 18:09:57,879 root DEBUG iutctl_common.py          111   read                      : Received data: "('',)", bytearray(b'')
2021-10-08 18:09:57,910 root DEBUG gap.py                    775   gap_command_rsp_succ      : received Header(svc_id=1, op=15, ctrl_index=0, data_len=0) (b'',)
2021-10-08 18:09:57,910 root DEBUG iutctl_common.py          98    read                      : Received: hdr: Header(svc_id=1, op=131, ctrl_index=0, data_len=7) bytearray(b'\x01\x83\x00\x07\x00')
2021-10-08 18:09:57,910 root DEBUG iutctl_common.py          111   read                      : Received data: "('\x00ä\x1fòÜ\x1b\x00',)", bytearray(b'\x00\xe4\x1f\xf2\xdc\x1b\x00')
2021-10-08 18:09:57,910 root DEBUG btp.py                    423   event_handler             : event_handler Header(svc_id=1, op=131, ctrl_index=0, data_len=7) (b'\x00\xe4\x1f\xf2\xdc\x1b\x00',)
2021-10-08 18:09:57,910 root DEBUG gap.py                    142   gap_disconnected_ev_      : gap_disconnected_ev_ b'\x00\xe4\x1f\xf2\xdc\x1b\x00'
2021-10-08 18:09:57,911 root DEBUG testcase.py               713   on_implicit_send          : Sending response 'OK'
2021-10-08 18:09:57,911 ClientCallback.on_implicit_send INFO autoptsclient_common.py   186   on_implicit_send          : test case returned on_implicit_send, response: OK
2021-10-08 18:09:57,911 ClientCallback.on_implicit_send INFO autoptsclient_common.py   196   on_implicit_send          : END OnImplicitSend:
2021-10-08 18:09:57,911 ClientCallback.on_implicit_send INFO autoptsclient_common.py   197   on_implicit_send          : ********************
2021-10-08 18:10:01,532 ClientCallback.log INFO autoptsclient_common.py   133   log                       : PTS_LOGTYPE_START_TEST Start Test Case 

+1672 ms
 SM/CEN/JW/BV-05-C SM/CEN/JW/BV-05-C

2021-10-08 18:10:01,533 root DEBUG testcase.py               464   log                       : New status SM SM/CEN/JW/BV-05-C - Started
2021-10-08 18:10:01,804 ClientCallback.log INFO autoptsclient_common.py   133   log                       : PTS_LOGTYPE_FINAL_VERDICT Final Verdict 

+13547 ms
 SM/CEN/JW/BV-05-C PASS

2021-10-08 18:10:01,804 root DEBUG testcase.py               464   log                       : New status SM SM/CEN/JW/BV-05-C - PASS
2021-10-08 18:10:01,807 ClientCallback.log INFO autoptsclient_common.py   133   log                       : PTS_LOGTYPE_FINAL_VERDICT Encrypted Verdict 

+13547 ms
 SM/CEN/JW/BV-05-C A1#MzA1NmJkYzA1NzUyMmUxNmViZDFhZDVkODhmYzZhNWQzMzVlZjhiMTFjOTE2MzYxMGE4MmRjNzY1OGY2YTFmOA==#D8om1urNwjwzyfiY3GmFKuZZKET8cVJF/wWCddDNBZJ+/xs+fxAZZPbTWHqQx9Sc

2021-10-08 18:10:01,879 ClientCallback.log INFO autoptsclient_common.py   133   log                       : PTS_LOGTYPE_END_TEST Test Case Ended 

+13547 ms
 SM/CEN/JW/BV-05-C SM/CEN/JW/BV-05-C

2021-10-08 18:10:02,047 root DEBUG autoptsclient_common.py   796   run_test_case_thread_entry : After run_test_case error_code='' status='PASS'
2021-10-08 18:10:02,048 root DEBUG autoptsclient_common.py   278   error_code                : CallbackThread.error_code
2021-10-08 18:10:02,048 root DEBUG autoptsclient_common.py   292   cleanup                   : CallbackThread.cleanup
2021-10-08 18:10:03,057 root DEBUG testcase.py               758   post_run                  : post_run SM SM/CEN/JW/BV-05-C 
2021-10-08 18:10:03,057 root DEBUG testcase.py               246   start                     : Starting test function: class=<class 'ptsprojects.testcase.TestFuncCleanUp'>, func=<bound method Stack.cleanup of <ptsprojects.stack.Stack object at 0x0000027C35119820>> start_wid=None stop_wid=None post_wid=None skip_call=None call_count=1 args=() kwds={}
2021-10-08 18:10:03,057 root DEBUG testcase.py               258   start                     : Test function parameters: args=(), kwds={}
2021-10-08 18:10:03,057 root DEBUG autoptsclient_common.py   287   clear_pending_responses   : CallbackThread.clear_pending_responses
2021-10-08 18:10:03,057 root DEBUG autoptsclient_common.py   287   clear_pending_responses   : CallbackThread.clear_pending_responses
2021-10-08 18:10:03,059 root DEBUG testcase.py               246   start                     : Starting test function: class=<class 'ptsprojects.testcase.TestFuncCleanUp'>, func=<bound method ZephyrCtl.stop of <ptsprojects.zephyr.iutctl.ZephyrCtl object at 0x0000027C35119910>> start_wid=None stop_wid=None post_wid=None skip_call=None call_count=1 args=() kwds={}
2021-10-08 18:10:03,059 root DEBUG testcase.py               258   start                     : Test function parameters: args=(), kwds={}
2021-10-08 18:10:03,059 root DEBUG iutctl.py                 221   stop                      : <class 'ptsprojects.zephyr.iutctl.ZephyrCtl'>.stop
2021-10-08 18:10:06,955 root DEBUG testcase.py               783   post_run                  : post_run, cleanup running pre test case script
2021-10-08 18:10:06,955 root DEBUG testcase.py               793   post_run                  : post_run, run post test case script
2021-10-08 18:10:07,017 root DEBUG autoptsclient_common.py   826   run_test_case_thread_entry : Done TestCase wrapper SM SM/CEN/JW/BV-05-C
