Applying system reset.
Run.
< 2021/07/16 15:44:35.764241  length=5 from=0 to=4
 00 80 ff 00 00                                   .....
--
> 2021/07/16 15:44:35.843275  length=6 from=0 to=5
 00 03 ff 01 00 01                                ......
--
< 2021/07/16 15:44:35.859338  length=5 from=5 to=9
 00 03 ff 00 00                                   .....
--
> 2021/07/16 15:44:35.953994  length=5 from=6 to=10
 01 03 00 00 00                                   .....
--
< 2021/07/16 15:44:36.125644  length=79 from=10 to=88
 01 03 00 15 01 08 f6 3b ea 2c 4f 13 06 00 00 13  .......;.,O.....
 22 00 00 00 00 00 62 74 70 5f 74 65 73 74 65 72  ".....btp_tester
 00 00 00 00 00 00 00 00 00 00 00 00 00 00 00 00  ................
 00 00 00 00 00 00 00 00 00 00 00 00 00 00 00 00  ................
 00 00 00 00 00 00 00 00 00 00 00 00 00 00 00     ...............
--
< 2021/07/16 15:44:36.127017  length=24 from=89 to=112
 00 00 00 00 00 00 00 00 00 00 00 00 00 00 00 00  ................
 00 00 00 00 00 00 00 00                          ........
--
< 2021/07/16 15:44:36.141746  length=162 from=113 to=274
 00 00 00 00 00 00 00 00 00 00 00 00 00 00 00 00  ................
 00 00 00 00 00 00 00 00 00 00 00 00 00 00 00 00  ................
 00 00 00 00 00 00 00 00 00 00 00 00 00 00 00 00  ................
 00 00 00 00 00 00 00 00 00 00 00 00 00 00 00 00  ................
 00 00 00 00 00 00 00 00 00 00 00 00 00 00 00 00  ................
 00 00 00 00 00 00 00 00 00 00 00 00 00 00 00 00  ................
 00 00 00 00 00 00 00 00 00 00 00 00 00 00 00 00  ................
 00 00 00 00 00 00 00 00 00 00 00 00 00 00 00 00  ................
 00 00 00 00 00 00 00 00 00 00 00 00 00 00 00 00  ................
 00 00 00 00 00 00 00 00 00 00 00 00 00 00 00 00  ................
 00 00                                            ..
--
< 2021/07/16 15:44:36.143149  length=17 from=275 to=291
 00 00 00 00 00 00 00 00 00 00 00 00 00 00 00 00  ................
 00                                               .
--
> 2021/07/16 15:44:36.251349  length=6 from=11 to=16
 00 03 ff 01 00 02                                ......
--
< 2021/07/16 15:44:36.266431  length=5 from=292 to=296
 00 03 ff 00 00                                   .....
--
> 2021/07/16 15:44:36.327466  length=9 from=17 to=25
 02 02 00 04 00 00 02 0a                          ........
 18                                               .
--
< 2021/07/16 15:44:36.343469  length=7 from=297 to=303
 02 02 00 02 00 00 00                             .......
--
> 2021/07/16 15:44:36.421205  length=12 from=26 to=37
 02 03 00 07 00 00 00 02 01 02 29 2a              ..........)*
--
< 2021/07/16 15:44:36.437192  length=7 from=304 to=310
 02 03 00 02 00 00 00                             .......
--
> 2021/07/16 15:44:36.515363  length=12 from=38 to=49
 02 03 00 07 00 00 00 02 01 02 24 2a              ..........$*
--
< 2021/07/16 15:44:36.531433  length=7 from=311 to=317
 02 03 00 02 00 00 00                             .......
--
> 2021/07/16 15:44:36.655989  length=12 from=50 to=61
 02 03 00 07 00 00 00 02 01 02 25 2a              ..........%*
--
< 2021/07/16 15:44:36.672082  length=7 from=318 to=324
 02 03 00 02 00 00 00                             .......
--
> 2021/07/16 15:44:36.734738  length=12 from=62 to=73
 02 03 00 07 00 00 00 02 01 02 27 2a              ..........'*
--
< 2021/07/16 15:44:36.749749  length=7 from=325 to=331
 02 03 00 02 00 00 00                             .......
--
> 2021/07/16 15:44:36.842469  length=12 from=74 to=85
 02 03 00 07 00 00 00 02 01 02 26 2a              ..........&*
--
< 2021/07/16 15:44:36.857495  length=7 from=332 to=338
 02 03 00 02 00 00 00                             .......
--
> 2021/07/16 15:44:36.952209  length=12 from=86 to=97
 02 03 00 07 00 00 00 02 01 02 28 2a              ..........(*
--
< 2021/07/16 15:44:36.967240  length=7 from=339 to=345
 02 03 00 02 00 00 00                             .......
--
> 2021/07/16 15:44:37.077043  length=12 from=98 to=109
 02 03 00 07 00 00 00 02 01 02 50 2a              ..........P*
--
< 2021/07/16 15:44:37.092023  length=7 from=346 to=352
 02 03 00 02 00 00 00                             .......
--
> 2021/07/16 15:44:37.216613  length=16 from=110 to=125
 02 06 00 0b 00 00 00 07 00 01 00 e5 fe 11 00 11  ................
--
< 2021/07/16 15:44:37.232552  length=5 from=353 to=357
 02 06 00 00 00                                   .....
--
> 2021/07/16 15:44:37.359152  length=5 from=126 to=130
 02 07 00 00 00                                   .....
--
< 2021/07/16 15:44:37.374163  length=8 from=358 to=365
 02 07 00 03 00 00 00 00                          ........
--
> 2021/07/16 15:44:39.812466  length=12 from=131 to=142
 01 0a                                            ..
 00 07 00 00 00 ff ff ff ff 00                    ..........
--
< 2021/07/16 15:44:39.827622  length=9 from=366 to=374
 01 0a                                            ..
 00 04 00 13 26 00 00                             ....&..
--
< 2021/07/16 15:44:40.245545  length=18 from=375 to=392
 01 82 00 0d 00 00 76 e6 08 dc 1b 00 3c 00 00 00  ......v.....<...
 d0 07                                            ..
--
< 2021/07/16 15:44:45.349226  length=12 from=393 to=404
 01 83 00 07 00 00 76 e6 08 dc 1b 00              ......v.....
--
