Applying system reset.
Run.
< 2021/07/16 15:41:25.682141  length=5 from=0 to=4
 00 80 ff 00 00                                   .....
--
> 2021/07/16 15:41:25.745913  length=6 from=0 to=5
 00 03 ff 01 00 01                                ......
--
< 2021/07/16 15:41:25.761891  length=5 from=5 to=9
 00 03 ff 00 00                                   .....
--
> 2021/07/16 15:41:25.886948  length=5 from=6 to=10
 01 03 00 00 00                                   .....
--
< 2021/07/16 15:41:26.027577  length=73 from=10 to=82
 01 03 00 15 01 86 6e 6b 21 a4 7c 13 06 00 00 13  ......nk!.|.....
 22 00 00 00 00 00 62 74 70 5f 74 65 73 74 65 72  ".....btp_tester
 00 00 00 00 00 00 00 00 00 00 00 00 00 00 00 00  ................
 00 00 00 00 00 00 00 00 00 00 00 00 00 00 00 00  ................
 00 00 00 00 00 00 00 00 00                       .........
--
< 2021/07/16 15:41:26.028927  length=13 from=83 to=95
 00 00 00 00 00 00 00 00 00 00 00 00 00           .............
--
< 2021/07/16 15:41:26.043661  length=174 from=96 to=269
 00 00 00 00 00 00 00 00 00 00 00 00 00 00 00 00  ................
 00 00 00 00 00 00 00 00 00 00 00 00 00 00 00 00  ................
 00 00 00 00 00 00 00 00 00 00 00 00 00 00 00 00  ................
 00 00 00 00 00 00 00 00 00 00 00 00 00 00 00 00  ................
 00 00 00 00 00 00 00 00 00 00 00 00 00 00 00 00  ................
 00 00 00 00 00 00 00 00 00 00 00 00 00 00 00 00  ................
 00 00 00 00 00 00 00 00 00 00 00 00 00 00 00 00  ................
 00 00 00 00 00 00 00 00 00 00 00 00 00 00 00 00  ................
 00 00 00 00 00 00 00 00 00 00 00 00 00 00 00 00  ................
 00 00 00 00 00 00 00 00 00 00 00 00 00 00 00 00  ................
 00 00 00 00 00 00 00 00 00 00 00 00 00 00        ..............
--
< 2021/07/16 15:41:26.045172  length=12 from=270 to=281
 00 00 00 00 00 00 00 00 00 00 00 00              ............
--
< 2021/07/16 15:41:26.045482  length=10 from=282 to=291
 00 00 00 00 00 00 00 00 00 00                    ..........
--
> 2021/07/16 15:41:26.201131  length=6 from=11 to=16
 00 03 ff 01 00 02                                ......
--
< 2021/07/16 15:41:26.217095  length=5 from=292 to=296
 00 03 ff 00 00                                   .....
--
> 2021/07/16 15:41:26.263902  length=9 from=17 to=25
 02 02 00 04 00 00 02 0a                          ........
 18                                               .
--
< 2021/07/16 15:41:26.280008  length=7 from=297 to=303
 02 02 00 02 00 00 00                             .......
--
> 2021/07/16 15:41:26.358990  length=12 from=26 to=37
 02 03 00 07 00 00 00 02 01 02 29 2a              ..........)*
--
< 2021/07/16 15:41:26.375093  length=7 from=304 to=310
 02 03 00 02 00 00 00                             .......
--
> 2021/07/16 15:41:26.501588  length=12 from=38 to=49
 02 03 00 07 00 00 00 02 01 02 24 2a              ..........$*
--
< 2021/07/16 15:41:26.517712  length=7 from=311 to=317
 02 03 00 02 00 00 00                             .......
--
> 2021/07/16 15:41:26.690214  length=12 from=50 to=61
 02 03 00 07 00 00 00 02 01 02 25 2a              ..........%*
--
< 2021/07/16 15:41:26.706309  length=7 from=318 to=324
 02 03 00 02 00 00 00                             .......
--
> 2021/07/16 15:41:26.738138  length=12 from=62 to=73
 02 03 00 07 00 00 00 02 01 02 27 2a              ..........'*
--
< 2021/07/16 15:41:26.754192  length=7 from=325 to=331
 02 03 00 02 00 00 00                             .......
--
> 2021/07/16 15:41:26.894658  length=12 from=74 to=85
 02 03 00 07 00 00 00 02 01 02 26 2a              ..........&*
--
< 2021/07/16 15:41:26.909652  length=7 from=332 to=338
 02 03 00 02 00 00 00                             .......
--
> 2021/07/16 15:41:27.021410  length=12 from=86 to=97
 02 03 00 07 00 00 00 02 01 02 28 2a              ..........(*
--
< 2021/07/16 15:41:27.036417  length=7 from=339 to=345
 02 03 00 02 00 00 00                             .......
--
> 2021/07/16 15:41:27.162089  length=12 from=98 to=109
 02 03 00 07 00 00 00 02 01 02 50 2a              ..........P*
--
< 2021/07/16 15:41:27.177139  length=7 from=346 to=352
 02 03 00 02 00 00 00                             .......
--
> 2021/07/16 15:41:27.255773  length=16 from=110 to=125
 02 06 00 0b 00 00 00 07 00 01 00 e5 fe 11 00 11  ................
--
< 2021/07/16 15:41:27.271842  length=5 from=353 to=357
 02 06 00 00 00                                   .....
--
> 2021/07/16 15:41:27.350529  length=5 from=126 to=130
 02 07 00 00 00                                   .....
--
< 2021/07/16 15:41:27.366669  length=8 from=358 to=365
 02 07 00 03 00 00 00 00                          ........
--
> 2021/07/16 15:41:29.773237  length=12 from=131 to=142
 01 0a                                            ..
 00 07 00 00 00 ff ff ff ff 00                    ..........
--
< 2021/07/16 15:41:29.788228  length=9 from=366 to=374
 01 0a                                            ..
 00 04 00 13 26 00 00                             ....&..
--
< 2021/07/16 15:41:30.518090  length=2 from=375 to=376
 01 82                                            ..
--
< 2021/07/16 15:41:30.534137  length=16 from=377 to=392
 00 0d 00 00 76 e6 08 dc 1b 00 3c 00 00 00 d0 07  ....v.....<.....
--
< 2021/07/16 15:41:35.494656  length=12 from=393 to=404
 01 83 00 07 00 00 76 e6 08 dc 1b 00              ......v.....
--
